[2024-06-07T02:01:20.822+0000] {processor.py:161} INFO - Started process (PID=8611) to work on /home/airflow/.local/lib/python3.12/site-packages/airflow/example_dags/example_bash_operator.py
[2024-06-07T02:01:20.824+0000] {processor.py:830} INFO - Processing file /home/airflow/.local/lib/python3.12/site-packages/airflow/example_dags/example_bash_operator.py for tasks to queue
[2024-06-07T02:01:20.828+0000] {logging_mixin.py:188} INFO - [2024-06-07T02:01:20.826+0000] {dagbag.py:545} INFO - Filling up the DagBag from /home/airflow/.local/lib/python3.12/site-packages/airflow/example_dags/example_bash_operator.py
[2024-06-07T02:01:20.854+0000] {processor.py:840} INFO - DAG(s) 'example_bash_operator' retrieved from /home/airflow/.local/lib/python3.12/site-packages/airflow/example_dags/example_bash_operator.py
[2024-06-07T02:01:20.921+0000] {logging_mixin.py:188} INFO - [2024-06-07T02:01:20.920+0000] {dag.py:3096} INFO - Sync 1 DAGs
[2024-06-07T02:01:20.981+0000] {logging_mixin.py:188} INFO - [2024-06-07T02:01:20.980+0000] {dag.py:3954} INFO - Setting next_dagrun for example_bash_operator to 2024-06-06 00:00:00+00:00, run_after=2024-06-07 00:00:00+00:00
[2024-06-07T02:01:21.044+0000] {processor.py:183} INFO - Processing /home/airflow/.local/lib/python3.12/site-packages/airflow/example_dags/example_bash_operator.py took 0.238 seconds
[2024-06-07T02:01:52.018+0000] {processor.py:161} INFO - Started process (PID=8664) to work on /home/airflow/.local/lib/python3.12/site-packages/airflow/example_dags/example_bash_operator.py
[2024-06-07T02:01:52.021+0000] {processor.py:830} INFO - Processing file /home/airflow/.local/lib/python3.12/site-packages/airflow/example_dags/example_bash_operator.py for tasks to queue
[2024-06-07T02:01:52.023+0000] {logging_mixin.py:188} INFO - [2024-06-07T02:01:52.022+0000] {dagbag.py:545} INFO - Filling up the DagBag from /home/airflow/.local/lib/python3.12/site-packages/airflow/example_dags/example_bash_operator.py
[2024-06-07T02:01:52.049+0000] {processor.py:840} INFO - DAG(s) 'example_bash_operator' retrieved from /home/airflow/.local/lib/python3.12/site-packages/airflow/example_dags/example_bash_operator.py
[2024-06-07T02:01:52.112+0000] {logging_mixin.py:188} INFO - [2024-06-07T02:01:52.111+0000] {dag.py:3096} INFO - Sync 1 DAGs
[2024-06-07T02:01:52.173+0000] {logging_mixin.py:188} INFO - [2024-06-07T02:01:52.172+0000] {dag.py:3954} INFO - Setting next_dagrun for example_bash_operator to 2024-06-06 00:00:00+00:00, run_after=2024-06-07 00:00:00+00:00
[2024-06-07T02:01:52.220+0000] {processor.py:183} INFO - Processing /home/airflow/.local/lib/python3.12/site-packages/airflow/example_dags/example_bash_operator.py took 0.217 seconds
[2024-06-07T02:02:22.843+0000] {processor.py:161} INFO - Started process (PID=8717) to work on /home/airflow/.local/lib/python3.12/site-packages/airflow/example_dags/example_bash_operator.py
[2024-06-07T02:02:22.845+0000] {processor.py:830} INFO - Processing file /home/airflow/.local/lib/python3.12/site-packages/airflow/example_dags/example_bash_operator.py for tasks to queue
[2024-06-07T02:02:22.848+0000] {logging_mixin.py:188} INFO - [2024-06-07T02:02:22.847+0000] {dagbag.py:545} INFO - Filling up the DagBag from /home/airflow/.local/lib/python3.12/site-packages/airflow/example_dags/example_bash_operator.py
[2024-06-07T02:02:22.872+0000] {processor.py:840} INFO - DAG(s) 'example_bash_operator' retrieved from /home/airflow/.local/lib/python3.12/site-packages/airflow/example_dags/example_bash_operator.py
[2024-06-07T02:02:22.989+0000] {logging_mixin.py:188} INFO - [2024-06-07T02:02:22.989+0000] {dag.py:3096} INFO - Sync 1 DAGs
[2024-06-07T02:02:23.072+0000] {logging_mixin.py:188} INFO - [2024-06-07T02:02:23.072+0000] {dag.py:3954} INFO - Setting next_dagrun for example_bash_operator to 2024-06-06 00:00:00+00:00, run_after=2024-06-07 00:00:00+00:00
[2024-06-07T02:02:23.135+0000] {processor.py:183} INFO - Processing /home/airflow/.local/lib/python3.12/site-packages/airflow/example_dags/example_bash_operator.py took 0.326 seconds
[2024-06-07T02:02:54.041+0000] {processor.py:161} INFO - Started process (PID=8770) to work on /home/airflow/.local/lib/python3.12/site-packages/airflow/example_dags/example_bash_operator.py
[2024-06-07T02:02:54.043+0000] {processor.py:830} INFO - Processing file /home/airflow/.local/lib/python3.12/site-packages/airflow/example_dags/example_bash_operator.py for tasks to queue
[2024-06-07T02:02:54.046+0000] {logging_mixin.py:188} INFO - [2024-06-07T02:02:54.045+0000] {dagbag.py:545} INFO - Filling up the DagBag from /home/airflow/.local/lib/python3.12/site-packages/airflow/example_dags/example_bash_operator.py
[2024-06-07T02:02:54.070+0000] {processor.py:840} INFO - DAG(s) 'example_bash_operator' retrieved from /home/airflow/.local/lib/python3.12/site-packages/airflow/example_dags/example_bash_operator.py
[2024-06-07T02:02:54.138+0000] {logging_mixin.py:188} INFO - [2024-06-07T02:02:54.138+0000] {dag.py:3096} INFO - Sync 1 DAGs
[2024-06-07T02:02:54.205+0000] {logging_mixin.py:188} INFO - [2024-06-07T02:02:54.204+0000] {dag.py:3954} INFO - Setting next_dagrun for example_bash_operator to 2024-06-06 00:00:00+00:00, run_after=2024-06-07 00:00:00+00:00
[2024-06-07T02:02:54.258+0000] {processor.py:183} INFO - Processing /home/airflow/.local/lib/python3.12/site-packages/airflow/example_dags/example_bash_operator.py took 0.231 seconds
[2024-06-07T02:03:25.309+0000] {processor.py:161} INFO - Started process (PID=8823) to work on /home/airflow/.local/lib/python3.12/site-packages/airflow/example_dags/example_bash_operator.py
[2024-06-07T02:03:25.311+0000] {processor.py:830} INFO - Processing file /home/airflow/.local/lib/python3.12/site-packages/airflow/example_dags/example_bash_operator.py for tasks to queue
[2024-06-07T02:03:25.314+0000] {logging_mixin.py:188} INFO - [2024-06-07T02:03:25.313+0000] {dagbag.py:545} INFO - Filling up the DagBag from /home/airflow/.local/lib/python3.12/site-packages/airflow/example_dags/example_bash_operator.py
[2024-06-07T02:03:25.343+0000] {processor.py:840} INFO - DAG(s) 'example_bash_operator' retrieved from /home/airflow/.local/lib/python3.12/site-packages/airflow/example_dags/example_bash_operator.py
[2024-06-07T02:03:25.448+0000] {logging_mixin.py:188} INFO - [2024-06-07T02:03:25.447+0000] {dag.py:3096} INFO - Sync 1 DAGs
[2024-06-07T02:03:25.511+0000] {logging_mixin.py:188} INFO - [2024-06-07T02:03:25.510+0000] {dag.py:3954} INFO - Setting next_dagrun for example_bash_operator to 2024-06-06 00:00:00+00:00, run_after=2024-06-07 00:00:00+00:00
[2024-06-07T02:03:25.556+0000] {processor.py:183} INFO - Processing /home/airflow/.local/lib/python3.12/site-packages/airflow/example_dags/example_bash_operator.py took 0.267 seconds
[2024-06-07T02:03:55.669+0000] {processor.py:161} INFO - Started process (PID=8876) to work on /home/airflow/.local/lib/python3.12/site-packages/airflow/example_dags/example_bash_operator.py
[2024-06-07T02:03:55.684+0000] {processor.py:830} INFO - Processing file /home/airflow/.local/lib/python3.12/site-packages/airflow/example_dags/example_bash_operator.py for tasks to queue
[2024-06-07T02:03:55.690+0000] {logging_mixin.py:188} INFO - [2024-06-07T02:03:55.689+0000] {dagbag.py:545} INFO - Filling up the DagBag from /home/airflow/.local/lib/python3.12/site-packages/airflow/example_dags/example_bash_operator.py
[2024-06-07T02:03:55.752+0000] {processor.py:840} INFO - DAG(s) 'example_bash_operator' retrieved from /home/airflow/.local/lib/python3.12/site-packages/airflow/example_dags/example_bash_operator.py
[2024-06-07T02:03:55.799+0000] {logging_mixin.py:188} INFO - [2024-06-07T02:03:55.799+0000] {dag.py:3096} INFO - Sync 1 DAGs
[2024-06-07T02:03:55.837+0000] {logging_mixin.py:188} INFO - [2024-06-07T02:03:55.837+0000] {dag.py:3954} INFO - Setting next_dagrun for example_bash_operator to 2024-06-06 00:00:00+00:00, run_after=2024-06-07 00:00:00+00:00
[2024-06-07T02:03:55.867+0000] {processor.py:183} INFO - Processing /home/airflow/.local/lib/python3.12/site-packages/airflow/example_dags/example_bash_operator.py took 0.219 seconds
[2024-06-07T02:04:26.335+0000] {processor.py:161} INFO - Started process (PID=8929) to work on /home/airflow/.local/lib/python3.12/site-packages/airflow/example_dags/example_bash_operator.py
[2024-06-07T02:04:26.337+0000] {processor.py:830} INFO - Processing file /home/airflow/.local/lib/python3.12/site-packages/airflow/example_dags/example_bash_operator.py for tasks to queue
[2024-06-07T02:04:26.340+0000] {logging_mixin.py:188} INFO - [2024-06-07T02:04:26.339+0000] {dagbag.py:545} INFO - Filling up the DagBag from /home/airflow/.local/lib/python3.12/site-packages/airflow/example_dags/example_bash_operator.py
[2024-06-07T02:04:26.365+0000] {processor.py:840} INFO - DAG(s) 'example_bash_operator' retrieved from /home/airflow/.local/lib/python3.12/site-packages/airflow/example_dags/example_bash_operator.py
[2024-06-07T02:04:26.421+0000] {logging_mixin.py:188} INFO - [2024-06-07T02:04:26.420+0000] {dag.py:3096} INFO - Sync 1 DAGs
[2024-06-07T02:04:26.471+0000] {logging_mixin.py:188} INFO - [2024-06-07T02:04:26.470+0000] {dag.py:3954} INFO - Setting next_dagrun for example_bash_operator to 2024-06-06 00:00:00+00:00, run_after=2024-06-07 00:00:00+00:00
[2024-06-07T02:04:26.511+0000] {processor.py:183} INFO - Processing /home/airflow/.local/lib/python3.12/site-packages/airflow/example_dags/example_bash_operator.py took 0.196 seconds
[2024-06-07T02:04:57.213+0000] {processor.py:161} INFO - Started process (PID=8982) to work on /home/airflow/.local/lib/python3.12/site-packages/airflow/example_dags/example_bash_operator.py
[2024-06-07T02:04:57.220+0000] {processor.py:830} INFO - Processing file /home/airflow/.local/lib/python3.12/site-packages/airflow/example_dags/example_bash_operator.py for tasks to queue
[2024-06-07T02:04:57.222+0000] {logging_mixin.py:188} INFO - [2024-06-07T02:04:57.221+0000] {dagbag.py:545} INFO - Filling up the DagBag from /home/airflow/.local/lib/python3.12/site-packages/airflow/example_dags/example_bash_operator.py
[2024-06-07T02:04:57.255+0000] {processor.py:840} INFO - DAG(s) 'example_bash_operator' retrieved from /home/airflow/.local/lib/python3.12/site-packages/airflow/example_dags/example_bash_operator.py
[2024-06-07T02:04:57.334+0000] {logging_mixin.py:188} INFO - [2024-06-07T02:04:57.333+0000] {dag.py:3096} INFO - Sync 1 DAGs
[2024-06-07T02:04:57.402+0000] {logging_mixin.py:188} INFO - [2024-06-07T02:04:57.402+0000] {dag.py:3954} INFO - Setting next_dagrun for example_bash_operator to 2024-06-06 00:00:00+00:00, run_after=2024-06-07 00:00:00+00:00
[2024-06-07T02:04:57.483+0000] {processor.py:183} INFO - Processing /home/airflow/.local/lib/python3.12/site-packages/airflow/example_dags/example_bash_operator.py took 0.285 seconds
[2024-06-07T02:05:27.978+0000] {processor.py:161} INFO - Started process (PID=9035) to work on /home/airflow/.local/lib/python3.12/site-packages/airflow/example_dags/example_bash_operator.py
[2024-06-07T02:05:27.980+0000] {processor.py:830} INFO - Processing file /home/airflow/.local/lib/python3.12/site-packages/airflow/example_dags/example_bash_operator.py for tasks to queue
[2024-06-07T02:05:27.982+0000] {logging_mixin.py:188} INFO - [2024-06-07T02:05:27.982+0000] {dagbag.py:545} INFO - Filling up the DagBag from /home/airflow/.local/lib/python3.12/site-packages/airflow/example_dags/example_bash_operator.py
[2024-06-07T02:05:28.004+0000] {processor.py:840} INFO - DAG(s) 'example_bash_operator' retrieved from /home/airflow/.local/lib/python3.12/site-packages/airflow/example_dags/example_bash_operator.py
[2024-06-07T02:05:28.057+0000] {logging_mixin.py:188} INFO - [2024-06-07T02:05:28.057+0000] {dag.py:3096} INFO - Sync 1 DAGs
[2024-06-07T02:05:28.100+0000] {logging_mixin.py:188} INFO - [2024-06-07T02:05:28.100+0000] {dag.py:3954} INFO - Setting next_dagrun for example_bash_operator to 2024-06-06 00:00:00+00:00, run_after=2024-06-07 00:00:00+00:00
[2024-06-07T02:05:28.141+0000] {processor.py:183} INFO - Processing /home/airflow/.local/lib/python3.12/site-packages/airflow/example_dags/example_bash_operator.py took 0.175 seconds
[2024-06-07T02:05:58.786+0000] {processor.py:161} INFO - Started process (PID=9088) to work on /home/airflow/.local/lib/python3.12/site-packages/airflow/example_dags/example_bash_operator.py
[2024-06-07T02:05:58.788+0000] {processor.py:830} INFO - Processing file /home/airflow/.local/lib/python3.12/site-packages/airflow/example_dags/example_bash_operator.py for tasks to queue
[2024-06-07T02:05:58.790+0000] {logging_mixin.py:188} INFO - [2024-06-07T02:05:58.789+0000] {dagbag.py:545} INFO - Filling up the DagBag from /home/airflow/.local/lib/python3.12/site-packages/airflow/example_dags/example_bash_operator.py
[2024-06-07T02:05:58.810+0000] {processor.py:840} INFO - DAG(s) 'example_bash_operator' retrieved from /home/airflow/.local/lib/python3.12/site-packages/airflow/example_dags/example_bash_operator.py
[2024-06-07T02:05:58.865+0000] {logging_mixin.py:188} INFO - [2024-06-07T02:05:58.865+0000] {dag.py:3096} INFO - Sync 1 DAGs
[2024-06-07T02:05:58.907+0000] {logging_mixin.py:188} INFO - [2024-06-07T02:05:58.906+0000] {dag.py:3954} INFO - Setting next_dagrun for example_bash_operator to 2024-06-06 00:00:00+00:00, run_after=2024-06-07 00:00:00+00:00
[2024-06-07T02:05:58.945+0000] {processor.py:183} INFO - Processing /home/airflow/.local/lib/python3.12/site-packages/airflow/example_dags/example_bash_operator.py took 0.170 seconds
[2024-06-07T02:06:29.099+0000] {processor.py:161} INFO - Started process (PID=9141) to work on /home/airflow/.local/lib/python3.12/site-packages/airflow/example_dags/example_bash_operator.py
[2024-06-07T02:06:29.101+0000] {processor.py:830} INFO - Processing file /home/airflow/.local/lib/python3.12/site-packages/airflow/example_dags/example_bash_operator.py for tasks to queue
[2024-06-07T02:06:29.103+0000] {logging_mixin.py:188} INFO - [2024-06-07T02:06:29.102+0000] {dagbag.py:545} INFO - Filling up the DagBag from /home/airflow/.local/lib/python3.12/site-packages/airflow/example_dags/example_bash_operator.py
[2024-06-07T02:06:29.125+0000] {processor.py:840} INFO - DAG(s) 'example_bash_operator' retrieved from /home/airflow/.local/lib/python3.12/site-packages/airflow/example_dags/example_bash_operator.py
[2024-06-07T02:06:29.181+0000] {logging_mixin.py:188} INFO - [2024-06-07T02:06:29.181+0000] {dag.py:3096} INFO - Sync 1 DAGs
[2024-06-07T02:06:29.225+0000] {logging_mixin.py:188} INFO - [2024-06-07T02:06:29.225+0000] {dag.py:3954} INFO - Setting next_dagrun for example_bash_operator to 2024-06-06 00:00:00+00:00, run_after=2024-06-07 00:00:00+00:00
[2024-06-07T02:06:29.265+0000] {processor.py:183} INFO - Processing /home/airflow/.local/lib/python3.12/site-packages/airflow/example_dags/example_bash_operator.py took 0.177 seconds
[2024-06-07T02:06:59.961+0000] {processor.py:161} INFO - Started process (PID=9194) to work on /home/airflow/.local/lib/python3.12/site-packages/airflow/example_dags/example_bash_operator.py
[2024-06-07T02:06:59.964+0000] {processor.py:830} INFO - Processing file /home/airflow/.local/lib/python3.12/site-packages/airflow/example_dags/example_bash_operator.py for tasks to queue
[2024-06-07T02:06:59.966+0000] {logging_mixin.py:188} INFO - [2024-06-07T02:06:59.965+0000] {dagbag.py:545} INFO - Filling up the DagBag from /home/airflow/.local/lib/python3.12/site-packages/airflow/example_dags/example_bash_operator.py
[2024-06-07T02:06:59.986+0000] {processor.py:840} INFO - DAG(s) 'example_bash_operator' retrieved from /home/airflow/.local/lib/python3.12/site-packages/airflow/example_dags/example_bash_operator.py
[2024-06-07T02:07:00.043+0000] {logging_mixin.py:188} INFO - [2024-06-07T02:07:00.042+0000] {dag.py:3096} INFO - Sync 1 DAGs
[2024-06-07T02:07:00.085+0000] {logging_mixin.py:188} INFO - [2024-06-07T02:07:00.084+0000] {dag.py:3954} INFO - Setting next_dagrun for example_bash_operator to 2024-06-06 00:00:00+00:00, run_after=2024-06-07 00:00:00+00:00
[2024-06-07T02:07:00.129+0000] {processor.py:183} INFO - Processing /home/airflow/.local/lib/python3.12/site-packages/airflow/example_dags/example_bash_operator.py took 0.178 seconds
[2024-06-07T02:07:32.324+0000] {processor.py:161} INFO - Started process (PID=9247) to work on /home/airflow/.local/lib/python3.12/site-packages/airflow/example_dags/example_bash_operator.py
[2024-06-07T02:07:32.327+0000] {processor.py:830} INFO - Processing file /home/airflow/.local/lib/python3.12/site-packages/airflow/example_dags/example_bash_operator.py for tasks to queue
[2024-06-07T02:07:32.329+0000] {logging_mixin.py:188} INFO - [2024-06-07T02:07:32.328+0000] {dagbag.py:545} INFO - Filling up the DagBag from /home/airflow/.local/lib/python3.12/site-packages/airflow/example_dags/example_bash_operator.py
[2024-06-07T02:07:32.354+0000] {processor.py:840} INFO - DAG(s) 'example_bash_operator' retrieved from /home/airflow/.local/lib/python3.12/site-packages/airflow/example_dags/example_bash_operator.py
[2024-06-07T02:07:32.415+0000] {logging_mixin.py:188} INFO - [2024-06-07T02:07:32.414+0000] {dag.py:3096} INFO - Sync 1 DAGs
[2024-06-07T02:07:32.460+0000] {logging_mixin.py:188} INFO - [2024-06-07T02:07:32.459+0000] {dag.py:3954} INFO - Setting next_dagrun for example_bash_operator to 2024-06-06 00:00:00+00:00, run_after=2024-06-07 00:00:00+00:00
[2024-06-07T02:07:32.502+0000] {processor.py:183} INFO - Processing /home/airflow/.local/lib/python3.12/site-packages/airflow/example_dags/example_bash_operator.py took 0.189 seconds
[2024-06-07T02:08:03.227+0000] {processor.py:161} INFO - Started process (PID=9300) to work on /home/airflow/.local/lib/python3.12/site-packages/airflow/example_dags/example_bash_operator.py
[2024-06-07T02:08:03.229+0000] {processor.py:830} INFO - Processing file /home/airflow/.local/lib/python3.12/site-packages/airflow/example_dags/example_bash_operator.py for tasks to queue
[2024-06-07T02:08:03.232+0000] {logging_mixin.py:188} INFO - [2024-06-07T02:08:03.231+0000] {dagbag.py:545} INFO - Filling up the DagBag from /home/airflow/.local/lib/python3.12/site-packages/airflow/example_dags/example_bash_operator.py
[2024-06-07T02:08:03.256+0000] {processor.py:840} INFO - DAG(s) 'example_bash_operator' retrieved from /home/airflow/.local/lib/python3.12/site-packages/airflow/example_dags/example_bash_operator.py
[2024-06-07T02:08:03.319+0000] {logging_mixin.py:188} INFO - [2024-06-07T02:08:03.318+0000] {dag.py:3096} INFO - Sync 1 DAGs
[2024-06-07T02:08:03.369+0000] {logging_mixin.py:188} INFO - [2024-06-07T02:08:03.369+0000] {dag.py:3954} INFO - Setting next_dagrun for example_bash_operator to 2024-06-06 00:00:00+00:00, run_after=2024-06-07 00:00:00+00:00
[2024-06-07T02:08:03.410+0000] {processor.py:183} INFO - Processing /home/airflow/.local/lib/python3.12/site-packages/airflow/example_dags/example_bash_operator.py took 0.194 seconds
[2024-06-07T02:08:34.860+0000] {processor.py:161} INFO - Started process (PID=9353) to work on /home/airflow/.local/lib/python3.12/site-packages/airflow/example_dags/example_bash_operator.py
[2024-06-07T02:08:34.862+0000] {processor.py:830} INFO - Processing file /home/airflow/.local/lib/python3.12/site-packages/airflow/example_dags/example_bash_operator.py for tasks to queue
[2024-06-07T02:08:34.865+0000] {logging_mixin.py:188} INFO - [2024-06-07T02:08:34.864+0000] {dagbag.py:545} INFO - Filling up the DagBag from /home/airflow/.local/lib/python3.12/site-packages/airflow/example_dags/example_bash_operator.py
[2024-06-07T02:08:34.888+0000] {processor.py:840} INFO - DAG(s) 'example_bash_operator' retrieved from /home/airflow/.local/lib/python3.12/site-packages/airflow/example_dags/example_bash_operator.py
[2024-06-07T02:08:34.953+0000] {logging_mixin.py:188} INFO - [2024-06-07T02:08:34.953+0000] {dag.py:3096} INFO - Sync 1 DAGs
[2024-06-07T02:08:35.000+0000] {logging_mixin.py:188} INFO - [2024-06-07T02:08:34.999+0000] {dag.py:3954} INFO - Setting next_dagrun for example_bash_operator to 2024-06-06 00:00:00+00:00, run_after=2024-06-07 00:00:00+00:00
[2024-06-07T02:08:35.068+0000] {processor.py:183} INFO - Processing /home/airflow/.local/lib/python3.12/site-packages/airflow/example_dags/example_bash_operator.py took 0.222 seconds
[2024-06-07T02:09:06.535+0000] {processor.py:161} INFO - Started process (PID=9406) to work on /home/airflow/.local/lib/python3.12/site-packages/airflow/example_dags/example_bash_operator.py
[2024-06-07T02:09:06.537+0000] {processor.py:830} INFO - Processing file /home/airflow/.local/lib/python3.12/site-packages/airflow/example_dags/example_bash_operator.py for tasks to queue
[2024-06-07T02:09:06.544+0000] {logging_mixin.py:188} INFO - [2024-06-07T02:09:06.543+0000] {dagbag.py:545} INFO - Filling up the DagBag from /home/airflow/.local/lib/python3.12/site-packages/airflow/example_dags/example_bash_operator.py
[2024-06-07T02:09:06.587+0000] {processor.py:840} INFO - DAG(s) 'example_bash_operator' retrieved from /home/airflow/.local/lib/python3.12/site-packages/airflow/example_dags/example_bash_operator.py
[2024-06-07T02:09:06.688+0000] {logging_mixin.py:188} INFO - [2024-06-07T02:09:06.687+0000] {dag.py:3096} INFO - Sync 1 DAGs
[2024-06-07T02:09:06.789+0000] {logging_mixin.py:188} INFO - [2024-06-07T02:09:06.789+0000] {dag.py:3954} INFO - Setting next_dagrun for example_bash_operator to 2024-06-06 00:00:00+00:00, run_after=2024-06-07 00:00:00+00:00
[2024-06-07T02:09:06.858+0000] {processor.py:183} INFO - Processing /home/airflow/.local/lib/python3.12/site-packages/airflow/example_dags/example_bash_operator.py took 0.340 seconds
[2024-06-07T02:09:37.019+0000] {processor.py:161} INFO - Started process (PID=9457) to work on /home/airflow/.local/lib/python3.12/site-packages/airflow/example_dags/example_bash_operator.py
[2024-06-07T02:09:37.022+0000] {processor.py:830} INFO - Processing file /home/airflow/.local/lib/python3.12/site-packages/airflow/example_dags/example_bash_operator.py for tasks to queue
[2024-06-07T02:09:37.024+0000] {logging_mixin.py:188} INFO - [2024-06-07T02:09:37.023+0000] {dagbag.py:545} INFO - Filling up the DagBag from /home/airflow/.local/lib/python3.12/site-packages/airflow/example_dags/example_bash_operator.py
[2024-06-07T02:09:37.080+0000] {processor.py:840} INFO - DAG(s) 'example_bash_operator' retrieved from /home/airflow/.local/lib/python3.12/site-packages/airflow/example_dags/example_bash_operator.py
[2024-06-07T02:09:37.181+0000] {logging_mixin.py:188} INFO - [2024-06-07T02:09:37.181+0000] {dag.py:3096} INFO - Sync 1 DAGs
[2024-06-07T02:09:37.227+0000] {logging_mixin.py:188} INFO - [2024-06-07T02:09:37.227+0000] {dag.py:3954} INFO - Setting next_dagrun for example_bash_operator to 2024-06-06 00:00:00+00:00, run_after=2024-06-07 00:00:00+00:00
[2024-06-07T02:09:37.274+0000] {processor.py:183} INFO - Processing /home/airflow/.local/lib/python3.12/site-packages/airflow/example_dags/example_bash_operator.py took 0.275 seconds
[2024-06-07T02:10:07.930+0000] {processor.py:161} INFO - Started process (PID=9510) to work on /home/airflow/.local/lib/python3.12/site-packages/airflow/example_dags/example_bash_operator.py
[2024-06-07T02:10:07.933+0000] {processor.py:830} INFO - Processing file /home/airflow/.local/lib/python3.12/site-packages/airflow/example_dags/example_bash_operator.py for tasks to queue
[2024-06-07T02:10:07.935+0000] {logging_mixin.py:188} INFO - [2024-06-07T02:10:07.934+0000] {dagbag.py:545} INFO - Filling up the DagBag from /home/airflow/.local/lib/python3.12/site-packages/airflow/example_dags/example_bash_operator.py
[2024-06-07T02:10:07.960+0000] {processor.py:840} INFO - DAG(s) 'example_bash_operator' retrieved from /home/airflow/.local/lib/python3.12/site-packages/airflow/example_dags/example_bash_operator.py
[2024-06-07T02:10:08.027+0000] {logging_mixin.py:188} INFO - [2024-06-07T02:10:08.027+0000] {dag.py:3096} INFO - Sync 1 DAGs
[2024-06-07T02:10:08.093+0000] {logging_mixin.py:188} INFO - [2024-06-07T02:10:08.090+0000] {dag.py:3954} INFO - Setting next_dagrun for example_bash_operator to 2024-06-06 00:00:00+00:00, run_after=2024-06-07 00:00:00+00:00
[2024-06-07T02:10:08.165+0000] {processor.py:183} INFO - Processing /home/airflow/.local/lib/python3.12/site-packages/airflow/example_dags/example_bash_operator.py took 0.246 seconds
[2024-06-07T02:10:38.597+0000] {processor.py:161} INFO - Started process (PID=9563) to work on /home/airflow/.local/lib/python3.12/site-packages/airflow/example_dags/example_bash_operator.py
[2024-06-07T02:10:38.602+0000] {processor.py:830} INFO - Processing file /home/airflow/.local/lib/python3.12/site-packages/airflow/example_dags/example_bash_operator.py for tasks to queue
[2024-06-07T02:10:38.606+0000] {logging_mixin.py:188} INFO - [2024-06-07T02:10:38.604+0000] {dagbag.py:545} INFO - Filling up the DagBag from /home/airflow/.local/lib/python3.12/site-packages/airflow/example_dags/example_bash_operator.py
[2024-06-07T02:10:38.637+0000] {processor.py:840} INFO - DAG(s) 'example_bash_operator' retrieved from /home/airflow/.local/lib/python3.12/site-packages/airflow/example_dags/example_bash_operator.py
[2024-06-07T02:10:38.700+0000] {logging_mixin.py:188} INFO - [2024-06-07T02:10:38.699+0000] {dag.py:3096} INFO - Sync 1 DAGs
[2024-06-07T02:10:38.768+0000] {logging_mixin.py:188} INFO - [2024-06-07T02:10:38.766+0000] {dag.py:3954} INFO - Setting next_dagrun for example_bash_operator to 2024-06-06 00:00:00+00:00, run_after=2024-06-07 00:00:00+00:00
[2024-06-07T02:10:38.918+0000] {processor.py:183} INFO - Processing /home/airflow/.local/lib/python3.12/site-packages/airflow/example_dags/example_bash_operator.py took 0.334 seconds
[2024-06-07T02:11:09.118+0000] {processor.py:161} INFO - Started process (PID=9616) to work on /home/airflow/.local/lib/python3.12/site-packages/airflow/example_dags/example_bash_operator.py
[2024-06-07T02:11:09.119+0000] {processor.py:830} INFO - Processing file /home/airflow/.local/lib/python3.12/site-packages/airflow/example_dags/example_bash_operator.py for tasks to queue
[2024-06-07T02:11:09.123+0000] {logging_mixin.py:188} INFO - [2024-06-07T02:11:09.122+0000] {dagbag.py:545} INFO - Filling up the DagBag from /home/airflow/.local/lib/python3.12/site-packages/airflow/example_dags/example_bash_operator.py
[2024-06-07T02:11:09.144+0000] {processor.py:840} INFO - DAG(s) 'example_bash_operator' retrieved from /home/airflow/.local/lib/python3.12/site-packages/airflow/example_dags/example_bash_operator.py
[2024-06-07T02:11:09.191+0000] {logging_mixin.py:188} INFO - [2024-06-07T02:11:09.190+0000] {dag.py:3096} INFO - Sync 1 DAGs
[2024-06-07T02:11:09.229+0000] {logging_mixin.py:188} INFO - [2024-06-07T02:11:09.228+0000] {dag.py:3954} INFO - Setting next_dagrun for example_bash_operator to 2024-06-06 00:00:00+00:00, run_after=2024-06-07 00:00:00+00:00
[2024-06-07T02:11:09.267+0000] {processor.py:183} INFO - Processing /home/airflow/.local/lib/python3.12/site-packages/airflow/example_dags/example_bash_operator.py took 0.161 seconds
[2024-06-07T14:01:18.379+0000] {processor.py:161} INFO - Started process (PID=9688) to work on /home/airflow/.local/lib/python3.12/site-packages/airflow/example_dags/example_bash_operator.py
[2024-06-07T14:01:18.384+0000] {processor.py:830} INFO - Processing file /home/airflow/.local/lib/python3.12/site-packages/airflow/example_dags/example_bash_operator.py for tasks to queue
[2024-06-07T14:01:18.386+0000] {logging_mixin.py:188} INFO - [2024-06-07T14:01:18.386+0000] {dagbag.py:545} INFO - Filling up the DagBag from /home/airflow/.local/lib/python3.12/site-packages/airflow/example_dags/example_bash_operator.py
[2024-06-07T14:01:18.414+0000] {processor.py:840} INFO - DAG(s) 'example_bash_operator' retrieved from /home/airflow/.local/lib/python3.12/site-packages/airflow/example_dags/example_bash_operator.py
[2024-06-07T14:01:18.488+0000] {logging_mixin.py:188} INFO - [2024-06-07T14:01:18.487+0000] {dag.py:3096} INFO - Sync 1 DAGs
[2024-06-07T14:01:18.545+0000] {logging_mixin.py:188} INFO - [2024-06-07T14:01:18.544+0000] {dag.py:3954} INFO - Setting next_dagrun for example_bash_operator to 2024-06-06 00:00:00+00:00, run_after=2024-06-07 00:00:00+00:00
[2024-06-07T14:01:18.592+0000] {processor.py:183} INFO - Processing /home/airflow/.local/lib/python3.12/site-packages/airflow/example_dags/example_bash_operator.py took 0.227 seconds
