[2024-06-07T02:01:16.454+0000] {processor.py:161} INFO - Started process (PID=8589) to work on /home/airflow/.local/lib/python3.12/site-packages/airflow/example_dags/example_external_task_marker_dag.py
[2024-06-07T02:01:16.458+0000] {processor.py:830} INFO - Processing file /home/airflow/.local/lib/python3.12/site-packages/airflow/example_dags/example_external_task_marker_dag.py for tasks to queue
[2024-06-07T02:01:16.463+0000] {logging_mixin.py:188} INFO - [2024-06-07T02:01:16.461+0000] {dagbag.py:545} INFO - Filling up the DagBag from /home/airflow/.local/lib/python3.12/site-packages/airflow/example_dags/example_external_task_marker_dag.py
[2024-06-07T02:01:16.493+0000] {processor.py:840} INFO - DAG(s) 'example_external_task_marker_parent', 'example_external_task_marker_child' retrieved from /home/airflow/.local/lib/python3.12/site-packages/airflow/example_dags/example_external_task_marker_dag.py
[2024-06-07T02:01:16.628+0000] {logging_mixin.py:188} INFO - [2024-06-07T02:01:16.626+0000] {dag.py:3096} INFO - Sync 2 DAGs
[2024-06-07T02:01:16.677+0000] {logging_mixin.py:188} INFO - [2024-06-07T02:01:16.677+0000] {dag.py:3954} INFO - Setting next_dagrun for example_external_task_marker_child to None, run_after=None
[2024-06-07T02:01:16.690+0000] {logging_mixin.py:188} INFO - [2024-06-07T02:01:16.690+0000] {dag.py:3954} INFO - Setting next_dagrun for example_external_task_marker_parent to None, run_after=None
[2024-06-07T02:01:16.753+0000] {processor.py:183} INFO - Processing /home/airflow/.local/lib/python3.12/site-packages/airflow/example_dags/example_external_task_marker_dag.py took 0.332 seconds
[2024-06-07T02:01:47.829+0000] {processor.py:161} INFO - Started process (PID=8642) to work on /home/airflow/.local/lib/python3.12/site-packages/airflow/example_dags/example_external_task_marker_dag.py
[2024-06-07T02:01:47.831+0000] {processor.py:830} INFO - Processing file /home/airflow/.local/lib/python3.12/site-packages/airflow/example_dags/example_external_task_marker_dag.py for tasks to queue
[2024-06-07T02:01:47.834+0000] {logging_mixin.py:188} INFO - [2024-06-07T02:01:47.833+0000] {dagbag.py:545} INFO - Filling up the DagBag from /home/airflow/.local/lib/python3.12/site-packages/airflow/example_dags/example_external_task_marker_dag.py
[2024-06-07T02:01:47.850+0000] {processor.py:840} INFO - DAG(s) 'example_external_task_marker_child', 'example_external_task_marker_parent' retrieved from /home/airflow/.local/lib/python3.12/site-packages/airflow/example_dags/example_external_task_marker_dag.py
[2024-06-07T02:01:47.908+0000] {logging_mixin.py:188} INFO - [2024-06-07T02:01:47.907+0000] {dag.py:3096} INFO - Sync 2 DAGs
[2024-06-07T02:01:47.933+0000] {logging_mixin.py:188} INFO - [2024-06-07T02:01:47.932+0000] {dag.py:3954} INFO - Setting next_dagrun for example_external_task_marker_child to None, run_after=None
[2024-06-07T02:01:47.942+0000] {logging_mixin.py:188} INFO - [2024-06-07T02:01:47.941+0000] {dag.py:3954} INFO - Setting next_dagrun for example_external_task_marker_parent to None, run_after=None
[2024-06-07T02:01:47.984+0000] {processor.py:183} INFO - Processing /home/airflow/.local/lib/python3.12/site-packages/airflow/example_dags/example_external_task_marker_dag.py took 0.171 seconds
[2024-06-07T02:02:18.429+0000] {processor.py:161} INFO - Started process (PID=8695) to work on /home/airflow/.local/lib/python3.12/site-packages/airflow/example_dags/example_external_task_marker_dag.py
[2024-06-07T02:02:18.431+0000] {processor.py:830} INFO - Processing file /home/airflow/.local/lib/python3.12/site-packages/airflow/example_dags/example_external_task_marker_dag.py for tasks to queue
[2024-06-07T02:02:18.433+0000] {logging_mixin.py:188} INFO - [2024-06-07T02:02:18.432+0000] {dagbag.py:545} INFO - Filling up the DagBag from /home/airflow/.local/lib/python3.12/site-packages/airflow/example_dags/example_external_task_marker_dag.py
[2024-06-07T02:02:18.443+0000] {processor.py:840} INFO - DAG(s) 'example_external_task_marker_parent', 'example_external_task_marker_child' retrieved from /home/airflow/.local/lib/python3.12/site-packages/airflow/example_dags/example_external_task_marker_dag.py
[2024-06-07T02:02:18.505+0000] {logging_mixin.py:188} INFO - [2024-06-07T02:02:18.504+0000] {dag.py:3096} INFO - Sync 2 DAGs
[2024-06-07T02:02:18.539+0000] {logging_mixin.py:188} INFO - [2024-06-07T02:02:18.539+0000] {dag.py:3954} INFO - Setting next_dagrun for example_external_task_marker_child to None, run_after=None
[2024-06-07T02:02:18.551+0000] {logging_mixin.py:188} INFO - [2024-06-07T02:02:18.550+0000] {dag.py:3954} INFO - Setting next_dagrun for example_external_task_marker_parent to None, run_after=None
[2024-06-07T02:02:18.612+0000] {processor.py:183} INFO - Processing /home/airflow/.local/lib/python3.12/site-packages/airflow/example_dags/example_external_task_marker_dag.py took 0.195 seconds
[2024-06-07T02:02:48.779+0000] {processor.py:161} INFO - Started process (PID=8748) to work on /home/airflow/.local/lib/python3.12/site-packages/airflow/example_dags/example_external_task_marker_dag.py
[2024-06-07T02:02:48.782+0000] {processor.py:830} INFO - Processing file /home/airflow/.local/lib/python3.12/site-packages/airflow/example_dags/example_external_task_marker_dag.py for tasks to queue
[2024-06-07T02:02:48.786+0000] {logging_mixin.py:188} INFO - [2024-06-07T02:02:48.785+0000] {dagbag.py:545} INFO - Filling up the DagBag from /home/airflow/.local/lib/python3.12/site-packages/airflow/example_dags/example_external_task_marker_dag.py
[2024-06-07T02:02:48.809+0000] {processor.py:840} INFO - DAG(s) 'example_external_task_marker_parent', 'example_external_task_marker_child' retrieved from /home/airflow/.local/lib/python3.12/site-packages/airflow/example_dags/example_external_task_marker_dag.py
[2024-06-07T02:02:48.877+0000] {logging_mixin.py:188} INFO - [2024-06-07T02:02:48.877+0000] {dag.py:3096} INFO - Sync 2 DAGs
[2024-06-07T02:02:48.908+0000] {logging_mixin.py:188} INFO - [2024-06-07T02:02:48.908+0000] {dag.py:3954} INFO - Setting next_dagrun for example_external_task_marker_child to None, run_after=None
[2024-06-07T02:02:48.919+0000] {logging_mixin.py:188} INFO - [2024-06-07T02:02:48.918+0000] {dag.py:3954} INFO - Setting next_dagrun for example_external_task_marker_parent to None, run_after=None
[2024-06-07T02:02:48.961+0000] {processor.py:183} INFO - Processing /home/airflow/.local/lib/python3.12/site-packages/airflow/example_dags/example_external_task_marker_dag.py took 0.195 seconds
[2024-06-07T02:03:20.093+0000] {processor.py:161} INFO - Started process (PID=8801) to work on /home/airflow/.local/lib/python3.12/site-packages/airflow/example_dags/example_external_task_marker_dag.py
[2024-06-07T02:03:20.096+0000] {processor.py:830} INFO - Processing file /home/airflow/.local/lib/python3.12/site-packages/airflow/example_dags/example_external_task_marker_dag.py for tasks to queue
[2024-06-07T02:03:20.099+0000] {logging_mixin.py:188} INFO - [2024-06-07T02:03:20.098+0000] {dagbag.py:545} INFO - Filling up the DagBag from /home/airflow/.local/lib/python3.12/site-packages/airflow/example_dags/example_external_task_marker_dag.py
[2024-06-07T02:03:20.111+0000] {processor.py:840} INFO - DAG(s) 'example_external_task_marker_parent', 'example_external_task_marker_child' retrieved from /home/airflow/.local/lib/python3.12/site-packages/airflow/example_dags/example_external_task_marker_dag.py
[2024-06-07T02:03:20.162+0000] {logging_mixin.py:188} INFO - [2024-06-07T02:03:20.161+0000] {dag.py:3096} INFO - Sync 2 DAGs
[2024-06-07T02:03:20.187+0000] {logging_mixin.py:188} INFO - [2024-06-07T02:03:20.187+0000] {dag.py:3954} INFO - Setting next_dagrun for example_external_task_marker_child to None, run_after=None
[2024-06-07T02:03:20.200+0000] {logging_mixin.py:188} INFO - [2024-06-07T02:03:20.199+0000] {dag.py:3954} INFO - Setting next_dagrun for example_external_task_marker_parent to None, run_after=None
[2024-06-07T02:03:20.255+0000] {processor.py:183} INFO - Processing /home/airflow/.local/lib/python3.12/site-packages/airflow/example_dags/example_external_task_marker_dag.py took 0.173 seconds
[2024-06-07T02:03:51.527+0000] {processor.py:161} INFO - Started process (PID=8854) to work on /home/airflow/.local/lib/python3.12/site-packages/airflow/example_dags/example_external_task_marker_dag.py
[2024-06-07T02:03:51.529+0000] {processor.py:830} INFO - Processing file /home/airflow/.local/lib/python3.12/site-packages/airflow/example_dags/example_external_task_marker_dag.py for tasks to queue
[2024-06-07T02:03:51.532+0000] {logging_mixin.py:188} INFO - [2024-06-07T02:03:51.531+0000] {dagbag.py:545} INFO - Filling up the DagBag from /home/airflow/.local/lib/python3.12/site-packages/airflow/example_dags/example_external_task_marker_dag.py
[2024-06-07T02:03:51.544+0000] {processor.py:840} INFO - DAG(s) 'example_external_task_marker_child', 'example_external_task_marker_parent' retrieved from /home/airflow/.local/lib/python3.12/site-packages/airflow/example_dags/example_external_task_marker_dag.py
[2024-06-07T02:03:51.594+0000] {logging_mixin.py:188} INFO - [2024-06-07T02:03:51.594+0000] {dag.py:3096} INFO - Sync 2 DAGs
[2024-06-07T02:03:51.620+0000] {logging_mixin.py:188} INFO - [2024-06-07T02:03:51.619+0000] {dag.py:3954} INFO - Setting next_dagrun for example_external_task_marker_child to None, run_after=None
[2024-06-07T02:03:51.630+0000] {logging_mixin.py:188} INFO - [2024-06-07T02:03:51.630+0000] {dag.py:3954} INFO - Setting next_dagrun for example_external_task_marker_parent to None, run_after=None
[2024-06-07T02:03:51.670+0000] {processor.py:183} INFO - Processing /home/airflow/.local/lib/python3.12/site-packages/airflow/example_dags/example_external_task_marker_dag.py took 0.156 seconds
[2024-06-07T02:04:22.511+0000] {processor.py:161} INFO - Started process (PID=8907) to work on /home/airflow/.local/lib/python3.12/site-packages/airflow/example_dags/example_external_task_marker_dag.py
[2024-06-07T02:04:22.514+0000] {processor.py:830} INFO - Processing file /home/airflow/.local/lib/python3.12/site-packages/airflow/example_dags/example_external_task_marker_dag.py for tasks to queue
[2024-06-07T02:04:22.518+0000] {logging_mixin.py:188} INFO - [2024-06-07T02:04:22.517+0000] {dagbag.py:545} INFO - Filling up the DagBag from /home/airflow/.local/lib/python3.12/site-packages/airflow/example_dags/example_external_task_marker_dag.py
[2024-06-07T02:04:22.531+0000] {processor.py:840} INFO - DAG(s) 'example_external_task_marker_child', 'example_external_task_marker_parent' retrieved from /home/airflow/.local/lib/python3.12/site-packages/airflow/example_dags/example_external_task_marker_dag.py
[2024-06-07T02:04:22.601+0000] {logging_mixin.py:188} INFO - [2024-06-07T02:04:22.600+0000] {dag.py:3096} INFO - Sync 2 DAGs
[2024-06-07T02:04:22.638+0000] {logging_mixin.py:188} INFO - [2024-06-07T02:04:22.637+0000] {dag.py:3954} INFO - Setting next_dagrun for example_external_task_marker_child to None, run_after=None
[2024-06-07T02:04:22.649+0000] {logging_mixin.py:188} INFO - [2024-06-07T02:04:22.648+0000] {dag.py:3954} INFO - Setting next_dagrun for example_external_task_marker_parent to None, run_after=None
[2024-06-07T02:04:22.695+0000] {processor.py:183} INFO - Processing /home/airflow/.local/lib/python3.12/site-packages/airflow/example_dags/example_external_task_marker_dag.py took 0.196 seconds
[2024-06-07T02:04:53.055+0000] {processor.py:161} INFO - Started process (PID=8960) to work on /home/airflow/.local/lib/python3.12/site-packages/airflow/example_dags/example_external_task_marker_dag.py
[2024-06-07T02:04:53.057+0000] {processor.py:830} INFO - Processing file /home/airflow/.local/lib/python3.12/site-packages/airflow/example_dags/example_external_task_marker_dag.py for tasks to queue
[2024-06-07T02:04:53.060+0000] {logging_mixin.py:188} INFO - [2024-06-07T02:04:53.059+0000] {dagbag.py:545} INFO - Filling up the DagBag from /home/airflow/.local/lib/python3.12/site-packages/airflow/example_dags/example_external_task_marker_dag.py
[2024-06-07T02:04:53.079+0000] {processor.py:840} INFO - DAG(s) 'example_external_task_marker_parent', 'example_external_task_marker_child' retrieved from /home/airflow/.local/lib/python3.12/site-packages/airflow/example_dags/example_external_task_marker_dag.py
[2024-06-07T02:04:53.130+0000] {logging_mixin.py:188} INFO - [2024-06-07T02:04:53.130+0000] {dag.py:3096} INFO - Sync 2 DAGs
[2024-06-07T02:04:53.159+0000] {logging_mixin.py:188} INFO - [2024-06-07T02:04:53.158+0000] {dag.py:3954} INFO - Setting next_dagrun for example_external_task_marker_child to None, run_after=None
[2024-06-07T02:04:53.169+0000] {logging_mixin.py:188} INFO - [2024-06-07T02:04:53.168+0000] {dag.py:3954} INFO - Setting next_dagrun for example_external_task_marker_parent to None, run_after=None
[2024-06-07T02:04:53.211+0000] {processor.py:183} INFO - Processing /home/airflow/.local/lib/python3.12/site-packages/airflow/example_dags/example_external_task_marker_dag.py took 0.167 seconds
[2024-06-07T02:05:23.721+0000] {processor.py:161} INFO - Started process (PID=9011) to work on /home/airflow/.local/lib/python3.12/site-packages/airflow/example_dags/example_external_task_marker_dag.py
[2024-06-07T02:05:23.723+0000] {processor.py:830} INFO - Processing file /home/airflow/.local/lib/python3.12/site-packages/airflow/example_dags/example_external_task_marker_dag.py for tasks to queue
[2024-06-07T02:05:23.726+0000] {logging_mixin.py:188} INFO - [2024-06-07T02:05:23.725+0000] {dagbag.py:545} INFO - Filling up the DagBag from /home/airflow/.local/lib/python3.12/site-packages/airflow/example_dags/example_external_task_marker_dag.py
[2024-06-07T02:05:23.738+0000] {processor.py:840} INFO - DAG(s) 'example_external_task_marker_child', 'example_external_task_marker_parent' retrieved from /home/airflow/.local/lib/python3.12/site-packages/airflow/example_dags/example_external_task_marker_dag.py
[2024-06-07T02:05:23.792+0000] {logging_mixin.py:188} INFO - [2024-06-07T02:05:23.791+0000] {dag.py:3096} INFO - Sync 2 DAGs
[2024-06-07T02:05:23.829+0000] {logging_mixin.py:188} INFO - [2024-06-07T02:05:23.829+0000] {dag.py:3954} INFO - Setting next_dagrun for example_external_task_marker_child to None, run_after=None
[2024-06-07T02:05:23.841+0000] {logging_mixin.py:188} INFO - [2024-06-07T02:05:23.840+0000] {dag.py:3954} INFO - Setting next_dagrun for example_external_task_marker_parent to None, run_after=None
[2024-06-07T02:05:23.887+0000] {processor.py:183} INFO - Processing /home/airflow/.local/lib/python3.12/site-packages/airflow/example_dags/example_external_task_marker_dag.py took 0.177 seconds
[2024-06-07T02:05:54.985+0000] {processor.py:161} INFO - Started process (PID=9064) to work on /home/airflow/.local/lib/python3.12/site-packages/airflow/example_dags/example_external_task_marker_dag.py
[2024-06-07T02:05:54.988+0000] {processor.py:830} INFO - Processing file /home/airflow/.local/lib/python3.12/site-packages/airflow/example_dags/example_external_task_marker_dag.py for tasks to queue
[2024-06-07T02:05:54.990+0000] {logging_mixin.py:188} INFO - [2024-06-07T02:05:54.989+0000] {dagbag.py:545} INFO - Filling up the DagBag from /home/airflow/.local/lib/python3.12/site-packages/airflow/example_dags/example_external_task_marker_dag.py
[2024-06-07T02:05:55.003+0000] {processor.py:840} INFO - DAG(s) 'example_external_task_marker_child', 'example_external_task_marker_parent' retrieved from /home/airflow/.local/lib/python3.12/site-packages/airflow/example_dags/example_external_task_marker_dag.py
[2024-06-07T02:05:55.054+0000] {logging_mixin.py:188} INFO - [2024-06-07T02:05:55.053+0000] {dag.py:3096} INFO - Sync 2 DAGs
[2024-06-07T02:05:55.091+0000] {logging_mixin.py:188} INFO - [2024-06-07T02:05:55.090+0000] {dag.py:3954} INFO - Setting next_dagrun for example_external_task_marker_child to None, run_after=None
[2024-06-07T02:05:55.100+0000] {logging_mixin.py:188} INFO - [2024-06-07T02:05:55.099+0000] {dag.py:3954} INFO - Setting next_dagrun for example_external_task_marker_parent to None, run_after=None
[2024-06-07T02:05:55.139+0000] {processor.py:183} INFO - Processing /home/airflow/.local/lib/python3.12/site-packages/airflow/example_dags/example_external_task_marker_dag.py took 0.165 seconds
[2024-06-07T02:06:25.577+0000] {processor.py:161} INFO - Started process (PID=9117) to work on /home/airflow/.local/lib/python3.12/site-packages/airflow/example_dags/example_external_task_marker_dag.py
[2024-06-07T02:06:25.579+0000] {processor.py:830} INFO - Processing file /home/airflow/.local/lib/python3.12/site-packages/airflow/example_dags/example_external_task_marker_dag.py for tasks to queue
[2024-06-07T02:06:25.582+0000] {logging_mixin.py:188} INFO - [2024-06-07T02:06:25.581+0000] {dagbag.py:545} INFO - Filling up the DagBag from /home/airflow/.local/lib/python3.12/site-packages/airflow/example_dags/example_external_task_marker_dag.py
[2024-06-07T02:06:25.594+0000] {processor.py:840} INFO - DAG(s) 'example_external_task_marker_child', 'example_external_task_marker_parent' retrieved from /home/airflow/.local/lib/python3.12/site-packages/airflow/example_dags/example_external_task_marker_dag.py
[2024-06-07T02:06:25.643+0000] {logging_mixin.py:188} INFO - [2024-06-07T02:06:25.643+0000] {dag.py:3096} INFO - Sync 2 DAGs
[2024-06-07T02:06:25.673+0000] {logging_mixin.py:188} INFO - [2024-06-07T02:06:25.672+0000] {dag.py:3954} INFO - Setting next_dagrun for example_external_task_marker_child to None, run_after=None
[2024-06-07T02:06:25.682+0000] {logging_mixin.py:188} INFO - [2024-06-07T02:06:25.681+0000] {dag.py:3954} INFO - Setting next_dagrun for example_external_task_marker_parent to None, run_after=None
[2024-06-07T02:06:25.716+0000] {processor.py:183} INFO - Processing /home/airflow/.local/lib/python3.12/site-packages/airflow/example_dags/example_external_task_marker_dag.py took 0.154 seconds
[2024-06-07T02:06:56.669+0000] {processor.py:161} INFO - Started process (PID=9170) to work on /home/airflow/.local/lib/python3.12/site-packages/airflow/example_dags/example_external_task_marker_dag.py
[2024-06-07T02:06:56.672+0000] {processor.py:830} INFO - Processing file /home/airflow/.local/lib/python3.12/site-packages/airflow/example_dags/example_external_task_marker_dag.py for tasks to queue
[2024-06-07T02:06:56.675+0000] {logging_mixin.py:188} INFO - [2024-06-07T02:06:56.674+0000] {dagbag.py:545} INFO - Filling up the DagBag from /home/airflow/.local/lib/python3.12/site-packages/airflow/example_dags/example_external_task_marker_dag.py
[2024-06-07T02:06:56.686+0000] {processor.py:840} INFO - DAG(s) 'example_external_task_marker_child', 'example_external_task_marker_parent' retrieved from /home/airflow/.local/lib/python3.12/site-packages/airflow/example_dags/example_external_task_marker_dag.py
[2024-06-07T02:06:56.751+0000] {logging_mixin.py:188} INFO - [2024-06-07T02:06:56.750+0000] {dag.py:3096} INFO - Sync 2 DAGs
[2024-06-07T02:06:56.777+0000] {logging_mixin.py:188} INFO - [2024-06-07T02:06:56.776+0000] {dag.py:3954} INFO - Setting next_dagrun for example_external_task_marker_child to None, run_after=None
[2024-06-07T02:06:56.785+0000] {logging_mixin.py:188} INFO - [2024-06-07T02:06:56.785+0000] {dag.py:3954} INFO - Setting next_dagrun for example_external_task_marker_parent to None, run_after=None
[2024-06-07T02:06:56.819+0000] {processor.py:183} INFO - Processing /home/airflow/.local/lib/python3.12/site-packages/airflow/example_dags/example_external_task_marker_dag.py took 0.161 seconds
[2024-06-07T02:07:28.147+0000] {processor.py:161} INFO - Started process (PID=9223) to work on /home/airflow/.local/lib/python3.12/site-packages/airflow/example_dags/example_external_task_marker_dag.py
[2024-06-07T02:07:28.149+0000] {processor.py:830} INFO - Processing file /home/airflow/.local/lib/python3.12/site-packages/airflow/example_dags/example_external_task_marker_dag.py for tasks to queue
[2024-06-07T02:07:28.151+0000] {logging_mixin.py:188} INFO - [2024-06-07T02:07:28.151+0000] {dagbag.py:545} INFO - Filling up the DagBag from /home/airflow/.local/lib/python3.12/site-packages/airflow/example_dags/example_external_task_marker_dag.py
[2024-06-07T02:07:28.164+0000] {processor.py:840} INFO - DAG(s) 'example_external_task_marker_parent', 'example_external_task_marker_child' retrieved from /home/airflow/.local/lib/python3.12/site-packages/airflow/example_dags/example_external_task_marker_dag.py
[2024-06-07T02:07:28.217+0000] {logging_mixin.py:188} INFO - [2024-06-07T02:07:28.216+0000] {dag.py:3096} INFO - Sync 2 DAGs
[2024-06-07T02:07:28.257+0000] {logging_mixin.py:188} INFO - [2024-06-07T02:07:28.256+0000] {dag.py:3954} INFO - Setting next_dagrun for example_external_task_marker_child to None, run_after=None
[2024-06-07T02:07:28.267+0000] {logging_mixin.py:188} INFO - [2024-06-07T02:07:28.267+0000] {dag.py:3954} INFO - Setting next_dagrun for example_external_task_marker_parent to None, run_after=None
[2024-06-07T02:07:28.333+0000] {processor.py:183} INFO - Processing /home/airflow/.local/lib/python3.12/site-packages/airflow/example_dags/example_external_task_marker_dag.py took 0.196 seconds
[2024-06-07T02:07:59.528+0000] {processor.py:161} INFO - Started process (PID=9276) to work on /home/airflow/.local/lib/python3.12/site-packages/airflow/example_dags/example_external_task_marker_dag.py
[2024-06-07T02:07:59.530+0000] {processor.py:830} INFO - Processing file /home/airflow/.local/lib/python3.12/site-packages/airflow/example_dags/example_external_task_marker_dag.py for tasks to queue
[2024-06-07T02:07:59.533+0000] {logging_mixin.py:188} INFO - [2024-06-07T02:07:59.532+0000] {dagbag.py:545} INFO - Filling up the DagBag from /home/airflow/.local/lib/python3.12/site-packages/airflow/example_dags/example_external_task_marker_dag.py
[2024-06-07T02:07:59.546+0000] {processor.py:840} INFO - DAG(s) 'example_external_task_marker_parent', 'example_external_task_marker_child' retrieved from /home/airflow/.local/lib/python3.12/site-packages/airflow/example_dags/example_external_task_marker_dag.py
[2024-06-07T02:07:59.622+0000] {logging_mixin.py:188} INFO - [2024-06-07T02:07:59.621+0000] {dag.py:3096} INFO - Sync 2 DAGs
[2024-06-07T02:07:59.664+0000] {logging_mixin.py:188} INFO - [2024-06-07T02:07:59.663+0000] {dag.py:3954} INFO - Setting next_dagrun for example_external_task_marker_child to None, run_after=None
[2024-06-07T02:07:59.686+0000] {logging_mixin.py:188} INFO - [2024-06-07T02:07:59.686+0000] {dag.py:3954} INFO - Setting next_dagrun for example_external_task_marker_parent to None, run_after=None
[2024-06-07T02:07:59.734+0000] {processor.py:183} INFO - Processing /home/airflow/.local/lib/python3.12/site-packages/airflow/example_dags/example_external_task_marker_dag.py took 0.217 seconds
[2024-06-07T02:08:29.866+0000] {processor.py:161} INFO - Started process (PID=9329) to work on /home/airflow/.local/lib/python3.12/site-packages/airflow/example_dags/example_external_task_marker_dag.py
[2024-06-07T02:08:29.869+0000] {processor.py:830} INFO - Processing file /home/airflow/.local/lib/python3.12/site-packages/airflow/example_dags/example_external_task_marker_dag.py for tasks to queue
[2024-06-07T02:08:29.872+0000] {logging_mixin.py:188} INFO - [2024-06-07T02:08:29.871+0000] {dagbag.py:545} INFO - Filling up the DagBag from /home/airflow/.local/lib/python3.12/site-packages/airflow/example_dags/example_external_task_marker_dag.py
[2024-06-07T02:08:29.887+0000] {processor.py:840} INFO - DAG(s) 'example_external_task_marker_child', 'example_external_task_marker_parent' retrieved from /home/airflow/.local/lib/python3.12/site-packages/airflow/example_dags/example_external_task_marker_dag.py
[2024-06-07T02:08:29.940+0000] {logging_mixin.py:188} INFO - [2024-06-07T02:08:29.940+0000] {dag.py:3096} INFO - Sync 2 DAGs
[2024-06-07T02:08:29.967+0000] {logging_mixin.py:188} INFO - [2024-06-07T02:08:29.966+0000] {dag.py:3954} INFO - Setting next_dagrun for example_external_task_marker_child to None, run_after=None
[2024-06-07T02:08:29.975+0000] {logging_mixin.py:188} INFO - [2024-06-07T02:08:29.975+0000] {dag.py:3954} INFO - Setting next_dagrun for example_external_task_marker_parent to None, run_after=None
[2024-06-07T02:08:30.022+0000] {processor.py:183} INFO - Processing /home/airflow/.local/lib/python3.12/site-packages/airflow/example_dags/example_external_task_marker_dag.py took 0.167 seconds
[2024-06-07T02:09:00.968+0000] {processor.py:161} INFO - Started process (PID=9382) to work on /home/airflow/.local/lib/python3.12/site-packages/airflow/example_dags/example_external_task_marker_dag.py
[2024-06-07T02:09:00.970+0000] {processor.py:830} INFO - Processing file /home/airflow/.local/lib/python3.12/site-packages/airflow/example_dags/example_external_task_marker_dag.py for tasks to queue
[2024-06-07T02:09:00.973+0000] {logging_mixin.py:188} INFO - [2024-06-07T02:09:00.972+0000] {dagbag.py:545} INFO - Filling up the DagBag from /home/airflow/.local/lib/python3.12/site-packages/airflow/example_dags/example_external_task_marker_dag.py
[2024-06-07T02:09:00.985+0000] {processor.py:840} INFO - DAG(s) 'example_external_task_marker_parent', 'example_external_task_marker_child' retrieved from /home/airflow/.local/lib/python3.12/site-packages/airflow/example_dags/example_external_task_marker_dag.py
[2024-06-07T02:09:01.041+0000] {logging_mixin.py:188} INFO - [2024-06-07T02:09:01.040+0000] {dag.py:3096} INFO - Sync 2 DAGs
[2024-06-07T02:09:01.068+0000] {logging_mixin.py:188} INFO - [2024-06-07T02:09:01.068+0000] {dag.py:3954} INFO - Setting next_dagrun for example_external_task_marker_child to None, run_after=None
[2024-06-07T02:09:01.077+0000] {logging_mixin.py:188} INFO - [2024-06-07T02:09:01.077+0000] {dag.py:3954} INFO - Setting next_dagrun for example_external_task_marker_parent to None, run_after=None
[2024-06-07T02:09:01.126+0000] {processor.py:183} INFO - Processing /home/airflow/.local/lib/python3.12/site-packages/airflow/example_dags/example_external_task_marker_dag.py took 0.170 seconds
[2024-06-07T02:09:32.226+0000] {processor.py:161} INFO - Started process (PID=9435) to work on /home/airflow/.local/lib/python3.12/site-packages/airflow/example_dags/example_external_task_marker_dag.py
[2024-06-07T02:09:32.228+0000] {processor.py:830} INFO - Processing file /home/airflow/.local/lib/python3.12/site-packages/airflow/example_dags/example_external_task_marker_dag.py for tasks to queue
[2024-06-07T02:09:32.231+0000] {logging_mixin.py:188} INFO - [2024-06-07T02:09:32.230+0000] {dagbag.py:545} INFO - Filling up the DagBag from /home/airflow/.local/lib/python3.12/site-packages/airflow/example_dags/example_external_task_marker_dag.py
[2024-06-07T02:09:32.242+0000] {processor.py:840} INFO - DAG(s) 'example_external_task_marker_child', 'example_external_task_marker_parent' retrieved from /home/airflow/.local/lib/python3.12/site-packages/airflow/example_dags/example_external_task_marker_dag.py
[2024-06-07T02:09:32.298+0000] {logging_mixin.py:188} INFO - [2024-06-07T02:09:32.298+0000] {dag.py:3096} INFO - Sync 2 DAGs
[2024-06-07T02:09:32.331+0000] {logging_mixin.py:188} INFO - [2024-06-07T02:09:32.330+0000] {dag.py:3954} INFO - Setting next_dagrun for example_external_task_marker_child to None, run_after=None
[2024-06-07T02:09:32.340+0000] {logging_mixin.py:188} INFO - [2024-06-07T02:09:32.339+0000] {dag.py:3954} INFO - Setting next_dagrun for example_external_task_marker_parent to None, run_after=None
[2024-06-07T02:09:32.382+0000] {processor.py:183} INFO - Processing /home/airflow/.local/lib/python3.12/site-packages/airflow/example_dags/example_external_task_marker_dag.py took 0.167 seconds
[2024-06-07T02:10:03.554+0000] {processor.py:161} INFO - Started process (PID=9488) to work on /home/airflow/.local/lib/python3.12/site-packages/airflow/example_dags/example_external_task_marker_dag.py
[2024-06-07T02:10:03.557+0000] {processor.py:830} INFO - Processing file /home/airflow/.local/lib/python3.12/site-packages/airflow/example_dags/example_external_task_marker_dag.py for tasks to queue
[2024-06-07T02:10:03.561+0000] {logging_mixin.py:188} INFO - [2024-06-07T02:10:03.560+0000] {dagbag.py:545} INFO - Filling up the DagBag from /home/airflow/.local/lib/python3.12/site-packages/airflow/example_dags/example_external_task_marker_dag.py
[2024-06-07T02:10:03.579+0000] {processor.py:840} INFO - DAG(s) 'example_external_task_marker_parent', 'example_external_task_marker_child' retrieved from /home/airflow/.local/lib/python3.12/site-packages/airflow/example_dags/example_external_task_marker_dag.py
[2024-06-07T02:10:03.643+0000] {logging_mixin.py:188} INFO - [2024-06-07T02:10:03.643+0000] {dag.py:3096} INFO - Sync 2 DAGs
[2024-06-07T02:10:03.688+0000] {logging_mixin.py:188} INFO - [2024-06-07T02:10:03.687+0000] {dag.py:3954} INFO - Setting next_dagrun for example_external_task_marker_child to None, run_after=None
[2024-06-07T02:10:03.715+0000] {logging_mixin.py:188} INFO - [2024-06-07T02:10:03.714+0000] {dag.py:3954} INFO - Setting next_dagrun for example_external_task_marker_parent to None, run_after=None
[2024-06-07T02:10:03.779+0000] {processor.py:183} INFO - Processing /home/airflow/.local/lib/python3.12/site-packages/airflow/example_dags/example_external_task_marker_dag.py took 0.243 seconds
[2024-06-07T02:10:34.772+0000] {processor.py:161} INFO - Started process (PID=9541) to work on /home/airflow/.local/lib/python3.12/site-packages/airflow/example_dags/example_external_task_marker_dag.py
[2024-06-07T02:10:34.774+0000] {processor.py:830} INFO - Processing file /home/airflow/.local/lib/python3.12/site-packages/airflow/example_dags/example_external_task_marker_dag.py for tasks to queue
[2024-06-07T02:10:34.777+0000] {logging_mixin.py:188} INFO - [2024-06-07T02:10:34.776+0000] {dagbag.py:545} INFO - Filling up the DagBag from /home/airflow/.local/lib/python3.12/site-packages/airflow/example_dags/example_external_task_marker_dag.py
[2024-06-07T02:10:34.798+0000] {processor.py:840} INFO - DAG(s) 'example_external_task_marker_child', 'example_external_task_marker_parent' retrieved from /home/airflow/.local/lib/python3.12/site-packages/airflow/example_dags/example_external_task_marker_dag.py
[2024-06-07T02:10:34.860+0000] {logging_mixin.py:188} INFO - [2024-06-07T02:10:34.860+0000] {dag.py:3096} INFO - Sync 2 DAGs
[2024-06-07T02:10:34.887+0000] {logging_mixin.py:188} INFO - [2024-06-07T02:10:34.887+0000] {dag.py:3954} INFO - Setting next_dagrun for example_external_task_marker_child to None, run_after=None
[2024-06-07T02:10:34.895+0000] {logging_mixin.py:188} INFO - [2024-06-07T02:10:34.895+0000] {dag.py:3954} INFO - Setting next_dagrun for example_external_task_marker_parent to None, run_after=None
[2024-06-07T02:10:34.945+0000] {processor.py:183} INFO - Processing /home/airflow/.local/lib/python3.12/site-packages/airflow/example_dags/example_external_task_marker_dag.py took 0.190 seconds
[2024-06-07T02:11:05.690+0000] {processor.py:161} INFO - Started process (PID=9594) to work on /home/airflow/.local/lib/python3.12/site-packages/airflow/example_dags/example_external_task_marker_dag.py
[2024-06-07T02:11:05.692+0000] {processor.py:830} INFO - Processing file /home/airflow/.local/lib/python3.12/site-packages/airflow/example_dags/example_external_task_marker_dag.py for tasks to queue
[2024-06-07T02:11:05.694+0000] {logging_mixin.py:188} INFO - [2024-06-07T02:11:05.694+0000] {dagbag.py:545} INFO - Filling up the DagBag from /home/airflow/.local/lib/python3.12/site-packages/airflow/example_dags/example_external_task_marker_dag.py
[2024-06-07T02:11:05.704+0000] {processor.py:840} INFO - DAG(s) 'example_external_task_marker_parent', 'example_external_task_marker_child' retrieved from /home/airflow/.local/lib/python3.12/site-packages/airflow/example_dags/example_external_task_marker_dag.py
[2024-06-07T02:11:05.759+0000] {logging_mixin.py:188} INFO - [2024-06-07T02:11:05.759+0000] {dag.py:3096} INFO - Sync 2 DAGs
[2024-06-07T02:11:05.785+0000] {logging_mixin.py:188} INFO - [2024-06-07T02:11:05.784+0000] {dag.py:3954} INFO - Setting next_dagrun for example_external_task_marker_child to None, run_after=None
[2024-06-07T02:11:05.798+0000] {logging_mixin.py:188} INFO - [2024-06-07T02:11:05.797+0000] {dag.py:3954} INFO - Setting next_dagrun for example_external_task_marker_parent to None, run_after=None
[2024-06-07T02:11:05.848+0000] {processor.py:183} INFO - Processing /home/airflow/.local/lib/python3.12/site-packages/airflow/example_dags/example_external_task_marker_dag.py took 0.166 seconds
[2024-06-07T14:01:12.249+0000] {processor.py:161} INFO - Started process (PID=9666) to work on /home/airflow/.local/lib/python3.12/site-packages/airflow/example_dags/example_external_task_marker_dag.py
[2024-06-07T14:01:12.251+0000] {processor.py:830} INFO - Processing file /home/airflow/.local/lib/python3.12/site-packages/airflow/example_dags/example_external_task_marker_dag.py for tasks to queue
[2024-06-07T14:01:12.253+0000] {logging_mixin.py:188} INFO - [2024-06-07T14:01:12.253+0000] {dagbag.py:545} INFO - Filling up the DagBag from /home/airflow/.local/lib/python3.12/site-packages/airflow/example_dags/example_external_task_marker_dag.py
[2024-06-07T14:01:12.263+0000] {processor.py:840} INFO - DAG(s) 'example_external_task_marker_child', 'example_external_task_marker_parent' retrieved from /home/airflow/.local/lib/python3.12/site-packages/airflow/example_dags/example_external_task_marker_dag.py
[2024-06-07T14:01:12.302+0000] {logging_mixin.py:188} INFO - [2024-06-07T14:01:12.302+0000] {dag.py:3096} INFO - Sync 2 DAGs
[2024-06-07T14:01:12.327+0000] {logging_mixin.py:188} INFO - [2024-06-07T14:01:12.327+0000] {dag.py:3954} INFO - Setting next_dagrun for example_external_task_marker_child to None, run_after=None
[2024-06-07T14:01:12.338+0000] {logging_mixin.py:188} INFO - [2024-06-07T14:01:12.337+0000] {dag.py:3954} INFO - Setting next_dagrun for example_external_task_marker_parent to None, run_after=None
[2024-06-07T14:01:12.377+0000] {processor.py:183} INFO - Processing /home/airflow/.local/lib/python3.12/site-packages/airflow/example_dags/example_external_task_marker_dag.py took 0.138 seconds
[2024-06-07T14:01:42.494+0000] {processor.py:161} INFO - Started process (PID=9719) to work on /home/airflow/.local/lib/python3.12/site-packages/airflow/example_dags/example_external_task_marker_dag.py
[2024-06-07T14:01:42.498+0000] {processor.py:830} INFO - Processing file /home/airflow/.local/lib/python3.12/site-packages/airflow/example_dags/example_external_task_marker_dag.py for tasks to queue
[2024-06-07T14:01:42.503+0000] {logging_mixin.py:188} INFO - [2024-06-07T14:01:42.502+0000] {dagbag.py:545} INFO - Filling up the DagBag from /home/airflow/.local/lib/python3.12/site-packages/airflow/example_dags/example_external_task_marker_dag.py
[2024-06-07T14:01:42.513+0000] {processor.py:840} INFO - DAG(s) 'example_external_task_marker_parent', 'example_external_task_marker_child' retrieved from /home/airflow/.local/lib/python3.12/site-packages/airflow/example_dags/example_external_task_marker_dag.py
[2024-06-07T14:01:42.555+0000] {logging_mixin.py:188} INFO - [2024-06-07T14:01:42.555+0000] {dag.py:3096} INFO - Sync 2 DAGs
[2024-06-07T14:01:42.576+0000] {logging_mixin.py:188} INFO - [2024-06-07T14:01:42.576+0000] {dag.py:3954} INFO - Setting next_dagrun for example_external_task_marker_child to None, run_after=None
[2024-06-07T14:01:42.584+0000] {logging_mixin.py:188} INFO - [2024-06-07T14:01:42.583+0000] {dag.py:3954} INFO - Setting next_dagrun for example_external_task_marker_parent to None, run_after=None
[2024-06-07T14:01:42.615+0000] {processor.py:183} INFO - Processing /home/airflow/.local/lib/python3.12/site-packages/airflow/example_dags/example_external_task_marker_dag.py took 0.130 seconds
