[2024-06-07T02:01:17.919+0000] {processor.py:161} INFO - Started process (PID=8597) to work on /home/airflow/.local/lib/python3.12/site-packages/airflow/example_dags/example_display_name.py
[2024-06-07T02:01:17.922+0000] {processor.py:830} INFO - Processing file /home/airflow/.local/lib/python3.12/site-packages/airflow/example_dags/example_display_name.py for tasks to queue
[2024-06-07T02:01:17.925+0000] {logging_mixin.py:188} INFO - [2024-06-07T02:01:17.924+0000] {dagbag.py:545} INFO - Filling up the DagBag from /home/airflow/.local/lib/python3.12/site-packages/airflow/example_dags/example_display_name.py
[2024-06-07T02:01:17.939+0000] {processor.py:840} INFO - DAG(s) 'example_display_name' retrieved from /home/airflow/.local/lib/python3.12/site-packages/airflow/example_dags/example_display_name.py
[2024-06-07T02:01:17.993+0000] {logging_mixin.py:188} INFO - [2024-06-07T02:01:17.992+0000] {dag.py:3096} INFO - Sync 1 DAGs
[2024-06-07T02:01:18.024+0000] {logging_mixin.py:188} INFO - [2024-06-07T02:01:18.023+0000] {dag.py:3954} INFO - Setting next_dagrun for example_display_name to None, run_after=None
[2024-06-07T02:01:18.079+0000] {processor.py:183} INFO - Processing /home/airflow/.local/lib/python3.12/site-packages/airflow/example_dags/example_display_name.py took 0.171 seconds
[2024-06-07T02:01:49.272+0000] {processor.py:161} INFO - Started process (PID=8650) to work on /home/airflow/.local/lib/python3.12/site-packages/airflow/example_dags/example_display_name.py
[2024-06-07T02:01:49.275+0000] {processor.py:830} INFO - Processing file /home/airflow/.local/lib/python3.12/site-packages/airflow/example_dags/example_display_name.py for tasks to queue
[2024-06-07T02:01:49.277+0000] {logging_mixin.py:188} INFO - [2024-06-07T02:01:49.276+0000] {dagbag.py:545} INFO - Filling up the DagBag from /home/airflow/.local/lib/python3.12/site-packages/airflow/example_dags/example_display_name.py
[2024-06-07T02:01:49.288+0000] {processor.py:840} INFO - DAG(s) 'example_display_name' retrieved from /home/airflow/.local/lib/python3.12/site-packages/airflow/example_dags/example_display_name.py
[2024-06-07T02:01:49.328+0000] {logging_mixin.py:188} INFO - [2024-06-07T02:01:49.328+0000] {dag.py:3096} INFO - Sync 1 DAGs
[2024-06-07T02:01:49.359+0000] {logging_mixin.py:188} INFO - [2024-06-07T02:01:49.358+0000] {dag.py:3954} INFO - Setting next_dagrun for example_display_name to None, run_after=None
[2024-06-07T02:01:49.398+0000] {processor.py:183} INFO - Processing /home/airflow/.local/lib/python3.12/site-packages/airflow/example_dags/example_display_name.py took 0.139 seconds
[2024-06-07T02:02:20.002+0000] {processor.py:161} INFO - Started process (PID=8703) to work on /home/airflow/.local/lib/python3.12/site-packages/airflow/example_dags/example_display_name.py
[2024-06-07T02:02:20.006+0000] {processor.py:830} INFO - Processing file /home/airflow/.local/lib/python3.12/site-packages/airflow/example_dags/example_display_name.py for tasks to queue
[2024-06-07T02:02:20.009+0000] {logging_mixin.py:188} INFO - [2024-06-07T02:02:20.008+0000] {dagbag.py:545} INFO - Filling up the DagBag from /home/airflow/.local/lib/python3.12/site-packages/airflow/example_dags/example_display_name.py
[2024-06-07T02:02:20.020+0000] {processor.py:840} INFO - DAG(s) 'example_display_name' retrieved from /home/airflow/.local/lib/python3.12/site-packages/airflow/example_dags/example_display_name.py
[2024-06-07T02:02:20.067+0000] {logging_mixin.py:188} INFO - [2024-06-07T02:02:20.066+0000] {dag.py:3096} INFO - Sync 1 DAGs
[2024-06-07T02:02:20.096+0000] {logging_mixin.py:188} INFO - [2024-06-07T02:02:20.095+0000] {dag.py:3954} INFO - Setting next_dagrun for example_display_name to None, run_after=None
[2024-06-07T02:02:20.151+0000] {processor.py:183} INFO - Processing /home/airflow/.local/lib/python3.12/site-packages/airflow/example_dags/example_display_name.py took 0.165 seconds
[2024-06-07T02:02:50.432+0000] {processor.py:161} INFO - Started process (PID=8756) to work on /home/airflow/.local/lib/python3.12/site-packages/airflow/example_dags/example_display_name.py
[2024-06-07T02:02:50.436+0000] {processor.py:830} INFO - Processing file /home/airflow/.local/lib/python3.12/site-packages/airflow/example_dags/example_display_name.py for tasks to queue
[2024-06-07T02:02:50.441+0000] {logging_mixin.py:188} INFO - [2024-06-07T02:02:50.440+0000] {dagbag.py:545} INFO - Filling up the DagBag from /home/airflow/.local/lib/python3.12/site-packages/airflow/example_dags/example_display_name.py
[2024-06-07T02:02:50.467+0000] {processor.py:840} INFO - DAG(s) 'example_display_name' retrieved from /home/airflow/.local/lib/python3.12/site-packages/airflow/example_dags/example_display_name.py
[2024-06-07T02:02:50.533+0000] {logging_mixin.py:188} INFO - [2024-06-07T02:02:50.531+0000] {dag.py:3096} INFO - Sync 1 DAGs
[2024-06-07T02:02:50.561+0000] {logging_mixin.py:188} INFO - [2024-06-07T02:02:50.561+0000] {dag.py:3954} INFO - Setting next_dagrun for example_display_name to None, run_after=None
[2024-06-07T02:02:50.614+0000] {processor.py:183} INFO - Processing /home/airflow/.local/lib/python3.12/site-packages/airflow/example_dags/example_display_name.py took 0.196 seconds
[2024-06-07T02:03:21.139+0000] {processor.py:161} INFO - Started process (PID=8809) to work on /home/airflow/.local/lib/python3.12/site-packages/airflow/example_dags/example_display_name.py
[2024-06-07T02:03:21.142+0000] {processor.py:830} INFO - Processing file /home/airflow/.local/lib/python3.12/site-packages/airflow/example_dags/example_display_name.py for tasks to queue
[2024-06-07T02:03:21.146+0000] {logging_mixin.py:188} INFO - [2024-06-07T02:03:21.145+0000] {dagbag.py:545} INFO - Filling up the DagBag from /home/airflow/.local/lib/python3.12/site-packages/airflow/example_dags/example_display_name.py
[2024-06-07T02:03:21.158+0000] {processor.py:840} INFO - DAG(s) 'example_display_name' retrieved from /home/airflow/.local/lib/python3.12/site-packages/airflow/example_dags/example_display_name.py
[2024-06-07T02:03:21.217+0000] {logging_mixin.py:188} INFO - [2024-06-07T02:03:21.217+0000] {dag.py:3096} INFO - Sync 1 DAGs
[2024-06-07T02:03:21.252+0000] {logging_mixin.py:188} INFO - [2024-06-07T02:03:21.252+0000] {dag.py:3954} INFO - Setting next_dagrun for example_display_name to None, run_after=None
[2024-06-07T02:03:21.308+0000] {processor.py:183} INFO - Processing /home/airflow/.local/lib/python3.12/site-packages/airflow/example_dags/example_display_name.py took 0.180 seconds
[2024-06-07T02:03:52.454+0000] {processor.py:161} INFO - Started process (PID=8862) to work on /home/airflow/.local/lib/python3.12/site-packages/airflow/example_dags/example_display_name.py
[2024-06-07T02:03:52.456+0000] {processor.py:830} INFO - Processing file /home/airflow/.local/lib/python3.12/site-packages/airflow/example_dags/example_display_name.py for tasks to queue
[2024-06-07T02:03:52.460+0000] {logging_mixin.py:188} INFO - [2024-06-07T02:03:52.459+0000] {dagbag.py:545} INFO - Filling up the DagBag from /home/airflow/.local/lib/python3.12/site-packages/airflow/example_dags/example_display_name.py
[2024-06-07T02:03:52.471+0000] {processor.py:840} INFO - DAG(s) 'example_display_name' retrieved from /home/airflow/.local/lib/python3.12/site-packages/airflow/example_dags/example_display_name.py
[2024-06-07T02:03:52.518+0000] {logging_mixin.py:188} INFO - [2024-06-07T02:03:52.517+0000] {dag.py:3096} INFO - Sync 1 DAGs
[2024-06-07T02:03:52.552+0000] {logging_mixin.py:188} INFO - [2024-06-07T02:03:52.552+0000] {dag.py:3954} INFO - Setting next_dagrun for example_display_name to None, run_after=None
[2024-06-07T02:03:52.615+0000] {processor.py:183} INFO - Processing /home/airflow/.local/lib/python3.12/site-packages/airflow/example_dags/example_display_name.py took 0.174 seconds
[2024-06-07T02:04:23.560+0000] {processor.py:161} INFO - Started process (PID=8915) to work on /home/airflow/.local/lib/python3.12/site-packages/airflow/example_dags/example_display_name.py
[2024-06-07T02:04:23.562+0000] {processor.py:830} INFO - Processing file /home/airflow/.local/lib/python3.12/site-packages/airflow/example_dags/example_display_name.py for tasks to queue
[2024-06-07T02:04:23.564+0000] {logging_mixin.py:188} INFO - [2024-06-07T02:04:23.563+0000] {dagbag.py:545} INFO - Filling up the DagBag from /home/airflow/.local/lib/python3.12/site-packages/airflow/example_dags/example_display_name.py
[2024-06-07T02:04:23.575+0000] {processor.py:840} INFO - DAG(s) 'example_display_name' retrieved from /home/airflow/.local/lib/python3.12/site-packages/airflow/example_dags/example_display_name.py
[2024-06-07T02:04:23.637+0000] {logging_mixin.py:188} INFO - [2024-06-07T02:04:23.636+0000] {dag.py:3096} INFO - Sync 1 DAGs
[2024-06-07T02:04:23.670+0000] {logging_mixin.py:188} INFO - [2024-06-07T02:04:23.670+0000] {dag.py:3954} INFO - Setting next_dagrun for example_display_name to None, run_after=None
[2024-06-07T02:04:23.716+0000] {processor.py:183} INFO - Processing /home/airflow/.local/lib/python3.12/site-packages/airflow/example_dags/example_display_name.py took 0.168 seconds
[2024-06-07T02:04:54.057+0000] {processor.py:161} INFO - Started process (PID=8968) to work on /home/airflow/.local/lib/python3.12/site-packages/airflow/example_dags/example_display_name.py
[2024-06-07T02:04:54.059+0000] {processor.py:830} INFO - Processing file /home/airflow/.local/lib/python3.12/site-packages/airflow/example_dags/example_display_name.py for tasks to queue
[2024-06-07T02:04:54.061+0000] {logging_mixin.py:188} INFO - [2024-06-07T02:04:54.060+0000] {dagbag.py:545} INFO - Filling up the DagBag from /home/airflow/.local/lib/python3.12/site-packages/airflow/example_dags/example_display_name.py
[2024-06-07T02:04:54.073+0000] {processor.py:840} INFO - DAG(s) 'example_display_name' retrieved from /home/airflow/.local/lib/python3.12/site-packages/airflow/example_dags/example_display_name.py
[2024-06-07T02:04:54.116+0000] {logging_mixin.py:188} INFO - [2024-06-07T02:04:54.115+0000] {dag.py:3096} INFO - Sync 1 DAGs
[2024-06-07T02:04:54.144+0000] {logging_mixin.py:188} INFO - [2024-06-07T02:04:54.143+0000] {dag.py:3954} INFO - Setting next_dagrun for example_display_name to None, run_after=None
[2024-06-07T02:04:54.197+0000] {processor.py:183} INFO - Processing /home/airflow/.local/lib/python3.12/site-packages/airflow/example_dags/example_display_name.py took 0.154 seconds
[2024-06-07T02:05:26.001+0000] {processor.py:161} INFO - Started process (PID=9021) to work on /home/airflow/.local/lib/python3.12/site-packages/airflow/example_dags/example_display_name.py
[2024-06-07T02:05:26.005+0000] {processor.py:830} INFO - Processing file /home/airflow/.local/lib/python3.12/site-packages/airflow/example_dags/example_display_name.py for tasks to queue
[2024-06-07T02:05:26.010+0000] {logging_mixin.py:188} INFO - [2024-06-07T02:05:26.009+0000] {dagbag.py:545} INFO - Filling up the DagBag from /home/airflow/.local/lib/python3.12/site-packages/airflow/example_dags/example_display_name.py
[2024-06-07T02:05:26.023+0000] {processor.py:840} INFO - DAG(s) 'example_display_name' retrieved from /home/airflow/.local/lib/python3.12/site-packages/airflow/example_dags/example_display_name.py
[2024-06-07T02:05:26.071+0000] {logging_mixin.py:188} INFO - [2024-06-07T02:05:26.071+0000] {dag.py:3096} INFO - Sync 1 DAGs
[2024-06-07T02:05:26.099+0000] {logging_mixin.py:188} INFO - [2024-06-07T02:05:26.099+0000] {dag.py:3954} INFO - Setting next_dagrun for example_display_name to None, run_after=None
[2024-06-07T02:05:26.146+0000] {processor.py:183} INFO - Processing /home/airflow/.local/lib/python3.12/site-packages/airflow/example_dags/example_display_name.py took 0.165 seconds
[2024-06-07T02:05:56.360+0000] {processor.py:161} INFO - Started process (PID=9074) to work on /home/airflow/.local/lib/python3.12/site-packages/airflow/example_dags/example_display_name.py
[2024-06-07T02:05:56.362+0000] {processor.py:830} INFO - Processing file /home/airflow/.local/lib/python3.12/site-packages/airflow/example_dags/example_display_name.py for tasks to queue
[2024-06-07T02:05:56.364+0000] {logging_mixin.py:188} INFO - [2024-06-07T02:05:56.363+0000] {dagbag.py:545} INFO - Filling up the DagBag from /home/airflow/.local/lib/python3.12/site-packages/airflow/example_dags/example_display_name.py
[2024-06-07T02:05:56.376+0000] {processor.py:840} INFO - DAG(s) 'example_display_name' retrieved from /home/airflow/.local/lib/python3.12/site-packages/airflow/example_dags/example_display_name.py
[2024-06-07T02:05:56.415+0000] {logging_mixin.py:188} INFO - [2024-06-07T02:05:56.415+0000] {dag.py:3096} INFO - Sync 1 DAGs
[2024-06-07T02:05:56.442+0000] {logging_mixin.py:188} INFO - [2024-06-07T02:05:56.441+0000] {dag.py:3954} INFO - Setting next_dagrun for example_display_name to None, run_after=None
[2024-06-07T02:05:56.483+0000] {processor.py:183} INFO - Processing /home/airflow/.local/lib/python3.12/site-packages/airflow/example_dags/example_display_name.py took 0.134 seconds
[2024-06-07T02:06:26.769+0000] {processor.py:161} INFO - Started process (PID=9127) to work on /home/airflow/.local/lib/python3.12/site-packages/airflow/example_dags/example_display_name.py
[2024-06-07T02:06:26.772+0000] {processor.py:830} INFO - Processing file /home/airflow/.local/lib/python3.12/site-packages/airflow/example_dags/example_display_name.py for tasks to queue
[2024-06-07T02:06:26.774+0000] {logging_mixin.py:188} INFO - [2024-06-07T02:06:26.773+0000] {dagbag.py:545} INFO - Filling up the DagBag from /home/airflow/.local/lib/python3.12/site-packages/airflow/example_dags/example_display_name.py
[2024-06-07T02:06:26.787+0000] {processor.py:840} INFO - DAG(s) 'example_display_name' retrieved from /home/airflow/.local/lib/python3.12/site-packages/airflow/example_dags/example_display_name.py
[2024-06-07T02:06:26.827+0000] {logging_mixin.py:188} INFO - [2024-06-07T02:06:26.826+0000] {dag.py:3096} INFO - Sync 1 DAGs
[2024-06-07T02:06:26.856+0000] {logging_mixin.py:188} INFO - [2024-06-07T02:06:26.855+0000] {dag.py:3954} INFO - Setting next_dagrun for example_display_name to None, run_after=None
[2024-06-07T02:06:26.897+0000] {processor.py:183} INFO - Processing /home/airflow/.local/lib/python3.12/site-packages/airflow/example_dags/example_display_name.py took 0.139 seconds
[2024-06-07T02:06:57.685+0000] {processor.py:161} INFO - Started process (PID=9178) to work on /home/airflow/.local/lib/python3.12/site-packages/airflow/example_dags/example_display_name.py
[2024-06-07T02:06:57.688+0000] {processor.py:830} INFO - Processing file /home/airflow/.local/lib/python3.12/site-packages/airflow/example_dags/example_display_name.py for tasks to queue
[2024-06-07T02:06:57.690+0000] {logging_mixin.py:188} INFO - [2024-06-07T02:06:57.690+0000] {dagbag.py:545} INFO - Filling up the DagBag from /home/airflow/.local/lib/python3.12/site-packages/airflow/example_dags/example_display_name.py
[2024-06-07T02:06:57.701+0000] {processor.py:840} INFO - DAG(s) 'example_display_name' retrieved from /home/airflow/.local/lib/python3.12/site-packages/airflow/example_dags/example_display_name.py
[2024-06-07T02:06:57.745+0000] {logging_mixin.py:188} INFO - [2024-06-07T02:06:57.744+0000] {dag.py:3096} INFO - Sync 1 DAGs
[2024-06-07T02:06:57.774+0000] {logging_mixin.py:188} INFO - [2024-06-07T02:06:57.774+0000] {dag.py:3954} INFO - Setting next_dagrun for example_display_name to None, run_after=None
[2024-06-07T02:06:57.817+0000] {processor.py:183} INFO - Processing /home/airflow/.local/lib/python3.12/site-packages/airflow/example_dags/example_display_name.py took 0.142 seconds
[2024-06-07T02:07:29.160+0000] {processor.py:161} INFO - Started process (PID=9231) to work on /home/airflow/.local/lib/python3.12/site-packages/airflow/example_dags/example_display_name.py
[2024-06-07T02:07:29.162+0000] {processor.py:830} INFO - Processing file /home/airflow/.local/lib/python3.12/site-packages/airflow/example_dags/example_display_name.py for tasks to queue
[2024-06-07T02:07:29.164+0000] {logging_mixin.py:188} INFO - [2024-06-07T02:07:29.164+0000] {dagbag.py:545} INFO - Filling up the DagBag from /home/airflow/.local/lib/python3.12/site-packages/airflow/example_dags/example_display_name.py
[2024-06-07T02:07:29.175+0000] {processor.py:840} INFO - DAG(s) 'example_display_name' retrieved from /home/airflow/.local/lib/python3.12/site-packages/airflow/example_dags/example_display_name.py
[2024-06-07T02:07:29.215+0000] {logging_mixin.py:188} INFO - [2024-06-07T02:07:29.214+0000] {dag.py:3096} INFO - Sync 1 DAGs
[2024-06-07T02:07:29.239+0000] {logging_mixin.py:188} INFO - [2024-06-07T02:07:29.239+0000] {dag.py:3954} INFO - Setting next_dagrun for example_display_name to None, run_after=None
[2024-06-07T02:07:29.282+0000] {processor.py:183} INFO - Processing /home/airflow/.local/lib/python3.12/site-packages/airflow/example_dags/example_display_name.py took 0.132 seconds
[2024-06-07T02:08:00.989+0000] {processor.py:161} INFO - Started process (PID=9284) to work on /home/airflow/.local/lib/python3.12/site-packages/airflow/example_dags/example_display_name.py
[2024-06-07T02:08:00.991+0000] {processor.py:830} INFO - Processing file /home/airflow/.local/lib/python3.12/site-packages/airflow/example_dags/example_display_name.py for tasks to queue
[2024-06-07T02:08:00.995+0000] {logging_mixin.py:188} INFO - [2024-06-07T02:08:00.994+0000] {dagbag.py:545} INFO - Filling up the DagBag from /home/airflow/.local/lib/python3.12/site-packages/airflow/example_dags/example_display_name.py
[2024-06-07T02:08:01.008+0000] {processor.py:840} INFO - DAG(s) 'example_display_name' retrieved from /home/airflow/.local/lib/python3.12/site-packages/airflow/example_dags/example_display_name.py
[2024-06-07T02:08:01.045+0000] {logging_mixin.py:188} INFO - [2024-06-07T02:08:01.045+0000] {dag.py:3096} INFO - Sync 1 DAGs
[2024-06-07T02:08:01.081+0000] {logging_mixin.py:188} INFO - [2024-06-07T02:08:01.080+0000] {dag.py:3954} INFO - Setting next_dagrun for example_display_name to None, run_after=None
[2024-06-07T02:08:01.119+0000] {processor.py:183} INFO - Processing /home/airflow/.local/lib/python3.12/site-packages/airflow/example_dags/example_display_name.py took 0.139 seconds
[2024-06-07T02:08:31.766+0000] {processor.py:161} INFO - Started process (PID=9337) to work on /home/airflow/.local/lib/python3.12/site-packages/airflow/example_dags/example_display_name.py
[2024-06-07T02:08:31.768+0000] {processor.py:830} INFO - Processing file /home/airflow/.local/lib/python3.12/site-packages/airflow/example_dags/example_display_name.py for tasks to queue
[2024-06-07T02:08:31.771+0000] {logging_mixin.py:188} INFO - [2024-06-07T02:08:31.770+0000] {dagbag.py:545} INFO - Filling up the DagBag from /home/airflow/.local/lib/python3.12/site-packages/airflow/example_dags/example_display_name.py
[2024-06-07T02:08:31.782+0000] {processor.py:840} INFO - DAG(s) 'example_display_name' retrieved from /home/airflow/.local/lib/python3.12/site-packages/airflow/example_dags/example_display_name.py
[2024-06-07T02:08:31.824+0000] {logging_mixin.py:188} INFO - [2024-06-07T02:08:31.823+0000] {dag.py:3096} INFO - Sync 1 DAGs
[2024-06-07T02:08:31.850+0000] {logging_mixin.py:188} INFO - [2024-06-07T02:08:31.849+0000] {dag.py:3954} INFO - Setting next_dagrun for example_display_name to None, run_after=None
[2024-06-07T02:08:31.891+0000] {processor.py:183} INFO - Processing /home/airflow/.local/lib/python3.12/site-packages/airflow/example_dags/example_display_name.py took 0.141 seconds
[2024-06-07T02:09:03.378+0000] {processor.py:161} INFO - Started process (PID=9390) to work on /home/airflow/.local/lib/python3.12/site-packages/airflow/example_dags/example_display_name.py
[2024-06-07T02:09:03.382+0000] {processor.py:830} INFO - Processing file /home/airflow/.local/lib/python3.12/site-packages/airflow/example_dags/example_display_name.py for tasks to queue
[2024-06-07T02:09:03.386+0000] {logging_mixin.py:188} INFO - [2024-06-07T02:09:03.384+0000] {dagbag.py:545} INFO - Filling up the DagBag from /home/airflow/.local/lib/python3.12/site-packages/airflow/example_dags/example_display_name.py
[2024-06-07T02:09:03.404+0000] {processor.py:840} INFO - DAG(s) 'example_display_name' retrieved from /home/airflow/.local/lib/python3.12/site-packages/airflow/example_dags/example_display_name.py
[2024-06-07T02:09:03.490+0000] {logging_mixin.py:188} INFO - [2024-06-07T02:09:03.489+0000] {dag.py:3096} INFO - Sync 1 DAGs
[2024-06-07T02:09:03.537+0000] {logging_mixin.py:188} INFO - [2024-06-07T02:09:03.536+0000] {dag.py:3954} INFO - Setting next_dagrun for example_display_name to None, run_after=None
[2024-06-07T02:09:03.592+0000] {processor.py:183} INFO - Processing /home/airflow/.local/lib/python3.12/site-packages/airflow/example_dags/example_display_name.py took 0.233 seconds
[2024-06-07T02:09:34.428+0000] {processor.py:161} INFO - Started process (PID=9443) to work on /home/airflow/.local/lib/python3.12/site-packages/airflow/example_dags/example_display_name.py
[2024-06-07T02:09:34.430+0000] {processor.py:830} INFO - Processing file /home/airflow/.local/lib/python3.12/site-packages/airflow/example_dags/example_display_name.py for tasks to queue
[2024-06-07T02:09:34.433+0000] {logging_mixin.py:188} INFO - [2024-06-07T02:09:34.432+0000] {dagbag.py:545} INFO - Filling up the DagBag from /home/airflow/.local/lib/python3.12/site-packages/airflow/example_dags/example_display_name.py
[2024-06-07T02:09:34.445+0000] {processor.py:840} INFO - DAG(s) 'example_display_name' retrieved from /home/airflow/.local/lib/python3.12/site-packages/airflow/example_dags/example_display_name.py
[2024-06-07T02:09:34.518+0000] {logging_mixin.py:188} INFO - [2024-06-07T02:09:34.517+0000] {dag.py:3096} INFO - Sync 1 DAGs
[2024-06-07T02:09:34.548+0000] {logging_mixin.py:188} INFO - [2024-06-07T02:09:34.547+0000] {dag.py:3954} INFO - Setting next_dagrun for example_display_name to None, run_after=None
[2024-06-07T02:09:34.597+0000] {processor.py:183} INFO - Processing /home/airflow/.local/lib/python3.12/site-packages/airflow/example_dags/example_display_name.py took 0.184 seconds
[2024-06-07T02:10:04.705+0000] {processor.py:161} INFO - Started process (PID=9496) to work on /home/airflow/.local/lib/python3.12/site-packages/airflow/example_dags/example_display_name.py
[2024-06-07T02:10:04.707+0000] {processor.py:830} INFO - Processing file /home/airflow/.local/lib/python3.12/site-packages/airflow/example_dags/example_display_name.py for tasks to queue
[2024-06-07T02:10:04.709+0000] {logging_mixin.py:188} INFO - [2024-06-07T02:10:04.709+0000] {dagbag.py:545} INFO - Filling up the DagBag from /home/airflow/.local/lib/python3.12/site-packages/airflow/example_dags/example_display_name.py
[2024-06-07T02:10:04.718+0000] {processor.py:840} INFO - DAG(s) 'example_display_name' retrieved from /home/airflow/.local/lib/python3.12/site-packages/airflow/example_dags/example_display_name.py
[2024-06-07T02:10:04.751+0000] {logging_mixin.py:188} INFO - [2024-06-07T02:10:04.751+0000] {dag.py:3096} INFO - Sync 1 DAGs
[2024-06-07T02:10:04.771+0000] {logging_mixin.py:188} INFO - [2024-06-07T02:10:04.770+0000] {dag.py:3954} INFO - Setting next_dagrun for example_display_name to None, run_after=None
[2024-06-07T02:10:04.801+0000] {processor.py:183} INFO - Processing /home/airflow/.local/lib/python3.12/site-packages/airflow/example_dags/example_display_name.py took 0.106 seconds
[2024-06-07T02:10:36.038+0000] {processor.py:161} INFO - Started process (PID=9549) to work on /home/airflow/.local/lib/python3.12/site-packages/airflow/example_dags/example_display_name.py
[2024-06-07T02:10:36.041+0000] {processor.py:830} INFO - Processing file /home/airflow/.local/lib/python3.12/site-packages/airflow/example_dags/example_display_name.py for tasks to queue
[2024-06-07T02:10:36.044+0000] {logging_mixin.py:188} INFO - [2024-06-07T02:10:36.043+0000] {dagbag.py:545} INFO - Filling up the DagBag from /home/airflow/.local/lib/python3.12/site-packages/airflow/example_dags/example_display_name.py
[2024-06-07T02:10:36.059+0000] {processor.py:840} INFO - DAG(s) 'example_display_name' retrieved from /home/airflow/.local/lib/python3.12/site-packages/airflow/example_dags/example_display_name.py
[2024-06-07T02:10:36.112+0000] {logging_mixin.py:188} INFO - [2024-06-07T02:10:36.111+0000] {dag.py:3096} INFO - Sync 1 DAGs
[2024-06-07T02:10:36.144+0000] {logging_mixin.py:188} INFO - [2024-06-07T02:10:36.143+0000] {dag.py:3954} INFO - Setting next_dagrun for example_display_name to None, run_after=None
[2024-06-07T02:10:36.206+0000] {processor.py:183} INFO - Processing /home/airflow/.local/lib/python3.12/site-packages/airflow/example_dags/example_display_name.py took 0.180 seconds
[2024-06-07T02:11:06.904+0000] {processor.py:161} INFO - Started process (PID=9602) to work on /home/airflow/.local/lib/python3.12/site-packages/airflow/example_dags/example_display_name.py
[2024-06-07T02:11:06.907+0000] {processor.py:830} INFO - Processing file /home/airflow/.local/lib/python3.12/site-packages/airflow/example_dags/example_display_name.py for tasks to queue
[2024-06-07T02:11:06.909+0000] {logging_mixin.py:188} INFO - [2024-06-07T02:11:06.908+0000] {dagbag.py:545} INFO - Filling up the DagBag from /home/airflow/.local/lib/python3.12/site-packages/airflow/example_dags/example_display_name.py
[2024-06-07T02:11:06.919+0000] {processor.py:840} INFO - DAG(s) 'example_display_name' retrieved from /home/airflow/.local/lib/python3.12/site-packages/airflow/example_dags/example_display_name.py
[2024-06-07T02:11:06.960+0000] {logging_mixin.py:188} INFO - [2024-06-07T02:11:06.960+0000] {dag.py:3096} INFO - Sync 1 DAGs
[2024-06-07T02:11:06.983+0000] {logging_mixin.py:188} INFO - [2024-06-07T02:11:06.983+0000] {dag.py:3954} INFO - Setting next_dagrun for example_display_name to None, run_after=None
[2024-06-07T02:11:07.023+0000] {processor.py:183} INFO - Processing /home/airflow/.local/lib/python3.12/site-packages/airflow/example_dags/example_display_name.py took 0.131 seconds
[2024-06-07T14:01:14.339+0000] {processor.py:161} INFO - Started process (PID=9674) to work on /home/airflow/.local/lib/python3.12/site-packages/airflow/example_dags/example_display_name.py
[2024-06-07T14:01:14.341+0000] {processor.py:830} INFO - Processing file /home/airflow/.local/lib/python3.12/site-packages/airflow/example_dags/example_display_name.py for tasks to queue
[2024-06-07T14:01:14.343+0000] {logging_mixin.py:188} INFO - [2024-06-07T14:01:14.342+0000] {dagbag.py:545} INFO - Filling up the DagBag from /home/airflow/.local/lib/python3.12/site-packages/airflow/example_dags/example_display_name.py
[2024-06-07T14:01:14.353+0000] {processor.py:840} INFO - DAG(s) 'example_display_name' retrieved from /home/airflow/.local/lib/python3.12/site-packages/airflow/example_dags/example_display_name.py
[2024-06-07T14:01:14.391+0000] {logging_mixin.py:188} INFO - [2024-06-07T14:01:14.391+0000] {dag.py:3096} INFO - Sync 1 DAGs
[2024-06-07T14:01:14.415+0000] {logging_mixin.py:188} INFO - [2024-06-07T14:01:14.415+0000] {dag.py:3954} INFO - Setting next_dagrun for example_display_name to None, run_after=None
[2024-06-07T14:01:14.464+0000] {processor.py:183} INFO - Processing /home/airflow/.local/lib/python3.12/site-packages/airflow/example_dags/example_display_name.py took 0.135 seconds
[2024-06-07T14:01:45.270+0000] {processor.py:161} INFO - Started process (PID=9727) to work on /home/airflow/.local/lib/python3.12/site-packages/airflow/example_dags/example_display_name.py
[2024-06-07T14:01:45.272+0000] {processor.py:830} INFO - Processing file /home/airflow/.local/lib/python3.12/site-packages/airflow/example_dags/example_display_name.py for tasks to queue
[2024-06-07T14:01:45.277+0000] {logging_mixin.py:188} INFO - [2024-06-07T14:01:45.275+0000] {dagbag.py:545} INFO - Filling up the DagBag from /home/airflow/.local/lib/python3.12/site-packages/airflow/example_dags/example_display_name.py
[2024-06-07T14:01:45.341+0000] {processor.py:840} INFO - DAG(s) 'example_display_name' retrieved from /home/airflow/.local/lib/python3.12/site-packages/airflow/example_dags/example_display_name.py
[2024-06-07T14:01:45.516+0000] {logging_mixin.py:188} INFO - [2024-06-07T14:01:45.515+0000] {dag.py:3096} INFO - Sync 1 DAGs
[2024-06-07T14:01:45.683+0000] {logging_mixin.py:188} INFO - [2024-06-07T14:01:45.682+0000] {dag.py:3954} INFO - Setting next_dagrun for example_display_name to None, run_after=None
[2024-06-07T14:01:45.763+0000] {processor.py:183} INFO - Processing /home/airflow/.local/lib/python3.12/site-packages/airflow/example_dags/example_display_name.py took 0.549 seconds
