[2024-06-07T02:01:17.251+0000] {processor.py:161} INFO - Started process (PID=8593) to work on /home/airflow/.local/lib/python3.12/site-packages/airflow/example_dags/example_sensors.py
[2024-06-07T02:01:17.258+0000] {processor.py:830} INFO - Processing file /home/airflow/.local/lib/python3.12/site-packages/airflow/example_dags/example_sensors.py for tasks to queue
[2024-06-07T02:01:17.263+0000] {logging_mixin.py:188} INFO - [2024-06-07T02:01:17.262+0000] {dagbag.py:545} INFO - Filling up the DagBag from /home/airflow/.local/lib/python3.12/site-packages/airflow/example_dags/example_sensors.py
[2024-06-07T02:01:17.313+0000] {processor.py:840} INFO - DAG(s) 'example_sensors' retrieved from /home/airflow/.local/lib/python3.12/site-packages/airflow/example_dags/example_sensors.py
[2024-06-07T02:01:17.451+0000] {logging_mixin.py:188} INFO - [2024-06-07T02:01:17.450+0000] {dag.py:3096} INFO - Sync 1 DAGs
[2024-06-07T02:01:17.498+0000] {logging_mixin.py:188} INFO - [2024-06-07T02:01:17.497+0000] {dag.py:3954} INFO - Setting next_dagrun for example_sensors to None, run_after=None
[2024-06-07T02:01:17.547+0000] {processor.py:183} INFO - Processing /home/airflow/.local/lib/python3.12/site-packages/airflow/example_dags/example_sensors.py took 0.320 seconds
[2024-06-07T02:01:48.503+0000] {processor.py:161} INFO - Started process (PID=8646) to work on /home/airflow/.local/lib/python3.12/site-packages/airflow/example_dags/example_sensors.py
[2024-06-07T02:01:48.505+0000] {processor.py:830} INFO - Processing file /home/airflow/.local/lib/python3.12/site-packages/airflow/example_dags/example_sensors.py for tasks to queue
[2024-06-07T02:01:48.507+0000] {logging_mixin.py:188} INFO - [2024-06-07T02:01:48.507+0000] {dagbag.py:545} INFO - Filling up the DagBag from /home/airflow/.local/lib/python3.12/site-packages/airflow/example_dags/example_sensors.py
[2024-06-07T02:01:48.528+0000] {processor.py:840} INFO - DAG(s) 'example_sensors' retrieved from /home/airflow/.local/lib/python3.12/site-packages/airflow/example_dags/example_sensors.py
[2024-06-07T02:01:48.585+0000] {logging_mixin.py:188} INFO - [2024-06-07T02:01:48.584+0000] {dag.py:3096} INFO - Sync 1 DAGs
[2024-06-07T02:01:48.624+0000] {logging_mixin.py:188} INFO - [2024-06-07T02:01:48.623+0000] {dag.py:3954} INFO - Setting next_dagrun for example_sensors to None, run_after=None
[2024-06-07T02:01:48.687+0000] {processor.py:183} INFO - Processing /home/airflow/.local/lib/python3.12/site-packages/airflow/example_dags/example_sensors.py took 0.198 seconds
[2024-06-07T02:02:19.208+0000] {processor.py:161} INFO - Started process (PID=8699) to work on /home/airflow/.local/lib/python3.12/site-packages/airflow/example_dags/example_sensors.py
[2024-06-07T02:02:19.210+0000] {processor.py:830} INFO - Processing file /home/airflow/.local/lib/python3.12/site-packages/airflow/example_dags/example_sensors.py for tasks to queue
[2024-06-07T02:02:19.213+0000] {logging_mixin.py:188} INFO - [2024-06-07T02:02:19.212+0000] {dagbag.py:545} INFO - Filling up the DagBag from /home/airflow/.local/lib/python3.12/site-packages/airflow/example_dags/example_sensors.py
[2024-06-07T02:02:19.232+0000] {processor.py:840} INFO - DAG(s) 'example_sensors' retrieved from /home/airflow/.local/lib/python3.12/site-packages/airflow/example_dags/example_sensors.py
[2024-06-07T02:02:19.299+0000] {logging_mixin.py:188} INFO - [2024-06-07T02:02:19.299+0000] {dag.py:3096} INFO - Sync 1 DAGs
[2024-06-07T02:02:19.325+0000] {logging_mixin.py:188} INFO - [2024-06-07T02:02:19.325+0000] {dag.py:3954} INFO - Setting next_dagrun for example_sensors to None, run_after=None
[2024-06-07T02:02:19.377+0000] {processor.py:183} INFO - Processing /home/airflow/.local/lib/python3.12/site-packages/airflow/example_dags/example_sensors.py took 0.181 seconds
[2024-06-07T02:02:49.558+0000] {processor.py:161} INFO - Started process (PID=8752) to work on /home/airflow/.local/lib/python3.12/site-packages/airflow/example_dags/example_sensors.py
[2024-06-07T02:02:49.561+0000] {processor.py:830} INFO - Processing file /home/airflow/.local/lib/python3.12/site-packages/airflow/example_dags/example_sensors.py for tasks to queue
[2024-06-07T02:02:49.564+0000] {logging_mixin.py:188} INFO - [2024-06-07T02:02:49.563+0000] {dagbag.py:545} INFO - Filling up the DagBag from /home/airflow/.local/lib/python3.12/site-packages/airflow/example_dags/example_sensors.py
[2024-06-07T02:02:49.584+0000] {processor.py:840} INFO - DAG(s) 'example_sensors' retrieved from /home/airflow/.local/lib/python3.12/site-packages/airflow/example_dags/example_sensors.py
[2024-06-07T02:02:49.646+0000] {logging_mixin.py:188} INFO - [2024-06-07T02:02:49.645+0000] {dag.py:3096} INFO - Sync 1 DAGs
[2024-06-07T02:02:49.674+0000] {logging_mixin.py:188} INFO - [2024-06-07T02:02:49.674+0000] {dag.py:3954} INFO - Setting next_dagrun for example_sensors to None, run_after=None
[2024-06-07T02:02:49.725+0000] {processor.py:183} INFO - Processing /home/airflow/.local/lib/python3.12/site-packages/airflow/example_dags/example_sensors.py took 0.179 seconds
[2024-06-07T02:03:20.619+0000] {processor.py:161} INFO - Started process (PID=8805) to work on /home/airflow/.local/lib/python3.12/site-packages/airflow/example_dags/example_sensors.py
[2024-06-07T02:03:20.621+0000] {processor.py:830} INFO - Processing file /home/airflow/.local/lib/python3.12/site-packages/airflow/example_dags/example_sensors.py for tasks to queue
[2024-06-07T02:03:20.624+0000] {logging_mixin.py:188} INFO - [2024-06-07T02:03:20.623+0000] {dagbag.py:545} INFO - Filling up the DagBag from /home/airflow/.local/lib/python3.12/site-packages/airflow/example_dags/example_sensors.py
[2024-06-07T02:03:20.648+0000] {processor.py:840} INFO - DAG(s) 'example_sensors' retrieved from /home/airflow/.local/lib/python3.12/site-packages/airflow/example_dags/example_sensors.py
[2024-06-07T02:03:20.707+0000] {logging_mixin.py:188} INFO - [2024-06-07T02:03:20.707+0000] {dag.py:3096} INFO - Sync 1 DAGs
[2024-06-07T02:03:20.733+0000] {logging_mixin.py:188} INFO - [2024-06-07T02:03:20.733+0000] {dag.py:3954} INFO - Setting next_dagrun for example_sensors to None, run_after=None
[2024-06-07T02:03:20.783+0000] {processor.py:183} INFO - Processing /home/airflow/.local/lib/python3.12/site-packages/airflow/example_dags/example_sensors.py took 0.177 seconds
[2024-06-07T02:03:51.952+0000] {processor.py:161} INFO - Started process (PID=8858) to work on /home/airflow/.local/lib/python3.12/site-packages/airflow/example_dags/example_sensors.py
[2024-06-07T02:03:51.954+0000] {processor.py:830} INFO - Processing file /home/airflow/.local/lib/python3.12/site-packages/airflow/example_dags/example_sensors.py for tasks to queue
[2024-06-07T02:03:51.957+0000] {logging_mixin.py:188} INFO - [2024-06-07T02:03:51.956+0000] {dagbag.py:545} INFO - Filling up the DagBag from /home/airflow/.local/lib/python3.12/site-packages/airflow/example_dags/example_sensors.py
[2024-06-07T02:03:51.980+0000] {processor.py:840} INFO - DAG(s) 'example_sensors' retrieved from /home/airflow/.local/lib/python3.12/site-packages/airflow/example_dags/example_sensors.py
[2024-06-07T02:03:52.030+0000] {logging_mixin.py:188} INFO - [2024-06-07T02:03:52.030+0000] {dag.py:3096} INFO - Sync 1 DAGs
[2024-06-07T02:03:52.054+0000] {logging_mixin.py:188} INFO - [2024-06-07T02:03:52.053+0000] {dag.py:3954} INFO - Setting next_dagrun for example_sensors to None, run_after=None
[2024-06-07T02:03:52.108+0000] {processor.py:183} INFO - Processing /home/airflow/.local/lib/python3.12/site-packages/airflow/example_dags/example_sensors.py took 0.170 seconds
[2024-06-07T02:04:23.024+0000] {processor.py:161} INFO - Started process (PID=8911) to work on /home/airflow/.local/lib/python3.12/site-packages/airflow/example_dags/example_sensors.py
[2024-06-07T02:04:23.026+0000] {processor.py:830} INFO - Processing file /home/airflow/.local/lib/python3.12/site-packages/airflow/example_dags/example_sensors.py for tasks to queue
[2024-06-07T02:04:23.028+0000] {logging_mixin.py:188} INFO - [2024-06-07T02:04:23.028+0000] {dagbag.py:545} INFO - Filling up the DagBag from /home/airflow/.local/lib/python3.12/site-packages/airflow/example_dags/example_sensors.py
[2024-06-07T02:04:23.048+0000] {processor.py:840} INFO - DAG(s) 'example_sensors' retrieved from /home/airflow/.local/lib/python3.12/site-packages/airflow/example_dags/example_sensors.py
[2024-06-07T02:04:23.150+0000] {logging_mixin.py:188} INFO - [2024-06-07T02:04:23.149+0000] {dag.py:3096} INFO - Sync 1 DAGs
[2024-06-07T02:04:23.187+0000] {logging_mixin.py:188} INFO - [2024-06-07T02:04:23.187+0000] {dag.py:3954} INFO - Setting next_dagrun for example_sensors to None, run_after=None
[2024-06-07T02:04:23.228+0000] {processor.py:183} INFO - Processing /home/airflow/.local/lib/python3.12/site-packages/airflow/example_dags/example_sensors.py took 0.217 seconds
[2024-06-07T02:04:53.510+0000] {processor.py:161} INFO - Started process (PID=8964) to work on /home/airflow/.local/lib/python3.12/site-packages/airflow/example_dags/example_sensors.py
[2024-06-07T02:04:53.514+0000] {processor.py:830} INFO - Processing file /home/airflow/.local/lib/python3.12/site-packages/airflow/example_dags/example_sensors.py for tasks to queue
[2024-06-07T02:04:53.516+0000] {logging_mixin.py:188} INFO - [2024-06-07T02:04:53.516+0000] {dagbag.py:545} INFO - Filling up the DagBag from /home/airflow/.local/lib/python3.12/site-packages/airflow/example_dags/example_sensors.py
[2024-06-07T02:04:53.540+0000] {processor.py:840} INFO - DAG(s) 'example_sensors' retrieved from /home/airflow/.local/lib/python3.12/site-packages/airflow/example_dags/example_sensors.py
[2024-06-07T02:04:53.640+0000] {logging_mixin.py:188} INFO - [2024-06-07T02:04:53.639+0000] {dag.py:3096} INFO - Sync 1 DAGs
[2024-06-07T02:04:53.683+0000] {logging_mixin.py:188} INFO - [2024-06-07T02:04:53.683+0000] {dag.py:3954} INFO - Setting next_dagrun for example_sensors to None, run_after=None
[2024-06-07T02:04:53.728+0000] {processor.py:183} INFO - Processing /home/airflow/.local/lib/python3.12/site-packages/airflow/example_dags/example_sensors.py took 0.231 seconds
[2024-06-07T02:05:25.207+0000] {processor.py:161} INFO - Started process (PID=9017) to work on /home/airflow/.local/lib/python3.12/site-packages/airflow/example_dags/example_sensors.py
[2024-06-07T02:05:25.209+0000] {processor.py:830} INFO - Processing file /home/airflow/.local/lib/python3.12/site-packages/airflow/example_dags/example_sensors.py for tasks to queue
[2024-06-07T02:05:25.211+0000] {logging_mixin.py:188} INFO - [2024-06-07T02:05:25.211+0000] {dagbag.py:545} INFO - Filling up the DagBag from /home/airflow/.local/lib/python3.12/site-packages/airflow/example_dags/example_sensors.py
[2024-06-07T02:05:25.226+0000] {processor.py:840} INFO - DAG(s) 'example_sensors' retrieved from /home/airflow/.local/lib/python3.12/site-packages/airflow/example_dags/example_sensors.py
[2024-06-07T02:05:25.279+0000] {logging_mixin.py:188} INFO - [2024-06-07T02:05:25.279+0000] {dag.py:3096} INFO - Sync 1 DAGs
[2024-06-07T02:05:25.304+0000] {logging_mixin.py:188} INFO - [2024-06-07T02:05:25.303+0000] {dag.py:3954} INFO - Setting next_dagrun for example_sensors to None, run_after=None
[2024-06-07T02:05:25.345+0000] {processor.py:183} INFO - Processing /home/airflow/.local/lib/python3.12/site-packages/airflow/example_dags/example_sensors.py took 0.147 seconds
[2024-06-07T02:05:55.579+0000] {processor.py:161} INFO - Started process (PID=9070) to work on /home/airflow/.local/lib/python3.12/site-packages/airflow/example_dags/example_sensors.py
[2024-06-07T02:05:55.581+0000] {processor.py:830} INFO - Processing file /home/airflow/.local/lib/python3.12/site-packages/airflow/example_dags/example_sensors.py for tasks to queue
[2024-06-07T02:05:55.583+0000] {logging_mixin.py:188} INFO - [2024-06-07T02:05:55.582+0000] {dagbag.py:545} INFO - Filling up the DagBag from /home/airflow/.local/lib/python3.12/site-packages/airflow/example_dags/example_sensors.py
[2024-06-07T02:05:55.600+0000] {processor.py:840} INFO - DAG(s) 'example_sensors' retrieved from /home/airflow/.local/lib/python3.12/site-packages/airflow/example_dags/example_sensors.py
[2024-06-07T02:05:55.653+0000] {logging_mixin.py:188} INFO - [2024-06-07T02:05:55.653+0000] {dag.py:3096} INFO - Sync 1 DAGs
[2024-06-07T02:05:55.679+0000] {logging_mixin.py:188} INFO - [2024-06-07T02:05:55.679+0000] {dag.py:3954} INFO - Setting next_dagrun for example_sensors to None, run_after=None
[2024-06-07T02:05:55.717+0000] {processor.py:183} INFO - Processing /home/airflow/.local/lib/python3.12/site-packages/airflow/example_dags/example_sensors.py took 0.150 seconds
[2024-06-07T02:06:25.974+0000] {processor.py:161} INFO - Started process (PID=9121) to work on /home/airflow/.local/lib/python3.12/site-packages/airflow/example_dags/example_sensors.py
[2024-06-07T02:06:25.977+0000] {processor.py:830} INFO - Processing file /home/airflow/.local/lib/python3.12/site-packages/airflow/example_dags/example_sensors.py for tasks to queue
[2024-06-07T02:06:25.979+0000] {logging_mixin.py:188} INFO - [2024-06-07T02:06:25.978+0000] {dagbag.py:545} INFO - Filling up the DagBag from /home/airflow/.local/lib/python3.12/site-packages/airflow/example_dags/example_sensors.py
[2024-06-07T02:06:26.000+0000] {processor.py:840} INFO - DAG(s) 'example_sensors' retrieved from /home/airflow/.local/lib/python3.12/site-packages/airflow/example_dags/example_sensors.py
[2024-06-07T02:06:26.054+0000] {logging_mixin.py:188} INFO - [2024-06-07T02:06:26.053+0000] {dag.py:3096} INFO - Sync 1 DAGs
[2024-06-07T02:06:26.079+0000] {logging_mixin.py:188} INFO - [2024-06-07T02:06:26.078+0000] {dag.py:3954} INFO - Setting next_dagrun for example_sensors to None, run_after=None
[2024-06-07T02:06:26.121+0000] {processor.py:183} INFO - Processing /home/airflow/.local/lib/python3.12/site-packages/airflow/example_dags/example_sensors.py took 0.157 seconds
[2024-06-07T02:06:57.086+0000] {processor.py:161} INFO - Started process (PID=9174) to work on /home/airflow/.local/lib/python3.12/site-packages/airflow/example_dags/example_sensors.py
[2024-06-07T02:06:57.089+0000] {processor.py:830} INFO - Processing file /home/airflow/.local/lib/python3.12/site-packages/airflow/example_dags/example_sensors.py for tasks to queue
[2024-06-07T02:06:57.091+0000] {logging_mixin.py:188} INFO - [2024-06-07T02:06:57.090+0000] {dagbag.py:545} INFO - Filling up the DagBag from /home/airflow/.local/lib/python3.12/site-packages/airflow/example_dags/example_sensors.py
[2024-06-07T02:06:57.136+0000] {processor.py:840} INFO - DAG(s) 'example_sensors' retrieved from /home/airflow/.local/lib/python3.12/site-packages/airflow/example_dags/example_sensors.py
[2024-06-07T02:06:57.210+0000] {logging_mixin.py:188} INFO - [2024-06-07T02:06:57.208+0000] {dag.py:3096} INFO - Sync 1 DAGs
[2024-06-07T02:06:57.253+0000] {logging_mixin.py:188} INFO - [2024-06-07T02:06:57.252+0000] {dag.py:3954} INFO - Setting next_dagrun for example_sensors to None, run_after=None
[2024-06-07T02:06:57.323+0000] {processor.py:183} INFO - Processing /home/airflow/.local/lib/python3.12/site-packages/airflow/example_dags/example_sensors.py took 0.247 seconds
[2024-06-07T02:07:28.680+0000] {processor.py:161} INFO - Started process (PID=9227) to work on /home/airflow/.local/lib/python3.12/site-packages/airflow/example_dags/example_sensors.py
[2024-06-07T02:07:28.683+0000] {processor.py:830} INFO - Processing file /home/airflow/.local/lib/python3.12/site-packages/airflow/example_dags/example_sensors.py for tasks to queue
[2024-06-07T02:07:28.686+0000] {logging_mixin.py:188} INFO - [2024-06-07T02:07:28.685+0000] {dagbag.py:545} INFO - Filling up the DagBag from /home/airflow/.local/lib/python3.12/site-packages/airflow/example_dags/example_sensors.py
[2024-06-07T02:07:28.707+0000] {processor.py:840} INFO - DAG(s) 'example_sensors' retrieved from /home/airflow/.local/lib/python3.12/site-packages/airflow/example_dags/example_sensors.py
[2024-06-07T02:07:28.764+0000] {logging_mixin.py:188} INFO - [2024-06-07T02:07:28.763+0000] {dag.py:3096} INFO - Sync 1 DAGs
[2024-06-07T02:07:28.802+0000] {logging_mixin.py:188} INFO - [2024-06-07T02:07:28.801+0000] {dag.py:3954} INFO - Setting next_dagrun for example_sensors to None, run_after=None
[2024-06-07T02:07:28.860+0000] {processor.py:183} INFO - Processing /home/airflow/.local/lib/python3.12/site-packages/airflow/example_dags/example_sensors.py took 0.197 seconds
[2024-06-07T02:08:00.086+0000] {processor.py:161} INFO - Started process (PID=9280) to work on /home/airflow/.local/lib/python3.12/site-packages/airflow/example_dags/example_sensors.py
[2024-06-07T02:08:00.088+0000] {processor.py:830} INFO - Processing file /home/airflow/.local/lib/python3.12/site-packages/airflow/example_dags/example_sensors.py for tasks to queue
[2024-06-07T02:08:00.091+0000] {logging_mixin.py:188} INFO - [2024-06-07T02:08:00.090+0000] {dagbag.py:545} INFO - Filling up the DagBag from /home/airflow/.local/lib/python3.12/site-packages/airflow/example_dags/example_sensors.py
[2024-06-07T02:08:00.116+0000] {processor.py:840} INFO - DAG(s) 'example_sensors' retrieved from /home/airflow/.local/lib/python3.12/site-packages/airflow/example_dags/example_sensors.py
[2024-06-07T02:08:00.182+0000] {logging_mixin.py:188} INFO - [2024-06-07T02:08:00.181+0000] {dag.py:3096} INFO - Sync 1 DAGs
[2024-06-07T02:08:00.215+0000] {logging_mixin.py:188} INFO - [2024-06-07T02:08:00.215+0000] {dag.py:3954} INFO - Setting next_dagrun for example_sensors to None, run_after=None
[2024-06-07T02:08:00.272+0000] {processor.py:183} INFO - Processing /home/airflow/.local/lib/python3.12/site-packages/airflow/example_dags/example_sensors.py took 0.197 seconds
[2024-06-07T02:08:31.288+0000] {processor.py:161} INFO - Started process (PID=9333) to work on /home/airflow/.local/lib/python3.12/site-packages/airflow/example_dags/example_sensors.py
[2024-06-07T02:08:31.290+0000] {processor.py:830} INFO - Processing file /home/airflow/.local/lib/python3.12/site-packages/airflow/example_dags/example_sensors.py for tasks to queue
[2024-06-07T02:08:31.293+0000] {logging_mixin.py:188} INFO - [2024-06-07T02:08:31.292+0000] {dagbag.py:545} INFO - Filling up the DagBag from /home/airflow/.local/lib/python3.12/site-packages/airflow/example_dags/example_sensors.py
[2024-06-07T02:08:31.313+0000] {processor.py:840} INFO - DAG(s) 'example_sensors' retrieved from /home/airflow/.local/lib/python3.12/site-packages/airflow/example_dags/example_sensors.py
[2024-06-07T02:08:31.367+0000] {logging_mixin.py:188} INFO - [2024-06-07T02:08:31.366+0000] {dag.py:3096} INFO - Sync 1 DAGs
[2024-06-07T02:08:31.393+0000] {logging_mixin.py:188} INFO - [2024-06-07T02:08:31.393+0000] {dag.py:3954} INFO - Setting next_dagrun for example_sensors to None, run_after=None
[2024-06-07T02:08:31.439+0000] {processor.py:183} INFO - Processing /home/airflow/.local/lib/python3.12/site-packages/airflow/example_dags/example_sensors.py took 0.163 seconds
[2024-06-07T02:09:02.434+0000] {processor.py:161} INFO - Started process (PID=9386) to work on /home/airflow/.local/lib/python3.12/site-packages/airflow/example_dags/example_sensors.py
[2024-06-07T02:09:02.437+0000] {processor.py:830} INFO - Processing file /home/airflow/.local/lib/python3.12/site-packages/airflow/example_dags/example_sensors.py for tasks to queue
[2024-06-07T02:09:02.439+0000] {logging_mixin.py:188} INFO - [2024-06-07T02:09:02.439+0000] {dagbag.py:545} INFO - Filling up the DagBag from /home/airflow/.local/lib/python3.12/site-packages/airflow/example_dags/example_sensors.py
[2024-06-07T02:09:02.458+0000] {processor.py:840} INFO - DAG(s) 'example_sensors' retrieved from /home/airflow/.local/lib/python3.12/site-packages/airflow/example_dags/example_sensors.py
[2024-06-07T02:09:02.524+0000] {logging_mixin.py:188} INFO - [2024-06-07T02:09:02.523+0000] {dag.py:3096} INFO - Sync 1 DAGs
[2024-06-07T02:09:02.560+0000] {logging_mixin.py:188} INFO - [2024-06-07T02:09:02.559+0000] {dag.py:3954} INFO - Setting next_dagrun for example_sensors to None, run_after=None
[2024-06-07T02:09:02.613+0000] {processor.py:183} INFO - Processing /home/airflow/.local/lib/python3.12/site-packages/airflow/example_dags/example_sensors.py took 0.190 seconds
[2024-06-07T02:09:32.686+0000] {processor.py:161} INFO - Started process (PID=9438) to work on /home/airflow/.local/lib/python3.12/site-packages/airflow/example_dags/example_sensors.py
[2024-06-07T02:09:32.688+0000] {processor.py:830} INFO - Processing file /home/airflow/.local/lib/python3.12/site-packages/airflow/example_dags/example_sensors.py for tasks to queue
[2024-06-07T02:09:32.690+0000] {logging_mixin.py:188} INFO - [2024-06-07T02:09:32.690+0000] {dagbag.py:545} INFO - Filling up the DagBag from /home/airflow/.local/lib/python3.12/site-packages/airflow/example_dags/example_sensors.py
[2024-06-07T02:09:32.711+0000] {processor.py:840} INFO - DAG(s) 'example_sensors' retrieved from /home/airflow/.local/lib/python3.12/site-packages/airflow/example_dags/example_sensors.py
[2024-06-07T02:09:32.763+0000] {logging_mixin.py:188} INFO - [2024-06-07T02:09:32.762+0000] {dag.py:3096} INFO - Sync 1 DAGs
[2024-06-07T02:09:32.788+0000] {logging_mixin.py:188} INFO - [2024-06-07T02:09:32.788+0000] {dag.py:3954} INFO - Setting next_dagrun for example_sensors to None, run_after=None
[2024-06-07T02:09:32.832+0000] {processor.py:183} INFO - Processing /home/airflow/.local/lib/python3.12/site-packages/airflow/example_dags/example_sensors.py took 0.158 seconds
[2024-06-07T02:10:04.131+0000] {processor.py:161} INFO - Started process (PID=9492) to work on /home/airflow/.local/lib/python3.12/site-packages/airflow/example_dags/example_sensors.py
[2024-06-07T02:10:04.134+0000] {processor.py:830} INFO - Processing file /home/airflow/.local/lib/python3.12/site-packages/airflow/example_dags/example_sensors.py for tasks to queue
[2024-06-07T02:10:04.137+0000] {logging_mixin.py:188} INFO - [2024-06-07T02:10:04.136+0000] {dagbag.py:545} INFO - Filling up the DagBag from /home/airflow/.local/lib/python3.12/site-packages/airflow/example_dags/example_sensors.py
[2024-06-07T02:10:04.162+0000] {processor.py:840} INFO - DAG(s) 'example_sensors' retrieved from /home/airflow/.local/lib/python3.12/site-packages/airflow/example_dags/example_sensors.py
[2024-06-07T02:10:04.227+0000] {logging_mixin.py:188} INFO - [2024-06-07T02:10:04.226+0000] {dag.py:3096} INFO - Sync 1 DAGs
[2024-06-07T02:10:04.256+0000] {logging_mixin.py:188} INFO - [2024-06-07T02:10:04.255+0000] {dag.py:3954} INFO - Setting next_dagrun for example_sensors to None, run_after=None
[2024-06-07T02:10:04.301+0000] {processor.py:183} INFO - Processing /home/airflow/.local/lib/python3.12/site-packages/airflow/example_dags/example_sensors.py took 0.182 seconds
[2024-06-07T02:10:35.499+0000] {processor.py:161} INFO - Started process (PID=9545) to work on /home/airflow/.local/lib/python3.12/site-packages/airflow/example_dags/example_sensors.py
[2024-06-07T02:10:35.502+0000] {processor.py:830} INFO - Processing file /home/airflow/.local/lib/python3.12/site-packages/airflow/example_dags/example_sensors.py for tasks to queue
[2024-06-07T02:10:35.506+0000] {logging_mixin.py:188} INFO - [2024-06-07T02:10:35.504+0000] {dagbag.py:545} INFO - Filling up the DagBag from /home/airflow/.local/lib/python3.12/site-packages/airflow/example_dags/example_sensors.py
[2024-06-07T02:10:35.535+0000] {processor.py:840} INFO - DAG(s) 'example_sensors' retrieved from /home/airflow/.local/lib/python3.12/site-packages/airflow/example_dags/example_sensors.py
[2024-06-07T02:10:35.602+0000] {logging_mixin.py:188} INFO - [2024-06-07T02:10:35.601+0000] {dag.py:3096} INFO - Sync 1 DAGs
[2024-06-07T02:10:35.632+0000] {logging_mixin.py:188} INFO - [2024-06-07T02:10:35.632+0000] {dag.py:3954} INFO - Setting next_dagrun for example_sensors to None, run_after=None
[2024-06-07T02:10:35.685+0000] {processor.py:183} INFO - Processing /home/airflow/.local/lib/python3.12/site-packages/airflow/example_dags/example_sensors.py took 0.201 seconds
[2024-06-07T02:11:06.359+0000] {processor.py:161} INFO - Started process (PID=9598) to work on /home/airflow/.local/lib/python3.12/site-packages/airflow/example_dags/example_sensors.py
[2024-06-07T02:11:06.362+0000] {processor.py:830} INFO - Processing file /home/airflow/.local/lib/python3.12/site-packages/airflow/example_dags/example_sensors.py for tasks to queue
[2024-06-07T02:11:06.365+0000] {logging_mixin.py:188} INFO - [2024-06-07T02:11:06.364+0000] {dagbag.py:545} INFO - Filling up the DagBag from /home/airflow/.local/lib/python3.12/site-packages/airflow/example_dags/example_sensors.py
[2024-06-07T02:11:06.382+0000] {processor.py:840} INFO - DAG(s) 'example_sensors' retrieved from /home/airflow/.local/lib/python3.12/site-packages/airflow/example_dags/example_sensors.py
[2024-06-07T02:11:06.440+0000] {logging_mixin.py:188} INFO - [2024-06-07T02:11:06.440+0000] {dag.py:3096} INFO - Sync 1 DAGs
[2024-06-07T02:11:06.466+0000] {logging_mixin.py:188} INFO - [2024-06-07T02:11:06.466+0000] {dag.py:3954} INFO - Setting next_dagrun for example_sensors to None, run_after=None
[2024-06-07T02:11:06.511+0000] {processor.py:183} INFO - Processing /home/airflow/.local/lib/python3.12/site-packages/airflow/example_dags/example_sensors.py took 0.163 seconds
[2024-06-07T14:01:12.655+0000] {processor.py:161} INFO - Started process (PID=9670) to work on /home/airflow/.local/lib/python3.12/site-packages/airflow/example_dags/example_sensors.py
[2024-06-07T14:01:12.657+0000] {processor.py:830} INFO - Processing file /home/airflow/.local/lib/python3.12/site-packages/airflow/example_dags/example_sensors.py for tasks to queue
[2024-06-07T14:01:12.659+0000] {logging_mixin.py:188} INFO - [2024-06-07T14:01:12.658+0000] {dagbag.py:545} INFO - Filling up the DagBag from /home/airflow/.local/lib/python3.12/site-packages/airflow/example_dags/example_sensors.py
[2024-06-07T14:01:12.677+0000] {processor.py:840} INFO - DAG(s) 'example_sensors' retrieved from /home/airflow/.local/lib/python3.12/site-packages/airflow/example_dags/example_sensors.py
[2024-06-07T14:01:12.734+0000] {logging_mixin.py:188} INFO - [2024-06-07T14:01:12.734+0000] {dag.py:3096} INFO - Sync 1 DAGs
[2024-06-07T14:01:12.885+0000] {logging_mixin.py:188} INFO - [2024-06-07T14:01:12.883+0000] {dag.py:3954} INFO - Setting next_dagrun for example_sensors to None, run_after=None
[2024-06-07T14:01:13.060+0000] {processor.py:183} INFO - Processing /home/airflow/.local/lib/python3.12/site-packages/airflow/example_dags/example_sensors.py took 0.414 seconds
[2024-06-07T14:01:43.812+0000] {processor.py:161} INFO - Started process (PID=9723) to work on /home/airflow/.local/lib/python3.12/site-packages/airflow/example_dags/example_sensors.py
[2024-06-07T14:01:43.813+0000] {processor.py:830} INFO - Processing file /home/airflow/.local/lib/python3.12/site-packages/airflow/example_dags/example_sensors.py for tasks to queue
[2024-06-07T14:01:43.814+0000] {logging_mixin.py:188} INFO - [2024-06-07T14:01:43.813+0000] {dagbag.py:545} INFO - Filling up the DagBag from /home/airflow/.local/lib/python3.12/site-packages/airflow/example_dags/example_sensors.py
[2024-06-07T14:01:43.822+0000] {processor.py:840} INFO - DAG(s) 'example_sensors' retrieved from /home/airflow/.local/lib/python3.12/site-packages/airflow/example_dags/example_sensors.py
[2024-06-07T14:01:43.848+0000] {logging_mixin.py:188} INFO - [2024-06-07T14:01:43.848+0000] {dag.py:3096} INFO - Sync 1 DAGs
[2024-06-07T14:01:43.859+0000] {logging_mixin.py:188} INFO - [2024-06-07T14:01:43.859+0000] {dag.py:3954} INFO - Setting next_dagrun for example_sensors to None, run_after=None
[2024-06-07T14:01:43.885+0000] {processor.py:183} INFO - Processing /home/airflow/.local/lib/python3.12/site-packages/airflow/example_dags/example_sensors.py took 0.079 seconds
