[2024-06-07T02:01:19.774+0000] {processor.py:161} INFO - Started process (PID=8606) to work on /home/airflow/.local/lib/python3.12/site-packages/airflow/example_dags/example_branch_python_dop_operator_3.py
[2024-06-07T02:01:19.776+0000] {processor.py:830} INFO - Processing file /home/airflow/.local/lib/python3.12/site-packages/airflow/example_dags/example_branch_python_dop_operator_3.py for tasks to queue
[2024-06-07T02:01:19.778+0000] {logging_mixin.py:188} INFO - [2024-06-07T02:01:19.777+0000] {dagbag.py:545} INFO - Filling up the DagBag from /home/airflow/.local/lib/python3.12/site-packages/airflow/example_dags/example_branch_python_dop_operator_3.py
[2024-06-07T02:01:19.795+0000] {processor.py:840} INFO - DAG(s) 'example_branch_dop_operator_v3' retrieved from /home/airflow/.local/lib/python3.12/site-packages/airflow/example_dags/example_branch_python_dop_operator_3.py
[2024-06-07T02:01:19.842+0000] {logging_mixin.py:188} INFO - [2024-06-07T02:01:19.842+0000] {dag.py:3096} INFO - Sync 1 DAGs
[2024-06-07T02:01:19.955+0000] {logging_mixin.py:188} INFO - [2024-06-07T02:01:19.944+0000] {dag.py:3954} INFO - Setting next_dagrun for example_branch_dop_operator_v3 to 2024-06-07 02:00:00+00:00, run_after=2024-06-07 02:01:00+00:00
[2024-06-07T02:01:20.101+0000] {processor.py:183} INFO - Processing /home/airflow/.local/lib/python3.12/site-packages/airflow/example_dags/example_branch_python_dop_operator_3.py took 0.340 seconds
[2024-06-07T02:01:50.291+0000] {processor.py:161} INFO - Started process (PID=8659) to work on /home/airflow/.local/lib/python3.12/site-packages/airflow/example_dags/example_branch_python_dop_operator_3.py
[2024-06-07T02:01:50.293+0000] {processor.py:830} INFO - Processing file /home/airflow/.local/lib/python3.12/site-packages/airflow/example_dags/example_branch_python_dop_operator_3.py for tasks to queue
[2024-06-07T02:01:50.295+0000] {logging_mixin.py:188} INFO - [2024-06-07T02:01:50.295+0000] {dagbag.py:545} INFO - Filling up the DagBag from /home/airflow/.local/lib/python3.12/site-packages/airflow/example_dags/example_branch_python_dop_operator_3.py
[2024-06-07T02:01:50.322+0000] {processor.py:840} INFO - DAG(s) 'example_branch_dop_operator_v3' retrieved from /home/airflow/.local/lib/python3.12/site-packages/airflow/example_dags/example_branch_python_dop_operator_3.py
[2024-06-07T02:01:50.367+0000] {logging_mixin.py:188} INFO - [2024-06-07T02:01:50.367+0000] {dag.py:3096} INFO - Sync 1 DAGs
[2024-06-07T02:01:50.425+0000] {logging_mixin.py:188} INFO - [2024-06-07T02:01:50.425+0000] {dag.py:3954} INFO - Setting next_dagrun for example_branch_dop_operator_v3 to 2024-06-07 02:00:00+00:00, run_after=2024-06-07 02:01:00+00:00
[2024-06-07T02:01:50.466+0000] {processor.py:183} INFO - Processing /home/airflow/.local/lib/python3.12/site-packages/airflow/example_dags/example_branch_python_dop_operator_3.py took 0.194 seconds
[2024-06-07T02:02:21.001+0000] {processor.py:161} INFO - Started process (PID=8711) to work on /home/airflow/.local/lib/python3.12/site-packages/airflow/example_dags/example_branch_python_dop_operator_3.py
[2024-06-07T02:02:21.004+0000] {processor.py:830} INFO - Processing file /home/airflow/.local/lib/python3.12/site-packages/airflow/example_dags/example_branch_python_dop_operator_3.py for tasks to queue
[2024-06-07T02:02:21.007+0000] {logging_mixin.py:188} INFO - [2024-06-07T02:02:21.006+0000] {dagbag.py:545} INFO - Filling up the DagBag from /home/airflow/.local/lib/python3.12/site-packages/airflow/example_dags/example_branch_python_dop_operator_3.py
[2024-06-07T02:02:21.026+0000] {processor.py:840} INFO - DAG(s) 'example_branch_dop_operator_v3' retrieved from /home/airflow/.local/lib/python3.12/site-packages/airflow/example_dags/example_branch_python_dop_operator_3.py
[2024-06-07T02:02:21.077+0000] {logging_mixin.py:188} INFO - [2024-06-07T02:02:21.076+0000] {dag.py:3096} INFO - Sync 1 DAGs
[2024-06-07T02:02:21.127+0000] {logging_mixin.py:188} INFO - [2024-06-07T02:02:21.127+0000] {dag.py:3954} INFO - Setting next_dagrun for example_branch_dop_operator_v3 to 2024-06-07 02:01:00+00:00, run_after=2024-06-07 02:02:00+00:00
[2024-06-07T02:02:21.167+0000] {processor.py:183} INFO - Processing /home/airflow/.local/lib/python3.12/site-packages/airflow/example_dags/example_branch_python_dop_operator_3.py took 0.181 seconds
[2024-06-07T02:02:51.344+0000] {processor.py:161} INFO - Started process (PID=8764) to work on /home/airflow/.local/lib/python3.12/site-packages/airflow/example_dags/example_branch_python_dop_operator_3.py
[2024-06-07T02:02:51.346+0000] {processor.py:830} INFO - Processing file /home/airflow/.local/lib/python3.12/site-packages/airflow/example_dags/example_branch_python_dop_operator_3.py for tasks to queue
[2024-06-07T02:02:51.348+0000] {logging_mixin.py:188} INFO - [2024-06-07T02:02:51.347+0000] {dagbag.py:545} INFO - Filling up the DagBag from /home/airflow/.local/lib/python3.12/site-packages/airflow/example_dags/example_branch_python_dop_operator_3.py
[2024-06-07T02:02:51.364+0000] {processor.py:840} INFO - DAG(s) 'example_branch_dop_operator_v3' retrieved from /home/airflow/.local/lib/python3.12/site-packages/airflow/example_dags/example_branch_python_dop_operator_3.py
[2024-06-07T02:02:51.413+0000] {logging_mixin.py:188} INFO - [2024-06-07T02:02:51.412+0000] {dag.py:3096} INFO - Sync 1 DAGs
[2024-06-07T02:02:51.464+0000] {logging_mixin.py:188} INFO - [2024-06-07T02:02:51.463+0000] {dag.py:3954} INFO - Setting next_dagrun for example_branch_dop_operator_v3 to 2024-06-07 02:01:00+00:00, run_after=2024-06-07 02:02:00+00:00
[2024-06-07T02:02:51.525+0000] {processor.py:183} INFO - Processing /home/airflow/.local/lib/python3.12/site-packages/airflow/example_dags/example_branch_python_dop_operator_3.py took 0.192 seconds
[2024-06-07T02:03:22.516+0000] {processor.py:161} INFO - Started process (PID=8818) to work on /home/airflow/.local/lib/python3.12/site-packages/airflow/example_dags/example_branch_python_dop_operator_3.py
[2024-06-07T02:03:22.519+0000] {processor.py:830} INFO - Processing file /home/airflow/.local/lib/python3.12/site-packages/airflow/example_dags/example_branch_python_dop_operator_3.py for tasks to queue
[2024-06-07T02:03:22.522+0000] {logging_mixin.py:188} INFO - [2024-06-07T02:03:22.521+0000] {dagbag.py:545} INFO - Filling up the DagBag from /home/airflow/.local/lib/python3.12/site-packages/airflow/example_dags/example_branch_python_dop_operator_3.py
[2024-06-07T02:03:22.539+0000] {processor.py:840} INFO - DAG(s) 'example_branch_dop_operator_v3' retrieved from /home/airflow/.local/lib/python3.12/site-packages/airflow/example_dags/example_branch_python_dop_operator_3.py
[2024-06-07T02:03:22.587+0000] {logging_mixin.py:188} INFO - [2024-06-07T02:03:22.587+0000] {dag.py:3096} INFO - Sync 1 DAGs
[2024-06-07T02:03:22.644+0000] {logging_mixin.py:188} INFO - [2024-06-07T02:03:22.643+0000] {dag.py:3954} INFO - Setting next_dagrun for example_branch_dop_operator_v3 to 2024-06-07 02:02:00+00:00, run_after=2024-06-07 02:03:00+00:00
[2024-06-07T02:03:22.690+0000] {processor.py:183} INFO - Processing /home/airflow/.local/lib/python3.12/site-packages/airflow/example_dags/example_branch_python_dop_operator_3.py took 0.186 seconds
[2024-06-07T02:03:53.657+0000] {processor.py:161} INFO - Started process (PID=8871) to work on /home/airflow/.local/lib/python3.12/site-packages/airflow/example_dags/example_branch_python_dop_operator_3.py
[2024-06-07T02:03:53.659+0000] {processor.py:830} INFO - Processing file /home/airflow/.local/lib/python3.12/site-packages/airflow/example_dags/example_branch_python_dop_operator_3.py for tasks to queue
[2024-06-07T02:03:53.661+0000] {logging_mixin.py:188} INFO - [2024-06-07T02:03:53.660+0000] {dagbag.py:545} INFO - Filling up the DagBag from /home/airflow/.local/lib/python3.12/site-packages/airflow/example_dags/example_branch_python_dop_operator_3.py
[2024-06-07T02:03:53.679+0000] {processor.py:840} INFO - DAG(s) 'example_branch_dop_operator_v3' retrieved from /home/airflow/.local/lib/python3.12/site-packages/airflow/example_dags/example_branch_python_dop_operator_3.py
[2024-06-07T02:03:53.722+0000] {logging_mixin.py:188} INFO - [2024-06-07T02:03:53.722+0000] {dag.py:3096} INFO - Sync 1 DAGs
[2024-06-07T02:03:53.770+0000] {logging_mixin.py:188} INFO - [2024-06-07T02:03:53.769+0000] {dag.py:3954} INFO - Setting next_dagrun for example_branch_dop_operator_v3 to 2024-06-07 02:02:00+00:00, run_after=2024-06-07 02:03:00+00:00
[2024-06-07T02:03:53.812+0000] {processor.py:183} INFO - Processing /home/airflow/.local/lib/python3.12/site-packages/airflow/example_dags/example_branch_python_dop_operator_3.py took 0.166 seconds
[2024-06-07T02:04:24.693+0000] {processor.py:161} INFO - Started process (PID=8924) to work on /home/airflow/.local/lib/python3.12/site-packages/airflow/example_dags/example_branch_python_dop_operator_3.py
[2024-06-07T02:04:24.695+0000] {processor.py:830} INFO - Processing file /home/airflow/.local/lib/python3.12/site-packages/airflow/example_dags/example_branch_python_dop_operator_3.py for tasks to queue
[2024-06-07T02:04:24.698+0000] {logging_mixin.py:188} INFO - [2024-06-07T02:04:24.697+0000] {dagbag.py:545} INFO - Filling up the DagBag from /home/airflow/.local/lib/python3.12/site-packages/airflow/example_dags/example_branch_python_dop_operator_3.py
[2024-06-07T02:04:24.714+0000] {processor.py:840} INFO - DAG(s) 'example_branch_dop_operator_v3' retrieved from /home/airflow/.local/lib/python3.12/site-packages/airflow/example_dags/example_branch_python_dop_operator_3.py
[2024-06-07T02:04:24.763+0000] {logging_mixin.py:188} INFO - [2024-06-07T02:04:24.762+0000] {dag.py:3096} INFO - Sync 1 DAGs
[2024-06-07T02:04:24.824+0000] {logging_mixin.py:188} INFO - [2024-06-07T02:04:24.823+0000] {dag.py:3954} INFO - Setting next_dagrun for example_branch_dop_operator_v3 to 2024-06-07 02:03:00+00:00, run_after=2024-06-07 02:04:00+00:00
[2024-06-07T02:04:24.861+0000] {processor.py:183} INFO - Processing /home/airflow/.local/lib/python3.12/site-packages/airflow/example_dags/example_branch_python_dop_operator_3.py took 0.183 seconds
[2024-06-07T02:04:55.557+0000] {processor.py:161} INFO - Started process (PID=8977) to work on /home/airflow/.local/lib/python3.12/site-packages/airflow/example_dags/example_branch_python_dop_operator_3.py
[2024-06-07T02:04:55.559+0000] {processor.py:830} INFO - Processing file /home/airflow/.local/lib/python3.12/site-packages/airflow/example_dags/example_branch_python_dop_operator_3.py for tasks to queue
[2024-06-07T02:04:55.561+0000] {logging_mixin.py:188} INFO - [2024-06-07T02:04:55.560+0000] {dagbag.py:545} INFO - Filling up the DagBag from /home/airflow/.local/lib/python3.12/site-packages/airflow/example_dags/example_branch_python_dop_operator_3.py
[2024-06-07T02:04:55.578+0000] {processor.py:840} INFO - DAG(s) 'example_branch_dop_operator_v3' retrieved from /home/airflow/.local/lib/python3.12/site-packages/airflow/example_dags/example_branch_python_dop_operator_3.py
[2024-06-07T02:04:55.621+0000] {logging_mixin.py:188} INFO - [2024-06-07T02:04:55.621+0000] {dag.py:3096} INFO - Sync 1 DAGs
[2024-06-07T02:04:55.672+0000] {logging_mixin.py:188} INFO - [2024-06-07T02:04:55.671+0000] {dag.py:3954} INFO - Setting next_dagrun for example_branch_dop_operator_v3 to 2024-06-07 02:03:00+00:00, run_after=2024-06-07 02:04:00+00:00
[2024-06-07T02:04:55.713+0000] {processor.py:183} INFO - Processing /home/airflow/.local/lib/python3.12/site-packages/airflow/example_dags/example_branch_python_dop_operator_3.py took 0.167 seconds
[2024-06-07T02:05:27.003+0000] {processor.py:161} INFO - Started process (PID=9030) to work on /home/airflow/.local/lib/python3.12/site-packages/airflow/example_dags/example_branch_python_dop_operator_3.py
[2024-06-07T02:05:27.005+0000] {processor.py:830} INFO - Processing file /home/airflow/.local/lib/python3.12/site-packages/airflow/example_dags/example_branch_python_dop_operator_3.py for tasks to queue
[2024-06-07T02:05:27.007+0000] {logging_mixin.py:188} INFO - [2024-06-07T02:05:27.007+0000] {dagbag.py:545} INFO - Filling up the DagBag from /home/airflow/.local/lib/python3.12/site-packages/airflow/example_dags/example_branch_python_dop_operator_3.py
[2024-06-07T02:05:27.024+0000] {processor.py:840} INFO - DAG(s) 'example_branch_dop_operator_v3' retrieved from /home/airflow/.local/lib/python3.12/site-packages/airflow/example_dags/example_branch_python_dop_operator_3.py
[2024-06-07T02:05:27.063+0000] {logging_mixin.py:188} INFO - [2024-06-07T02:05:27.063+0000] {dag.py:3096} INFO - Sync 1 DAGs
[2024-06-07T02:05:27.112+0000] {logging_mixin.py:188} INFO - [2024-06-07T02:05:27.112+0000] {dag.py:3954} INFO - Setting next_dagrun for example_branch_dop_operator_v3 to 2024-06-07 02:04:00+00:00, run_after=2024-06-07 02:05:00+00:00
[2024-06-07T02:05:27.168+0000] {processor.py:183} INFO - Processing /home/airflow/.local/lib/python3.12/site-packages/airflow/example_dags/example_branch_python_dop_operator_3.py took 0.176 seconds
[2024-06-07T02:05:57.937+0000] {processor.py:161} INFO - Started process (PID=9083) to work on /home/airflow/.local/lib/python3.12/site-packages/airflow/example_dags/example_branch_python_dop_operator_3.py
[2024-06-07T02:05:57.939+0000] {processor.py:830} INFO - Processing file /home/airflow/.local/lib/python3.12/site-packages/airflow/example_dags/example_branch_python_dop_operator_3.py for tasks to queue
[2024-06-07T02:05:57.942+0000] {logging_mixin.py:188} INFO - [2024-06-07T02:05:57.941+0000] {dagbag.py:545} INFO - Filling up the DagBag from /home/airflow/.local/lib/python3.12/site-packages/airflow/example_dags/example_branch_python_dop_operator_3.py
[2024-06-07T02:05:57.957+0000] {processor.py:840} INFO - DAG(s) 'example_branch_dop_operator_v3' retrieved from /home/airflow/.local/lib/python3.12/site-packages/airflow/example_dags/example_branch_python_dop_operator_3.py
[2024-06-07T02:05:58.000+0000] {logging_mixin.py:188} INFO - [2024-06-07T02:05:57.999+0000] {dag.py:3096} INFO - Sync 1 DAGs
[2024-06-07T02:05:58.069+0000] {logging_mixin.py:188} INFO - [2024-06-07T02:05:58.069+0000] {dag.py:3954} INFO - Setting next_dagrun for example_branch_dop_operator_v3 to 2024-06-07 02:04:00+00:00, run_after=2024-06-07 02:05:00+00:00
[2024-06-07T02:05:58.118+0000] {processor.py:183} INFO - Processing /home/airflow/.local/lib/python3.12/site-packages/airflow/example_dags/example_branch_python_dop_operator_3.py took 0.192 seconds
[2024-06-07T02:06:28.456+0000] {processor.py:161} INFO - Started process (PID=9136) to work on /home/airflow/.local/lib/python3.12/site-packages/airflow/example_dags/example_branch_python_dop_operator_3.py
[2024-06-07T02:06:28.458+0000] {processor.py:830} INFO - Processing file /home/airflow/.local/lib/python3.12/site-packages/airflow/example_dags/example_branch_python_dop_operator_3.py for tasks to queue
[2024-06-07T02:06:28.460+0000] {logging_mixin.py:188} INFO - [2024-06-07T02:06:28.459+0000] {dagbag.py:545} INFO - Filling up the DagBag from /home/airflow/.local/lib/python3.12/site-packages/airflow/example_dags/example_branch_python_dop_operator_3.py
[2024-06-07T02:06:28.475+0000] {processor.py:840} INFO - DAG(s) 'example_branch_dop_operator_v3' retrieved from /home/airflow/.local/lib/python3.12/site-packages/airflow/example_dags/example_branch_python_dop_operator_3.py
[2024-06-07T02:06:28.517+0000] {logging_mixin.py:188} INFO - [2024-06-07T02:06:28.516+0000] {dag.py:3096} INFO - Sync 1 DAGs
[2024-06-07T02:06:28.567+0000] {logging_mixin.py:188} INFO - [2024-06-07T02:06:28.567+0000] {dag.py:3954} INFO - Setting next_dagrun for example_branch_dop_operator_v3 to 2024-06-07 02:05:00+00:00, run_after=2024-06-07 02:06:00+00:00
[2024-06-07T02:06:28.612+0000] {processor.py:183} INFO - Processing /home/airflow/.local/lib/python3.12/site-packages/airflow/example_dags/example_branch_python_dop_operator_3.py took 0.168 seconds
[2024-06-07T02:06:59.259+0000] {processor.py:161} INFO - Started process (PID=9189) to work on /home/airflow/.local/lib/python3.12/site-packages/airflow/example_dags/example_branch_python_dop_operator_3.py
[2024-06-07T02:06:59.261+0000] {processor.py:830} INFO - Processing file /home/airflow/.local/lib/python3.12/site-packages/airflow/example_dags/example_branch_python_dop_operator_3.py for tasks to queue
[2024-06-07T02:06:59.264+0000] {logging_mixin.py:188} INFO - [2024-06-07T02:06:59.263+0000] {dagbag.py:545} INFO - Filling up the DagBag from /home/airflow/.local/lib/python3.12/site-packages/airflow/example_dags/example_branch_python_dop_operator_3.py
[2024-06-07T02:06:59.281+0000] {processor.py:840} INFO - DAG(s) 'example_branch_dop_operator_v3' retrieved from /home/airflow/.local/lib/python3.12/site-packages/airflow/example_dags/example_branch_python_dop_operator_3.py
[2024-06-07T02:06:59.326+0000] {logging_mixin.py:188} INFO - [2024-06-07T02:06:59.325+0000] {dag.py:3096} INFO - Sync 1 DAGs
[2024-06-07T02:06:59.374+0000] {logging_mixin.py:188} INFO - [2024-06-07T02:06:59.374+0000] {dag.py:3954} INFO - Setting next_dagrun for example_branch_dop_operator_v3 to 2024-06-07 02:05:00+00:00, run_after=2024-06-07 02:06:00+00:00
[2024-06-07T02:06:59.419+0000] {processor.py:183} INFO - Processing /home/airflow/.local/lib/python3.12/site-packages/airflow/example_dags/example_branch_python_dop_operator_3.py took 0.175 seconds
[2024-06-07T02:07:31.418+0000] {processor.py:161} INFO - Started process (PID=9242) to work on /home/airflow/.local/lib/python3.12/site-packages/airflow/example_dags/example_branch_python_dop_operator_3.py
[2024-06-07T02:07:31.420+0000] {processor.py:830} INFO - Processing file /home/airflow/.local/lib/python3.12/site-packages/airflow/example_dags/example_branch_python_dop_operator_3.py for tasks to queue
[2024-06-07T02:07:31.424+0000] {logging_mixin.py:188} INFO - [2024-06-07T02:07:31.423+0000] {dagbag.py:545} INFO - Filling up the DagBag from /home/airflow/.local/lib/python3.12/site-packages/airflow/example_dags/example_branch_python_dop_operator_3.py
[2024-06-07T02:07:31.450+0000] {processor.py:840} INFO - DAG(s) 'example_branch_dop_operator_v3' retrieved from /home/airflow/.local/lib/python3.12/site-packages/airflow/example_dags/example_branch_python_dop_operator_3.py
[2024-06-07T02:07:31.505+0000] {logging_mixin.py:188} INFO - [2024-06-07T02:07:31.504+0000] {dag.py:3096} INFO - Sync 1 DAGs
[2024-06-07T02:07:31.561+0000] {logging_mixin.py:188} INFO - [2024-06-07T02:07:31.561+0000] {dag.py:3954} INFO - Setting next_dagrun for example_branch_dop_operator_v3 to 2024-06-07 02:06:00+00:00, run_after=2024-06-07 02:07:00+00:00
[2024-06-07T02:07:31.613+0000] {processor.py:183} INFO - Processing /home/airflow/.local/lib/python3.12/site-packages/airflow/example_dags/example_branch_python_dop_operator_3.py took 0.219 seconds
[2024-06-07T02:08:02.358+0000] {processor.py:161} INFO - Started process (PID=9295) to work on /home/airflow/.local/lib/python3.12/site-packages/airflow/example_dags/example_branch_python_dop_operator_3.py
[2024-06-07T02:08:02.361+0000] {processor.py:830} INFO - Processing file /home/airflow/.local/lib/python3.12/site-packages/airflow/example_dags/example_branch_python_dop_operator_3.py for tasks to queue
[2024-06-07T02:08:02.366+0000] {logging_mixin.py:188} INFO - [2024-06-07T02:08:02.364+0000] {dagbag.py:545} INFO - Filling up the DagBag from /home/airflow/.local/lib/python3.12/site-packages/airflow/example_dags/example_branch_python_dop_operator_3.py
[2024-06-07T02:08:02.389+0000] {processor.py:840} INFO - DAG(s) 'example_branch_dop_operator_v3' retrieved from /home/airflow/.local/lib/python3.12/site-packages/airflow/example_dags/example_branch_python_dop_operator_3.py
[2024-06-07T02:08:02.454+0000] {logging_mixin.py:188} INFO - [2024-06-07T02:08:02.453+0000] {dag.py:3096} INFO - Sync 1 DAGs
[2024-06-07T02:08:02.512+0000] {logging_mixin.py:188} INFO - [2024-06-07T02:08:02.511+0000] {dag.py:3954} INFO - Setting next_dagrun for example_branch_dop_operator_v3 to 2024-06-07 02:07:00+00:00, run_after=2024-06-07 02:08:00+00:00
[2024-06-07T02:08:02.570+0000] {processor.py:183} INFO - Processing /home/airflow/.local/lib/python3.12/site-packages/airflow/example_dags/example_branch_python_dop_operator_3.py took 0.225 seconds
[2024-06-07T02:08:33.317+0000] {processor.py:161} INFO - Started process (PID=9346) to work on /home/airflow/.local/lib/python3.12/site-packages/airflow/example_dags/example_branch_python_dop_operator_3.py
[2024-06-07T02:08:33.319+0000] {processor.py:830} INFO - Processing file /home/airflow/.local/lib/python3.12/site-packages/airflow/example_dags/example_branch_python_dop_operator_3.py for tasks to queue
[2024-06-07T02:08:33.322+0000] {logging_mixin.py:188} INFO - [2024-06-07T02:08:33.321+0000] {dagbag.py:545} INFO - Filling up the DagBag from /home/airflow/.local/lib/python3.12/site-packages/airflow/example_dags/example_branch_python_dop_operator_3.py
[2024-06-07T02:08:33.344+0000] {processor.py:840} INFO - DAG(s) 'example_branch_dop_operator_v3' retrieved from /home/airflow/.local/lib/python3.12/site-packages/airflow/example_dags/example_branch_python_dop_operator_3.py
[2024-06-07T02:08:33.395+0000] {logging_mixin.py:188} INFO - [2024-06-07T02:08:33.394+0000] {dag.py:3096} INFO - Sync 1 DAGs
[2024-06-07T02:08:33.448+0000] {logging_mixin.py:188} INFO - [2024-06-07T02:08:33.448+0000] {dag.py:3954} INFO - Setting next_dagrun for example_branch_dop_operator_v3 to 2024-06-07 02:07:00+00:00, run_after=2024-06-07 02:08:00+00:00
[2024-06-07T02:08:33.489+0000] {processor.py:183} INFO - Processing /home/airflow/.local/lib/python3.12/site-packages/airflow/example_dags/example_branch_python_dop_operator_3.py took 0.188 seconds
[2024-06-07T02:09:04.821+0000] {processor.py:161} INFO - Started process (PID=9399) to work on /home/airflow/.local/lib/python3.12/site-packages/airflow/example_dags/example_branch_python_dop_operator_3.py
[2024-06-07T02:09:04.824+0000] {processor.py:830} INFO - Processing file /home/airflow/.local/lib/python3.12/site-packages/airflow/example_dags/example_branch_python_dop_operator_3.py for tasks to queue
[2024-06-07T02:09:04.827+0000] {logging_mixin.py:188} INFO - [2024-06-07T02:09:04.826+0000] {dagbag.py:545} INFO - Filling up the DagBag from /home/airflow/.local/lib/python3.12/site-packages/airflow/example_dags/example_branch_python_dop_operator_3.py
[2024-06-07T02:09:04.859+0000] {processor.py:840} INFO - DAG(s) 'example_branch_dop_operator_v3' retrieved from /home/airflow/.local/lib/python3.12/site-packages/airflow/example_dags/example_branch_python_dop_operator_3.py
[2024-06-07T02:09:04.919+0000] {logging_mixin.py:188} INFO - [2024-06-07T02:09:04.919+0000] {dag.py:3096} INFO - Sync 1 DAGs
[2024-06-07T02:09:04.995+0000] {logging_mixin.py:188} INFO - [2024-06-07T02:09:04.994+0000] {dag.py:3954} INFO - Setting next_dagrun for example_branch_dop_operator_v3 to 2024-06-07 02:08:00+00:00, run_after=2024-06-07 02:09:00+00:00
[2024-06-07T02:09:05.053+0000] {processor.py:183} INFO - Processing /home/airflow/.local/lib/python3.12/site-packages/airflow/example_dags/example_branch_python_dop_operator_3.py took 0.247 seconds
[2024-06-07T02:09:35.379+0000] {processor.py:161} INFO - Started process (PID=9452) to work on /home/airflow/.local/lib/python3.12/site-packages/airflow/example_dags/example_branch_python_dop_operator_3.py
[2024-06-07T02:09:35.381+0000] {processor.py:830} INFO - Processing file /home/airflow/.local/lib/python3.12/site-packages/airflow/example_dags/example_branch_python_dop_operator_3.py for tasks to queue
[2024-06-07T02:09:35.383+0000] {logging_mixin.py:188} INFO - [2024-06-07T02:09:35.383+0000] {dagbag.py:545} INFO - Filling up the DagBag from /home/airflow/.local/lib/python3.12/site-packages/airflow/example_dags/example_branch_python_dop_operator_3.py
[2024-06-07T02:09:35.399+0000] {processor.py:840} INFO - DAG(s) 'example_branch_dop_operator_v3' retrieved from /home/airflow/.local/lib/python3.12/site-packages/airflow/example_dags/example_branch_python_dop_operator_3.py
[2024-06-07T02:09:35.439+0000] {logging_mixin.py:188} INFO - [2024-06-07T02:09:35.439+0000] {dag.py:3096} INFO - Sync 1 DAGs
[2024-06-07T02:09:35.482+0000] {logging_mixin.py:188} INFO - [2024-06-07T02:09:35.482+0000] {dag.py:3954} INFO - Setting next_dagrun for example_branch_dop_operator_v3 to 2024-06-07 02:08:00+00:00, run_after=2024-06-07 02:09:00+00:00
[2024-06-07T02:09:35.525+0000] {processor.py:183} INFO - Processing /home/airflow/.local/lib/python3.12/site-packages/airflow/example_dags/example_branch_python_dop_operator_3.py took 0.156 seconds
[2024-06-07T02:10:05.944+0000] {processor.py:161} INFO - Started process (PID=9505) to work on /home/airflow/.local/lib/python3.12/site-packages/airflow/example_dags/example_branch_python_dop_operator_3.py
[2024-06-07T02:10:05.947+0000] {processor.py:830} INFO - Processing file /home/airflow/.local/lib/python3.12/site-packages/airflow/example_dags/example_branch_python_dop_operator_3.py for tasks to queue
[2024-06-07T02:10:05.949+0000] {logging_mixin.py:188} INFO - [2024-06-07T02:10:05.948+0000] {dagbag.py:545} INFO - Filling up the DagBag from /home/airflow/.local/lib/python3.12/site-packages/airflow/example_dags/example_branch_python_dop_operator_3.py
[2024-06-07T02:10:05.965+0000] {processor.py:840} INFO - DAG(s) 'example_branch_dop_operator_v3' retrieved from /home/airflow/.local/lib/python3.12/site-packages/airflow/example_dags/example_branch_python_dop_operator_3.py
[2024-06-07T02:10:06.021+0000] {logging_mixin.py:188} INFO - [2024-06-07T02:10:06.020+0000] {dag.py:3096} INFO - Sync 1 DAGs
[2024-06-07T02:10:06.091+0000] {logging_mixin.py:188} INFO - [2024-06-07T02:10:06.090+0000] {dag.py:3954} INFO - Setting next_dagrun for example_branch_dop_operator_v3 to 2024-06-07 02:09:00+00:00, run_after=2024-06-07 02:10:00+00:00
[2024-06-07T02:10:06.154+0000] {processor.py:183} INFO - Processing /home/airflow/.local/lib/python3.12/site-packages/airflow/example_dags/example_branch_python_dop_operator_3.py took 0.221 seconds
[2024-06-07T02:10:37.857+0000] {processor.py:161} INFO - Started process (PID=9558) to work on /home/airflow/.local/lib/python3.12/site-packages/airflow/example_dags/example_branch_python_dop_operator_3.py
[2024-06-07T02:10:37.861+0000] {processor.py:830} INFO - Processing file /home/airflow/.local/lib/python3.12/site-packages/airflow/example_dags/example_branch_python_dop_operator_3.py for tasks to queue
[2024-06-07T02:10:37.863+0000] {logging_mixin.py:188} INFO - [2024-06-07T02:10:37.863+0000] {dagbag.py:545} INFO - Filling up the DagBag from /home/airflow/.local/lib/python3.12/site-packages/airflow/example_dags/example_branch_python_dop_operator_3.py
[2024-06-07T02:10:37.885+0000] {processor.py:840} INFO - DAG(s) 'example_branch_dop_operator_v3' retrieved from /home/airflow/.local/lib/python3.12/site-packages/airflow/example_dags/example_branch_python_dop_operator_3.py
[2024-06-07T02:10:37.930+0000] {logging_mixin.py:188} INFO - [2024-06-07T02:10:37.930+0000] {dag.py:3096} INFO - Sync 1 DAGs
[2024-06-07T02:10:37.988+0000] {logging_mixin.py:188} INFO - [2024-06-07T02:10:37.988+0000] {dag.py:3954} INFO - Setting next_dagrun for example_branch_dop_operator_v3 to 2024-06-07 02:09:00+00:00, run_after=2024-06-07 02:10:00+00:00
[2024-06-07T02:10:38.037+0000] {processor.py:183} INFO - Processing /home/airflow/.local/lib/python3.12/site-packages/airflow/example_dags/example_branch_python_dop_operator_3.py took 0.195 seconds
[2024-06-07T02:11:08.432+0000] {processor.py:161} INFO - Started process (PID=9611) to work on /home/airflow/.local/lib/python3.12/site-packages/airflow/example_dags/example_branch_python_dop_operator_3.py
[2024-06-07T02:11:08.434+0000] {processor.py:830} INFO - Processing file /home/airflow/.local/lib/python3.12/site-packages/airflow/example_dags/example_branch_python_dop_operator_3.py for tasks to queue
[2024-06-07T02:11:08.436+0000] {logging_mixin.py:188} INFO - [2024-06-07T02:11:08.436+0000] {dagbag.py:545} INFO - Filling up the DagBag from /home/airflow/.local/lib/python3.12/site-packages/airflow/example_dags/example_branch_python_dop_operator_3.py
[2024-06-07T02:11:08.453+0000] {processor.py:840} INFO - DAG(s) 'example_branch_dop_operator_v3' retrieved from /home/airflow/.local/lib/python3.12/site-packages/airflow/example_dags/example_branch_python_dop_operator_3.py
[2024-06-07T02:11:08.497+0000] {logging_mixin.py:188} INFO - [2024-06-07T02:11:08.497+0000] {dag.py:3096} INFO - Sync 1 DAGs
[2024-06-07T02:11:08.549+0000] {logging_mixin.py:188} INFO - [2024-06-07T02:11:08.548+0000] {dag.py:3954} INFO - Setting next_dagrun for example_branch_dop_operator_v3 to 2024-06-07 02:10:00+00:00, run_after=2024-06-07 02:11:00+00:00
[2024-06-07T02:11:08.588+0000] {processor.py:183} INFO - Processing /home/airflow/.local/lib/python3.12/site-packages/airflow/example_dags/example_branch_python_dop_operator_3.py took 0.169 seconds
[2024-06-07T14:01:17.174+0000] {processor.py:161} INFO - Started process (PID=9683) to work on /home/airflow/.local/lib/python3.12/site-packages/airflow/example_dags/example_branch_python_dop_operator_3.py
[2024-06-07T14:01:17.181+0000] {processor.py:830} INFO - Processing file /home/airflow/.local/lib/python3.12/site-packages/airflow/example_dags/example_branch_python_dop_operator_3.py for tasks to queue
[2024-06-07T14:01:17.186+0000] {logging_mixin.py:188} INFO - [2024-06-07T14:01:17.185+0000] {dagbag.py:545} INFO - Filling up the DagBag from /home/airflow/.local/lib/python3.12/site-packages/airflow/example_dags/example_branch_python_dop_operator_3.py
[2024-06-07T14:01:17.207+0000] {processor.py:840} INFO - DAG(s) 'example_branch_dop_operator_v3' retrieved from /home/airflow/.local/lib/python3.12/site-packages/airflow/example_dags/example_branch_python_dop_operator_3.py
[2024-06-07T14:01:17.268+0000] {logging_mixin.py:188} INFO - [2024-06-07T14:01:17.267+0000] {dag.py:3096} INFO - Sync 1 DAGs
[2024-06-07T14:01:17.349+0000] {logging_mixin.py:188} INFO - [2024-06-07T14:01:17.348+0000] {dag.py:3954} INFO - Setting next_dagrun for example_branch_dop_operator_v3 to 2024-06-07 14:00:00+00:00, run_after=2024-06-07 14:01:00+00:00
[2024-06-07T14:01:17.404+0000] {processor.py:183} INFO - Processing /home/airflow/.local/lib/python3.12/site-packages/airflow/example_dags/example_branch_python_dop_operator_3.py took 0.246 seconds
