[2024-06-07T02:01:15.005+0000] {processor.py:161} INFO - Started process (PID=8580) to work on /home/airflow/.local/lib/python3.12/site-packages/airflow/example_dags/example_trigger_controller_dag.py
[2024-06-07T02:01:15.007+0000] {processor.py:830} INFO - Processing file /home/airflow/.local/lib/python3.12/site-packages/airflow/example_dags/example_trigger_controller_dag.py for tasks to queue
[2024-06-07T02:01:15.010+0000] {logging_mixin.py:188} INFO - [2024-06-07T02:01:15.009+0000] {dagbag.py:545} INFO - Filling up the DagBag from /home/airflow/.local/lib/python3.12/site-packages/airflow/example_dags/example_trigger_controller_dag.py
[2024-06-07T02:01:15.025+0000] {processor.py:840} INFO - DAG(s) 'example_trigger_controller_dag' retrieved from /home/airflow/.local/lib/python3.12/site-packages/airflow/example_dags/example_trigger_controller_dag.py
[2024-06-07T02:01:15.083+0000] {logging_mixin.py:188} INFO - [2024-06-07T02:01:15.082+0000] {dag.py:3096} INFO - Sync 1 DAGs
[2024-06-07T02:01:15.144+0000] {logging_mixin.py:188} INFO - [2024-06-07T02:01:15.142+0000] {dag.py:3954} INFO - Setting next_dagrun for example_trigger_controller_dag to 2021-01-01 00:00:00+00:00, run_after=2021-01-01 00:00:00+00:00
[2024-06-07T02:01:15.197+0000] {processor.py:183} INFO - Processing /home/airflow/.local/lib/python3.12/site-packages/airflow/example_dags/example_trigger_controller_dag.py took 0.208 seconds
[2024-06-07T02:01:46.167+0000] {processor.py:161} INFO - Started process (PID=8633) to work on /home/airflow/.local/lib/python3.12/site-packages/airflow/example_dags/example_trigger_controller_dag.py
[2024-06-07T02:01:46.169+0000] {processor.py:830} INFO - Processing file /home/airflow/.local/lib/python3.12/site-packages/airflow/example_dags/example_trigger_controller_dag.py for tasks to queue
[2024-06-07T02:01:46.172+0000] {logging_mixin.py:188} INFO - [2024-06-07T02:01:46.171+0000] {dagbag.py:545} INFO - Filling up the DagBag from /home/airflow/.local/lib/python3.12/site-packages/airflow/example_dags/example_trigger_controller_dag.py
[2024-06-07T02:01:46.182+0000] {processor.py:840} INFO - DAG(s) 'example_trigger_controller_dag' retrieved from /home/airflow/.local/lib/python3.12/site-packages/airflow/example_dags/example_trigger_controller_dag.py
[2024-06-07T02:01:46.226+0000] {logging_mixin.py:188} INFO - [2024-06-07T02:01:46.225+0000] {dag.py:3096} INFO - Sync 1 DAGs
[2024-06-07T02:01:46.269+0000] {logging_mixin.py:188} INFO - [2024-06-07T02:01:46.269+0000] {dag.py:3954} INFO - Setting next_dagrun for example_trigger_controller_dag to 2021-01-01 00:00:00+00:00, run_after=2021-01-01 00:00:00+00:00
[2024-06-07T02:01:46.313+0000] {processor.py:183} INFO - Processing /home/airflow/.local/lib/python3.12/site-packages/airflow/example_dags/example_trigger_controller_dag.py took 0.162 seconds
[2024-06-07T02:02:16.719+0000] {processor.py:161} INFO - Started process (PID=8686) to work on /home/airflow/.local/lib/python3.12/site-packages/airflow/example_dags/example_trigger_controller_dag.py
[2024-06-07T02:02:16.722+0000] {processor.py:830} INFO - Processing file /home/airflow/.local/lib/python3.12/site-packages/airflow/example_dags/example_trigger_controller_dag.py for tasks to queue
[2024-06-07T02:02:16.724+0000] {logging_mixin.py:188} INFO - [2024-06-07T02:02:16.723+0000] {dagbag.py:545} INFO - Filling up the DagBag from /home/airflow/.local/lib/python3.12/site-packages/airflow/example_dags/example_trigger_controller_dag.py
[2024-06-07T02:02:16.736+0000] {processor.py:840} INFO - DAG(s) 'example_trigger_controller_dag' retrieved from /home/airflow/.local/lib/python3.12/site-packages/airflow/example_dags/example_trigger_controller_dag.py
[2024-06-07T02:02:16.807+0000] {logging_mixin.py:188} INFO - [2024-06-07T02:02:16.806+0000] {dag.py:3096} INFO - Sync 1 DAGs
[2024-06-07T02:02:16.860+0000] {logging_mixin.py:188} INFO - [2024-06-07T02:02:16.859+0000] {dag.py:3954} INFO - Setting next_dagrun for example_trigger_controller_dag to 2021-01-01 00:00:00+00:00, run_after=2021-01-01 00:00:00+00:00
[2024-06-07T02:02:16.914+0000] {processor.py:183} INFO - Processing /home/airflow/.local/lib/python3.12/site-packages/airflow/example_dags/example_trigger_controller_dag.py took 0.206 seconds
[2024-06-07T02:02:47.514+0000] {processor.py:161} INFO - Started process (PID=8739) to work on /home/airflow/.local/lib/python3.12/site-packages/airflow/example_dags/example_trigger_controller_dag.py
[2024-06-07T02:02:47.516+0000] {processor.py:830} INFO - Processing file /home/airflow/.local/lib/python3.12/site-packages/airflow/example_dags/example_trigger_controller_dag.py for tasks to queue
[2024-06-07T02:02:47.518+0000] {logging_mixin.py:188} INFO - [2024-06-07T02:02:47.517+0000] {dagbag.py:545} INFO - Filling up the DagBag from /home/airflow/.local/lib/python3.12/site-packages/airflow/example_dags/example_trigger_controller_dag.py
[2024-06-07T02:02:47.527+0000] {processor.py:840} INFO - DAG(s) 'example_trigger_controller_dag' retrieved from /home/airflow/.local/lib/python3.12/site-packages/airflow/example_dags/example_trigger_controller_dag.py
[2024-06-07T02:02:47.565+0000] {logging_mixin.py:188} INFO - [2024-06-07T02:02:47.564+0000] {dag.py:3096} INFO - Sync 1 DAGs
[2024-06-07T02:02:47.605+0000] {logging_mixin.py:188} INFO - [2024-06-07T02:02:47.605+0000] {dag.py:3954} INFO - Setting next_dagrun for example_trigger_controller_dag to 2021-01-01 00:00:00+00:00, run_after=2021-01-01 00:00:00+00:00
[2024-06-07T02:02:47.649+0000] {processor.py:183} INFO - Processing /home/airflow/.local/lib/python3.12/site-packages/airflow/example_dags/example_trigger_controller_dag.py took 0.146 seconds
[2024-06-07T02:03:19.152+0000] {processor.py:161} INFO - Started process (PID=8792) to work on /home/airflow/.local/lib/python3.12/site-packages/airflow/example_dags/example_trigger_controller_dag.py
[2024-06-07T02:03:19.155+0000] {processor.py:830} INFO - Processing file /home/airflow/.local/lib/python3.12/site-packages/airflow/example_dags/example_trigger_controller_dag.py for tasks to queue
[2024-06-07T02:03:19.158+0000] {logging_mixin.py:188} INFO - [2024-06-07T02:03:19.157+0000] {dagbag.py:545} INFO - Filling up the DagBag from /home/airflow/.local/lib/python3.12/site-packages/airflow/example_dags/example_trigger_controller_dag.py
[2024-06-07T02:03:19.166+0000] {processor.py:840} INFO - DAG(s) 'example_trigger_controller_dag' retrieved from /home/airflow/.local/lib/python3.12/site-packages/airflow/example_dags/example_trigger_controller_dag.py
[2024-06-07T02:03:19.203+0000] {logging_mixin.py:188} INFO - [2024-06-07T02:03:19.202+0000] {dag.py:3096} INFO - Sync 1 DAGs
[2024-06-07T02:03:19.240+0000] {logging_mixin.py:188} INFO - [2024-06-07T02:03:19.239+0000] {dag.py:3954} INFO - Setting next_dagrun for example_trigger_controller_dag to 2021-01-01 00:00:00+00:00, run_after=2021-01-01 00:00:00+00:00
[2024-06-07T02:03:19.287+0000] {processor.py:183} INFO - Processing /home/airflow/.local/lib/python3.12/site-packages/airflow/example_dags/example_trigger_controller_dag.py took 0.144 seconds
[2024-06-07T02:03:49.908+0000] {processor.py:161} INFO - Started process (PID=8845) to work on /home/airflow/.local/lib/python3.12/site-packages/airflow/example_dags/example_trigger_controller_dag.py
[2024-06-07T02:03:49.911+0000] {processor.py:830} INFO - Processing file /home/airflow/.local/lib/python3.12/site-packages/airflow/example_dags/example_trigger_controller_dag.py for tasks to queue
[2024-06-07T02:03:49.914+0000] {logging_mixin.py:188} INFO - [2024-06-07T02:03:49.913+0000] {dagbag.py:545} INFO - Filling up the DagBag from /home/airflow/.local/lib/python3.12/site-packages/airflow/example_dags/example_trigger_controller_dag.py
[2024-06-07T02:03:49.924+0000] {processor.py:840} INFO - DAG(s) 'example_trigger_controller_dag' retrieved from /home/airflow/.local/lib/python3.12/site-packages/airflow/example_dags/example_trigger_controller_dag.py
[2024-06-07T02:03:49.967+0000] {logging_mixin.py:188} INFO - [2024-06-07T02:03:49.966+0000] {dag.py:3096} INFO - Sync 1 DAGs
[2024-06-07T02:03:50.013+0000] {logging_mixin.py:188} INFO - [2024-06-07T02:03:50.013+0000] {dag.py:3954} INFO - Setting next_dagrun for example_trigger_controller_dag to 2021-01-01 00:00:00+00:00, run_after=2021-01-01 00:00:00+00:00
[2024-06-07T02:03:50.057+0000] {processor.py:183} INFO - Processing /home/airflow/.local/lib/python3.12/site-packages/airflow/example_dags/example_trigger_controller_dag.py took 0.163 seconds
[2024-06-07T02:04:20.593+0000] {processor.py:161} INFO - Started process (PID=8896) to work on /home/airflow/.local/lib/python3.12/site-packages/airflow/example_dags/example_trigger_controller_dag.py
[2024-06-07T02:04:20.595+0000] {processor.py:830} INFO - Processing file /home/airflow/.local/lib/python3.12/site-packages/airflow/example_dags/example_trigger_controller_dag.py for tasks to queue
[2024-06-07T02:04:20.599+0000] {logging_mixin.py:188} INFO - [2024-06-07T02:04:20.597+0000] {dagbag.py:545} INFO - Filling up the DagBag from /home/airflow/.local/lib/python3.12/site-packages/airflow/example_dags/example_trigger_controller_dag.py
[2024-06-07T02:04:20.616+0000] {processor.py:840} INFO - DAG(s) 'example_trigger_controller_dag' retrieved from /home/airflow/.local/lib/python3.12/site-packages/airflow/example_dags/example_trigger_controller_dag.py
[2024-06-07T02:04:20.666+0000] {logging_mixin.py:188} INFO - [2024-06-07T02:04:20.666+0000] {dag.py:3096} INFO - Sync 1 DAGs
[2024-06-07T02:04:20.716+0000] {logging_mixin.py:188} INFO - [2024-06-07T02:04:20.715+0000] {dag.py:3954} INFO - Setting next_dagrun for example_trigger_controller_dag to 2021-01-01 00:00:00+00:00, run_after=2021-01-01 00:00:00+00:00
[2024-06-07T02:04:20.763+0000] {processor.py:183} INFO - Processing /home/airflow/.local/lib/python3.12/site-packages/airflow/example_dags/example_trigger_controller_dag.py took 0.187 seconds
[2024-06-07T02:04:51.628+0000] {processor.py:161} INFO - Started process (PID=8949) to work on /home/airflow/.local/lib/python3.12/site-packages/airflow/example_dags/example_trigger_controller_dag.py
[2024-06-07T02:04:51.631+0000] {processor.py:830} INFO - Processing file /home/airflow/.local/lib/python3.12/site-packages/airflow/example_dags/example_trigger_controller_dag.py for tasks to queue
[2024-06-07T02:04:51.633+0000] {logging_mixin.py:188} INFO - [2024-06-07T02:04:51.632+0000] {dagbag.py:545} INFO - Filling up the DagBag from /home/airflow/.local/lib/python3.12/site-packages/airflow/example_dags/example_trigger_controller_dag.py
[2024-06-07T02:04:51.643+0000] {processor.py:840} INFO - DAG(s) 'example_trigger_controller_dag' retrieved from /home/airflow/.local/lib/python3.12/site-packages/airflow/example_dags/example_trigger_controller_dag.py
[2024-06-07T02:04:51.682+0000] {logging_mixin.py:188} INFO - [2024-06-07T02:04:51.682+0000] {dag.py:3096} INFO - Sync 1 DAGs
[2024-06-07T02:04:51.728+0000] {logging_mixin.py:188} INFO - [2024-06-07T02:04:51.727+0000] {dag.py:3954} INFO - Setting next_dagrun for example_trigger_controller_dag to 2021-01-01 00:00:00+00:00, run_after=2021-01-01 00:00:00+00:00
[2024-06-07T02:04:51.769+0000] {processor.py:183} INFO - Processing /home/airflow/.local/lib/python3.12/site-packages/airflow/example_dags/example_trigger_controller_dag.py took 0.151 seconds
[2024-06-07T02:05:22.376+0000] {processor.py:161} INFO - Started process (PID=9002) to work on /home/airflow/.local/lib/python3.12/site-packages/airflow/example_dags/example_trigger_controller_dag.py
[2024-06-07T02:05:22.379+0000] {processor.py:830} INFO - Processing file /home/airflow/.local/lib/python3.12/site-packages/airflow/example_dags/example_trigger_controller_dag.py for tasks to queue
[2024-06-07T02:05:22.382+0000] {logging_mixin.py:188} INFO - [2024-06-07T02:05:22.381+0000] {dagbag.py:545} INFO - Filling up the DagBag from /home/airflow/.local/lib/python3.12/site-packages/airflow/example_dags/example_trigger_controller_dag.py
[2024-06-07T02:05:22.393+0000] {processor.py:840} INFO - DAG(s) 'example_trigger_controller_dag' retrieved from /home/airflow/.local/lib/python3.12/site-packages/airflow/example_dags/example_trigger_controller_dag.py
[2024-06-07T02:05:22.440+0000] {logging_mixin.py:188} INFO - [2024-06-07T02:05:22.439+0000] {dag.py:3096} INFO - Sync 1 DAGs
[2024-06-07T02:05:22.476+0000] {logging_mixin.py:188} INFO - [2024-06-07T02:05:22.475+0000] {dag.py:3954} INFO - Setting next_dagrun for example_trigger_controller_dag to 2021-01-01 00:00:00+00:00, run_after=2021-01-01 00:00:00+00:00
[2024-06-07T02:05:22.516+0000] {processor.py:183} INFO - Processing /home/airflow/.local/lib/python3.12/site-packages/airflow/example_dags/example_trigger_controller_dag.py took 0.149 seconds
[2024-06-07T02:05:54.020+0000] {processor.py:161} INFO - Started process (PID=9055) to work on /home/airflow/.local/lib/python3.12/site-packages/airflow/example_dags/example_trigger_controller_dag.py
[2024-06-07T02:05:54.022+0000] {processor.py:830} INFO - Processing file /home/airflow/.local/lib/python3.12/site-packages/airflow/example_dags/example_trigger_controller_dag.py for tasks to queue
[2024-06-07T02:05:54.025+0000] {logging_mixin.py:188} INFO - [2024-06-07T02:05:54.024+0000] {dagbag.py:545} INFO - Filling up the DagBag from /home/airflow/.local/lib/python3.12/site-packages/airflow/example_dags/example_trigger_controller_dag.py
[2024-06-07T02:05:54.034+0000] {processor.py:840} INFO - DAG(s) 'example_trigger_controller_dag' retrieved from /home/airflow/.local/lib/python3.12/site-packages/airflow/example_dags/example_trigger_controller_dag.py
[2024-06-07T02:05:54.074+0000] {logging_mixin.py:188} INFO - [2024-06-07T02:05:54.073+0000] {dag.py:3096} INFO - Sync 1 DAGs
[2024-06-07T02:05:54.117+0000] {logging_mixin.py:188} INFO - [2024-06-07T02:05:54.117+0000] {dag.py:3954} INFO - Setting next_dagrun for example_trigger_controller_dag to 2021-01-01 00:00:00+00:00, run_after=2021-01-01 00:00:00+00:00
[2024-06-07T02:05:54.155+0000] {processor.py:183} INFO - Processing /home/airflow/.local/lib/python3.12/site-packages/airflow/example_dags/example_trigger_controller_dag.py took 0.148 seconds
[2024-06-07T02:06:24.491+0000] {processor.py:161} INFO - Started process (PID=9108) to work on /home/airflow/.local/lib/python3.12/site-packages/airflow/example_dags/example_trigger_controller_dag.py
[2024-06-07T02:06:24.494+0000] {processor.py:830} INFO - Processing file /home/airflow/.local/lib/python3.12/site-packages/airflow/example_dags/example_trigger_controller_dag.py for tasks to queue
[2024-06-07T02:06:24.496+0000] {logging_mixin.py:188} INFO - [2024-06-07T02:06:24.495+0000] {dagbag.py:545} INFO - Filling up the DagBag from /home/airflow/.local/lib/python3.12/site-packages/airflow/example_dags/example_trigger_controller_dag.py
[2024-06-07T02:06:24.506+0000] {processor.py:840} INFO - DAG(s) 'example_trigger_controller_dag' retrieved from /home/airflow/.local/lib/python3.12/site-packages/airflow/example_dags/example_trigger_controller_dag.py
[2024-06-07T02:06:24.545+0000] {logging_mixin.py:188} INFO - [2024-06-07T02:06:24.545+0000] {dag.py:3096} INFO - Sync 1 DAGs
[2024-06-07T02:06:24.608+0000] {logging_mixin.py:188} INFO - [2024-06-07T02:06:24.608+0000] {dag.py:3954} INFO - Setting next_dagrun for example_trigger_controller_dag to 2021-01-01 00:00:00+00:00, run_after=2021-01-01 00:00:00+00:00
[2024-06-07T02:06:24.655+0000] {processor.py:183} INFO - Processing /home/airflow/.local/lib/python3.12/site-packages/airflow/example_dags/example_trigger_controller_dag.py took 0.175 seconds
[2024-06-07T02:06:55.628+0000] {processor.py:161} INFO - Started process (PID=9161) to work on /home/airflow/.local/lib/python3.12/site-packages/airflow/example_dags/example_trigger_controller_dag.py
[2024-06-07T02:06:55.631+0000] {processor.py:830} INFO - Processing file /home/airflow/.local/lib/python3.12/site-packages/airflow/example_dags/example_trigger_controller_dag.py for tasks to queue
[2024-06-07T02:06:55.633+0000] {logging_mixin.py:188} INFO - [2024-06-07T02:06:55.633+0000] {dagbag.py:545} INFO - Filling up the DagBag from /home/airflow/.local/lib/python3.12/site-packages/airflow/example_dags/example_trigger_controller_dag.py
[2024-06-07T02:06:55.643+0000] {processor.py:840} INFO - DAG(s) 'example_trigger_controller_dag' retrieved from /home/airflow/.local/lib/python3.12/site-packages/airflow/example_dags/example_trigger_controller_dag.py
[2024-06-07T02:06:55.692+0000] {logging_mixin.py:188} INFO - [2024-06-07T02:06:55.691+0000] {dag.py:3096} INFO - Sync 1 DAGs
[2024-06-07T02:06:55.774+0000] {logging_mixin.py:188} INFO - [2024-06-07T02:06:55.773+0000] {dag.py:3954} INFO - Setting next_dagrun for example_trigger_controller_dag to 2021-01-01 00:00:00+00:00, run_after=2021-01-01 00:00:00+00:00
[2024-06-07T02:06:55.822+0000] {processor.py:183} INFO - Processing /home/airflow/.local/lib/python3.12/site-packages/airflow/example_dags/example_trigger_controller_dag.py took 0.204 seconds
[2024-06-07T02:07:26.549+0000] {processor.py:161} INFO - Started process (PID=9214) to work on /home/airflow/.local/lib/python3.12/site-packages/airflow/example_dags/example_trigger_controller_dag.py
[2024-06-07T02:07:26.552+0000] {processor.py:830} INFO - Processing file /home/airflow/.local/lib/python3.12/site-packages/airflow/example_dags/example_trigger_controller_dag.py for tasks to queue
[2024-06-07T02:07:26.555+0000] {logging_mixin.py:188} INFO - [2024-06-07T02:07:26.555+0000] {dagbag.py:545} INFO - Filling up the DagBag from /home/airflow/.local/lib/python3.12/site-packages/airflow/example_dags/example_trigger_controller_dag.py
[2024-06-07T02:07:26.565+0000] {processor.py:840} INFO - DAG(s) 'example_trigger_controller_dag' retrieved from /home/airflow/.local/lib/python3.12/site-packages/airflow/example_dags/example_trigger_controller_dag.py
[2024-06-07T02:07:26.611+0000] {logging_mixin.py:188} INFO - [2024-06-07T02:07:26.610+0000] {dag.py:3096} INFO - Sync 1 DAGs
[2024-06-07T02:07:26.654+0000] {logging_mixin.py:188} INFO - [2024-06-07T02:07:26.654+0000] {dag.py:3954} INFO - Setting next_dagrun for example_trigger_controller_dag to 2021-01-01 00:00:00+00:00, run_after=2021-01-01 00:00:00+00:00
[2024-06-07T02:07:26.695+0000] {processor.py:183} INFO - Processing /home/airflow/.local/lib/python3.12/site-packages/airflow/example_dags/example_trigger_controller_dag.py took 0.158 seconds
[2024-06-07T02:07:57.742+0000] {processor.py:161} INFO - Started process (PID=9267) to work on /home/airflow/.local/lib/python3.12/site-packages/airflow/example_dags/example_trigger_controller_dag.py
[2024-06-07T02:07:57.744+0000] {processor.py:830} INFO - Processing file /home/airflow/.local/lib/python3.12/site-packages/airflow/example_dags/example_trigger_controller_dag.py for tasks to queue
[2024-06-07T02:07:57.747+0000] {logging_mixin.py:188} INFO - [2024-06-07T02:07:57.746+0000] {dagbag.py:545} INFO - Filling up the DagBag from /home/airflow/.local/lib/python3.12/site-packages/airflow/example_dags/example_trigger_controller_dag.py
[2024-06-07T02:07:57.759+0000] {processor.py:840} INFO - DAG(s) 'example_trigger_controller_dag' retrieved from /home/airflow/.local/lib/python3.12/site-packages/airflow/example_dags/example_trigger_controller_dag.py
[2024-06-07T02:07:57.803+0000] {logging_mixin.py:188} INFO - [2024-06-07T02:07:57.803+0000] {dag.py:3096} INFO - Sync 1 DAGs
[2024-06-07T02:07:57.846+0000] {logging_mixin.py:188} INFO - [2024-06-07T02:07:57.845+0000] {dag.py:3954} INFO - Setting next_dagrun for example_trigger_controller_dag to 2021-01-01 00:00:00+00:00, run_after=2021-01-01 00:00:00+00:00
[2024-06-07T02:07:57.898+0000] {processor.py:183} INFO - Processing /home/airflow/.local/lib/python3.12/site-packages/airflow/example_dags/example_trigger_controller_dag.py took 0.168 seconds
[2024-06-07T02:08:28.308+0000] {processor.py:161} INFO - Started process (PID=9319) to work on /home/airflow/.local/lib/python3.12/site-packages/airflow/example_dags/example_trigger_controller_dag.py
[2024-06-07T02:08:28.311+0000] {processor.py:830} INFO - Processing file /home/airflow/.local/lib/python3.12/site-packages/airflow/example_dags/example_trigger_controller_dag.py for tasks to queue
[2024-06-07T02:08:28.314+0000] {logging_mixin.py:188} INFO - [2024-06-07T02:08:28.313+0000] {dagbag.py:545} INFO - Filling up the DagBag from /home/airflow/.local/lib/python3.12/site-packages/airflow/example_dags/example_trigger_controller_dag.py
[2024-06-07T02:08:28.325+0000] {processor.py:840} INFO - DAG(s) 'example_trigger_controller_dag' retrieved from /home/airflow/.local/lib/python3.12/site-packages/airflow/example_dags/example_trigger_controller_dag.py
[2024-06-07T02:08:28.379+0000] {logging_mixin.py:188} INFO - [2024-06-07T02:08:28.379+0000] {dag.py:3096} INFO - Sync 1 DAGs
[2024-06-07T02:08:28.425+0000] {logging_mixin.py:188} INFO - [2024-06-07T02:08:28.425+0000] {dag.py:3954} INFO - Setting next_dagrun for example_trigger_controller_dag to 2021-01-01 00:00:00+00:00, run_after=2021-01-01 00:00:00+00:00
[2024-06-07T02:08:28.468+0000] {processor.py:183} INFO - Processing /home/airflow/.local/lib/python3.12/site-packages/airflow/example_dags/example_trigger_controller_dag.py took 0.174 seconds
[2024-06-07T02:08:58.923+0000] {processor.py:161} INFO - Started process (PID=9372) to work on /home/airflow/.local/lib/python3.12/site-packages/airflow/example_dags/example_trigger_controller_dag.py
[2024-06-07T02:08:58.925+0000] {processor.py:830} INFO - Processing file /home/airflow/.local/lib/python3.12/site-packages/airflow/example_dags/example_trigger_controller_dag.py for tasks to queue
[2024-06-07T02:08:58.928+0000] {logging_mixin.py:188} INFO - [2024-06-07T02:08:58.927+0000] {dagbag.py:545} INFO - Filling up the DagBag from /home/airflow/.local/lib/python3.12/site-packages/airflow/example_dags/example_trigger_controller_dag.py
[2024-06-07T02:08:58.937+0000] {processor.py:840} INFO - DAG(s) 'example_trigger_controller_dag' retrieved from /home/airflow/.local/lib/python3.12/site-packages/airflow/example_dags/example_trigger_controller_dag.py
[2024-06-07T02:08:58.983+0000] {logging_mixin.py:188} INFO - [2024-06-07T02:08:58.982+0000] {dag.py:3096} INFO - Sync 1 DAGs
[2024-06-07T02:08:59.036+0000] {logging_mixin.py:188} INFO - [2024-06-07T02:08:59.035+0000] {dag.py:3954} INFO - Setting next_dagrun for example_trigger_controller_dag to 2021-01-01 00:00:00+00:00, run_after=2021-01-01 00:00:00+00:00
[2024-06-07T02:08:59.070+0000] {processor.py:183} INFO - Processing /home/airflow/.local/lib/python3.12/site-packages/airflow/example_dags/example_trigger_controller_dag.py took 0.159 seconds
[2024-06-07T02:09:29.467+0000] {processor.py:161} INFO - Started process (PID=9425) to work on /home/airflow/.local/lib/python3.12/site-packages/airflow/example_dags/example_trigger_controller_dag.py
[2024-06-07T02:09:29.477+0000] {processor.py:830} INFO - Processing file /home/airflow/.local/lib/python3.12/site-packages/airflow/example_dags/example_trigger_controller_dag.py for tasks to queue
[2024-06-07T02:09:29.482+0000] {logging_mixin.py:188} INFO - [2024-06-07T02:09:29.480+0000] {dagbag.py:545} INFO - Filling up the DagBag from /home/airflow/.local/lib/python3.12/site-packages/airflow/example_dags/example_trigger_controller_dag.py
[2024-06-07T02:09:29.505+0000] {processor.py:840} INFO - DAG(s) 'example_trigger_controller_dag' retrieved from /home/airflow/.local/lib/python3.12/site-packages/airflow/example_dags/example_trigger_controller_dag.py
[2024-06-07T02:09:29.589+0000] {logging_mixin.py:188} INFO - [2024-06-07T02:09:29.589+0000] {dag.py:3096} INFO - Sync 1 DAGs
[2024-06-07T02:09:29.676+0000] {logging_mixin.py:188} INFO - [2024-06-07T02:09:29.675+0000] {dag.py:3954} INFO - Setting next_dagrun for example_trigger_controller_dag to 2021-01-01 00:00:00+00:00, run_after=2021-01-01 00:00:00+00:00
[2024-06-07T02:09:29.745+0000] {processor.py:183} INFO - Processing /home/airflow/.local/lib/python3.12/site-packages/airflow/example_dags/example_trigger_controller_dag.py took 0.319 seconds
[2024-06-07T02:10:00.774+0000] {processor.py:161} INFO - Started process (PID=9478) to work on /home/airflow/.local/lib/python3.12/site-packages/airflow/example_dags/example_trigger_controller_dag.py
[2024-06-07T02:10:00.776+0000] {processor.py:830} INFO - Processing file /home/airflow/.local/lib/python3.12/site-packages/airflow/example_dags/example_trigger_controller_dag.py for tasks to queue
[2024-06-07T02:10:00.778+0000] {logging_mixin.py:188} INFO - [2024-06-07T02:10:00.778+0000] {dagbag.py:545} INFO - Filling up the DagBag from /home/airflow/.local/lib/python3.12/site-packages/airflow/example_dags/example_trigger_controller_dag.py
[2024-06-07T02:10:00.789+0000] {processor.py:840} INFO - DAG(s) 'example_trigger_controller_dag' retrieved from /home/airflow/.local/lib/python3.12/site-packages/airflow/example_dags/example_trigger_controller_dag.py
[2024-06-07T02:10:00.832+0000] {logging_mixin.py:188} INFO - [2024-06-07T02:10:00.831+0000] {dag.py:3096} INFO - Sync 1 DAGs
[2024-06-07T02:10:00.873+0000] {logging_mixin.py:188} INFO - [2024-06-07T02:10:00.872+0000] {dag.py:3954} INFO - Setting next_dagrun for example_trigger_controller_dag to 2021-01-01 00:00:00+00:00, run_after=2021-01-01 00:00:00+00:00
[2024-06-07T02:10:00.922+0000] {processor.py:183} INFO - Processing /home/airflow/.local/lib/python3.12/site-packages/airflow/example_dags/example_trigger_controller_dag.py took 0.159 seconds
[2024-06-07T02:10:31.073+0000] {processor.py:161} INFO - Started process (PID=9531) to work on /home/airflow/.local/lib/python3.12/site-packages/airflow/example_dags/example_trigger_controller_dag.py
[2024-06-07T02:10:31.084+0000] {processor.py:830} INFO - Processing file /home/airflow/.local/lib/python3.12/site-packages/airflow/example_dags/example_trigger_controller_dag.py for tasks to queue
[2024-06-07T02:10:31.089+0000] {logging_mixin.py:188} INFO - [2024-06-07T02:10:31.087+0000] {dagbag.py:545} INFO - Filling up the DagBag from /home/airflow/.local/lib/python3.12/site-packages/airflow/example_dags/example_trigger_controller_dag.py
[2024-06-07T02:10:31.138+0000] {processor.py:840} INFO - DAG(s) 'example_trigger_controller_dag' retrieved from /home/airflow/.local/lib/python3.12/site-packages/airflow/example_dags/example_trigger_controller_dag.py
[2024-06-07T02:10:31.320+0000] {logging_mixin.py:188} INFO - [2024-06-07T02:10:31.313+0000] {dag.py:3096} INFO - Sync 1 DAGs
[2024-06-07T02:10:31.412+0000] {logging_mixin.py:188} INFO - [2024-06-07T02:10:31.411+0000] {dag.py:3954} INFO - Setting next_dagrun for example_trigger_controller_dag to 2021-01-01 00:00:00+00:00, run_after=2021-01-01 00:00:00+00:00
[2024-06-07T02:10:31.516+0000] {processor.py:183} INFO - Processing /home/airflow/.local/lib/python3.12/site-packages/airflow/example_dags/example_trigger_controller_dag.py took 0.458 seconds
[2024-06-07T02:11:02.383+0000] {processor.py:161} INFO - Started process (PID=9584) to work on /home/airflow/.local/lib/python3.12/site-packages/airflow/example_dags/example_trigger_controller_dag.py
[2024-06-07T02:11:02.386+0000] {processor.py:830} INFO - Processing file /home/airflow/.local/lib/python3.12/site-packages/airflow/example_dags/example_trigger_controller_dag.py for tasks to queue
[2024-06-07T02:11:02.389+0000] {logging_mixin.py:188} INFO - [2024-06-07T02:11:02.388+0000] {dagbag.py:545} INFO - Filling up the DagBag from /home/airflow/.local/lib/python3.12/site-packages/airflow/example_dags/example_trigger_controller_dag.py
[2024-06-07T02:11:02.404+0000] {processor.py:840} INFO - DAG(s) 'example_trigger_controller_dag' retrieved from /home/airflow/.local/lib/python3.12/site-packages/airflow/example_dags/example_trigger_controller_dag.py
[2024-06-07T02:11:02.467+0000] {logging_mixin.py:188} INFO - [2024-06-07T02:11:02.466+0000] {dag.py:3096} INFO - Sync 1 DAGs
[2024-06-07T02:11:02.531+0000] {logging_mixin.py:188} INFO - [2024-06-07T02:11:02.531+0000] {dag.py:3954} INFO - Setting next_dagrun for example_trigger_controller_dag to 2021-01-01 00:00:00+00:00, run_after=2021-01-01 00:00:00+00:00
[2024-06-07T02:11:02.589+0000] {processor.py:183} INFO - Processing /home/airflow/.local/lib/python3.12/site-packages/airflow/example_dags/example_trigger_controller_dag.py took 0.218 seconds
[2024-06-07T02:11:32.754+0000] {processor.py:161} INFO - Started process (PID=9637) to work on /home/airflow/.local/lib/python3.12/site-packages/airflow/example_dags/example_trigger_controller_dag.py
[2024-06-07T02:11:32.755+0000] {processor.py:830} INFO - Processing file /home/airflow/.local/lib/python3.12/site-packages/airflow/example_dags/example_trigger_controller_dag.py for tasks to queue
[2024-06-07T02:11:32.757+0000] {logging_mixin.py:188} INFO - [2024-06-07T02:11:32.756+0000] {dagbag.py:545} INFO - Filling up the DagBag from /home/airflow/.local/lib/python3.12/site-packages/airflow/example_dags/example_trigger_controller_dag.py
[2024-06-07T02:11:32.764+0000] {processor.py:840} INFO - DAG(s) 'example_trigger_controller_dag' retrieved from /home/airflow/.local/lib/python3.12/site-packages/airflow/example_dags/example_trigger_controller_dag.py
[2024-06-07T02:11:32.792+0000] {logging_mixin.py:188} INFO - [2024-06-07T02:11:32.792+0000] {dag.py:3096} INFO - Sync 1 DAGs
[2024-06-07T02:11:32.829+0000] {logging_mixin.py:188} INFO - [2024-06-07T02:11:32.829+0000] {dag.py:3954} INFO - Setting next_dagrun for example_trigger_controller_dag to 2021-01-01 00:00:00+00:00, run_after=2021-01-01 00:00:00+00:00
[2024-06-07T02:11:32.858+0000] {processor.py:183} INFO - Processing /home/airflow/.local/lib/python3.12/site-packages/airflow/example_dags/example_trigger_controller_dag.py took 0.111 seconds
[2024-06-07T14:01:09.755+0000] {processor.py:161} INFO - Started process (PID=9659) to work on /home/airflow/.local/lib/python3.12/site-packages/airflow/example_dags/example_trigger_controller_dag.py
[2024-06-07T14:01:09.869+0000] {processor.py:830} INFO - Processing file /home/airflow/.local/lib/python3.12/site-packages/airflow/example_dags/example_trigger_controller_dag.py for tasks to queue
[2024-06-07T14:01:09.921+0000] {logging_mixin.py:188} INFO - [2024-06-07T14:01:09.920+0000] {dagbag.py:545} INFO - Filling up the DagBag from /home/airflow/.local/lib/python3.12/site-packages/airflow/example_dags/example_trigger_controller_dag.py
[2024-06-07T14:01:10.045+0000] {processor.py:840} INFO - DAG(s) 'example_trigger_controller_dag' retrieved from /home/airflow/.local/lib/python3.12/site-packages/airflow/example_dags/example_trigger_controller_dag.py
[2024-06-07T14:01:10.223+0000] {logging_mixin.py:188} INFO - [2024-06-07T14:01:10.222+0000] {dag.py:3096} INFO - Sync 1 DAGs
[2024-06-07T14:01:10.476+0000] {logging_mixin.py:188} INFO - [2024-06-07T14:01:10.476+0000] {dag.py:3954} INFO - Setting next_dagrun for example_trigger_controller_dag to 2021-01-01 00:00:00+00:00, run_after=2021-01-01 00:00:00+00:00
[2024-06-07T14:01:10.828+0000] {processor.py:183} INFO - Processing /home/airflow/.local/lib/python3.12/site-packages/airflow/example_dags/example_trigger_controller_dag.py took 1.099 seconds
[2024-06-07T14:01:40.908+0000] {processor.py:161} INFO - Started process (PID=9712) to work on /home/airflow/.local/lib/python3.12/site-packages/airflow/example_dags/example_trigger_controller_dag.py
[2024-06-07T14:01:40.909+0000] {processor.py:830} INFO - Processing file /home/airflow/.local/lib/python3.12/site-packages/airflow/example_dags/example_trigger_controller_dag.py for tasks to queue
[2024-06-07T14:01:40.910+0000] {logging_mixin.py:188} INFO - [2024-06-07T14:01:40.910+0000] {dagbag.py:545} INFO - Filling up the DagBag from /home/airflow/.local/lib/python3.12/site-packages/airflow/example_dags/example_trigger_controller_dag.py
[2024-06-07T14:01:40.916+0000] {processor.py:840} INFO - DAG(s) 'example_trigger_controller_dag' retrieved from /home/airflow/.local/lib/python3.12/site-packages/airflow/example_dags/example_trigger_controller_dag.py
[2024-06-07T14:01:40.938+0000] {logging_mixin.py:188} INFO - [2024-06-07T14:01:40.938+0000] {dag.py:3096} INFO - Sync 1 DAGs
[2024-06-07T14:01:40.960+0000] {logging_mixin.py:188} INFO - [2024-06-07T14:01:40.959+0000] {dag.py:3954} INFO - Setting next_dagrun for example_trigger_controller_dag to 2021-01-01 00:00:00+00:00, run_after=2021-01-01 00:00:00+00:00
[2024-06-07T14:01:40.981+0000] {processor.py:183} INFO - Processing /home/airflow/.local/lib/python3.12/site-packages/airflow/example_dags/example_trigger_controller_dag.py took 0.079 seconds
