[2024-06-07T02:01:19.153+0000] {processor.py:161} INFO - Started process (PID=8603) to work on /home/airflow/.local/lib/python3.12/site-packages/airflow/example_dags/example_complex.py
[2024-06-07T02:01:19.155+0000] {processor.py:830} INFO - Processing file /home/airflow/.local/lib/python3.12/site-packages/airflow/example_dags/example_complex.py for tasks to queue
[2024-06-07T02:01:19.157+0000] {logging_mixin.py:188} INFO - [2024-06-07T02:01:19.157+0000] {dagbag.py:545} INFO - Filling up the DagBag from /home/airflow/.local/lib/python3.12/site-packages/airflow/example_dags/example_complex.py
[2024-06-07T02:01:19.181+0000] {processor.py:840} INFO - DAG(s) 'example_complex' retrieved from /home/airflow/.local/lib/python3.12/site-packages/airflow/example_dags/example_complex.py
[2024-06-07T02:01:19.251+0000] {logging_mixin.py:188} INFO - [2024-06-07T02:01:19.251+0000] {dag.py:3096} INFO - Sync 1 DAGs
[2024-06-07T02:01:19.278+0000] {logging_mixin.py:188} INFO - [2024-06-07T02:01:19.277+0000] {dag.py:3954} INFO - Setting next_dagrun for example_complex to None, run_after=None
[2024-06-07T02:01:19.344+0000] {processor.py:183} INFO - Processing /home/airflow/.local/lib/python3.12/site-packages/airflow/example_dags/example_complex.py took 0.204 seconds
[2024-06-07T02:01:49.938+0000] {processor.py:161} INFO - Started process (PID=8656) to work on /home/airflow/.local/lib/python3.12/site-packages/airflow/example_dags/example_complex.py
[2024-06-07T02:01:49.941+0000] {processor.py:830} INFO - Processing file /home/airflow/.local/lib/python3.12/site-packages/airflow/example_dags/example_complex.py for tasks to queue
[2024-06-07T02:01:49.944+0000] {logging_mixin.py:188} INFO - [2024-06-07T02:01:49.943+0000] {dagbag.py:545} INFO - Filling up the DagBag from /home/airflow/.local/lib/python3.12/site-packages/airflow/example_dags/example_complex.py
[2024-06-07T02:01:49.965+0000] {processor.py:840} INFO - DAG(s) 'example_complex' retrieved from /home/airflow/.local/lib/python3.12/site-packages/airflow/example_dags/example_complex.py
[2024-06-07T02:01:50.029+0000] {logging_mixin.py:188} INFO - [2024-06-07T02:01:50.028+0000] {dag.py:3096} INFO - Sync 1 DAGs
[2024-06-07T02:01:50.055+0000] {logging_mixin.py:188} INFO - [2024-06-07T02:01:50.054+0000] {dag.py:3954} INFO - Setting next_dagrun for example_complex to None, run_after=None
[2024-06-07T02:01:50.096+0000] {processor.py:183} INFO - Processing /home/airflow/.local/lib/python3.12/site-packages/airflow/example_dags/example_complex.py took 0.171 seconds
[2024-06-07T02:02:20.646+0000] {processor.py:161} INFO - Started process (PID=8709) to work on /home/airflow/.local/lib/python3.12/site-packages/airflow/example_dags/example_complex.py
[2024-06-07T02:02:20.666+0000] {processor.py:830} INFO - Processing file /home/airflow/.local/lib/python3.12/site-packages/airflow/example_dags/example_complex.py for tasks to queue
[2024-06-07T02:02:20.685+0000] {logging_mixin.py:188} INFO - [2024-06-07T02:02:20.684+0000] {dagbag.py:545} INFO - Filling up the DagBag from /home/airflow/.local/lib/python3.12/site-packages/airflow/example_dags/example_complex.py
[2024-06-07T02:02:20.736+0000] {processor.py:840} INFO - DAG(s) 'example_complex' retrieved from /home/airflow/.local/lib/python3.12/site-packages/airflow/example_dags/example_complex.py
[2024-06-07T02:02:20.811+0000] {logging_mixin.py:188} INFO - [2024-06-07T02:02:20.810+0000] {dag.py:3096} INFO - Sync 1 DAGs
[2024-06-07T02:02:20.840+0000] {logging_mixin.py:188} INFO - [2024-06-07T02:02:20.840+0000] {dag.py:3954} INFO - Setting next_dagrun for example_complex to None, run_after=None
[2024-06-07T02:02:20.893+0000] {processor.py:183} INFO - Processing /home/airflow/.local/lib/python3.12/site-packages/airflow/example_dags/example_complex.py took 0.262 seconds
[2024-06-07T02:02:51.133+0000] {processor.py:161} INFO - Started process (PID=8762) to work on /home/airflow/.local/lib/python3.12/site-packages/airflow/example_dags/example_complex.py
[2024-06-07T02:02:51.136+0000] {processor.py:830} INFO - Processing file /home/airflow/.local/lib/python3.12/site-packages/airflow/example_dags/example_complex.py for tasks to queue
[2024-06-07T02:02:51.138+0000] {logging_mixin.py:188} INFO - [2024-06-07T02:02:51.137+0000] {dagbag.py:545} INFO - Filling up the DagBag from /home/airflow/.local/lib/python3.12/site-packages/airflow/example_dags/example_complex.py
[2024-06-07T02:02:51.156+0000] {processor.py:840} INFO - DAG(s) 'example_complex' retrieved from /home/airflow/.local/lib/python3.12/site-packages/airflow/example_dags/example_complex.py
[2024-06-07T02:02:51.218+0000] {logging_mixin.py:188} INFO - [2024-06-07T02:02:51.217+0000] {dag.py:3096} INFO - Sync 1 DAGs
[2024-06-07T02:02:51.244+0000] {logging_mixin.py:188} INFO - [2024-06-07T02:02:51.243+0000] {dag.py:3954} INFO - Setting next_dagrun for example_complex to None, run_after=None
[2024-06-07T02:02:51.284+0000] {processor.py:183} INFO - Processing /home/airflow/.local/lib/python3.12/site-packages/airflow/example_dags/example_complex.py took 0.161 seconds
[2024-06-07T02:03:22.069+0000] {processor.py:161} INFO - Started process (PID=8815) to work on /home/airflow/.local/lib/python3.12/site-packages/airflow/example_dags/example_complex.py
[2024-06-07T02:03:22.071+0000] {processor.py:830} INFO - Processing file /home/airflow/.local/lib/python3.12/site-packages/airflow/example_dags/example_complex.py for tasks to queue
[2024-06-07T02:03:22.075+0000] {logging_mixin.py:188} INFO - [2024-06-07T02:03:22.073+0000] {dagbag.py:545} INFO - Filling up the DagBag from /home/airflow/.local/lib/python3.12/site-packages/airflow/example_dags/example_complex.py
[2024-06-07T02:03:22.105+0000] {processor.py:840} INFO - DAG(s) 'example_complex' retrieved from /home/airflow/.local/lib/python3.12/site-packages/airflow/example_dags/example_complex.py
[2024-06-07T02:03:22.177+0000] {logging_mixin.py:188} INFO - [2024-06-07T02:03:22.176+0000] {dag.py:3096} INFO - Sync 1 DAGs
[2024-06-07T02:03:22.203+0000] {logging_mixin.py:188} INFO - [2024-06-07T02:03:22.202+0000] {dag.py:3954} INFO - Setting next_dagrun for example_complex to None, run_after=None
[2024-06-07T02:03:22.255+0000] {processor.py:183} INFO - Processing /home/airflow/.local/lib/python3.12/site-packages/airflow/example_dags/example_complex.py took 0.206 seconds
[2024-06-07T02:03:53.401+0000] {processor.py:161} INFO - Started process (PID=8868) to work on /home/airflow/.local/lib/python3.12/site-packages/airflow/example_dags/example_complex.py
[2024-06-07T02:03:53.404+0000] {processor.py:830} INFO - Processing file /home/airflow/.local/lib/python3.12/site-packages/airflow/example_dags/example_complex.py for tasks to queue
[2024-06-07T02:03:53.407+0000] {logging_mixin.py:188} INFO - [2024-06-07T02:03:53.406+0000] {dagbag.py:545} INFO - Filling up the DagBag from /home/airflow/.local/lib/python3.12/site-packages/airflow/example_dags/example_complex.py
[2024-06-07T02:03:53.427+0000] {processor.py:840} INFO - DAG(s) 'example_complex' retrieved from /home/airflow/.local/lib/python3.12/site-packages/airflow/example_dags/example_complex.py
[2024-06-07T02:03:53.491+0000] {logging_mixin.py:188} INFO - [2024-06-07T02:03:53.491+0000] {dag.py:3096} INFO - Sync 1 DAGs
[2024-06-07T02:03:53.522+0000] {logging_mixin.py:188} INFO - [2024-06-07T02:03:53.522+0000] {dag.py:3954} INFO - Setting next_dagrun for example_complex to None, run_after=None
[2024-06-07T02:03:53.567+0000] {processor.py:183} INFO - Processing /home/airflow/.local/lib/python3.12/site-packages/airflow/example_dags/example_complex.py took 0.179 seconds
[2024-06-07T02:04:24.290+0000] {processor.py:161} INFO - Started process (PID=8921) to work on /home/airflow/.local/lib/python3.12/site-packages/airflow/example_dags/example_complex.py
[2024-06-07T02:04:24.292+0000] {processor.py:830} INFO - Processing file /home/airflow/.local/lib/python3.12/site-packages/airflow/example_dags/example_complex.py for tasks to queue
[2024-06-07T02:04:24.295+0000] {logging_mixin.py:188} INFO - [2024-06-07T02:04:24.295+0000] {dagbag.py:545} INFO - Filling up the DagBag from /home/airflow/.local/lib/python3.12/site-packages/airflow/example_dags/example_complex.py
[2024-06-07T02:04:24.315+0000] {processor.py:840} INFO - DAG(s) 'example_complex' retrieved from /home/airflow/.local/lib/python3.12/site-packages/airflow/example_dags/example_complex.py
[2024-06-07T02:04:24.383+0000] {logging_mixin.py:188} INFO - [2024-06-07T02:04:24.383+0000] {dag.py:3096} INFO - Sync 1 DAGs
[2024-06-07T02:04:24.408+0000] {logging_mixin.py:188} INFO - [2024-06-07T02:04:24.407+0000] {dag.py:3954} INFO - Setting next_dagrun for example_complex to None, run_after=None
[2024-06-07T02:04:24.454+0000] {processor.py:183} INFO - Processing /home/airflow/.local/lib/python3.12/site-packages/airflow/example_dags/example_complex.py took 0.176 seconds
[2024-06-07T02:04:55.103+0000] {processor.py:161} INFO - Started process (PID=8974) to work on /home/airflow/.local/lib/python3.12/site-packages/airflow/example_dags/example_complex.py
[2024-06-07T02:04:55.105+0000] {processor.py:830} INFO - Processing file /home/airflow/.local/lib/python3.12/site-packages/airflow/example_dags/example_complex.py for tasks to queue
[2024-06-07T02:04:55.107+0000] {logging_mixin.py:188} INFO - [2024-06-07T02:04:55.107+0000] {dagbag.py:545} INFO - Filling up the DagBag from /home/airflow/.local/lib/python3.12/site-packages/airflow/example_dags/example_complex.py
[2024-06-07T02:04:55.124+0000] {processor.py:840} INFO - DAG(s) 'example_complex' retrieved from /home/airflow/.local/lib/python3.12/site-packages/airflow/example_dags/example_complex.py
[2024-06-07T02:04:55.185+0000] {logging_mixin.py:188} INFO - [2024-06-07T02:04:55.184+0000] {dag.py:3096} INFO - Sync 1 DAGs
[2024-06-07T02:04:55.211+0000] {logging_mixin.py:188} INFO - [2024-06-07T02:04:55.210+0000] {dag.py:3954} INFO - Setting next_dagrun for example_complex to None, run_after=None
[2024-06-07T02:04:55.251+0000] {processor.py:183} INFO - Processing /home/airflow/.local/lib/python3.12/site-packages/airflow/example_dags/example_complex.py took 0.158 seconds
[2024-06-07T02:05:26.662+0000] {processor.py:161} INFO - Started process (PID=9027) to work on /home/airflow/.local/lib/python3.12/site-packages/airflow/example_dags/example_complex.py
[2024-06-07T02:05:26.665+0000] {processor.py:830} INFO - Processing file /home/airflow/.local/lib/python3.12/site-packages/airflow/example_dags/example_complex.py for tasks to queue
[2024-06-07T02:05:26.667+0000] {logging_mixin.py:188} INFO - [2024-06-07T02:05:26.667+0000] {dagbag.py:545} INFO - Filling up the DagBag from /home/airflow/.local/lib/python3.12/site-packages/airflow/example_dags/example_complex.py
[2024-06-07T02:05:26.686+0000] {processor.py:840} INFO - DAG(s) 'example_complex' retrieved from /home/airflow/.local/lib/python3.12/site-packages/airflow/example_dags/example_complex.py
[2024-06-07T02:05:26.753+0000] {logging_mixin.py:188} INFO - [2024-06-07T02:05:26.752+0000] {dag.py:3096} INFO - Sync 1 DAGs
[2024-06-07T02:05:26.781+0000] {logging_mixin.py:188} INFO - [2024-06-07T02:05:26.780+0000] {dag.py:3954} INFO - Setting next_dagrun for example_complex to None, run_after=None
[2024-06-07T02:05:26.825+0000] {processor.py:183} INFO - Processing /home/airflow/.local/lib/python3.12/site-packages/airflow/example_dags/example_complex.py took 0.174 seconds
[2024-06-07T02:05:57.344+0000] {processor.py:161} INFO - Started process (PID=9080) to work on /home/airflow/.local/lib/python3.12/site-packages/airflow/example_dags/example_complex.py
[2024-06-07T02:05:57.347+0000] {processor.py:830} INFO - Processing file /home/airflow/.local/lib/python3.12/site-packages/airflow/example_dags/example_complex.py for tasks to queue
[2024-06-07T02:05:57.350+0000] {logging_mixin.py:188} INFO - [2024-06-07T02:05:57.349+0000] {dagbag.py:545} INFO - Filling up the DagBag from /home/airflow/.local/lib/python3.12/site-packages/airflow/example_dags/example_complex.py
[2024-06-07T02:05:57.370+0000] {processor.py:840} INFO - DAG(s) 'example_complex' retrieved from /home/airflow/.local/lib/python3.12/site-packages/airflow/example_dags/example_complex.py
[2024-06-07T02:05:57.439+0000] {logging_mixin.py:188} INFO - [2024-06-07T02:05:57.439+0000] {dag.py:3096} INFO - Sync 1 DAGs
[2024-06-07T02:05:57.479+0000] {logging_mixin.py:188} INFO - [2024-06-07T02:05:57.478+0000] {dag.py:3954} INFO - Setting next_dagrun for example_complex to None, run_after=None
[2024-06-07T02:05:57.556+0000] {processor.py:183} INFO - Processing /home/airflow/.local/lib/python3.12/site-packages/airflow/example_dags/example_complex.py took 0.231 seconds
[2024-06-07T02:06:28.024+0000] {processor.py:161} INFO - Started process (PID=9133) to work on /home/airflow/.local/lib/python3.12/site-packages/airflow/example_dags/example_complex.py
[2024-06-07T02:06:28.027+0000] {processor.py:830} INFO - Processing file /home/airflow/.local/lib/python3.12/site-packages/airflow/example_dags/example_complex.py for tasks to queue
[2024-06-07T02:06:28.030+0000] {logging_mixin.py:188} INFO - [2024-06-07T02:06:28.029+0000] {dagbag.py:545} INFO - Filling up the DagBag from /home/airflow/.local/lib/python3.12/site-packages/airflow/example_dags/example_complex.py
[2024-06-07T02:06:28.051+0000] {processor.py:840} INFO - DAG(s) 'example_complex' retrieved from /home/airflow/.local/lib/python3.12/site-packages/airflow/example_dags/example_complex.py
[2024-06-07T02:06:28.123+0000] {logging_mixin.py:188} INFO - [2024-06-07T02:06:28.122+0000] {dag.py:3096} INFO - Sync 1 DAGs
[2024-06-07T02:06:28.156+0000] {logging_mixin.py:188} INFO - [2024-06-07T02:06:28.156+0000] {dag.py:3954} INFO - Setting next_dagrun for example_complex to None, run_after=None
[2024-06-07T02:06:28.203+0000] {processor.py:183} INFO - Processing /home/airflow/.local/lib/python3.12/site-packages/airflow/example_dags/example_complex.py took 0.191 seconds
[2024-06-07T02:06:58.921+0000] {processor.py:161} INFO - Started process (PID=9186) to work on /home/airflow/.local/lib/python3.12/site-packages/airflow/example_dags/example_complex.py
[2024-06-07T02:06:58.923+0000] {processor.py:830} INFO - Processing file /home/airflow/.local/lib/python3.12/site-packages/airflow/example_dags/example_complex.py for tasks to queue
[2024-06-07T02:06:58.925+0000] {logging_mixin.py:188} INFO - [2024-06-07T02:06:58.924+0000] {dagbag.py:545} INFO - Filling up the DagBag from /home/airflow/.local/lib/python3.12/site-packages/airflow/example_dags/example_complex.py
[2024-06-07T02:06:58.950+0000] {processor.py:840} INFO - DAG(s) 'example_complex' retrieved from /home/airflow/.local/lib/python3.12/site-packages/airflow/example_dags/example_complex.py
[2024-06-07T02:06:59.020+0000] {logging_mixin.py:188} INFO - [2024-06-07T02:06:59.020+0000] {dag.py:3096} INFO - Sync 1 DAGs
[2024-06-07T02:06:59.049+0000] {logging_mixin.py:188} INFO - [2024-06-07T02:06:59.049+0000] {dag.py:3954} INFO - Setting next_dagrun for example_complex to None, run_after=None
[2024-06-07T02:06:59.093+0000] {processor.py:183} INFO - Processing /home/airflow/.local/lib/python3.12/site-packages/airflow/example_dags/example_complex.py took 0.186 seconds
[2024-06-07T02:07:30.092+0000] {processor.py:161} INFO - Started process (PID=9237) to work on /home/airflow/.local/lib/python3.12/site-packages/airflow/example_dags/example_complex.py
[2024-06-07T02:07:30.095+0000] {processor.py:830} INFO - Processing file /home/airflow/.local/lib/python3.12/site-packages/airflow/example_dags/example_complex.py for tasks to queue
[2024-06-07T02:07:30.098+0000] {logging_mixin.py:188} INFO - [2024-06-07T02:07:30.097+0000] {dagbag.py:545} INFO - Filling up the DagBag from /home/airflow/.local/lib/python3.12/site-packages/airflow/example_dags/example_complex.py
[2024-06-07T02:07:30.120+0000] {processor.py:840} INFO - DAG(s) 'example_complex' retrieved from /home/airflow/.local/lib/python3.12/site-packages/airflow/example_dags/example_complex.py
[2024-06-07T02:07:30.209+0000] {logging_mixin.py:188} INFO - [2024-06-07T02:07:30.208+0000] {dag.py:3096} INFO - Sync 1 DAGs
[2024-06-07T02:07:30.242+0000] {logging_mixin.py:188} INFO - [2024-06-07T02:07:30.242+0000] {dag.py:3954} INFO - Setting next_dagrun for example_complex to None, run_after=None
[2024-06-07T02:07:30.295+0000] {processor.py:183} INFO - Processing /home/airflow/.local/lib/python3.12/site-packages/airflow/example_dags/example_complex.py took 0.232 seconds
[2024-06-07T02:08:01.675+0000] {processor.py:161} INFO - Started process (PID=9290) to work on /home/airflow/.local/lib/python3.12/site-packages/airflow/example_dags/example_complex.py
[2024-06-07T02:08:01.677+0000] {processor.py:830} INFO - Processing file /home/airflow/.local/lib/python3.12/site-packages/airflow/example_dags/example_complex.py for tasks to queue
[2024-06-07T02:08:01.679+0000] {logging_mixin.py:188} INFO - [2024-06-07T02:08:01.678+0000] {dagbag.py:545} INFO - Filling up the DagBag from /home/airflow/.local/lib/python3.12/site-packages/airflow/example_dags/example_complex.py
[2024-06-07T02:08:01.698+0000] {processor.py:840} INFO - DAG(s) 'example_complex' retrieved from /home/airflow/.local/lib/python3.12/site-packages/airflow/example_dags/example_complex.py
[2024-06-07T02:08:01.773+0000] {logging_mixin.py:188} INFO - [2024-06-07T02:08:01.772+0000] {dag.py:3096} INFO - Sync 1 DAGs
[2024-06-07T02:08:01.804+0000] {logging_mixin.py:188} INFO - [2024-06-07T02:08:01.804+0000] {dag.py:3954} INFO - Setting next_dagrun for example_complex to None, run_after=None
[2024-06-07T02:08:01.849+0000] {processor.py:183} INFO - Processing /home/airflow/.local/lib/python3.12/site-packages/airflow/example_dags/example_complex.py took 0.186 seconds
[2024-06-07T02:08:32.785+0000] {processor.py:161} INFO - Started process (PID=9343) to work on /home/airflow/.local/lib/python3.12/site-packages/airflow/example_dags/example_complex.py
[2024-06-07T02:08:32.788+0000] {processor.py:830} INFO - Processing file /home/airflow/.local/lib/python3.12/site-packages/airflow/example_dags/example_complex.py for tasks to queue
[2024-06-07T02:08:32.790+0000] {logging_mixin.py:188} INFO - [2024-06-07T02:08:32.790+0000] {dagbag.py:545} INFO - Filling up the DagBag from /home/airflow/.local/lib/python3.12/site-packages/airflow/example_dags/example_complex.py
[2024-06-07T02:08:32.808+0000] {processor.py:840} INFO - DAG(s) 'example_complex' retrieved from /home/airflow/.local/lib/python3.12/site-packages/airflow/example_dags/example_complex.py
[2024-06-07T02:08:32.889+0000] {logging_mixin.py:188} INFO - [2024-06-07T02:08:32.888+0000] {dag.py:3096} INFO - Sync 1 DAGs
[2024-06-07T02:08:32.917+0000] {logging_mixin.py:188} INFO - [2024-06-07T02:08:32.917+0000] {dag.py:3954} INFO - Setting next_dagrun for example_complex to None, run_after=None
[2024-06-07T02:08:32.965+0000] {processor.py:183} INFO - Processing /home/airflow/.local/lib/python3.12/site-packages/airflow/example_dags/example_complex.py took 0.194 seconds
[2024-06-07T02:09:04.331+0000] {processor.py:161} INFO - Started process (PID=9396) to work on /home/airflow/.local/lib/python3.12/site-packages/airflow/example_dags/example_complex.py
[2024-06-07T02:09:04.335+0000] {processor.py:830} INFO - Processing file /home/airflow/.local/lib/python3.12/site-packages/airflow/example_dags/example_complex.py for tasks to queue
[2024-06-07T02:09:04.339+0000] {logging_mixin.py:188} INFO - [2024-06-07T02:09:04.338+0000] {dagbag.py:545} INFO - Filling up the DagBag from /home/airflow/.local/lib/python3.12/site-packages/airflow/example_dags/example_complex.py
[2024-06-07T02:09:04.363+0000] {processor.py:840} INFO - DAG(s) 'example_complex' retrieved from /home/airflow/.local/lib/python3.12/site-packages/airflow/example_dags/example_complex.py
[2024-06-07T02:09:04.516+0000] {logging_mixin.py:188} INFO - [2024-06-07T02:09:04.515+0000] {dag.py:3096} INFO - Sync 1 DAGs
[2024-06-07T02:09:04.567+0000] {logging_mixin.py:188} INFO - [2024-06-07T02:09:04.566+0000] {dag.py:3954} INFO - Setting next_dagrun for example_complex to None, run_after=None
[2024-06-07T02:09:04.623+0000] {processor.py:183} INFO - Processing /home/airflow/.local/lib/python3.12/site-packages/airflow/example_dags/example_complex.py took 0.303 seconds
[2024-06-07T02:09:35.078+0000] {processor.py:161} INFO - Started process (PID=9449) to work on /home/airflow/.local/lib/python3.12/site-packages/airflow/example_dags/example_complex.py
[2024-06-07T02:09:35.080+0000] {processor.py:830} INFO - Processing file /home/airflow/.local/lib/python3.12/site-packages/airflow/example_dags/example_complex.py for tasks to queue
[2024-06-07T02:09:35.082+0000] {logging_mixin.py:188} INFO - [2024-06-07T02:09:35.081+0000] {dagbag.py:545} INFO - Filling up the DagBag from /home/airflow/.local/lib/python3.12/site-packages/airflow/example_dags/example_complex.py
[2024-06-07T02:09:35.104+0000] {processor.py:840} INFO - DAG(s) 'example_complex' retrieved from /home/airflow/.local/lib/python3.12/site-packages/airflow/example_dags/example_complex.py
[2024-06-07T02:09:35.173+0000] {logging_mixin.py:188} INFO - [2024-06-07T02:09:35.173+0000] {dag.py:3096} INFO - Sync 1 DAGs
[2024-06-07T02:09:35.200+0000] {logging_mixin.py:188} INFO - [2024-06-07T02:09:35.199+0000] {dag.py:3954} INFO - Setting next_dagrun for example_complex to None, run_after=None
[2024-06-07T02:09:35.237+0000] {processor.py:183} INFO - Processing /home/airflow/.local/lib/python3.12/site-packages/airflow/example_dags/example_complex.py took 0.172 seconds
[2024-06-07T02:10:05.614+0000] {processor.py:161} INFO - Started process (PID=9502) to work on /home/airflow/.local/lib/python3.12/site-packages/airflow/example_dags/example_complex.py
[2024-06-07T02:10:05.618+0000] {processor.py:830} INFO - Processing file /home/airflow/.local/lib/python3.12/site-packages/airflow/example_dags/example_complex.py for tasks to queue
[2024-06-07T02:10:05.621+0000] {logging_mixin.py:188} INFO - [2024-06-07T02:10:05.620+0000] {dagbag.py:545} INFO - Filling up the DagBag from /home/airflow/.local/lib/python3.12/site-packages/airflow/example_dags/example_complex.py
[2024-06-07T02:10:05.647+0000] {processor.py:840} INFO - DAG(s) 'example_complex' retrieved from /home/airflow/.local/lib/python3.12/site-packages/airflow/example_dags/example_complex.py
[2024-06-07T02:10:05.746+0000] {logging_mixin.py:188} INFO - [2024-06-07T02:10:05.745+0000] {dag.py:3096} INFO - Sync 1 DAGs
[2024-06-07T02:10:05.778+0000] {logging_mixin.py:188} INFO - [2024-06-07T02:10:05.778+0000] {dag.py:3954} INFO - Setting next_dagrun for example_complex to None, run_after=None
[2024-06-07T02:10:05.837+0000] {processor.py:183} INFO - Processing /home/airflow/.local/lib/python3.12/site-packages/airflow/example_dags/example_complex.py took 0.248 seconds
[2024-06-07T02:10:37.266+0000] {processor.py:161} INFO - Started process (PID=9555) to work on /home/airflow/.local/lib/python3.12/site-packages/airflow/example_dags/example_complex.py
[2024-06-07T02:10:37.269+0000] {processor.py:830} INFO - Processing file /home/airflow/.local/lib/python3.12/site-packages/airflow/example_dags/example_complex.py for tasks to queue
[2024-06-07T02:10:37.272+0000] {logging_mixin.py:188} INFO - [2024-06-07T02:10:37.272+0000] {dagbag.py:545} INFO - Filling up the DagBag from /home/airflow/.local/lib/python3.12/site-packages/airflow/example_dags/example_complex.py
[2024-06-07T02:10:37.291+0000] {processor.py:840} INFO - DAG(s) 'example_complex' retrieved from /home/airflow/.local/lib/python3.12/site-packages/airflow/example_dags/example_complex.py
[2024-06-07T02:10:37.379+0000] {logging_mixin.py:188} INFO - [2024-06-07T02:10:37.378+0000] {dag.py:3096} INFO - Sync 1 DAGs
[2024-06-07T02:10:37.407+0000] {logging_mixin.py:188} INFO - [2024-06-07T02:10:37.406+0000] {dag.py:3954} INFO - Setting next_dagrun for example_complex to None, run_after=None
[2024-06-07T02:10:37.457+0000] {processor.py:183} INFO - Processing /home/airflow/.local/lib/python3.12/site-packages/airflow/example_dags/example_complex.py took 0.203 seconds
[2024-06-07T02:11:07.962+0000] {processor.py:161} INFO - Started process (PID=9608) to work on /home/airflow/.local/lib/python3.12/site-packages/airflow/example_dags/example_complex.py
[2024-06-07T02:11:07.965+0000] {processor.py:830} INFO - Processing file /home/airflow/.local/lib/python3.12/site-packages/airflow/example_dags/example_complex.py for tasks to queue
[2024-06-07T02:11:07.967+0000] {logging_mixin.py:188} INFO - [2024-06-07T02:11:07.966+0000] {dagbag.py:545} INFO - Filling up the DagBag from /home/airflow/.local/lib/python3.12/site-packages/airflow/example_dags/example_complex.py
[2024-06-07T02:11:07.986+0000] {processor.py:840} INFO - DAG(s) 'example_complex' retrieved from /home/airflow/.local/lib/python3.12/site-packages/airflow/example_dags/example_complex.py
[2024-06-07T02:11:08.046+0000] {logging_mixin.py:188} INFO - [2024-06-07T02:11:08.045+0000] {dag.py:3096} INFO - Sync 1 DAGs
[2024-06-07T02:11:08.070+0000] {logging_mixin.py:188} INFO - [2024-06-07T02:11:08.069+0000] {dag.py:3954} INFO - Setting next_dagrun for example_complex to None, run_after=None
[2024-06-07T02:11:08.112+0000] {processor.py:183} INFO - Processing /home/airflow/.local/lib/python3.12/site-packages/airflow/example_dags/example_complex.py took 0.161 seconds
[2024-06-07T14:01:16.047+0000] {processor.py:161} INFO - Started process (PID=9680) to work on /home/airflow/.local/lib/python3.12/site-packages/airflow/example_dags/example_complex.py
[2024-06-07T14:01:16.114+0000] {processor.py:830} INFO - Processing file /home/airflow/.local/lib/python3.12/site-packages/airflow/example_dags/example_complex.py for tasks to queue
[2024-06-07T14:01:16.143+0000] {logging_mixin.py:188} INFO - [2024-06-07T14:01:16.142+0000] {dagbag.py:545} INFO - Filling up the DagBag from /home/airflow/.local/lib/python3.12/site-packages/airflow/example_dags/example_complex.py
[2024-06-07T14:01:16.187+0000] {processor.py:840} INFO - DAG(s) 'example_complex' retrieved from /home/airflow/.local/lib/python3.12/site-packages/airflow/example_dags/example_complex.py
[2024-06-07T14:01:16.302+0000] {logging_mixin.py:188} INFO - [2024-06-07T14:01:16.302+0000] {dag.py:3096} INFO - Sync 1 DAGs
[2024-06-07T14:01:16.375+0000] {logging_mixin.py:188} INFO - [2024-06-07T14:01:16.374+0000] {dag.py:3954} INFO - Setting next_dagrun for example_complex to None, run_after=None
[2024-06-07T14:01:16.561+0000] {processor.py:183} INFO - Processing /home/airflow/.local/lib/python3.12/site-packages/airflow/example_dags/example_complex.py took 0.534 seconds
