[2024-06-07T02:01:20.265+0000] {processor.py:161} INFO - Started process (PID=8608) to work on /home/airflow/.local/lib/python3.12/site-packages/airflow/example_dags/example_datasets.py
[2024-06-07T02:01:20.268+0000] {processor.py:830} INFO - Processing file /home/airflow/.local/lib/python3.12/site-packages/airflow/example_dags/example_datasets.py for tasks to queue
[2024-06-07T02:01:20.272+0000] {logging_mixin.py:188} INFO - [2024-06-07T02:01:20.271+0000] {dagbag.py:545} INFO - Filling up the DagBag from /home/airflow/.local/lib/python3.12/site-packages/airflow/example_dags/example_datasets.py
[2024-06-07T02:01:20.330+0000] {processor.py:840} INFO - DAG(s) 'dataset_produces_2', 'conditional_dataset_and_time_based_timetable', 'consume_1_or_both_2_and_3_with_dataset_expressions', 'dataset_consumes_1', 'dataset_consumes_unknown_never_scheduled', 'consume_1_or_2_with_dataset_expressions', 'dataset_consumes_1_and_2', 'dataset_produces_1', 'consume_1_and_2_with_dataset_expressions', 'dataset_consumes_1_never_scheduled' retrieved from /home/airflow/.local/lib/python3.12/site-packages/airflow/example_dags/example_datasets.py
[2024-06-07T02:01:20.478+0000] {logging_mixin.py:188} INFO - [2024-06-07T02:01:20.477+0000] {dag.py:3096} INFO - Sync 10 DAGs
[2024-06-07T02:01:20.542+0000] {logging_mixin.py:188} INFO - [2024-06-07T02:01:20.542+0000] {dag.py:3954} INFO - Setting next_dagrun for conditional_dataset_and_time_based_timetable to 2024-06-05 01:00:00+00:00, run_after=2024-06-05 01:00:00+00:00
[2024-06-07T02:01:20.553+0000] {logging_mixin.py:188} INFO - [2024-06-07T02:01:20.553+0000] {dag.py:3954} INFO - Setting next_dagrun for consume_1_and_2_with_dataset_expressions to None, run_after=None
[2024-06-07T02:01:20.557+0000] {logging_mixin.py:188} INFO - [2024-06-07T02:01:20.557+0000] {dag.py:3954} INFO - Setting next_dagrun for consume_1_or_2_with_dataset_expressions to None, run_after=None
[2024-06-07T02:01:20.562+0000] {logging_mixin.py:188} INFO - [2024-06-07T02:01:20.561+0000] {dag.py:3954} INFO - Setting next_dagrun for consume_1_or_both_2_and_3_with_dataset_expressions to None, run_after=None
[2024-06-07T02:01:20.568+0000] {logging_mixin.py:188} INFO - [2024-06-07T02:01:20.566+0000] {dag.py:3954} INFO - Setting next_dagrun for dataset_consumes_1 to None, run_after=None
[2024-06-07T02:01:20.573+0000] {logging_mixin.py:188} INFO - [2024-06-07T02:01:20.572+0000] {dag.py:3954} INFO - Setting next_dagrun for dataset_consumes_1_and_2 to None, run_after=None
[2024-06-07T02:01:20.576+0000] {logging_mixin.py:188} INFO - [2024-06-07T02:01:20.576+0000] {dag.py:3954} INFO - Setting next_dagrun for dataset_consumes_1_never_scheduled to None, run_after=None
[2024-06-07T02:01:20.579+0000] {logging_mixin.py:188} INFO - [2024-06-07T02:01:20.579+0000] {dag.py:3954} INFO - Setting next_dagrun for dataset_consumes_unknown_never_scheduled to None, run_after=None
[2024-06-07T02:01:20.588+0000] {logging_mixin.py:188} INFO - [2024-06-07T02:01:20.588+0000] {dag.py:3954} INFO - Setting next_dagrun for dataset_produces_1 to 2024-06-06 00:00:00+00:00, run_after=2024-06-07 00:00:00+00:00
[2024-06-07T02:01:20.592+0000] {logging_mixin.py:188} INFO - [2024-06-07T02:01:20.591+0000] {dag.py:3954} INFO - Setting next_dagrun for dataset_produces_2 to None, run_after=None
[2024-06-07T02:01:20.709+0000] {processor.py:183} INFO - Processing /home/airflow/.local/lib/python3.12/site-packages/airflow/example_dags/example_datasets.py took 0.457 seconds
[2024-06-07T02:01:51.628+0000] {processor.py:161} INFO - Started process (PID=8661) to work on /home/airflow/.local/lib/python3.12/site-packages/airflow/example_dags/example_datasets.py
[2024-06-07T02:01:51.631+0000] {processor.py:830} INFO - Processing file /home/airflow/.local/lib/python3.12/site-packages/airflow/example_dags/example_datasets.py for tasks to queue
[2024-06-07T02:01:51.633+0000] {logging_mixin.py:188} INFO - [2024-06-07T02:01:51.632+0000] {dagbag.py:545} INFO - Filling up the DagBag from /home/airflow/.local/lib/python3.12/site-packages/airflow/example_dags/example_datasets.py
[2024-06-07T02:01:51.662+0000] {processor.py:840} INFO - DAG(s) 'consume_1_and_2_with_dataset_expressions', 'dataset_consumes_1_never_scheduled', 'consume_1_or_both_2_and_3_with_dataset_expressions', 'dataset_produces_2', 'dataset_consumes_1_and_2', 'dataset_consumes_1', 'conditional_dataset_and_time_based_timetable', 'dataset_produces_1', 'consume_1_or_2_with_dataset_expressions', 'dataset_consumes_unknown_never_scheduled' retrieved from /home/airflow/.local/lib/python3.12/site-packages/airflow/example_dags/example_datasets.py
[2024-06-07T02:01:51.769+0000] {logging_mixin.py:188} INFO - [2024-06-07T02:01:51.768+0000] {dag.py:3096} INFO - Sync 10 DAGs
[2024-06-07T02:01:51.830+0000] {logging_mixin.py:188} INFO - [2024-06-07T02:01:51.830+0000] {dag.py:3954} INFO - Setting next_dagrun for conditional_dataset_and_time_based_timetable to 2024-06-05 01:00:00+00:00, run_after=2024-06-05 01:00:00+00:00
[2024-06-07T02:01:51.839+0000] {logging_mixin.py:188} INFO - [2024-06-07T02:01:51.838+0000] {dag.py:3954} INFO - Setting next_dagrun for consume_1_and_2_with_dataset_expressions to None, run_after=None
[2024-06-07T02:01:51.843+0000] {logging_mixin.py:188} INFO - [2024-06-07T02:01:51.842+0000] {dag.py:3954} INFO - Setting next_dagrun for consume_1_or_2_with_dataset_expressions to None, run_after=None
[2024-06-07T02:01:51.846+0000] {logging_mixin.py:188} INFO - [2024-06-07T02:01:51.846+0000] {dag.py:3954} INFO - Setting next_dagrun for consume_1_or_both_2_and_3_with_dataset_expressions to None, run_after=None
[2024-06-07T02:01:51.850+0000] {logging_mixin.py:188} INFO - [2024-06-07T02:01:51.849+0000] {dag.py:3954} INFO - Setting next_dagrun for dataset_consumes_1 to None, run_after=None
[2024-06-07T02:01:51.855+0000] {logging_mixin.py:188} INFO - [2024-06-07T02:01:51.855+0000] {dag.py:3954} INFO - Setting next_dagrun for dataset_consumes_1_and_2 to None, run_after=None
[2024-06-07T02:01:51.859+0000] {logging_mixin.py:188} INFO - [2024-06-07T02:01:51.858+0000] {dag.py:3954} INFO - Setting next_dagrun for dataset_consumes_1_never_scheduled to None, run_after=None
[2024-06-07T02:01:51.862+0000] {logging_mixin.py:188} INFO - [2024-06-07T02:01:51.862+0000] {dag.py:3954} INFO - Setting next_dagrun for dataset_consumes_unknown_never_scheduled to None, run_after=None
[2024-06-07T02:01:51.867+0000] {logging_mixin.py:188} INFO - [2024-06-07T02:01:51.867+0000] {dag.py:3954} INFO - Setting next_dagrun for dataset_produces_1 to 2024-06-06 00:00:00+00:00, run_after=2024-06-07 00:00:00+00:00
[2024-06-07T02:01:51.870+0000] {logging_mixin.py:188} INFO - [2024-06-07T02:01:51.870+0000] {dag.py:3954} INFO - Setting next_dagrun for dataset_produces_2 to None, run_after=None
[2024-06-07T02:01:51.945+0000] {processor.py:183} INFO - Processing /home/airflow/.local/lib/python3.12/site-packages/airflow/example_dags/example_datasets.py took 0.329 seconds
[2024-06-07T02:02:22.412+0000] {processor.py:161} INFO - Started process (PID=8714) to work on /home/airflow/.local/lib/python3.12/site-packages/airflow/example_dags/example_datasets.py
[2024-06-07T02:02:22.416+0000] {processor.py:830} INFO - Processing file /home/airflow/.local/lib/python3.12/site-packages/airflow/example_dags/example_datasets.py for tasks to queue
[2024-06-07T02:02:22.421+0000] {logging_mixin.py:188} INFO - [2024-06-07T02:02:22.420+0000] {dagbag.py:545} INFO - Filling up the DagBag from /home/airflow/.local/lib/python3.12/site-packages/airflow/example_dags/example_datasets.py
[2024-06-07T02:02:22.476+0000] {processor.py:840} INFO - DAG(s) 'dataset_produces_1', 'consume_1_and_2_with_dataset_expressions', 'dataset_consumes_1_never_scheduled', 'dataset_consumes_unknown_never_scheduled', 'consume_1_or_both_2_and_3_with_dataset_expressions', 'consume_1_or_2_with_dataset_expressions', 'dataset_consumes_1', 'dataset_consumes_1_and_2', 'dataset_produces_2', 'conditional_dataset_and_time_based_timetable' retrieved from /home/airflow/.local/lib/python3.12/site-packages/airflow/example_dags/example_datasets.py
[2024-06-07T02:02:22.583+0000] {logging_mixin.py:188} INFO - [2024-06-07T02:02:22.582+0000] {dag.py:3096} INFO - Sync 10 DAGs
[2024-06-07T02:02:22.642+0000] {logging_mixin.py:188} INFO - [2024-06-07T02:02:22.641+0000] {dag.py:3954} INFO - Setting next_dagrun for conditional_dataset_and_time_based_timetable to 2024-06-05 01:00:00+00:00, run_after=2024-06-05 01:00:00+00:00
[2024-06-07T02:02:22.651+0000] {logging_mixin.py:188} INFO - [2024-06-07T02:02:22.650+0000] {dag.py:3954} INFO - Setting next_dagrun for consume_1_and_2_with_dataset_expressions to None, run_after=None
[2024-06-07T02:02:22.654+0000] {logging_mixin.py:188} INFO - [2024-06-07T02:02:22.654+0000] {dag.py:3954} INFO - Setting next_dagrun for consume_1_or_2_with_dataset_expressions to None, run_after=None
[2024-06-07T02:02:22.657+0000] {logging_mixin.py:188} INFO - [2024-06-07T02:02:22.657+0000] {dag.py:3954} INFO - Setting next_dagrun for consume_1_or_both_2_and_3_with_dataset_expressions to None, run_after=None
[2024-06-07T02:02:22.661+0000] {logging_mixin.py:188} INFO - [2024-06-07T02:02:22.660+0000] {dag.py:3954} INFO - Setting next_dagrun for dataset_consumes_1 to None, run_after=None
[2024-06-07T02:02:22.665+0000] {logging_mixin.py:188} INFO - [2024-06-07T02:02:22.665+0000] {dag.py:3954} INFO - Setting next_dagrun for dataset_consumes_1_and_2 to None, run_after=None
[2024-06-07T02:02:22.668+0000] {logging_mixin.py:188} INFO - [2024-06-07T02:02:22.668+0000] {dag.py:3954} INFO - Setting next_dagrun for dataset_consumes_1_never_scheduled to None, run_after=None
[2024-06-07T02:02:22.671+0000] {logging_mixin.py:188} INFO - [2024-06-07T02:02:22.670+0000] {dag.py:3954} INFO - Setting next_dagrun for dataset_consumes_unknown_never_scheduled to None, run_after=None
[2024-06-07T02:02:22.675+0000] {logging_mixin.py:188} INFO - [2024-06-07T02:02:22.674+0000] {dag.py:3954} INFO - Setting next_dagrun for dataset_produces_1 to 2024-06-06 00:00:00+00:00, run_after=2024-06-07 00:00:00+00:00
[2024-06-07T02:02:22.677+0000] {logging_mixin.py:188} INFO - [2024-06-07T02:02:22.677+0000] {dag.py:3954} INFO - Setting next_dagrun for dataset_produces_2 to None, run_after=None
[2024-06-07T02:02:22.755+0000] {processor.py:183} INFO - Processing /home/airflow/.local/lib/python3.12/site-packages/airflow/example_dags/example_datasets.py took 0.362 seconds
[2024-06-07T02:02:52.826+0000] {processor.py:161} INFO - Started process (PID=8768) to work on /home/airflow/.local/lib/python3.12/site-packages/airflow/example_dags/example_datasets.py
[2024-06-07T02:02:52.829+0000] {processor.py:830} INFO - Processing file /home/airflow/.local/lib/python3.12/site-packages/airflow/example_dags/example_datasets.py for tasks to queue
[2024-06-07T02:02:52.832+0000] {logging_mixin.py:188} INFO - [2024-06-07T02:02:52.831+0000] {dagbag.py:545} INFO - Filling up the DagBag from /home/airflow/.local/lib/python3.12/site-packages/airflow/example_dags/example_datasets.py
[2024-06-07T02:02:52.861+0000] {processor.py:840} INFO - DAG(s) 'consume_1_or_both_2_and_3_with_dataset_expressions', 'consume_1_or_2_with_dataset_expressions', 'consume_1_and_2_with_dataset_expressions', 'dataset_consumes_1_and_2', 'dataset_produces_1', 'dataset_consumes_unknown_never_scheduled', 'conditional_dataset_and_time_based_timetable', 'dataset_consumes_1_never_scheduled', 'dataset_consumes_1', 'dataset_produces_2' retrieved from /home/airflow/.local/lib/python3.12/site-packages/airflow/example_dags/example_datasets.py
[2024-06-07T02:02:52.969+0000] {logging_mixin.py:188} INFO - [2024-06-07T02:02:52.969+0000] {dag.py:3096} INFO - Sync 10 DAGs
[2024-06-07T02:02:53.021+0000] {logging_mixin.py:188} INFO - [2024-06-07T02:02:53.020+0000] {dag.py:3954} INFO - Setting next_dagrun for conditional_dataset_and_time_based_timetable to 2024-06-05 01:00:00+00:00, run_after=2024-06-05 01:00:00+00:00
[2024-06-07T02:02:53.031+0000] {logging_mixin.py:188} INFO - [2024-06-07T02:02:53.030+0000] {dag.py:3954} INFO - Setting next_dagrun for consume_1_and_2_with_dataset_expressions to None, run_after=None
[2024-06-07T02:02:53.034+0000] {logging_mixin.py:188} INFO - [2024-06-07T02:02:53.034+0000] {dag.py:3954} INFO - Setting next_dagrun for consume_1_or_2_with_dataset_expressions to None, run_after=None
[2024-06-07T02:02:53.037+0000] {logging_mixin.py:188} INFO - [2024-06-07T02:02:53.036+0000] {dag.py:3954} INFO - Setting next_dagrun for consume_1_or_both_2_and_3_with_dataset_expressions to None, run_after=None
[2024-06-07T02:02:53.040+0000] {logging_mixin.py:188} INFO - [2024-06-07T02:02:53.039+0000] {dag.py:3954} INFO - Setting next_dagrun for dataset_consumes_1 to None, run_after=None
[2024-06-07T02:02:53.043+0000] {logging_mixin.py:188} INFO - [2024-06-07T02:02:53.042+0000] {dag.py:3954} INFO - Setting next_dagrun for dataset_consumes_1_and_2 to None, run_after=None
[2024-06-07T02:02:53.046+0000] {logging_mixin.py:188} INFO - [2024-06-07T02:02:53.045+0000] {dag.py:3954} INFO - Setting next_dagrun for dataset_consumes_1_never_scheduled to None, run_after=None
[2024-06-07T02:02:53.048+0000] {logging_mixin.py:188} INFO - [2024-06-07T02:02:53.048+0000] {dag.py:3954} INFO - Setting next_dagrun for dataset_consumes_unknown_never_scheduled to None, run_after=None
[2024-06-07T02:02:53.053+0000] {logging_mixin.py:188} INFO - [2024-06-07T02:02:53.053+0000] {dag.py:3954} INFO - Setting next_dagrun for dataset_produces_1 to 2024-06-06 00:00:00+00:00, run_after=2024-06-07 00:00:00+00:00
[2024-06-07T02:02:53.056+0000] {logging_mixin.py:188} INFO - [2024-06-07T02:02:53.055+0000] {dag.py:3954} INFO - Setting next_dagrun for dataset_produces_2 to None, run_after=None
[2024-06-07T02:02:53.122+0000] {processor.py:183} INFO - Processing /home/airflow/.local/lib/python3.12/site-packages/airflow/example_dags/example_datasets.py took 0.310 seconds
[2024-06-07T02:03:23.808+0000] {processor.py:161} INFO - Started process (PID=8820) to work on /home/airflow/.local/lib/python3.12/site-packages/airflow/example_dags/example_datasets.py
[2024-06-07T02:03:23.811+0000] {processor.py:830} INFO - Processing file /home/airflow/.local/lib/python3.12/site-packages/airflow/example_dags/example_datasets.py for tasks to queue
[2024-06-07T02:03:23.813+0000] {logging_mixin.py:188} INFO - [2024-06-07T02:03:23.812+0000] {dagbag.py:545} INFO - Filling up the DagBag from /home/airflow/.local/lib/python3.12/site-packages/airflow/example_dags/example_datasets.py
[2024-06-07T02:03:23.845+0000] {processor.py:840} INFO - DAG(s) 'dataset_consumes_1', 'conditional_dataset_and_time_based_timetable', 'dataset_produces_1', 'dataset_consumes_1_never_scheduled', 'dataset_consumes_1_and_2', 'consume_1_or_both_2_and_3_with_dataset_expressions', 'dataset_consumes_unknown_never_scheduled', 'consume_1_or_2_with_dataset_expressions', 'dataset_produces_2', 'consume_1_and_2_with_dataset_expressions' retrieved from /home/airflow/.local/lib/python3.12/site-packages/airflow/example_dags/example_datasets.py
[2024-06-07T02:03:23.963+0000] {logging_mixin.py:188} INFO - [2024-06-07T02:03:23.962+0000] {dag.py:3096} INFO - Sync 10 DAGs
[2024-06-07T02:03:24.053+0000] {logging_mixin.py:188} INFO - [2024-06-07T02:03:24.052+0000] {dag.py:3954} INFO - Setting next_dagrun for conditional_dataset_and_time_based_timetable to 2024-06-05 01:00:00+00:00, run_after=2024-06-05 01:00:00+00:00
[2024-06-07T02:03:24.066+0000] {logging_mixin.py:188} INFO - [2024-06-07T02:03:24.065+0000] {dag.py:3954} INFO - Setting next_dagrun for consume_1_and_2_with_dataset_expressions to None, run_after=None
[2024-06-07T02:03:24.073+0000] {logging_mixin.py:188} INFO - [2024-06-07T02:03:24.072+0000] {dag.py:3954} INFO - Setting next_dagrun for consume_1_or_2_with_dataset_expressions to None, run_after=None
[2024-06-07T02:03:24.082+0000] {logging_mixin.py:188} INFO - [2024-06-07T02:03:24.081+0000] {dag.py:3954} INFO - Setting next_dagrun for consume_1_or_both_2_and_3_with_dataset_expressions to None, run_after=None
[2024-06-07T02:03:24.088+0000] {logging_mixin.py:188} INFO - [2024-06-07T02:03:24.087+0000] {dag.py:3954} INFO - Setting next_dagrun for dataset_consumes_1 to None, run_after=None
[2024-06-07T02:03:24.099+0000] {logging_mixin.py:188} INFO - [2024-06-07T02:03:24.097+0000] {dag.py:3954} INFO - Setting next_dagrun for dataset_consumes_1_and_2 to None, run_after=None
[2024-06-07T02:03:24.104+0000] {logging_mixin.py:188} INFO - [2024-06-07T02:03:24.103+0000] {dag.py:3954} INFO - Setting next_dagrun for dataset_consumes_1_never_scheduled to None, run_after=None
[2024-06-07T02:03:24.108+0000] {logging_mixin.py:188} INFO - [2024-06-07T02:03:24.108+0000] {dag.py:3954} INFO - Setting next_dagrun for dataset_consumes_unknown_never_scheduled to None, run_after=None
[2024-06-07T02:03:24.117+0000] {logging_mixin.py:188} INFO - [2024-06-07T02:03:24.116+0000] {dag.py:3954} INFO - Setting next_dagrun for dataset_produces_1 to 2024-06-06 00:00:00+00:00, run_after=2024-06-07 00:00:00+00:00
[2024-06-07T02:03:24.121+0000] {logging_mixin.py:188} INFO - [2024-06-07T02:03:24.121+0000] {dag.py:3954} INFO - Setting next_dagrun for dataset_produces_2 to None, run_after=None
[2024-06-07T02:03:24.196+0000] {processor.py:183} INFO - Processing /home/airflow/.local/lib/python3.12/site-packages/airflow/example_dags/example_datasets.py took 0.404 seconds
[2024-06-07T02:03:54.403+0000] {processor.py:161} INFO - Started process (PID=8874) to work on /home/airflow/.local/lib/python3.12/site-packages/airflow/example_dags/example_datasets.py
[2024-06-07T02:03:54.406+0000] {processor.py:830} INFO - Processing file /home/airflow/.local/lib/python3.12/site-packages/airflow/example_dags/example_datasets.py for tasks to queue
[2024-06-07T02:03:54.408+0000] {logging_mixin.py:188} INFO - [2024-06-07T02:03:54.407+0000] {dagbag.py:545} INFO - Filling up the DagBag from /home/airflow/.local/lib/python3.12/site-packages/airflow/example_dags/example_datasets.py
[2024-06-07T02:03:54.437+0000] {processor.py:840} INFO - DAG(s) 'dataset_consumes_1', 'dataset_produces_2', 'consume_1_and_2_with_dataset_expressions', 'consume_1_or_both_2_and_3_with_dataset_expressions', 'dataset_consumes_unknown_never_scheduled', 'consume_1_or_2_with_dataset_expressions', 'dataset_consumes_1_and_2', 'conditional_dataset_and_time_based_timetable', 'dataset_produces_1', 'dataset_consumes_1_never_scheduled' retrieved from /home/airflow/.local/lib/python3.12/site-packages/airflow/example_dags/example_datasets.py
[2024-06-07T02:03:54.559+0000] {logging_mixin.py:188} INFO - [2024-06-07T02:03:54.559+0000] {dag.py:3096} INFO - Sync 10 DAGs
[2024-06-07T02:03:54.612+0000] {logging_mixin.py:188} INFO - [2024-06-07T02:03:54.611+0000] {dag.py:3954} INFO - Setting next_dagrun for conditional_dataset_and_time_based_timetable to 2024-06-05 01:00:00+00:00, run_after=2024-06-05 01:00:00+00:00
[2024-06-07T02:03:54.620+0000] {logging_mixin.py:188} INFO - [2024-06-07T02:03:54.619+0000] {dag.py:3954} INFO - Setting next_dagrun for consume_1_and_2_with_dataset_expressions to None, run_after=None
[2024-06-07T02:03:54.623+0000] {logging_mixin.py:188} INFO - [2024-06-07T02:03:54.622+0000] {dag.py:3954} INFO - Setting next_dagrun for consume_1_or_2_with_dataset_expressions to None, run_after=None
[2024-06-07T02:03:54.628+0000] {logging_mixin.py:188} INFO - [2024-06-07T02:03:54.627+0000] {dag.py:3954} INFO - Setting next_dagrun for consume_1_or_both_2_and_3_with_dataset_expressions to None, run_after=None
[2024-06-07T02:03:54.630+0000] {logging_mixin.py:188} INFO - [2024-06-07T02:03:54.630+0000] {dag.py:3954} INFO - Setting next_dagrun for dataset_consumes_1 to None, run_after=None
[2024-06-07T02:03:54.633+0000] {logging_mixin.py:188} INFO - [2024-06-07T02:03:54.633+0000] {dag.py:3954} INFO - Setting next_dagrun for dataset_consumes_1_and_2 to None, run_after=None
[2024-06-07T02:03:54.636+0000] {logging_mixin.py:188} INFO - [2024-06-07T02:03:54.635+0000] {dag.py:3954} INFO - Setting next_dagrun for dataset_consumes_1_never_scheduled to None, run_after=None
[2024-06-07T02:03:54.638+0000] {logging_mixin.py:188} INFO - [2024-06-07T02:03:54.638+0000] {dag.py:3954} INFO - Setting next_dagrun for dataset_consumes_unknown_never_scheduled to None, run_after=None
[2024-06-07T02:03:54.642+0000] {logging_mixin.py:188} INFO - [2024-06-07T02:03:54.642+0000] {dag.py:3954} INFO - Setting next_dagrun for dataset_produces_1 to 2024-06-06 00:00:00+00:00, run_after=2024-06-07 00:00:00+00:00
[2024-06-07T02:03:54.644+0000] {logging_mixin.py:188} INFO - [2024-06-07T02:03:54.644+0000] {dag.py:3954} INFO - Setting next_dagrun for dataset_produces_2 to None, run_after=None
[2024-06-07T02:03:54.710+0000] {processor.py:183} INFO - Processing /home/airflow/.local/lib/python3.12/site-packages/airflow/example_dags/example_datasets.py took 0.317 seconds
[2024-06-07T02:04:24.932+0000] {processor.py:161} INFO - Started process (PID=8926) to work on /home/airflow/.local/lib/python3.12/site-packages/airflow/example_dags/example_datasets.py
[2024-06-07T02:04:24.934+0000] {processor.py:830} INFO - Processing file /home/airflow/.local/lib/python3.12/site-packages/airflow/example_dags/example_datasets.py for tasks to queue
[2024-06-07T02:04:24.937+0000] {logging_mixin.py:188} INFO - [2024-06-07T02:04:24.936+0000] {dagbag.py:545} INFO - Filling up the DagBag from /home/airflow/.local/lib/python3.12/site-packages/airflow/example_dags/example_datasets.py
[2024-06-07T02:04:24.965+0000] {processor.py:840} INFO - DAG(s) 'dataset_produces_1', 'consume_1_or_2_with_dataset_expressions', 'dataset_consumes_1_never_scheduled', 'consume_1_and_2_with_dataset_expressions', 'dataset_consumes_1', 'consume_1_or_both_2_and_3_with_dataset_expressions', 'conditional_dataset_and_time_based_timetable', 'dataset_consumes_1_and_2', 'dataset_consumes_unknown_never_scheduled', 'dataset_produces_2' retrieved from /home/airflow/.local/lib/python3.12/site-packages/airflow/example_dags/example_datasets.py
[2024-06-07T02:04:25.064+0000] {logging_mixin.py:188} INFO - [2024-06-07T02:04:25.064+0000] {dag.py:3096} INFO - Sync 10 DAGs
[2024-06-07T02:04:25.108+0000] {logging_mixin.py:188} INFO - [2024-06-07T02:04:25.108+0000] {dag.py:3954} INFO - Setting next_dagrun for conditional_dataset_and_time_based_timetable to 2024-06-05 01:00:00+00:00, run_after=2024-06-05 01:00:00+00:00
[2024-06-07T02:04:25.117+0000] {logging_mixin.py:188} INFO - [2024-06-07T02:04:25.116+0000] {dag.py:3954} INFO - Setting next_dagrun for consume_1_and_2_with_dataset_expressions to None, run_after=None
[2024-06-07T02:04:25.120+0000] {logging_mixin.py:188} INFO - [2024-06-07T02:04:25.120+0000] {dag.py:3954} INFO - Setting next_dagrun for consume_1_or_2_with_dataset_expressions to None, run_after=None
[2024-06-07T02:04:25.124+0000] {logging_mixin.py:188} INFO - [2024-06-07T02:04:25.123+0000] {dag.py:3954} INFO - Setting next_dagrun for consume_1_or_both_2_and_3_with_dataset_expressions to None, run_after=None
[2024-06-07T02:04:25.127+0000] {logging_mixin.py:188} INFO - [2024-06-07T02:04:25.127+0000] {dag.py:3954} INFO - Setting next_dagrun for dataset_consumes_1 to None, run_after=None
[2024-06-07T02:04:25.132+0000] {logging_mixin.py:188} INFO - [2024-06-07T02:04:25.131+0000] {dag.py:3954} INFO - Setting next_dagrun for dataset_consumes_1_and_2 to None, run_after=None
[2024-06-07T02:04:25.136+0000] {logging_mixin.py:188} INFO - [2024-06-07T02:04:25.135+0000] {dag.py:3954} INFO - Setting next_dagrun for dataset_consumes_1_never_scheduled to None, run_after=None
[2024-06-07T02:04:25.139+0000] {logging_mixin.py:188} INFO - [2024-06-07T02:04:25.138+0000] {dag.py:3954} INFO - Setting next_dagrun for dataset_consumes_unknown_never_scheduled to None, run_after=None
[2024-06-07T02:04:25.143+0000] {logging_mixin.py:188} INFO - [2024-06-07T02:04:25.143+0000] {dag.py:3954} INFO - Setting next_dagrun for dataset_produces_1 to 2024-06-06 00:00:00+00:00, run_after=2024-06-07 00:00:00+00:00
[2024-06-07T02:04:25.147+0000] {logging_mixin.py:188} INFO - [2024-06-07T02:04:25.147+0000] {dag.py:3954} INFO - Setting next_dagrun for dataset_produces_2 to None, run_after=None
[2024-06-07T02:04:25.218+0000] {processor.py:183} INFO - Processing /home/airflow/.local/lib/python3.12/site-packages/airflow/example_dags/example_datasets.py took 0.298 seconds
[2024-06-07T02:04:55.782+0000] {processor.py:161} INFO - Started process (PID=8979) to work on /home/airflow/.local/lib/python3.12/site-packages/airflow/example_dags/example_datasets.py
[2024-06-07T02:04:55.785+0000] {processor.py:830} INFO - Processing file /home/airflow/.local/lib/python3.12/site-packages/airflow/example_dags/example_datasets.py for tasks to queue
[2024-06-07T02:04:55.788+0000] {logging_mixin.py:188} INFO - [2024-06-07T02:04:55.787+0000] {dagbag.py:545} INFO - Filling up the DagBag from /home/airflow/.local/lib/python3.12/site-packages/airflow/example_dags/example_datasets.py
[2024-06-07T02:04:55.818+0000] {processor.py:840} INFO - DAG(s) 'conditional_dataset_and_time_based_timetable', 'dataset_consumes_1_and_2', 'dataset_produces_1', 'consume_1_or_both_2_and_3_with_dataset_expressions', 'dataset_consumes_1', 'consume_1_or_2_with_dataset_expressions', 'dataset_produces_2', 'dataset_consumes_1_never_scheduled', 'dataset_consumes_unknown_never_scheduled', 'consume_1_and_2_with_dataset_expressions' retrieved from /home/airflow/.local/lib/python3.12/site-packages/airflow/example_dags/example_datasets.py
[2024-06-07T02:04:55.913+0000] {logging_mixin.py:188} INFO - [2024-06-07T02:04:55.912+0000] {dag.py:3096} INFO - Sync 10 DAGs
[2024-06-07T02:04:55.963+0000] {logging_mixin.py:188} INFO - [2024-06-07T02:04:55.963+0000] {dag.py:3954} INFO - Setting next_dagrun for conditional_dataset_and_time_based_timetable to 2024-06-05 01:00:00+00:00, run_after=2024-06-05 01:00:00+00:00
[2024-06-07T02:04:55.973+0000] {logging_mixin.py:188} INFO - [2024-06-07T02:04:55.972+0000] {dag.py:3954} INFO - Setting next_dagrun for consume_1_and_2_with_dataset_expressions to None, run_after=None
[2024-06-07T02:04:55.976+0000] {logging_mixin.py:188} INFO - [2024-06-07T02:04:55.976+0000] {dag.py:3954} INFO - Setting next_dagrun for consume_1_or_2_with_dataset_expressions to None, run_after=None
[2024-06-07T02:04:55.979+0000] {logging_mixin.py:188} INFO - [2024-06-07T02:04:55.979+0000] {dag.py:3954} INFO - Setting next_dagrun for consume_1_or_both_2_and_3_with_dataset_expressions to None, run_after=None
[2024-06-07T02:04:55.982+0000] {logging_mixin.py:188} INFO - [2024-06-07T02:04:55.981+0000] {dag.py:3954} INFO - Setting next_dagrun for dataset_consumes_1 to None, run_after=None
[2024-06-07T02:04:55.985+0000] {logging_mixin.py:188} INFO - [2024-06-07T02:04:55.984+0000] {dag.py:3954} INFO - Setting next_dagrun for dataset_consumes_1_and_2 to None, run_after=None
[2024-06-07T02:04:55.988+0000] {logging_mixin.py:188} INFO - [2024-06-07T02:04:55.988+0000] {dag.py:3954} INFO - Setting next_dagrun for dataset_consumes_1_never_scheduled to None, run_after=None
[2024-06-07T02:04:55.991+0000] {logging_mixin.py:188} INFO - [2024-06-07T02:04:55.991+0000] {dag.py:3954} INFO - Setting next_dagrun for dataset_consumes_unknown_never_scheduled to None, run_after=None
[2024-06-07T02:04:55.997+0000] {logging_mixin.py:188} INFO - [2024-06-07T02:04:55.996+0000] {dag.py:3954} INFO - Setting next_dagrun for dataset_produces_1 to 2024-06-06 00:00:00+00:00, run_after=2024-06-07 00:00:00+00:00
[2024-06-07T02:04:56.000+0000] {logging_mixin.py:188} INFO - [2024-06-07T02:04:56.000+0000] {dag.py:3954} INFO - Setting next_dagrun for dataset_produces_2 to None, run_after=None
[2024-06-07T02:04:56.087+0000] {processor.py:183} INFO - Processing /home/airflow/.local/lib/python3.12/site-packages/airflow/example_dags/example_datasets.py took 0.320 seconds
[2024-06-07T02:05:27.243+0000] {processor.py:161} INFO - Started process (PID=9032) to work on /home/airflow/.local/lib/python3.12/site-packages/airflow/example_dags/example_datasets.py
[2024-06-07T02:05:27.246+0000] {processor.py:830} INFO - Processing file /home/airflow/.local/lib/python3.12/site-packages/airflow/example_dags/example_datasets.py for tasks to queue
[2024-06-07T02:05:27.248+0000] {logging_mixin.py:188} INFO - [2024-06-07T02:05:27.247+0000] {dagbag.py:545} INFO - Filling up the DagBag from /home/airflow/.local/lib/python3.12/site-packages/airflow/example_dags/example_datasets.py
[2024-06-07T02:05:27.303+0000] {processor.py:840} INFO - DAG(s) 'dataset_consumes_1_never_scheduled', 'consume_1_and_2_with_dataset_expressions', 'consume_1_or_both_2_and_3_with_dataset_expressions', 'dataset_produces_1', 'dataset_consumes_1', 'conditional_dataset_and_time_based_timetable', 'dataset_produces_2', 'consume_1_or_2_with_dataset_expressions', 'dataset_consumes_unknown_never_scheduled', 'dataset_consumes_1_and_2' retrieved from /home/airflow/.local/lib/python3.12/site-packages/airflow/example_dags/example_datasets.py
[2024-06-07T02:05:27.446+0000] {logging_mixin.py:188} INFO - [2024-06-07T02:05:27.446+0000] {dag.py:3096} INFO - Sync 10 DAGs
[2024-06-07T02:05:27.525+0000] {logging_mixin.py:188} INFO - [2024-06-07T02:05:27.525+0000] {dag.py:3954} INFO - Setting next_dagrun for conditional_dataset_and_time_based_timetable to 2024-06-05 01:00:00+00:00, run_after=2024-06-05 01:00:00+00:00
[2024-06-07T02:05:27.534+0000] {logging_mixin.py:188} INFO - [2024-06-07T02:05:27.534+0000] {dag.py:3954} INFO - Setting next_dagrun for consume_1_and_2_with_dataset_expressions to None, run_after=None
[2024-06-07T02:05:27.537+0000] {logging_mixin.py:188} INFO - [2024-06-07T02:05:27.537+0000] {dag.py:3954} INFO - Setting next_dagrun for consume_1_or_2_with_dataset_expressions to None, run_after=None
[2024-06-07T02:05:27.540+0000] {logging_mixin.py:188} INFO - [2024-06-07T02:05:27.540+0000] {dag.py:3954} INFO - Setting next_dagrun for consume_1_or_both_2_and_3_with_dataset_expressions to None, run_after=None
[2024-06-07T02:05:27.542+0000] {logging_mixin.py:188} INFO - [2024-06-07T02:05:27.542+0000] {dag.py:3954} INFO - Setting next_dagrun for dataset_consumes_1 to None, run_after=None
[2024-06-07T02:05:27.546+0000] {logging_mixin.py:188} INFO - [2024-06-07T02:05:27.546+0000] {dag.py:3954} INFO - Setting next_dagrun for dataset_consumes_1_and_2 to None, run_after=None
[2024-06-07T02:05:27.550+0000] {logging_mixin.py:188} INFO - [2024-06-07T02:05:27.549+0000] {dag.py:3954} INFO - Setting next_dagrun for dataset_consumes_1_never_scheduled to None, run_after=None
[2024-06-07T02:05:27.554+0000] {logging_mixin.py:188} INFO - [2024-06-07T02:05:27.553+0000] {dag.py:3954} INFO - Setting next_dagrun for dataset_consumes_unknown_never_scheduled to None, run_after=None
[2024-06-07T02:05:27.559+0000] {logging_mixin.py:188} INFO - [2024-06-07T02:05:27.558+0000] {dag.py:3954} INFO - Setting next_dagrun for dataset_produces_1 to 2024-06-06 00:00:00+00:00, run_after=2024-06-07 00:00:00+00:00
[2024-06-07T02:05:27.562+0000] {logging_mixin.py:188} INFO - [2024-06-07T02:05:27.562+0000] {dag.py:3954} INFO - Setting next_dagrun for dataset_produces_2 to None, run_after=None
[2024-06-07T02:05:27.628+0000] {processor.py:183} INFO - Processing /home/airflow/.local/lib/python3.12/site-packages/airflow/example_dags/example_datasets.py took 0.401 seconds
[2024-06-07T02:05:58.209+0000] {processor.py:161} INFO - Started process (PID=9085) to work on /home/airflow/.local/lib/python3.12/site-packages/airflow/example_dags/example_datasets.py
[2024-06-07T02:05:58.212+0000] {processor.py:830} INFO - Processing file /home/airflow/.local/lib/python3.12/site-packages/airflow/example_dags/example_datasets.py for tasks to queue
[2024-06-07T02:05:58.215+0000] {logging_mixin.py:188} INFO - [2024-06-07T02:05:58.214+0000] {dagbag.py:545} INFO - Filling up the DagBag from /home/airflow/.local/lib/python3.12/site-packages/airflow/example_dags/example_datasets.py
[2024-06-07T02:05:58.243+0000] {processor.py:840} INFO - DAG(s) 'dataset_consumes_1', 'conditional_dataset_and_time_based_timetable', 'consume_1_or_2_with_dataset_expressions', 'consume_1_or_both_2_and_3_with_dataset_expressions', 'dataset_consumes_1_and_2', 'consume_1_and_2_with_dataset_expressions', 'dataset_consumes_1_never_scheduled', 'dataset_consumes_unknown_never_scheduled', 'dataset_produces_1', 'dataset_produces_2' retrieved from /home/airflow/.local/lib/python3.12/site-packages/airflow/example_dags/example_datasets.py
[2024-06-07T02:05:58.343+0000] {logging_mixin.py:188} INFO - [2024-06-07T02:05:58.342+0000] {dag.py:3096} INFO - Sync 10 DAGs
[2024-06-07T02:05:58.389+0000] {logging_mixin.py:188} INFO - [2024-06-07T02:05:58.389+0000] {dag.py:3954} INFO - Setting next_dagrun for conditional_dataset_and_time_based_timetable to 2024-06-05 01:00:00+00:00, run_after=2024-06-05 01:00:00+00:00
[2024-06-07T02:05:58.398+0000] {logging_mixin.py:188} INFO - [2024-06-07T02:05:58.398+0000] {dag.py:3954} INFO - Setting next_dagrun for consume_1_and_2_with_dataset_expressions to None, run_after=None
[2024-06-07T02:05:58.403+0000] {logging_mixin.py:188} INFO - [2024-06-07T02:05:58.402+0000] {dag.py:3954} INFO - Setting next_dagrun for consume_1_or_2_with_dataset_expressions to None, run_after=None
[2024-06-07T02:05:58.406+0000] {logging_mixin.py:188} INFO - [2024-06-07T02:05:58.405+0000] {dag.py:3954} INFO - Setting next_dagrun for consume_1_or_both_2_and_3_with_dataset_expressions to None, run_after=None
[2024-06-07T02:05:58.409+0000] {logging_mixin.py:188} INFO - [2024-06-07T02:05:58.408+0000] {dag.py:3954} INFO - Setting next_dagrun for dataset_consumes_1 to None, run_after=None
[2024-06-07T02:05:58.412+0000] {logging_mixin.py:188} INFO - [2024-06-07T02:05:58.412+0000] {dag.py:3954} INFO - Setting next_dagrun for dataset_consumes_1_and_2 to None, run_after=None
[2024-06-07T02:05:58.415+0000] {logging_mixin.py:188} INFO - [2024-06-07T02:05:58.415+0000] {dag.py:3954} INFO - Setting next_dagrun for dataset_consumes_1_never_scheduled to None, run_after=None
[2024-06-07T02:05:58.419+0000] {logging_mixin.py:188} INFO - [2024-06-07T02:05:58.418+0000] {dag.py:3954} INFO - Setting next_dagrun for dataset_consumes_unknown_never_scheduled to None, run_after=None
[2024-06-07T02:05:58.424+0000] {logging_mixin.py:188} INFO - [2024-06-07T02:05:58.423+0000] {dag.py:3954} INFO - Setting next_dagrun for dataset_produces_1 to 2024-06-06 00:00:00+00:00, run_after=2024-06-07 00:00:00+00:00
[2024-06-07T02:05:58.427+0000] {logging_mixin.py:188} INFO - [2024-06-07T02:05:58.426+0000] {dag.py:3954} INFO - Setting next_dagrun for dataset_produces_2 to None, run_after=None
[2024-06-07T02:05:58.499+0000] {processor.py:183} INFO - Processing /home/airflow/.local/lib/python3.12/site-packages/airflow/example_dags/example_datasets.py took 0.303 seconds
[2024-06-07T02:06:28.690+0000] {processor.py:161} INFO - Started process (PID=9138) to work on /home/airflow/.local/lib/python3.12/site-packages/airflow/example_dags/example_datasets.py
[2024-06-07T02:06:28.693+0000] {processor.py:830} INFO - Processing file /home/airflow/.local/lib/python3.12/site-packages/airflow/example_dags/example_datasets.py for tasks to queue
[2024-06-07T02:06:28.696+0000] {logging_mixin.py:188} INFO - [2024-06-07T02:06:28.695+0000] {dagbag.py:545} INFO - Filling up the DagBag from /home/airflow/.local/lib/python3.12/site-packages/airflow/example_dags/example_datasets.py
[2024-06-07T02:06:28.733+0000] {processor.py:840} INFO - DAG(s) 'dataset_consumes_1_never_scheduled', 'dataset_consumes_unknown_never_scheduled', 'dataset_produces_2', 'dataset_consumes_1_and_2', 'dataset_produces_1', 'consume_1_or_both_2_and_3_with_dataset_expressions', 'consume_1_and_2_with_dataset_expressions', 'dataset_consumes_1', 'conditional_dataset_and_time_based_timetable', 'consume_1_or_2_with_dataset_expressions' retrieved from /home/airflow/.local/lib/python3.12/site-packages/airflow/example_dags/example_datasets.py
[2024-06-07T02:06:28.851+0000] {logging_mixin.py:188} INFO - [2024-06-07T02:06:28.850+0000] {dag.py:3096} INFO - Sync 10 DAGs
[2024-06-07T02:06:28.904+0000] {logging_mixin.py:188} INFO - [2024-06-07T02:06:28.904+0000] {dag.py:3954} INFO - Setting next_dagrun for conditional_dataset_and_time_based_timetable to 2024-06-05 01:00:00+00:00, run_after=2024-06-05 01:00:00+00:00
[2024-06-07T02:06:28.918+0000] {logging_mixin.py:188} INFO - [2024-06-07T02:06:28.917+0000] {dag.py:3954} INFO - Setting next_dagrun for consume_1_and_2_with_dataset_expressions to None, run_after=None
[2024-06-07T02:06:28.921+0000] {logging_mixin.py:188} INFO - [2024-06-07T02:06:28.921+0000] {dag.py:3954} INFO - Setting next_dagrun for consume_1_or_2_with_dataset_expressions to None, run_after=None
[2024-06-07T02:06:28.925+0000] {logging_mixin.py:188} INFO - [2024-06-07T02:06:28.924+0000] {dag.py:3954} INFO - Setting next_dagrun for consume_1_or_both_2_and_3_with_dataset_expressions to None, run_after=None
[2024-06-07T02:06:28.928+0000] {logging_mixin.py:188} INFO - [2024-06-07T02:06:28.928+0000] {dag.py:3954} INFO - Setting next_dagrun for dataset_consumes_1 to None, run_after=None
[2024-06-07T02:06:28.932+0000] {logging_mixin.py:188} INFO - [2024-06-07T02:06:28.932+0000] {dag.py:3954} INFO - Setting next_dagrun for dataset_consumes_1_and_2 to None, run_after=None
[2024-06-07T02:06:28.935+0000] {logging_mixin.py:188} INFO - [2024-06-07T02:06:28.935+0000] {dag.py:3954} INFO - Setting next_dagrun for dataset_consumes_1_never_scheduled to None, run_after=None
[2024-06-07T02:06:28.938+0000] {logging_mixin.py:188} INFO - [2024-06-07T02:06:28.938+0000] {dag.py:3954} INFO - Setting next_dagrun for dataset_consumes_unknown_never_scheduled to None, run_after=None
[2024-06-07T02:06:28.942+0000] {logging_mixin.py:188} INFO - [2024-06-07T02:06:28.942+0000] {dag.py:3954} INFO - Setting next_dagrun for dataset_produces_1 to 2024-06-06 00:00:00+00:00, run_after=2024-06-07 00:00:00+00:00
[2024-06-07T02:06:28.945+0000] {logging_mixin.py:188} INFO - [2024-06-07T02:06:28.944+0000] {dag.py:3954} INFO - Setting next_dagrun for dataset_produces_2 to None, run_after=None
[2024-06-07T02:06:29.035+0000] {processor.py:183} INFO - Processing /home/airflow/.local/lib/python3.12/site-packages/airflow/example_dags/example_datasets.py took 0.357 seconds
[2024-06-07T02:06:59.484+0000] {processor.py:161} INFO - Started process (PID=9191) to work on /home/airflow/.local/lib/python3.12/site-packages/airflow/example_dags/example_datasets.py
[2024-06-07T02:06:59.487+0000] {processor.py:830} INFO - Processing file /home/airflow/.local/lib/python3.12/site-packages/airflow/example_dags/example_datasets.py for tasks to queue
[2024-06-07T02:06:59.490+0000] {logging_mixin.py:188} INFO - [2024-06-07T02:06:59.489+0000] {dagbag.py:545} INFO - Filling up the DagBag from /home/airflow/.local/lib/python3.12/site-packages/airflow/example_dags/example_datasets.py
[2024-06-07T02:06:59.521+0000] {processor.py:840} INFO - DAG(s) 'dataset_consumes_1', 'dataset_produces_1', 'consume_1_or_2_with_dataset_expressions', 'conditional_dataset_and_time_based_timetable', 'dataset_consumes_1_never_scheduled', 'dataset_consumes_unknown_never_scheduled', 'consume_1_or_both_2_and_3_with_dataset_expressions', 'dataset_consumes_1_and_2', 'dataset_produces_2', 'consume_1_and_2_with_dataset_expressions' retrieved from /home/airflow/.local/lib/python3.12/site-packages/airflow/example_dags/example_datasets.py
[2024-06-07T02:06:59.689+0000] {logging_mixin.py:188} INFO - [2024-06-07T02:06:59.688+0000] {dag.py:3096} INFO - Sync 10 DAGs
[2024-06-07T02:06:59.755+0000] {logging_mixin.py:188} INFO - [2024-06-07T02:06:59.754+0000] {dag.py:3954} INFO - Setting next_dagrun for conditional_dataset_and_time_based_timetable to 2024-06-05 01:00:00+00:00, run_after=2024-06-05 01:00:00+00:00
[2024-06-07T02:06:59.764+0000] {logging_mixin.py:188} INFO - [2024-06-07T02:06:59.764+0000] {dag.py:3954} INFO - Setting next_dagrun for consume_1_and_2_with_dataset_expressions to None, run_after=None
[2024-06-07T02:06:59.768+0000] {logging_mixin.py:188} INFO - [2024-06-07T02:06:59.767+0000] {dag.py:3954} INFO - Setting next_dagrun for consume_1_or_2_with_dataset_expressions to None, run_after=None
[2024-06-07T02:06:59.771+0000] {logging_mixin.py:188} INFO - [2024-06-07T02:06:59.771+0000] {dag.py:3954} INFO - Setting next_dagrun for consume_1_or_both_2_and_3_with_dataset_expressions to None, run_after=None
[2024-06-07T02:06:59.774+0000] {logging_mixin.py:188} INFO - [2024-06-07T02:06:59.773+0000] {dag.py:3954} INFO - Setting next_dagrun for dataset_consumes_1 to None, run_after=None
[2024-06-07T02:06:59.779+0000] {logging_mixin.py:188} INFO - [2024-06-07T02:06:59.779+0000] {dag.py:3954} INFO - Setting next_dagrun for dataset_consumes_1_and_2 to None, run_after=None
[2024-06-07T02:06:59.783+0000] {logging_mixin.py:188} INFO - [2024-06-07T02:06:59.782+0000] {dag.py:3954} INFO - Setting next_dagrun for dataset_consumes_1_never_scheduled to None, run_after=None
[2024-06-07T02:06:59.786+0000] {logging_mixin.py:188} INFO - [2024-06-07T02:06:59.785+0000] {dag.py:3954} INFO - Setting next_dagrun for dataset_consumes_unknown_never_scheduled to None, run_after=None
[2024-06-07T02:06:59.790+0000] {logging_mixin.py:188} INFO - [2024-06-07T02:06:59.790+0000] {dag.py:3954} INFO - Setting next_dagrun for dataset_produces_1 to 2024-06-06 00:00:00+00:00, run_after=2024-06-07 00:00:00+00:00
[2024-06-07T02:06:59.793+0000] {logging_mixin.py:188} INFO - [2024-06-07T02:06:59.792+0000] {dag.py:3954} INFO - Setting next_dagrun for dataset_produces_2 to None, run_after=None
[2024-06-07T02:06:59.894+0000] {processor.py:183} INFO - Processing /home/airflow/.local/lib/python3.12/site-packages/airflow/example_dags/example_datasets.py took 0.421 seconds
[2024-06-07T02:07:31.959+0000] {processor.py:161} INFO - Started process (PID=9244) to work on /home/airflow/.local/lib/python3.12/site-packages/airflow/example_dags/example_datasets.py
[2024-06-07T02:07:31.961+0000] {processor.py:830} INFO - Processing file /home/airflow/.local/lib/python3.12/site-packages/airflow/example_dags/example_datasets.py for tasks to queue
[2024-06-07T02:07:31.963+0000] {logging_mixin.py:188} INFO - [2024-06-07T02:07:31.963+0000] {dagbag.py:545} INFO - Filling up the DagBag from /home/airflow/.local/lib/python3.12/site-packages/airflow/example_dags/example_datasets.py
[2024-06-07T02:07:31.989+0000] {processor.py:840} INFO - DAG(s) 'dataset_produces_2', 'dataset_consumes_1_never_scheduled', 'dataset_consumes_1', 'conditional_dataset_and_time_based_timetable', 'dataset_consumes_1_and_2', 'dataset_produces_1', 'consume_1_or_both_2_and_3_with_dataset_expressions', 'dataset_consumes_unknown_never_scheduled', 'consume_1_or_2_with_dataset_expressions', 'consume_1_and_2_with_dataset_expressions' retrieved from /home/airflow/.local/lib/python3.12/site-packages/airflow/example_dags/example_datasets.py
[2024-06-07T02:07:32.089+0000] {logging_mixin.py:188} INFO - [2024-06-07T02:07:32.089+0000] {dag.py:3096} INFO - Sync 10 DAGs
[2024-06-07T02:07:32.146+0000] {logging_mixin.py:188} INFO - [2024-06-07T02:07:32.145+0000] {dag.py:3954} INFO - Setting next_dagrun for conditional_dataset_and_time_based_timetable to 2024-06-05 01:00:00+00:00, run_after=2024-06-05 01:00:00+00:00
[2024-06-07T02:07:32.156+0000] {logging_mixin.py:188} INFO - [2024-06-07T02:07:32.155+0000] {dag.py:3954} INFO - Setting next_dagrun for consume_1_and_2_with_dataset_expressions to None, run_after=None
[2024-06-07T02:07:32.159+0000] {logging_mixin.py:188} INFO - [2024-06-07T02:07:32.159+0000] {dag.py:3954} INFO - Setting next_dagrun for consume_1_or_2_with_dataset_expressions to None, run_after=None
[2024-06-07T02:07:32.163+0000] {logging_mixin.py:188} INFO - [2024-06-07T02:07:32.162+0000] {dag.py:3954} INFO - Setting next_dagrun for consume_1_or_both_2_and_3_with_dataset_expressions to None, run_after=None
[2024-06-07T02:07:32.167+0000] {logging_mixin.py:188} INFO - [2024-06-07T02:07:32.167+0000] {dag.py:3954} INFO - Setting next_dagrun for dataset_consumes_1 to None, run_after=None
[2024-06-07T02:07:32.173+0000] {logging_mixin.py:188} INFO - [2024-06-07T02:07:32.173+0000] {dag.py:3954} INFO - Setting next_dagrun for dataset_consumes_1_and_2 to None, run_after=None
[2024-06-07T02:07:32.177+0000] {logging_mixin.py:188} INFO - [2024-06-07T02:07:32.176+0000] {dag.py:3954} INFO - Setting next_dagrun for dataset_consumes_1_never_scheduled to None, run_after=None
[2024-06-07T02:07:32.180+0000] {logging_mixin.py:188} INFO - [2024-06-07T02:07:32.180+0000] {dag.py:3954} INFO - Setting next_dagrun for dataset_consumes_unknown_never_scheduled to None, run_after=None
[2024-06-07T02:07:32.187+0000] {logging_mixin.py:188} INFO - [2024-06-07T02:07:32.186+0000] {dag.py:3954} INFO - Setting next_dagrun for dataset_produces_1 to 2024-06-06 00:00:00+00:00, run_after=2024-06-07 00:00:00+00:00
[2024-06-07T02:07:32.191+0000] {logging_mixin.py:188} INFO - [2024-06-07T02:07:32.190+0000] {dag.py:3954} INFO - Setting next_dagrun for dataset_produces_2 to None, run_after=None
[2024-06-07T02:07:32.264+0000] {processor.py:183} INFO - Processing /home/airflow/.local/lib/python3.12/site-packages/airflow/example_dags/example_datasets.py took 0.316 seconds
[2024-06-07T02:08:02.860+0000] {processor.py:161} INFO - Started process (PID=9297) to work on /home/airflow/.local/lib/python3.12/site-packages/airflow/example_dags/example_datasets.py
[2024-06-07T02:08:02.862+0000] {processor.py:830} INFO - Processing file /home/airflow/.local/lib/python3.12/site-packages/airflow/example_dags/example_datasets.py for tasks to queue
[2024-06-07T02:08:02.865+0000] {logging_mixin.py:188} INFO - [2024-06-07T02:08:02.864+0000] {dagbag.py:545} INFO - Filling up the DagBag from /home/airflow/.local/lib/python3.12/site-packages/airflow/example_dags/example_datasets.py
[2024-06-07T02:08:02.897+0000] {processor.py:840} INFO - DAG(s) 'dataset_consumes_1_and_2', 'consume_1_or_both_2_and_3_with_dataset_expressions', 'dataset_consumes_1', 'dataset_consumes_unknown_never_scheduled', 'dataset_produces_2', 'dataset_produces_1', 'dataset_consumes_1_never_scheduled', 'consume_1_or_2_with_dataset_expressions', 'consume_1_and_2_with_dataset_expressions', 'conditional_dataset_and_time_based_timetable' retrieved from /home/airflow/.local/lib/python3.12/site-packages/airflow/example_dags/example_datasets.py
[2024-06-07T02:08:02.997+0000] {logging_mixin.py:188} INFO - [2024-06-07T02:08:02.997+0000] {dag.py:3096} INFO - Sync 10 DAGs
[2024-06-07T02:08:03.045+0000] {logging_mixin.py:188} INFO - [2024-06-07T02:08:03.044+0000] {dag.py:3954} INFO - Setting next_dagrun for conditional_dataset_and_time_based_timetable to 2024-06-05 01:00:00+00:00, run_after=2024-06-05 01:00:00+00:00
[2024-06-07T02:08:03.053+0000] {logging_mixin.py:188} INFO - [2024-06-07T02:08:03.052+0000] {dag.py:3954} INFO - Setting next_dagrun for consume_1_and_2_with_dataset_expressions to None, run_after=None
[2024-06-07T02:08:03.057+0000] {logging_mixin.py:188} INFO - [2024-06-07T02:08:03.057+0000] {dag.py:3954} INFO - Setting next_dagrun for consume_1_or_2_with_dataset_expressions to None, run_after=None
[2024-06-07T02:08:03.061+0000] {logging_mixin.py:188} INFO - [2024-06-07T02:08:03.061+0000] {dag.py:3954} INFO - Setting next_dagrun for consume_1_or_both_2_and_3_with_dataset_expressions to None, run_after=None
[2024-06-07T02:08:03.065+0000] {logging_mixin.py:188} INFO - [2024-06-07T02:08:03.064+0000] {dag.py:3954} INFO - Setting next_dagrun for dataset_consumes_1 to None, run_after=None
[2024-06-07T02:08:03.069+0000] {logging_mixin.py:188} INFO - [2024-06-07T02:08:03.068+0000] {dag.py:3954} INFO - Setting next_dagrun for dataset_consumes_1_and_2 to None, run_after=None
[2024-06-07T02:08:03.072+0000] {logging_mixin.py:188} INFO - [2024-06-07T02:08:03.071+0000] {dag.py:3954} INFO - Setting next_dagrun for dataset_consumes_1_never_scheduled to None, run_after=None
[2024-06-07T02:08:03.076+0000] {logging_mixin.py:188} INFO - [2024-06-07T02:08:03.075+0000] {dag.py:3954} INFO - Setting next_dagrun for dataset_consumes_unknown_never_scheduled to None, run_after=None
[2024-06-07T02:08:03.084+0000] {logging_mixin.py:188} INFO - [2024-06-07T02:08:03.083+0000] {dag.py:3954} INFO - Setting next_dagrun for dataset_produces_1 to 2024-06-06 00:00:00+00:00, run_after=2024-06-07 00:00:00+00:00
[2024-06-07T02:08:03.088+0000] {logging_mixin.py:188} INFO - [2024-06-07T02:08:03.087+0000] {dag.py:3954} INFO - Setting next_dagrun for dataset_produces_2 to None, run_after=None
[2024-06-07T02:08:03.161+0000] {processor.py:183} INFO - Processing /home/airflow/.local/lib/python3.12/site-packages/airflow/example_dags/example_datasets.py took 0.314 seconds
[2024-06-07T02:08:34.348+0000] {processor.py:161} INFO - Started process (PID=9350) to work on /home/airflow/.local/lib/python3.12/site-packages/airflow/example_dags/example_datasets.py
[2024-06-07T02:08:34.351+0000] {processor.py:830} INFO - Processing file /home/airflow/.local/lib/python3.12/site-packages/airflow/example_dags/example_datasets.py for tasks to queue
[2024-06-07T02:08:34.353+0000] {logging_mixin.py:188} INFO - [2024-06-07T02:08:34.353+0000] {dagbag.py:545} INFO - Filling up the DagBag from /home/airflow/.local/lib/python3.12/site-packages/airflow/example_dags/example_datasets.py
[2024-06-07T02:08:34.392+0000] {processor.py:840} INFO - DAG(s) 'dataset_consumes_1', 'dataset_produces_1', 'consume_1_or_both_2_and_3_with_dataset_expressions', 'conditional_dataset_and_time_based_timetable', 'consume_1_and_2_with_dataset_expressions', 'consume_1_or_2_with_dataset_expressions', 'dataset_consumes_unknown_never_scheduled', 'dataset_consumes_1_and_2', 'dataset_consumes_1_never_scheduled', 'dataset_produces_2' retrieved from /home/airflow/.local/lib/python3.12/site-packages/airflow/example_dags/example_datasets.py
[2024-06-07T02:08:34.520+0000] {logging_mixin.py:188} INFO - [2024-06-07T02:08:34.520+0000] {dag.py:3096} INFO - Sync 10 DAGs
[2024-06-07T02:08:34.568+0000] {logging_mixin.py:188} INFO - [2024-06-07T02:08:34.568+0000] {dag.py:3954} INFO - Setting next_dagrun for conditional_dataset_and_time_based_timetable to 2024-06-05 01:00:00+00:00, run_after=2024-06-05 01:00:00+00:00
[2024-06-07T02:08:34.577+0000] {logging_mixin.py:188} INFO - [2024-06-07T02:08:34.576+0000] {dag.py:3954} INFO - Setting next_dagrun for consume_1_and_2_with_dataset_expressions to None, run_after=None
[2024-06-07T02:08:34.581+0000] {logging_mixin.py:188} INFO - [2024-06-07T02:08:34.581+0000] {dag.py:3954} INFO - Setting next_dagrun for consume_1_or_2_with_dataset_expressions to None, run_after=None
[2024-06-07T02:08:34.585+0000] {logging_mixin.py:188} INFO - [2024-06-07T02:08:34.584+0000] {dag.py:3954} INFO - Setting next_dagrun for consume_1_or_both_2_and_3_with_dataset_expressions to None, run_after=None
[2024-06-07T02:08:34.588+0000] {logging_mixin.py:188} INFO - [2024-06-07T02:08:34.588+0000] {dag.py:3954} INFO - Setting next_dagrun for dataset_consumes_1 to None, run_after=None
[2024-06-07T02:08:34.592+0000] {logging_mixin.py:188} INFO - [2024-06-07T02:08:34.591+0000] {dag.py:3954} INFO - Setting next_dagrun for dataset_consumes_1_and_2 to None, run_after=None
[2024-06-07T02:08:34.595+0000] {logging_mixin.py:188} INFO - [2024-06-07T02:08:34.595+0000] {dag.py:3954} INFO - Setting next_dagrun for dataset_consumes_1_never_scheduled to None, run_after=None
[2024-06-07T02:08:34.599+0000] {logging_mixin.py:188} INFO - [2024-06-07T02:08:34.598+0000] {dag.py:3954} INFO - Setting next_dagrun for dataset_consumes_unknown_never_scheduled to None, run_after=None
[2024-06-07T02:08:34.606+0000] {logging_mixin.py:188} INFO - [2024-06-07T02:08:34.605+0000] {dag.py:3954} INFO - Setting next_dagrun for dataset_produces_1 to 2024-06-06 00:00:00+00:00, run_after=2024-06-07 00:00:00+00:00
[2024-06-07T02:08:34.609+0000] {logging_mixin.py:188} INFO - [2024-06-07T02:08:34.608+0000] {dag.py:3954} INFO - Setting next_dagrun for dataset_produces_2 to None, run_after=None
[2024-06-07T02:08:34.743+0000] {processor.py:183} INFO - Processing /home/airflow/.local/lib/python3.12/site-packages/airflow/example_dags/example_datasets.py took 0.412 seconds
[2024-06-07T02:09:05.139+0000] {processor.py:161} INFO - Started process (PID=9401) to work on /home/airflow/.local/lib/python3.12/site-packages/airflow/example_dags/example_datasets.py
[2024-06-07T02:09:05.141+0000] {processor.py:830} INFO - Processing file /home/airflow/.local/lib/python3.12/site-packages/airflow/example_dags/example_datasets.py for tasks to queue
[2024-06-07T02:09:05.144+0000] {logging_mixin.py:188} INFO - [2024-06-07T02:09:05.143+0000] {dagbag.py:545} INFO - Filling up the DagBag from /home/airflow/.local/lib/python3.12/site-packages/airflow/example_dags/example_datasets.py
[2024-06-07T02:09:05.174+0000] {processor.py:840} INFO - DAG(s) 'dataset_consumes_1_never_scheduled', 'consume_1_or_2_with_dataset_expressions', 'consume_1_or_both_2_and_3_with_dataset_expressions', 'dataset_produces_1', 'conditional_dataset_and_time_based_timetable', 'dataset_produces_2', 'dataset_consumes_1', 'consume_1_and_2_with_dataset_expressions', 'dataset_consumes_1_and_2', 'dataset_consumes_unknown_never_scheduled' retrieved from /home/airflow/.local/lib/python3.12/site-packages/airflow/example_dags/example_datasets.py
[2024-06-07T02:09:05.311+0000] {logging_mixin.py:188} INFO - [2024-06-07T02:09:05.311+0000] {dag.py:3096} INFO - Sync 10 DAGs
[2024-06-07T02:09:05.367+0000] {logging_mixin.py:188} INFO - [2024-06-07T02:09:05.367+0000] {dag.py:3954} INFO - Setting next_dagrun for conditional_dataset_and_time_based_timetable to 2024-06-05 01:00:00+00:00, run_after=2024-06-05 01:00:00+00:00
[2024-06-07T02:09:05.381+0000] {logging_mixin.py:188} INFO - [2024-06-07T02:09:05.381+0000] {dag.py:3954} INFO - Setting next_dagrun for consume_1_and_2_with_dataset_expressions to None, run_after=None
[2024-06-07T02:09:05.385+0000] {logging_mixin.py:188} INFO - [2024-06-07T02:09:05.384+0000] {dag.py:3954} INFO - Setting next_dagrun for consume_1_or_2_with_dataset_expressions to None, run_after=None
[2024-06-07T02:09:05.387+0000] {logging_mixin.py:188} INFO - [2024-06-07T02:09:05.387+0000] {dag.py:3954} INFO - Setting next_dagrun for consume_1_or_both_2_and_3_with_dataset_expressions to None, run_after=None
[2024-06-07T02:09:05.390+0000] {logging_mixin.py:188} INFO - [2024-06-07T02:09:05.390+0000] {dag.py:3954} INFO - Setting next_dagrun for dataset_consumes_1 to None, run_after=None
[2024-06-07T02:09:05.393+0000] {logging_mixin.py:188} INFO - [2024-06-07T02:09:05.392+0000] {dag.py:3954} INFO - Setting next_dagrun for dataset_consumes_1_and_2 to None, run_after=None
[2024-06-07T02:09:05.396+0000] {logging_mixin.py:188} INFO - [2024-06-07T02:09:05.396+0000] {dag.py:3954} INFO - Setting next_dagrun for dataset_consumes_1_never_scheduled to None, run_after=None
[2024-06-07T02:09:05.399+0000] {logging_mixin.py:188} INFO - [2024-06-07T02:09:05.398+0000] {dag.py:3954} INFO - Setting next_dagrun for dataset_consumes_unknown_never_scheduled to None, run_after=None
[2024-06-07T02:09:05.402+0000] {logging_mixin.py:188} INFO - [2024-06-07T02:09:05.402+0000] {dag.py:3954} INFO - Setting next_dagrun for dataset_produces_1 to 2024-06-06 00:00:00+00:00, run_after=2024-06-07 00:00:00+00:00
[2024-06-07T02:09:05.404+0000] {logging_mixin.py:188} INFO - [2024-06-07T02:09:05.404+0000] {dag.py:3954} INFO - Setting next_dagrun for dataset_produces_2 to None, run_after=None
[2024-06-07T02:09:05.455+0000] {processor.py:183} INFO - Processing /home/airflow/.local/lib/python3.12/site-packages/airflow/example_dags/example_datasets.py took 0.324 seconds
[2024-06-07T02:09:35.589+0000] {processor.py:161} INFO - Started process (PID=9454) to work on /home/airflow/.local/lib/python3.12/site-packages/airflow/example_dags/example_datasets.py
[2024-06-07T02:09:35.591+0000] {processor.py:830} INFO - Processing file /home/airflow/.local/lib/python3.12/site-packages/airflow/example_dags/example_datasets.py for tasks to queue
[2024-06-07T02:09:35.594+0000] {logging_mixin.py:188} INFO - [2024-06-07T02:09:35.593+0000] {dagbag.py:545} INFO - Filling up the DagBag from /home/airflow/.local/lib/python3.12/site-packages/airflow/example_dags/example_datasets.py
[2024-06-07T02:09:35.625+0000] {processor.py:840} INFO - DAG(s) 'dataset_consumes_1_and_2', 'dataset_consumes_1', 'consume_1_or_both_2_and_3_with_dataset_expressions', 'dataset_produces_1', 'dataset_produces_2', 'dataset_consumes_1_never_scheduled', 'consume_1_or_2_with_dataset_expressions', 'consume_1_and_2_with_dataset_expressions', 'conditional_dataset_and_time_based_timetable', 'dataset_consumes_unknown_never_scheduled' retrieved from /home/airflow/.local/lib/python3.12/site-packages/airflow/example_dags/example_datasets.py
[2024-06-07T02:09:35.754+0000] {logging_mixin.py:188} INFO - [2024-06-07T02:09:35.753+0000] {dag.py:3096} INFO - Sync 10 DAGs
[2024-06-07T02:09:35.810+0000] {logging_mixin.py:188} INFO - [2024-06-07T02:09:35.809+0000] {dag.py:3954} INFO - Setting next_dagrun for conditional_dataset_and_time_based_timetable to 2024-06-05 01:00:00+00:00, run_after=2024-06-05 01:00:00+00:00
[2024-06-07T02:09:35.817+0000] {logging_mixin.py:188} INFO - [2024-06-07T02:09:35.816+0000] {dag.py:3954} INFO - Setting next_dagrun for consume_1_and_2_with_dataset_expressions to None, run_after=None
[2024-06-07T02:09:35.820+0000] {logging_mixin.py:188} INFO - [2024-06-07T02:09:35.819+0000] {dag.py:3954} INFO - Setting next_dagrun for consume_1_or_2_with_dataset_expressions to None, run_after=None
[2024-06-07T02:09:35.822+0000] {logging_mixin.py:188} INFO - [2024-06-07T02:09:35.822+0000] {dag.py:3954} INFO - Setting next_dagrun for consume_1_or_both_2_and_3_with_dataset_expressions to None, run_after=None
[2024-06-07T02:09:35.825+0000] {logging_mixin.py:188} INFO - [2024-06-07T02:09:35.825+0000] {dag.py:3954} INFO - Setting next_dagrun for dataset_consumes_1 to None, run_after=None
[2024-06-07T02:09:35.828+0000] {logging_mixin.py:188} INFO - [2024-06-07T02:09:35.828+0000] {dag.py:3954} INFO - Setting next_dagrun for dataset_consumes_1_and_2 to None, run_after=None
[2024-06-07T02:09:35.831+0000] {logging_mixin.py:188} INFO - [2024-06-07T02:09:35.830+0000] {dag.py:3954} INFO - Setting next_dagrun for dataset_consumes_1_never_scheduled to None, run_after=None
[2024-06-07T02:09:35.833+0000] {logging_mixin.py:188} INFO - [2024-06-07T02:09:35.833+0000] {dag.py:3954} INFO - Setting next_dagrun for dataset_consumes_unknown_never_scheduled to None, run_after=None
[2024-06-07T02:09:35.838+0000] {logging_mixin.py:188} INFO - [2024-06-07T02:09:35.838+0000] {dag.py:3954} INFO - Setting next_dagrun for dataset_produces_1 to 2024-06-06 00:00:00+00:00, run_after=2024-06-07 00:00:00+00:00
[2024-06-07T02:09:35.840+0000] {logging_mixin.py:188} INFO - [2024-06-07T02:09:35.840+0000] {dag.py:3954} INFO - Setting next_dagrun for dataset_produces_2 to None, run_after=None
[2024-06-07T02:09:35.904+0000] {processor.py:183} INFO - Processing /home/airflow/.local/lib/python3.12/site-packages/airflow/example_dags/example_datasets.py took 0.327 seconds
[2024-06-07T02:10:06.610+0000] {processor.py:161} INFO - Started process (PID=9507) to work on /home/airflow/.local/lib/python3.12/site-packages/airflow/example_dags/example_datasets.py
[2024-06-07T02:10:06.613+0000] {processor.py:830} INFO - Processing file /home/airflow/.local/lib/python3.12/site-packages/airflow/example_dags/example_datasets.py for tasks to queue
[2024-06-07T02:10:06.616+0000] {logging_mixin.py:188} INFO - [2024-06-07T02:10:06.615+0000] {dagbag.py:545} INFO - Filling up the DagBag from /home/airflow/.local/lib/python3.12/site-packages/airflow/example_dags/example_datasets.py
[2024-06-07T02:10:06.654+0000] {processor.py:840} INFO - DAG(s) 'dataset_consumes_1_never_scheduled', 'consume_1_or_both_2_and_3_with_dataset_expressions', 'dataset_consumes_1', 'dataset_produces_2', 'dataset_consumes_1_and_2', 'consume_1_or_2_with_dataset_expressions', 'dataset_consumes_unknown_never_scheduled', 'consume_1_and_2_with_dataset_expressions', 'dataset_produces_1', 'conditional_dataset_and_time_based_timetable' retrieved from /home/airflow/.local/lib/python3.12/site-packages/airflow/example_dags/example_datasets.py
[2024-06-07T02:10:06.805+0000] {logging_mixin.py:188} INFO - [2024-06-07T02:10:06.804+0000] {dag.py:3096} INFO - Sync 10 DAGs
[2024-06-07T02:10:06.875+0000] {logging_mixin.py:188} INFO - [2024-06-07T02:10:06.874+0000] {dag.py:3954} INFO - Setting next_dagrun for conditional_dataset_and_time_based_timetable to 2024-06-05 01:00:00+00:00, run_after=2024-06-05 01:00:00+00:00
[2024-06-07T02:10:06.887+0000] {logging_mixin.py:188} INFO - [2024-06-07T02:10:06.886+0000] {dag.py:3954} INFO - Setting next_dagrun for consume_1_and_2_with_dataset_expressions to None, run_after=None
[2024-06-07T02:10:06.893+0000] {logging_mixin.py:188} INFO - [2024-06-07T02:10:06.892+0000] {dag.py:3954} INFO - Setting next_dagrun for consume_1_or_2_with_dataset_expressions to None, run_after=None
[2024-06-07T02:10:06.898+0000] {logging_mixin.py:188} INFO - [2024-06-07T02:10:06.898+0000] {dag.py:3954} INFO - Setting next_dagrun for consume_1_or_both_2_and_3_with_dataset_expressions to None, run_after=None
[2024-06-07T02:10:06.904+0000] {logging_mixin.py:188} INFO - [2024-06-07T02:10:06.903+0000] {dag.py:3954} INFO - Setting next_dagrun for dataset_consumes_1 to None, run_after=None
[2024-06-07T02:10:06.913+0000] {logging_mixin.py:188} INFO - [2024-06-07T02:10:06.912+0000] {dag.py:3954} INFO - Setting next_dagrun for dataset_consumes_1_and_2 to None, run_after=None
[2024-06-07T02:10:06.918+0000] {logging_mixin.py:188} INFO - [2024-06-07T02:10:06.917+0000] {dag.py:3954} INFO - Setting next_dagrun for dataset_consumes_1_never_scheduled to None, run_after=None
[2024-06-07T02:10:06.922+0000] {logging_mixin.py:188} INFO - [2024-06-07T02:10:06.922+0000] {dag.py:3954} INFO - Setting next_dagrun for dataset_consumes_unknown_never_scheduled to None, run_after=None
[2024-06-07T02:10:06.929+0000] {logging_mixin.py:188} INFO - [2024-06-07T02:10:06.929+0000] {dag.py:3954} INFO - Setting next_dagrun for dataset_produces_1 to 2024-06-06 00:00:00+00:00, run_after=2024-06-07 00:00:00+00:00
[2024-06-07T02:10:06.935+0000] {logging_mixin.py:188} INFO - [2024-06-07T02:10:06.934+0000] {dag.py:3954} INFO - Setting next_dagrun for dataset_produces_2 to None, run_after=None
[2024-06-07T02:10:07.060+0000] {processor.py:183} INFO - Processing /home/airflow/.local/lib/python3.12/site-packages/airflow/example_dags/example_datasets.py took 0.464 seconds
[2024-06-07T02:10:38.119+0000] {processor.py:161} INFO - Started process (PID=9560) to work on /home/airflow/.local/lib/python3.12/site-packages/airflow/example_dags/example_datasets.py
[2024-06-07T02:10:38.122+0000] {processor.py:830} INFO - Processing file /home/airflow/.local/lib/python3.12/site-packages/airflow/example_dags/example_datasets.py for tasks to queue
[2024-06-07T02:10:38.125+0000] {logging_mixin.py:188} INFO - [2024-06-07T02:10:38.124+0000] {dagbag.py:545} INFO - Filling up the DagBag from /home/airflow/.local/lib/python3.12/site-packages/airflow/example_dags/example_datasets.py
[2024-06-07T02:10:38.157+0000] {processor.py:840} INFO - DAG(s) 'dataset_produces_2', 'dataset_consumes_1_never_scheduled', 'dataset_consumes_unknown_never_scheduled', 'consume_1_or_2_with_dataset_expressions', 'dataset_produces_1', 'consume_1_and_2_with_dataset_expressions', 'dataset_consumes_1_and_2', 'consume_1_or_both_2_and_3_with_dataset_expressions', 'conditional_dataset_and_time_based_timetable', 'dataset_consumes_1' retrieved from /home/airflow/.local/lib/python3.12/site-packages/airflow/example_dags/example_datasets.py
[2024-06-07T02:10:38.295+0000] {logging_mixin.py:188} INFO - [2024-06-07T02:10:38.294+0000] {dag.py:3096} INFO - Sync 10 DAGs
[2024-06-07T02:10:38.355+0000] {logging_mixin.py:188} INFO - [2024-06-07T02:10:38.354+0000] {dag.py:3954} INFO - Setting next_dagrun for conditional_dataset_and_time_based_timetable to 2024-06-05 01:00:00+00:00, run_after=2024-06-05 01:00:00+00:00
[2024-06-07T02:10:38.364+0000] {logging_mixin.py:188} INFO - [2024-06-07T02:10:38.363+0000] {dag.py:3954} INFO - Setting next_dagrun for consume_1_and_2_with_dataset_expressions to None, run_after=None
[2024-06-07T02:10:38.369+0000] {logging_mixin.py:188} INFO - [2024-06-07T02:10:38.369+0000] {dag.py:3954} INFO - Setting next_dagrun for consume_1_or_2_with_dataset_expressions to None, run_after=None
[2024-06-07T02:10:38.375+0000] {logging_mixin.py:188} INFO - [2024-06-07T02:10:38.374+0000] {dag.py:3954} INFO - Setting next_dagrun for consume_1_or_both_2_and_3_with_dataset_expressions to None, run_after=None
[2024-06-07T02:10:38.381+0000] {logging_mixin.py:188} INFO - [2024-06-07T02:10:38.380+0000] {dag.py:3954} INFO - Setting next_dagrun for dataset_consumes_1 to None, run_after=None
[2024-06-07T02:10:38.387+0000] {logging_mixin.py:188} INFO - [2024-06-07T02:10:38.386+0000] {dag.py:3954} INFO - Setting next_dagrun for dataset_consumes_1_and_2 to None, run_after=None
[2024-06-07T02:10:38.393+0000] {logging_mixin.py:188} INFO - [2024-06-07T02:10:38.392+0000] {dag.py:3954} INFO - Setting next_dagrun for dataset_consumes_1_never_scheduled to None, run_after=None
[2024-06-07T02:10:38.398+0000] {logging_mixin.py:188} INFO - [2024-06-07T02:10:38.397+0000] {dag.py:3954} INFO - Setting next_dagrun for dataset_consumes_unknown_never_scheduled to None, run_after=None
[2024-06-07T02:10:38.405+0000] {logging_mixin.py:188} INFO - [2024-06-07T02:10:38.404+0000] {dag.py:3954} INFO - Setting next_dagrun for dataset_produces_1 to 2024-06-06 00:00:00+00:00, run_after=2024-06-07 00:00:00+00:00
[2024-06-07T02:10:38.410+0000] {logging_mixin.py:188} INFO - [2024-06-07T02:10:38.410+0000] {dag.py:3954} INFO - Setting next_dagrun for dataset_produces_2 to None, run_after=None
[2024-06-07T02:10:38.515+0000] {processor.py:183} INFO - Processing /home/airflow/.local/lib/python3.12/site-packages/airflow/example_dags/example_datasets.py took 0.406 seconds
[2024-06-07T02:11:08.733+0000] {processor.py:161} INFO - Started process (PID=9614) to work on /home/airflow/.local/lib/python3.12/site-packages/airflow/example_dags/example_datasets.py
[2024-06-07T02:11:08.736+0000] {processor.py:830} INFO - Processing file /home/airflow/.local/lib/python3.12/site-packages/airflow/example_dags/example_datasets.py for tasks to queue
[2024-06-07T02:11:08.738+0000] {logging_mixin.py:188} INFO - [2024-06-07T02:11:08.737+0000] {dagbag.py:545} INFO - Filling up the DagBag from /home/airflow/.local/lib/python3.12/site-packages/airflow/example_dags/example_datasets.py
[2024-06-07T02:11:08.765+0000] {processor.py:840} INFO - DAG(s) 'dataset_consumes_unknown_never_scheduled', 'dataset_consumes_1_and_2', 'dataset_produces_1', 'consume_1_or_2_with_dataset_expressions', 'dataset_consumes_1_never_scheduled', 'conditional_dataset_and_time_based_timetable', 'dataset_produces_2', 'dataset_consumes_1', 'consume_1_or_both_2_and_3_with_dataset_expressions', 'consume_1_and_2_with_dataset_expressions' retrieved from /home/airflow/.local/lib/python3.12/site-packages/airflow/example_dags/example_datasets.py
[2024-06-07T02:11:08.885+0000] {logging_mixin.py:188} INFO - [2024-06-07T02:11:08.884+0000] {dag.py:3096} INFO - Sync 10 DAGs
[2024-06-07T02:11:08.935+0000] {logging_mixin.py:188} INFO - [2024-06-07T02:11:08.934+0000] {dag.py:3954} INFO - Setting next_dagrun for conditional_dataset_and_time_based_timetable to 2024-06-05 01:00:00+00:00, run_after=2024-06-05 01:00:00+00:00
[2024-06-07T02:11:08.943+0000] {logging_mixin.py:188} INFO - [2024-06-07T02:11:08.942+0000] {dag.py:3954} INFO - Setting next_dagrun for consume_1_and_2_with_dataset_expressions to None, run_after=None
[2024-06-07T02:11:08.946+0000] {logging_mixin.py:188} INFO - [2024-06-07T02:11:08.946+0000] {dag.py:3954} INFO - Setting next_dagrun for consume_1_or_2_with_dataset_expressions to None, run_after=None
[2024-06-07T02:11:08.949+0000] {logging_mixin.py:188} INFO - [2024-06-07T02:11:08.949+0000] {dag.py:3954} INFO - Setting next_dagrun for consume_1_or_both_2_and_3_with_dataset_expressions to None, run_after=None
[2024-06-07T02:11:08.952+0000] {logging_mixin.py:188} INFO - [2024-06-07T02:11:08.951+0000] {dag.py:3954} INFO - Setting next_dagrun for dataset_consumes_1 to None, run_after=None
[2024-06-07T02:11:08.956+0000] {logging_mixin.py:188} INFO - [2024-06-07T02:11:08.955+0000] {dag.py:3954} INFO - Setting next_dagrun for dataset_consumes_1_and_2 to None, run_after=None
[2024-06-07T02:11:08.959+0000] {logging_mixin.py:188} INFO - [2024-06-07T02:11:08.959+0000] {dag.py:3954} INFO - Setting next_dagrun for dataset_consumes_1_never_scheduled to None, run_after=None
[2024-06-07T02:11:08.962+0000] {logging_mixin.py:188} INFO - [2024-06-07T02:11:08.962+0000] {dag.py:3954} INFO - Setting next_dagrun for dataset_consumes_unknown_never_scheduled to None, run_after=None
[2024-06-07T02:11:08.967+0000] {logging_mixin.py:188} INFO - [2024-06-07T02:11:08.966+0000] {dag.py:3954} INFO - Setting next_dagrun for dataset_produces_1 to 2024-06-06 00:00:00+00:00, run_after=2024-06-07 00:00:00+00:00
[2024-06-07T02:11:08.970+0000] {logging_mixin.py:188} INFO - [2024-06-07T02:11:08.970+0000] {dag.py:3954} INFO - Setting next_dagrun for dataset_produces_2 to None, run_after=None
[2024-06-07T02:11:09.092+0000] {processor.py:183} INFO - Processing /home/airflow/.local/lib/python3.12/site-packages/airflow/example_dags/example_datasets.py took 0.371 seconds
[2024-06-07T14:01:17.479+0000] {processor.py:161} INFO - Started process (PID=9685) to work on /home/airflow/.local/lib/python3.12/site-packages/airflow/example_dags/example_datasets.py
[2024-06-07T14:01:17.482+0000] {processor.py:830} INFO - Processing file /home/airflow/.local/lib/python3.12/site-packages/airflow/example_dags/example_datasets.py for tasks to queue
[2024-06-07T14:01:17.485+0000] {logging_mixin.py:188} INFO - [2024-06-07T14:01:17.484+0000] {dagbag.py:545} INFO - Filling up the DagBag from /home/airflow/.local/lib/python3.12/site-packages/airflow/example_dags/example_datasets.py
[2024-06-07T14:01:17.542+0000] {processor.py:840} INFO - DAG(s) 'conditional_dataset_and_time_based_timetable', 'consume_1_or_2_with_dataset_expressions', 'consume_1_or_both_2_and_3_with_dataset_expressions', 'dataset_consumes_1_and_2', 'dataset_consumes_unknown_never_scheduled', 'dataset_consumes_1', 'dataset_consumes_1_never_scheduled', 'dataset_produces_1', 'consume_1_and_2_with_dataset_expressions', 'dataset_produces_2' retrieved from /home/airflow/.local/lib/python3.12/site-packages/airflow/example_dags/example_datasets.py
[2024-06-07T14:01:17.706+0000] {logging_mixin.py:188} INFO - [2024-06-07T14:01:17.706+0000] {dag.py:3096} INFO - Sync 10 DAGs
[2024-06-07T14:01:17.771+0000] {logging_mixin.py:188} INFO - [2024-06-07T14:01:17.770+0000] {dag.py:3954} INFO - Setting next_dagrun for conditional_dataset_and_time_based_timetable to 2024-06-05 01:00:00+00:00, run_after=2024-06-05 01:00:00+00:00
[2024-06-07T14:01:17.787+0000] {logging_mixin.py:188} INFO - [2024-06-07T14:01:17.786+0000] {dag.py:3954} INFO - Setting next_dagrun for consume_1_and_2_with_dataset_expressions to None, run_after=None
[2024-06-07T14:01:17.794+0000] {logging_mixin.py:188} INFO - [2024-06-07T14:01:17.793+0000] {dag.py:3954} INFO - Setting next_dagrun for consume_1_or_2_with_dataset_expressions to None, run_after=None
[2024-06-07T14:01:17.800+0000] {logging_mixin.py:188} INFO - [2024-06-07T14:01:17.800+0000] {dag.py:3954} INFO - Setting next_dagrun for consume_1_or_both_2_and_3_with_dataset_expressions to None, run_after=None
[2024-06-07T14:01:17.805+0000] {logging_mixin.py:188} INFO - [2024-06-07T14:01:17.804+0000] {dag.py:3954} INFO - Setting next_dagrun for dataset_consumes_1 to None, run_after=None
[2024-06-07T14:01:17.811+0000] {logging_mixin.py:188} INFO - [2024-06-07T14:01:17.811+0000] {dag.py:3954} INFO - Setting next_dagrun for dataset_consumes_1_and_2 to None, run_after=None
[2024-06-07T14:01:17.816+0000] {logging_mixin.py:188} INFO - [2024-06-07T14:01:17.816+0000] {dag.py:3954} INFO - Setting next_dagrun for dataset_consumes_1_never_scheduled to None, run_after=None
[2024-06-07T14:01:17.823+0000] {logging_mixin.py:188} INFO - [2024-06-07T14:01:17.822+0000] {dag.py:3954} INFO - Setting next_dagrun for dataset_consumes_unknown_never_scheduled to None, run_after=None
[2024-06-07T14:01:17.831+0000] {logging_mixin.py:188} INFO - [2024-06-07T14:01:17.830+0000] {dag.py:3954} INFO - Setting next_dagrun for dataset_produces_1 to 2024-06-06 00:00:00+00:00, run_after=2024-06-07 00:00:00+00:00
[2024-06-07T14:01:17.835+0000] {logging_mixin.py:188} INFO - [2024-06-07T14:01:17.834+0000] {dag.py:3954} INFO - Setting next_dagrun for dataset_produces_2 to None, run_after=None
[2024-06-07T14:01:17.928+0000] {processor.py:183} INFO - Processing /home/airflow/.local/lib/python3.12/site-packages/airflow/example_dags/example_datasets.py took 0.462 seconds
