[2024-06-07T02:01:18.870+0000] {processor.py:161} INFO - Started process (PID=8602) to work on /home/airflow/.local/lib/python3.12/site-packages/airflow/example_dags/example_sla_dag.py
[2024-06-07T02:01:18.872+0000] {processor.py:830} INFO - Processing file /home/airflow/.local/lib/python3.12/site-packages/airflow/example_dags/example_sla_dag.py for tasks to queue
[2024-06-07T02:01:18.878+0000] {logging_mixin.py:188} INFO - [2024-06-07T02:01:18.875+0000] {dagbag.py:545} INFO - Filling up the DagBag from /home/airflow/.local/lib/python3.12/site-packages/airflow/example_dags/example_sla_dag.py
[2024-06-07T02:01:18.899+0000] {processor.py:840} INFO - DAG(s) 'example_sla_dag' retrieved from /home/airflow/.local/lib/python3.12/site-packages/airflow/example_dags/example_sla_dag.py
[2024-06-07T02:01:18.941+0000] {logging_mixin.py:188} INFO - [2024-06-07T02:01:18.941+0000] {dag.py:3096} INFO - Sync 1 DAGs
[2024-06-07T02:01:18.994+0000] {logging_mixin.py:188} INFO - [2024-06-07T02:01:18.993+0000] {dag.py:3954} INFO - Setting next_dagrun for example_sla_dag to 2024-06-07 01:58:00+00:00, run_after=2024-06-07 02:00:00+00:00
[2024-06-07T02:01:19.072+0000] {processor.py:183} INFO - Processing /home/airflow/.local/lib/python3.12/site-packages/airflow/example_dags/example_sla_dag.py took 0.214 seconds
[2024-06-07T02:01:49.809+0000] {processor.py:161} INFO - Started process (PID=8655) to work on /home/airflow/.local/lib/python3.12/site-packages/airflow/example_dags/example_sla_dag.py
[2024-06-07T02:01:49.811+0000] {processor.py:830} INFO - Processing file /home/airflow/.local/lib/python3.12/site-packages/airflow/example_dags/example_sla_dag.py for tasks to queue
[2024-06-07T02:01:49.814+0000] {logging_mixin.py:188} INFO - [2024-06-07T02:01:49.813+0000] {dagbag.py:545} INFO - Filling up the DagBag from /home/airflow/.local/lib/python3.12/site-packages/airflow/example_dags/example_sla_dag.py
[2024-06-07T02:01:49.834+0000] {processor.py:840} INFO - DAG(s) 'example_sla_dag' retrieved from /home/airflow/.local/lib/python3.12/site-packages/airflow/example_dags/example_sla_dag.py
[2024-06-07T02:01:49.882+0000] {logging_mixin.py:188} INFO - [2024-06-07T02:01:49.882+0000] {dag.py:3096} INFO - Sync 1 DAGs
[2024-06-07T02:01:49.940+0000] {logging_mixin.py:188} INFO - [2024-06-07T02:01:49.939+0000] {dag.py:3954} INFO - Setting next_dagrun for example_sla_dag to 2024-06-07 01:58:00+00:00, run_after=2024-06-07 02:00:00+00:00
[2024-06-07T02:01:49.984+0000] {processor.py:183} INFO - Processing /home/airflow/.local/lib/python3.12/site-packages/airflow/example_dags/example_sla_dag.py took 0.187 seconds
[2024-06-07T02:02:20.530+0000] {processor.py:161} INFO - Started process (PID=8708) to work on /home/airflow/.local/lib/python3.12/site-packages/airflow/example_dags/example_sla_dag.py
[2024-06-07T02:02:20.533+0000] {processor.py:830} INFO - Processing file /home/airflow/.local/lib/python3.12/site-packages/airflow/example_dags/example_sla_dag.py for tasks to queue
[2024-06-07T02:02:20.535+0000] {logging_mixin.py:188} INFO - [2024-06-07T02:02:20.534+0000] {dagbag.py:545} INFO - Filling up the DagBag from /home/airflow/.local/lib/python3.12/site-packages/airflow/example_dags/example_sla_dag.py
[2024-06-07T02:02:20.550+0000] {processor.py:840} INFO - DAG(s) 'example_sla_dag' retrieved from /home/airflow/.local/lib/python3.12/site-packages/airflow/example_dags/example_sla_dag.py
[2024-06-07T02:02:20.591+0000] {logging_mixin.py:188} INFO - [2024-06-07T02:02:20.590+0000] {dag.py:3096} INFO - Sync 1 DAGs
[2024-06-07T02:02:20.657+0000] {logging_mixin.py:188} INFO - [2024-06-07T02:02:20.656+0000] {dag.py:3954} INFO - Setting next_dagrun for example_sla_dag to 2024-06-07 02:00:00+00:00, run_after=2024-06-07 02:02:00+00:00
[2024-06-07T02:02:20.749+0000] {processor.py:183} INFO - Processing /home/airflow/.local/lib/python3.12/site-packages/airflow/example_dags/example_sla_dag.py took 0.229 seconds
[2024-06-07T02:02:51.030+0000] {processor.py:161} INFO - Started process (PID=8761) to work on /home/airflow/.local/lib/python3.12/site-packages/airflow/example_dags/example_sla_dag.py
[2024-06-07T02:02:51.032+0000] {processor.py:830} INFO - Processing file /home/airflow/.local/lib/python3.12/site-packages/airflow/example_dags/example_sla_dag.py for tasks to queue
[2024-06-07T02:02:51.035+0000] {logging_mixin.py:188} INFO - [2024-06-07T02:02:51.034+0000] {dagbag.py:545} INFO - Filling up the DagBag from /home/airflow/.local/lib/python3.12/site-packages/airflow/example_dags/example_sla_dag.py
[2024-06-07T02:02:51.050+0000] {processor.py:840} INFO - DAG(s) 'example_sla_dag' retrieved from /home/airflow/.local/lib/python3.12/site-packages/airflow/example_dags/example_sla_dag.py
[2024-06-07T02:02:51.089+0000] {logging_mixin.py:188} INFO - [2024-06-07T02:02:51.089+0000] {dag.py:3096} INFO - Sync 1 DAGs
[2024-06-07T02:02:51.135+0000] {logging_mixin.py:188} INFO - [2024-06-07T02:02:51.135+0000] {dag.py:3954} INFO - Setting next_dagrun for example_sla_dag to 2024-06-07 02:00:00+00:00, run_after=2024-06-07 02:02:00+00:00
[2024-06-07T02:02:51.172+0000] {processor.py:183} INFO - Processing /home/airflow/.local/lib/python3.12/site-packages/airflow/example_dags/example_sla_dag.py took 0.153 seconds
[2024-06-07T02:03:22.015+0000] {processor.py:161} INFO - Started process (PID=8814) to work on /home/airflow/.local/lib/python3.12/site-packages/airflow/example_dags/example_sla_dag.py
[2024-06-07T02:03:22.017+0000] {processor.py:830} INFO - Processing file /home/airflow/.local/lib/python3.12/site-packages/airflow/example_dags/example_sla_dag.py for tasks to queue
[2024-06-07T02:03:22.019+0000] {logging_mixin.py:188} INFO - [2024-06-07T02:03:22.019+0000] {dagbag.py:545} INFO - Filling up the DagBag from /home/airflow/.local/lib/python3.12/site-packages/airflow/example_dags/example_sla_dag.py
[2024-06-07T02:03:22.035+0000] {processor.py:840} INFO - DAG(s) 'example_sla_dag' retrieved from /home/airflow/.local/lib/python3.12/site-packages/airflow/example_dags/example_sla_dag.py
[2024-06-07T02:03:22.099+0000] {logging_mixin.py:188} INFO - [2024-06-07T02:03:22.098+0000] {dag.py:3096} INFO - Sync 1 DAGs
[2024-06-07T02:03:22.162+0000] {logging_mixin.py:188} INFO - [2024-06-07T02:03:22.162+0000] {dag.py:3954} INFO - Setting next_dagrun for example_sla_dag to 2024-06-07 02:00:00+00:00, run_after=2024-06-07 02:02:00+00:00
[2024-06-07T02:03:22.206+0000] {processor.py:183} INFO - Processing /home/airflow/.local/lib/python3.12/site-packages/airflow/example_dags/example_sla_dag.py took 0.203 seconds
[2024-06-07T02:03:53.226+0000] {processor.py:161} INFO - Started process (PID=8867) to work on /home/airflow/.local/lib/python3.12/site-packages/airflow/example_dags/example_sla_dag.py
[2024-06-07T02:03:53.229+0000] {processor.py:830} INFO - Processing file /home/airflow/.local/lib/python3.12/site-packages/airflow/example_dags/example_sla_dag.py for tasks to queue
[2024-06-07T02:03:53.231+0000] {logging_mixin.py:188} INFO - [2024-06-07T02:03:53.230+0000] {dagbag.py:545} INFO - Filling up the DagBag from /home/airflow/.local/lib/python3.12/site-packages/airflow/example_dags/example_sla_dag.py
[2024-06-07T02:03:53.248+0000] {processor.py:840} INFO - DAG(s) 'example_sla_dag' retrieved from /home/airflow/.local/lib/python3.12/site-packages/airflow/example_dags/example_sla_dag.py
[2024-06-07T02:03:53.292+0000] {logging_mixin.py:188} INFO - [2024-06-07T02:03:53.291+0000] {dag.py:3096} INFO - Sync 1 DAGs
[2024-06-07T02:03:53.345+0000] {logging_mixin.py:188} INFO - [2024-06-07T02:03:53.344+0000] {dag.py:3954} INFO - Setting next_dagrun for example_sla_dag to 2024-06-07 02:00:00+00:00, run_after=2024-06-07 02:02:00+00:00
[2024-06-07T02:03:53.389+0000] {processor.py:183} INFO - Processing /home/airflow/.local/lib/python3.12/site-packages/airflow/example_dags/example_sla_dag.py took 0.183 seconds
[2024-06-07T02:04:24.255+0000] {processor.py:161} INFO - Started process (PID=8920) to work on /home/airflow/.local/lib/python3.12/site-packages/airflow/example_dags/example_sla_dag.py
[2024-06-07T02:04:24.258+0000] {processor.py:830} INFO - Processing file /home/airflow/.local/lib/python3.12/site-packages/airflow/example_dags/example_sla_dag.py for tasks to queue
[2024-06-07T02:04:24.261+0000] {logging_mixin.py:188} INFO - [2024-06-07T02:04:24.260+0000] {dagbag.py:545} INFO - Filling up the DagBag from /home/airflow/.local/lib/python3.12/site-packages/airflow/example_dags/example_sla_dag.py
[2024-06-07T02:04:24.277+0000] {processor.py:840} INFO - DAG(s) 'example_sla_dag' retrieved from /home/airflow/.local/lib/python3.12/site-packages/airflow/example_dags/example_sla_dag.py
[2024-06-07T02:04:24.323+0000] {logging_mixin.py:188} INFO - [2024-06-07T02:04:24.323+0000] {dag.py:3096} INFO - Sync 1 DAGs
[2024-06-07T02:04:24.373+0000] {logging_mixin.py:188} INFO - [2024-06-07T02:04:24.372+0000] {dag.py:3954} INFO - Setting next_dagrun for example_sla_dag to 2024-06-07 02:02:00+00:00, run_after=2024-06-07 02:04:00+00:00
[2024-06-07T02:04:24.418+0000] {processor.py:183} INFO - Processing /home/airflow/.local/lib/python3.12/site-packages/airflow/example_dags/example_sla_dag.py took 0.178 seconds
[2024-06-07T02:04:54.852+0000] {processor.py:161} INFO - Started process (PID=8973) to work on /home/airflow/.local/lib/python3.12/site-packages/airflow/example_dags/example_sla_dag.py
[2024-06-07T02:04:54.854+0000] {processor.py:830} INFO - Processing file /home/airflow/.local/lib/python3.12/site-packages/airflow/example_dags/example_sla_dag.py for tasks to queue
[2024-06-07T02:04:54.856+0000] {logging_mixin.py:188} INFO - [2024-06-07T02:04:54.855+0000] {dagbag.py:545} INFO - Filling up the DagBag from /home/airflow/.local/lib/python3.12/site-packages/airflow/example_dags/example_sla_dag.py
[2024-06-07T02:04:54.872+0000] {processor.py:840} INFO - DAG(s) 'example_sla_dag' retrieved from /home/airflow/.local/lib/python3.12/site-packages/airflow/example_dags/example_sla_dag.py
[2024-06-07T02:04:54.915+0000] {logging_mixin.py:188} INFO - [2024-06-07T02:04:54.915+0000] {dag.py:3096} INFO - Sync 1 DAGs
[2024-06-07T02:04:54.966+0000] {logging_mixin.py:188} INFO - [2024-06-07T02:04:54.966+0000] {dag.py:3954} INFO - Setting next_dagrun for example_sla_dag to 2024-06-07 02:02:00+00:00, run_after=2024-06-07 02:04:00+00:00
[2024-06-07T02:04:55.010+0000] {processor.py:183} INFO - Processing /home/airflow/.local/lib/python3.12/site-packages/airflow/example_dags/example_sla_dag.py took 0.170 seconds
[2024-06-07T02:05:26.567+0000] {processor.py:161} INFO - Started process (PID=9026) to work on /home/airflow/.local/lib/python3.12/site-packages/airflow/example_dags/example_sla_dag.py
[2024-06-07T02:05:26.570+0000] {processor.py:830} INFO - Processing file /home/airflow/.local/lib/python3.12/site-packages/airflow/example_dags/example_sla_dag.py for tasks to queue
[2024-06-07T02:05:26.572+0000] {logging_mixin.py:188} INFO - [2024-06-07T02:05:26.571+0000] {dagbag.py:545} INFO - Filling up the DagBag from /home/airflow/.local/lib/python3.12/site-packages/airflow/example_dags/example_sla_dag.py
[2024-06-07T02:05:26.588+0000] {processor.py:840} INFO - DAG(s) 'example_sla_dag' retrieved from /home/airflow/.local/lib/python3.12/site-packages/airflow/example_dags/example_sla_dag.py
[2024-06-07T02:05:26.633+0000] {logging_mixin.py:188} INFO - [2024-06-07T02:05:26.633+0000] {dag.py:3096} INFO - Sync 1 DAGs
[2024-06-07T02:05:26.689+0000] {logging_mixin.py:188} INFO - [2024-06-07T02:05:26.688+0000] {dag.py:3954} INFO - Setting next_dagrun for example_sla_dag to 2024-06-07 02:02:00+00:00, run_after=2024-06-07 02:04:00+00:00
[2024-06-07T02:05:26.733+0000] {processor.py:183} INFO - Processing /home/airflow/.local/lib/python3.12/site-packages/airflow/example_dags/example_sla_dag.py took 0.177 seconds
[2024-06-07T02:05:57.046+0000] {processor.py:161} INFO - Started process (PID=9079) to work on /home/airflow/.local/lib/python3.12/site-packages/airflow/example_dags/example_sla_dag.py
[2024-06-07T02:05:57.048+0000] {processor.py:830} INFO - Processing file /home/airflow/.local/lib/python3.12/site-packages/airflow/example_dags/example_sla_dag.py for tasks to queue
[2024-06-07T02:05:57.049+0000] {logging_mixin.py:188} INFO - [2024-06-07T02:05:57.049+0000] {dagbag.py:545} INFO - Filling up the DagBag from /home/airflow/.local/lib/python3.12/site-packages/airflow/example_dags/example_sla_dag.py
[2024-06-07T02:05:57.064+0000] {processor.py:840} INFO - DAG(s) 'example_sla_dag' retrieved from /home/airflow/.local/lib/python3.12/site-packages/airflow/example_dags/example_sla_dag.py
[2024-06-07T02:05:57.103+0000] {logging_mixin.py:188} INFO - [2024-06-07T02:05:57.102+0000] {dag.py:3096} INFO - Sync 1 DAGs
[2024-06-07T02:05:57.180+0000] {logging_mixin.py:188} INFO - [2024-06-07T02:05:57.179+0000] {dag.py:3954} INFO - Setting next_dagrun for example_sla_dag to 2024-06-07 02:02:00+00:00, run_after=2024-06-07 02:04:00+00:00
[2024-06-07T02:05:57.237+0000] {processor.py:183} INFO - Processing /home/airflow/.local/lib/python3.12/site-packages/airflow/example_dags/example_sla_dag.py took 0.204 seconds
[2024-06-07T02:06:27.974+0000] {processor.py:161} INFO - Started process (PID=9132) to work on /home/airflow/.local/lib/python3.12/site-packages/airflow/example_dags/example_sla_dag.py
[2024-06-07T02:06:27.976+0000] {processor.py:830} INFO - Processing file /home/airflow/.local/lib/python3.12/site-packages/airflow/example_dags/example_sla_dag.py for tasks to queue
[2024-06-07T02:06:27.978+0000] {logging_mixin.py:188} INFO - [2024-06-07T02:06:27.978+0000] {dagbag.py:545} INFO - Filling up the DagBag from /home/airflow/.local/lib/python3.12/site-packages/airflow/example_dags/example_sla_dag.py
[2024-06-07T02:06:27.995+0000] {processor.py:840} INFO - DAG(s) 'example_sla_dag' retrieved from /home/airflow/.local/lib/python3.12/site-packages/airflow/example_dags/example_sla_dag.py
[2024-06-07T02:06:28.036+0000] {logging_mixin.py:188} INFO - [2024-06-07T02:06:28.036+0000] {dag.py:3096} INFO - Sync 1 DAGs
[2024-06-07T02:06:28.088+0000] {logging_mixin.py:188} INFO - [2024-06-07T02:06:28.088+0000] {dag.py:3954} INFO - Setting next_dagrun for example_sla_dag to 2024-06-07 02:04:00+00:00, run_after=2024-06-07 02:06:00+00:00
[2024-06-07T02:06:28.134+0000] {processor.py:183} INFO - Processing /home/airflow/.local/lib/python3.12/site-packages/airflow/example_dags/example_sla_dag.py took 0.172 seconds
[2024-06-07T02:06:58.693+0000] {processor.py:161} INFO - Started process (PID=9185) to work on /home/airflow/.local/lib/python3.12/site-packages/airflow/example_dags/example_sla_dag.py
[2024-06-07T02:06:58.695+0000] {processor.py:830} INFO - Processing file /home/airflow/.local/lib/python3.12/site-packages/airflow/example_dags/example_sla_dag.py for tasks to queue
[2024-06-07T02:06:58.697+0000] {logging_mixin.py:188} INFO - [2024-06-07T02:06:58.696+0000] {dagbag.py:545} INFO - Filling up the DagBag from /home/airflow/.local/lib/python3.12/site-packages/airflow/example_dags/example_sla_dag.py
[2024-06-07T02:06:58.712+0000] {processor.py:840} INFO - DAG(s) 'example_sla_dag' retrieved from /home/airflow/.local/lib/python3.12/site-packages/airflow/example_dags/example_sla_dag.py
[2024-06-07T02:06:58.760+0000] {logging_mixin.py:188} INFO - [2024-06-07T02:06:58.759+0000] {dag.py:3096} INFO - Sync 1 DAGs
[2024-06-07T02:06:58.810+0000] {logging_mixin.py:188} INFO - [2024-06-07T02:06:58.809+0000] {dag.py:3954} INFO - Setting next_dagrun for example_sla_dag to 2024-06-07 02:04:00+00:00, run_after=2024-06-07 02:06:00+00:00
[2024-06-07T02:06:58.855+0000] {processor.py:183} INFO - Processing /home/airflow/.local/lib/python3.12/site-packages/airflow/example_dags/example_sla_dag.py took 0.172 seconds
[2024-06-07T02:07:29.816+0000] {processor.py:161} INFO - Started process (PID=9236) to work on /home/airflow/.local/lib/python3.12/site-packages/airflow/example_dags/example_sla_dag.py
[2024-06-07T02:07:29.819+0000] {processor.py:830} INFO - Processing file /home/airflow/.local/lib/python3.12/site-packages/airflow/example_dags/example_sla_dag.py for tasks to queue
[2024-06-07T02:07:29.821+0000] {logging_mixin.py:188} INFO - [2024-06-07T02:07:29.820+0000] {dagbag.py:545} INFO - Filling up the DagBag from /home/airflow/.local/lib/python3.12/site-packages/airflow/example_dags/example_sla_dag.py
[2024-06-07T02:07:29.836+0000] {processor.py:840} INFO - DAG(s) 'example_sla_dag' retrieved from /home/airflow/.local/lib/python3.12/site-packages/airflow/example_dags/example_sla_dag.py
[2024-06-07T02:07:29.878+0000] {logging_mixin.py:188} INFO - [2024-06-07T02:07:29.877+0000] {dag.py:3096} INFO - Sync 1 DAGs
[2024-06-07T02:07:29.927+0000] {logging_mixin.py:188} INFO - [2024-06-07T02:07:29.927+0000] {dag.py:3954} INFO - Setting next_dagrun for example_sla_dag to 2024-06-07 02:04:00+00:00, run_after=2024-06-07 02:06:00+00:00
[2024-06-07T02:07:29.988+0000] {processor.py:183} INFO - Processing /home/airflow/.local/lib/python3.12/site-packages/airflow/example_dags/example_sla_dag.py took 0.182 seconds
[2024-06-07T02:08:01.566+0000] {processor.py:161} INFO - Started process (PID=9289) to work on /home/airflow/.local/lib/python3.12/site-packages/airflow/example_dags/example_sla_dag.py
[2024-06-07T02:08:01.568+0000] {processor.py:830} INFO - Processing file /home/airflow/.local/lib/python3.12/site-packages/airflow/example_dags/example_sla_dag.py for tasks to queue
[2024-06-07T02:08:01.571+0000] {logging_mixin.py:188} INFO - [2024-06-07T02:08:01.570+0000] {dagbag.py:545} INFO - Filling up the DagBag from /home/airflow/.local/lib/python3.12/site-packages/airflow/example_dags/example_sla_dag.py
[2024-06-07T02:08:01.587+0000] {processor.py:840} INFO - DAG(s) 'example_sla_dag' retrieved from /home/airflow/.local/lib/python3.12/site-packages/airflow/example_dags/example_sla_dag.py
[2024-06-07T02:08:01.641+0000] {logging_mixin.py:188} INFO - [2024-06-07T02:08:01.640+0000] {dag.py:3096} INFO - Sync 1 DAGs
[2024-06-07T02:08:01.700+0000] {logging_mixin.py:188} INFO - [2024-06-07T02:08:01.700+0000] {dag.py:3954} INFO - Setting next_dagrun for example_sla_dag to 2024-06-07 02:06:00+00:00, run_after=2024-06-07 02:08:00+00:00
[2024-06-07T02:08:01.740+0000] {processor.py:183} INFO - Processing /home/airflow/.local/lib/python3.12/site-packages/airflow/example_dags/example_sla_dag.py took 0.186 seconds
[2024-06-07T02:08:32.608+0000] {processor.py:161} INFO - Started process (PID=9342) to work on /home/airflow/.local/lib/python3.12/site-packages/airflow/example_dags/example_sla_dag.py
[2024-06-07T02:08:32.611+0000] {processor.py:830} INFO - Processing file /home/airflow/.local/lib/python3.12/site-packages/airflow/example_dags/example_sla_dag.py for tasks to queue
[2024-06-07T02:08:32.614+0000] {logging_mixin.py:188} INFO - [2024-06-07T02:08:32.613+0000] {dagbag.py:545} INFO - Filling up the DagBag from /home/airflow/.local/lib/python3.12/site-packages/airflow/example_dags/example_sla_dag.py
[2024-06-07T02:08:32.630+0000] {processor.py:840} INFO - DAG(s) 'example_sla_dag' retrieved from /home/airflow/.local/lib/python3.12/site-packages/airflow/example_dags/example_sla_dag.py
[2024-06-07T02:08:32.672+0000] {logging_mixin.py:188} INFO - [2024-06-07T02:08:32.671+0000] {dag.py:3096} INFO - Sync 1 DAGs
[2024-06-07T02:08:32.716+0000] {logging_mixin.py:188} INFO - [2024-06-07T02:08:32.716+0000] {dag.py:3954} INFO - Setting next_dagrun for example_sla_dag to 2024-06-07 02:06:00+00:00, run_after=2024-06-07 02:08:00+00:00
[2024-06-07T02:08:32.755+0000] {processor.py:183} INFO - Processing /home/airflow/.local/lib/python3.12/site-packages/airflow/example_dags/example_sla_dag.py took 0.161 seconds
[2024-06-07T02:09:04.136+0000] {processor.py:161} INFO - Started process (PID=9395) to work on /home/airflow/.local/lib/python3.12/site-packages/airflow/example_dags/example_sla_dag.py
[2024-06-07T02:09:04.140+0000] {processor.py:830} INFO - Processing file /home/airflow/.local/lib/python3.12/site-packages/airflow/example_dags/example_sla_dag.py for tasks to queue
[2024-06-07T02:09:04.143+0000] {logging_mixin.py:188} INFO - [2024-06-07T02:09:04.142+0000] {dagbag.py:545} INFO - Filling up the DagBag from /home/airflow/.local/lib/python3.12/site-packages/airflow/example_dags/example_sla_dag.py
[2024-06-07T02:09:04.167+0000] {processor.py:840} INFO - DAG(s) 'example_sla_dag' retrieved from /home/airflow/.local/lib/python3.12/site-packages/airflow/example_dags/example_sla_dag.py
[2024-06-07T02:09:04.227+0000] {logging_mixin.py:188} INFO - [2024-06-07T02:09:04.226+0000] {dag.py:3096} INFO - Sync 1 DAGs
[2024-06-07T02:09:04.314+0000] {logging_mixin.py:188} INFO - [2024-06-07T02:09:04.314+0000] {dag.py:3954} INFO - Setting next_dagrun for example_sla_dag to 2024-06-07 02:06:00+00:00, run_after=2024-06-07 02:08:00+00:00
[2024-06-07T02:09:04.404+0000] {processor.py:183} INFO - Processing /home/airflow/.local/lib/python3.12/site-packages/airflow/example_dags/example_sla_dag.py took 0.288 seconds
[2024-06-07T02:09:34.956+0000] {processor.py:161} INFO - Started process (PID=9448) to work on /home/airflow/.local/lib/python3.12/site-packages/airflow/example_dags/example_sla_dag.py
[2024-06-07T02:09:34.958+0000] {processor.py:830} INFO - Processing file /home/airflow/.local/lib/python3.12/site-packages/airflow/example_dags/example_sla_dag.py for tasks to queue
[2024-06-07T02:09:34.960+0000] {logging_mixin.py:188} INFO - [2024-06-07T02:09:34.959+0000] {dagbag.py:545} INFO - Filling up the DagBag from /home/airflow/.local/lib/python3.12/site-packages/airflow/example_dags/example_sla_dag.py
[2024-06-07T02:09:34.978+0000] {processor.py:840} INFO - DAG(s) 'example_sla_dag' retrieved from /home/airflow/.local/lib/python3.12/site-packages/airflow/example_dags/example_sla_dag.py
[2024-06-07T02:09:35.024+0000] {logging_mixin.py:188} INFO - [2024-06-07T02:09:35.023+0000] {dag.py:3096} INFO - Sync 1 DAGs
[2024-06-07T02:09:35.079+0000] {logging_mixin.py:188} INFO - [2024-06-07T02:09:35.078+0000] {dag.py:3954} INFO - Setting next_dagrun for example_sla_dag to 2024-06-07 02:06:00+00:00, run_after=2024-06-07 02:08:00+00:00
[2024-06-07T02:09:35.119+0000] {processor.py:183} INFO - Processing /home/airflow/.local/lib/python3.12/site-packages/airflow/example_dags/example_sla_dag.py took 0.175 seconds
[2024-06-07T02:10:05.379+0000] {processor.py:161} INFO - Started process (PID=9501) to work on /home/airflow/.local/lib/python3.12/site-packages/airflow/example_dags/example_sla_dag.py
[2024-06-07T02:10:05.382+0000] {processor.py:830} INFO - Processing file /home/airflow/.local/lib/python3.12/site-packages/airflow/example_dags/example_sla_dag.py for tasks to queue
[2024-06-07T02:10:05.386+0000] {logging_mixin.py:188} INFO - [2024-06-07T02:10:05.385+0000] {dagbag.py:545} INFO - Filling up the DagBag from /home/airflow/.local/lib/python3.12/site-packages/airflow/example_dags/example_sla_dag.py
[2024-06-07T02:10:05.406+0000] {processor.py:840} INFO - DAG(s) 'example_sla_dag' retrieved from /home/airflow/.local/lib/python3.12/site-packages/airflow/example_dags/example_sla_dag.py
[2024-06-07T02:10:05.467+0000] {logging_mixin.py:188} INFO - [2024-06-07T02:10:05.466+0000] {dag.py:3096} INFO - Sync 1 DAGs
[2024-06-07T02:10:05.519+0000] {logging_mixin.py:188} INFO - [2024-06-07T02:10:05.518+0000] {dag.py:3954} INFO - Setting next_dagrun for example_sla_dag to 2024-06-07 02:08:00+00:00, run_after=2024-06-07 02:10:00+00:00
[2024-06-07T02:10:05.583+0000] {processor.py:183} INFO - Processing /home/airflow/.local/lib/python3.12/site-packages/airflow/example_dags/example_sla_dag.py took 0.224 seconds
[2024-06-07T02:10:36.968+0000] {processor.py:161} INFO - Started process (PID=9554) to work on /home/airflow/.local/lib/python3.12/site-packages/airflow/example_dags/example_sla_dag.py
[2024-06-07T02:10:36.971+0000] {processor.py:830} INFO - Processing file /home/airflow/.local/lib/python3.12/site-packages/airflow/example_dags/example_sla_dag.py for tasks to queue
[2024-06-07T02:10:36.974+0000] {logging_mixin.py:188} INFO - [2024-06-07T02:10:36.973+0000] {dagbag.py:545} INFO - Filling up the DagBag from /home/airflow/.local/lib/python3.12/site-packages/airflow/example_dags/example_sla_dag.py
[2024-06-07T02:10:36.992+0000] {processor.py:840} INFO - DAG(s) 'example_sla_dag' retrieved from /home/airflow/.local/lib/python3.12/site-packages/airflow/example_dags/example_sla_dag.py
[2024-06-07T02:10:37.047+0000] {logging_mixin.py:188} INFO - [2024-06-07T02:10:37.046+0000] {dag.py:3096} INFO - Sync 1 DAGs
[2024-06-07T02:10:37.114+0000] {logging_mixin.py:188} INFO - [2024-06-07T02:10:37.113+0000] {dag.py:3954} INFO - Setting next_dagrun for example_sla_dag to 2024-06-07 02:08:00+00:00, run_after=2024-06-07 02:10:00+00:00
[2024-06-07T02:10:37.168+0000] {processor.py:183} INFO - Processing /home/airflow/.local/lib/python3.12/site-packages/airflow/example_dags/example_sla_dag.py took 0.219 seconds
[2024-06-07T02:11:07.731+0000] {processor.py:161} INFO - Started process (PID=9607) to work on /home/airflow/.local/lib/python3.12/site-packages/airflow/example_dags/example_sla_dag.py
[2024-06-07T02:11:07.734+0000] {processor.py:830} INFO - Processing file /home/airflow/.local/lib/python3.12/site-packages/airflow/example_dags/example_sla_dag.py for tasks to queue
[2024-06-07T02:11:07.736+0000] {logging_mixin.py:188} INFO - [2024-06-07T02:11:07.735+0000] {dagbag.py:545} INFO - Filling up the DagBag from /home/airflow/.local/lib/python3.12/site-packages/airflow/example_dags/example_sla_dag.py
[2024-06-07T02:11:07.755+0000] {processor.py:840} INFO - DAG(s) 'example_sla_dag' retrieved from /home/airflow/.local/lib/python3.12/site-packages/airflow/example_dags/example_sla_dag.py
[2024-06-07T02:11:07.802+0000] {logging_mixin.py:188} INFO - [2024-06-07T02:11:07.802+0000] {dag.py:3096} INFO - Sync 1 DAGs
[2024-06-07T02:11:07.846+0000] {logging_mixin.py:188} INFO - [2024-06-07T02:11:07.845+0000] {dag.py:3954} INFO - Setting next_dagrun for example_sla_dag to 2024-06-07 02:08:00+00:00, run_after=2024-06-07 02:10:00+00:00
[2024-06-07T02:11:07.884+0000] {processor.py:183} INFO - Processing /home/airflow/.local/lib/python3.12/site-packages/airflow/example_dags/example_sla_dag.py took 0.164 seconds
[2024-06-07T14:01:15.692+0000] {processor.py:161} INFO - Started process (PID=9679) to work on /home/airflow/.local/lib/python3.12/site-packages/airflow/example_dags/example_sla_dag.py
[2024-06-07T14:01:15.695+0000] {processor.py:830} INFO - Processing file /home/airflow/.local/lib/python3.12/site-packages/airflow/example_dags/example_sla_dag.py for tasks to queue
[2024-06-07T14:01:15.703+0000] {logging_mixin.py:188} INFO - [2024-06-07T14:01:15.702+0000] {dagbag.py:545} INFO - Filling up the DagBag from /home/airflow/.local/lib/python3.12/site-packages/airflow/example_dags/example_sla_dag.py
[2024-06-07T14:01:15.733+0000] {processor.py:840} INFO - DAG(s) 'example_sla_dag' retrieved from /home/airflow/.local/lib/python3.12/site-packages/airflow/example_dags/example_sla_dag.py
[2024-06-07T14:01:15.780+0000] {logging_mixin.py:188} INFO - [2024-06-07T14:01:15.780+0000] {dag.py:3096} INFO - Sync 1 DAGs
[2024-06-07T14:01:15.848+0000] {logging_mixin.py:188} INFO - [2024-06-07T14:01:15.848+0000] {dag.py:3954} INFO - Setting next_dagrun for example_sla_dag to 2024-06-07 13:58:00+00:00, run_after=2024-06-07 14:00:00+00:00
[2024-06-07T14:01:15.902+0000] {processor.py:183} INFO - Processing /home/airflow/.local/lib/python3.12/site-packages/airflow/example_dags/example_sla_dag.py took 0.227 seconds
