[2024-06-07T02:01:20.815+0000] {processor.py:161} INFO - Started process (PID=8610) to work on /home/airflow/.local/lib/python3.12/site-packages/airflow/example_dags/example_python_operator.py
[2024-06-07T02:01:20.818+0000] {processor.py:830} INFO - Processing file /home/airflow/.local/lib/python3.12/site-packages/airflow/example_dags/example_python_operator.py for tasks to queue
[2024-06-07T02:01:20.820+0000] {logging_mixin.py:188} INFO - [2024-06-07T02:01:20.820+0000] {dagbag.py:545} INFO - Filling up the DagBag from /home/airflow/.local/lib/python3.12/site-packages/airflow/example_dags/example_python_operator.py
[2024-06-07T02:01:20.840+0000] {processor.py:840} INFO - DAG(s) 'example_python_operator' retrieved from /home/airflow/.local/lib/python3.12/site-packages/airflow/example_dags/example_python_operator.py
[2024-06-07T02:01:20.895+0000] {logging_mixin.py:188} INFO - [2024-06-07T02:01:20.895+0000] {dag.py:3096} INFO - Sync 1 DAGs
[2024-06-07T02:01:20.924+0000] {logging_mixin.py:188} INFO - [2024-06-07T02:01:20.923+0000] {dag.py:3954} INFO - Setting next_dagrun for example_python_operator to None, run_after=None
[2024-06-07T02:01:20.993+0000] {processor.py:183} INFO - Processing /home/airflow/.local/lib/python3.12/site-packages/airflow/example_dags/example_python_operator.py took 0.196 seconds
[2024-06-07T02:01:51.848+0000] {processor.py:161} INFO - Started process (PID=8663) to work on /home/airflow/.local/lib/python3.12/site-packages/airflow/example_dags/example_python_operator.py
[2024-06-07T02:01:51.850+0000] {processor.py:830} INFO - Processing file /home/airflow/.local/lib/python3.12/site-packages/airflow/example_dags/example_python_operator.py for tasks to queue
[2024-06-07T02:01:51.852+0000] {logging_mixin.py:188} INFO - [2024-06-07T02:01:51.852+0000] {dagbag.py:545} INFO - Filling up the DagBag from /home/airflow/.local/lib/python3.12/site-packages/airflow/example_dags/example_python_operator.py
[2024-06-07T02:01:51.872+0000] {processor.py:840} INFO - DAG(s) 'example_python_operator' retrieved from /home/airflow/.local/lib/python3.12/site-packages/airflow/example_dags/example_python_operator.py
[2024-06-07T02:01:51.920+0000] {logging_mixin.py:188} INFO - [2024-06-07T02:01:51.920+0000] {dag.py:3096} INFO - Sync 1 DAGs
[2024-06-07T02:01:51.945+0000] {logging_mixin.py:188} INFO - [2024-06-07T02:01:51.944+0000] {dag.py:3954} INFO - Setting next_dagrun for example_python_operator to None, run_after=None
[2024-06-07T02:01:51.991+0000] {processor.py:183} INFO - Processing /home/airflow/.local/lib/python3.12/site-packages/airflow/example_dags/example_python_operator.py took 0.154 seconds
[2024-06-07T02:02:22.648+0000] {processor.py:161} INFO - Started process (PID=8716) to work on /home/airflow/.local/lib/python3.12/site-packages/airflow/example_dags/example_python_operator.py
[2024-06-07T02:02:22.651+0000] {processor.py:830} INFO - Processing file /home/airflow/.local/lib/python3.12/site-packages/airflow/example_dags/example_python_operator.py for tasks to queue
[2024-06-07T02:02:22.653+0000] {logging_mixin.py:188} INFO - [2024-06-07T02:02:22.652+0000] {dagbag.py:545} INFO - Filling up the DagBag from /home/airflow/.local/lib/python3.12/site-packages/airflow/example_dags/example_python_operator.py
[2024-06-07T02:02:22.674+0000] {processor.py:840} INFO - DAG(s) 'example_python_operator' retrieved from /home/airflow/.local/lib/python3.12/site-packages/airflow/example_dags/example_python_operator.py
[2024-06-07T02:02:22.720+0000] {logging_mixin.py:188} INFO - [2024-06-07T02:02:22.719+0000] {dag.py:3096} INFO - Sync 1 DAGs
[2024-06-07T02:02:22.744+0000] {logging_mixin.py:188} INFO - [2024-06-07T02:02:22.744+0000] {dag.py:3954} INFO - Setting next_dagrun for example_python_operator to None, run_after=None
[2024-06-07T02:02:22.786+0000] {processor.py:183} INFO - Processing /home/airflow/.local/lib/python3.12/site-packages/airflow/example_dags/example_python_operator.py took 0.149 seconds
[2024-06-07T02:02:52.994+0000] {processor.py:161} INFO - Started process (PID=8769) to work on /home/airflow/.local/lib/python3.12/site-packages/airflow/example_dags/example_python_operator.py
[2024-06-07T02:02:52.996+0000] {processor.py:830} INFO - Processing file /home/airflow/.local/lib/python3.12/site-packages/airflow/example_dags/example_python_operator.py for tasks to queue
[2024-06-07T02:02:52.999+0000] {logging_mixin.py:188} INFO - [2024-06-07T02:02:52.998+0000] {dagbag.py:545} INFO - Filling up the DagBag from /home/airflow/.local/lib/python3.12/site-packages/airflow/example_dags/example_python_operator.py
[2024-06-07T02:02:53.019+0000] {processor.py:840} INFO - DAG(s) 'example_python_operator' retrieved from /home/airflow/.local/lib/python3.12/site-packages/airflow/example_dags/example_python_operator.py
[2024-06-07T02:02:53.068+0000] {logging_mixin.py:188} INFO - [2024-06-07T02:02:53.068+0000] {dag.py:3096} INFO - Sync 1 DAGs
[2024-06-07T02:02:53.093+0000] {logging_mixin.py:188} INFO - [2024-06-07T02:02:53.093+0000] {dag.py:3954} INFO - Setting next_dagrun for example_python_operator to None, run_after=None
[2024-06-07T02:02:53.131+0000] {processor.py:183} INFO - Processing /home/airflow/.local/lib/python3.12/site-packages/airflow/example_dags/example_python_operator.py took 0.148 seconds
[2024-06-07T02:03:24.065+0000] {processor.py:161} INFO - Started process (PID=8822) to work on /home/airflow/.local/lib/python3.12/site-packages/airflow/example_dags/example_python_operator.py
[2024-06-07T02:03:24.068+0000] {processor.py:830} INFO - Processing file /home/airflow/.local/lib/python3.12/site-packages/airflow/example_dags/example_python_operator.py for tasks to queue
[2024-06-07T02:03:24.071+0000] {logging_mixin.py:188} INFO - [2024-06-07T02:03:24.070+0000] {dagbag.py:545} INFO - Filling up the DagBag from /home/airflow/.local/lib/python3.12/site-packages/airflow/example_dags/example_python_operator.py
[2024-06-07T02:03:24.115+0000] {processor.py:840} INFO - DAG(s) 'example_python_operator' retrieved from /home/airflow/.local/lib/python3.12/site-packages/airflow/example_dags/example_python_operator.py
[2024-06-07T02:03:24.163+0000] {logging_mixin.py:188} INFO - [2024-06-07T02:03:24.163+0000] {dag.py:3096} INFO - Sync 1 DAGs
[2024-06-07T02:03:24.188+0000] {logging_mixin.py:188} INFO - [2024-06-07T02:03:24.188+0000] {dag.py:3954} INFO - Setting next_dagrun for example_python_operator to None, run_after=None
[2024-06-07T02:03:24.237+0000] {processor.py:183} INFO - Processing /home/airflow/.local/lib/python3.12/site-packages/airflow/example_dags/example_python_operator.py took 0.188 seconds
[2024-06-07T02:03:54.405+0000] {processor.py:161} INFO - Started process (PID=8875) to work on /home/airflow/.local/lib/python3.12/site-packages/airflow/example_dags/example_python_operator.py
[2024-06-07T02:03:54.407+0000] {processor.py:830} INFO - Processing file /home/airflow/.local/lib/python3.12/site-packages/airflow/example_dags/example_python_operator.py for tasks to queue
[2024-06-07T02:03:54.409+0000] {logging_mixin.py:188} INFO - [2024-06-07T02:03:54.409+0000] {dagbag.py:545} INFO - Filling up the DagBag from /home/airflow/.local/lib/python3.12/site-packages/airflow/example_dags/example_python_operator.py
[2024-06-07T02:03:54.429+0000] {processor.py:840} INFO - DAG(s) 'example_python_operator' retrieved from /home/airflow/.local/lib/python3.12/site-packages/airflow/example_dags/example_python_operator.py
[2024-06-07T02:03:54.480+0000] {logging_mixin.py:188} INFO - [2024-06-07T02:03:54.479+0000] {dag.py:3096} INFO - Sync 1 DAGs
[2024-06-07T02:03:54.513+0000] {logging_mixin.py:188} INFO - [2024-06-07T02:03:54.512+0000] {dag.py:3954} INFO - Setting next_dagrun for example_python_operator to None, run_after=None
[2024-06-07T02:03:54.565+0000] {processor.py:183} INFO - Processing /home/airflow/.local/lib/python3.12/site-packages/airflow/example_dags/example_python_operator.py took 0.170 seconds
[2024-06-07T02:04:25.229+0000] {processor.py:161} INFO - Started process (PID=8928) to work on /home/airflow/.local/lib/python3.12/site-packages/airflow/example_dags/example_python_operator.py
[2024-06-07T02:04:25.232+0000] {processor.py:830} INFO - Processing file /home/airflow/.local/lib/python3.12/site-packages/airflow/example_dags/example_python_operator.py for tasks to queue
[2024-06-07T02:04:25.234+0000] {logging_mixin.py:188} INFO - [2024-06-07T02:04:25.233+0000] {dagbag.py:545} INFO - Filling up the DagBag from /home/airflow/.local/lib/python3.12/site-packages/airflow/example_dags/example_python_operator.py
[2024-06-07T02:04:25.259+0000] {processor.py:840} INFO - DAG(s) 'example_python_operator' retrieved from /home/airflow/.local/lib/python3.12/site-packages/airflow/example_dags/example_python_operator.py
[2024-06-07T02:04:25.304+0000] {logging_mixin.py:188} INFO - [2024-06-07T02:04:25.303+0000] {dag.py:3096} INFO - Sync 1 DAGs
[2024-06-07T02:04:25.332+0000] {logging_mixin.py:188} INFO - [2024-06-07T02:04:25.331+0000] {dag.py:3954} INFO - Setting next_dagrun for example_python_operator to None, run_after=None
[2024-06-07T02:04:25.379+0000] {processor.py:183} INFO - Processing /home/airflow/.local/lib/python3.12/site-packages/airflow/example_dags/example_python_operator.py took 0.161 seconds
[2024-06-07T02:04:56.048+0000] {processor.py:161} INFO - Started process (PID=8981) to work on /home/airflow/.local/lib/python3.12/site-packages/airflow/example_dags/example_python_operator.py
[2024-06-07T02:04:56.050+0000] {processor.py:830} INFO - Processing file /home/airflow/.local/lib/python3.12/site-packages/airflow/example_dags/example_python_operator.py for tasks to queue
[2024-06-07T02:04:56.052+0000] {logging_mixin.py:188} INFO - [2024-06-07T02:04:56.052+0000] {dagbag.py:545} INFO - Filling up the DagBag from /home/airflow/.local/lib/python3.12/site-packages/airflow/example_dags/example_python_operator.py
[2024-06-07T02:04:56.077+0000] {processor.py:840} INFO - DAG(s) 'example_python_operator' retrieved from /home/airflow/.local/lib/python3.12/site-packages/airflow/example_dags/example_python_operator.py
[2024-06-07T02:04:56.127+0000] {logging_mixin.py:188} INFO - [2024-06-07T02:04:56.127+0000] {dag.py:3096} INFO - Sync 1 DAGs
[2024-06-07T02:04:56.153+0000] {logging_mixin.py:188} INFO - [2024-06-07T02:04:56.152+0000] {dag.py:3954} INFO - Setting next_dagrun for example_python_operator to None, run_after=None
[2024-06-07T02:04:56.185+0000] {processor.py:183} INFO - Processing /home/airflow/.local/lib/python3.12/site-packages/airflow/example_dags/example_python_operator.py took 0.149 seconds
[2024-06-07T02:05:27.707+0000] {processor.py:161} INFO - Started process (PID=9034) to work on /home/airflow/.local/lib/python3.12/site-packages/airflow/example_dags/example_python_operator.py
[2024-06-07T02:05:27.710+0000] {processor.py:830} INFO - Processing file /home/airflow/.local/lib/python3.12/site-packages/airflow/example_dags/example_python_operator.py for tasks to queue
[2024-06-07T02:05:27.713+0000] {logging_mixin.py:188} INFO - [2024-06-07T02:05:27.712+0000] {dagbag.py:545} INFO - Filling up the DagBag from /home/airflow/.local/lib/python3.12/site-packages/airflow/example_dags/example_python_operator.py
[2024-06-07T02:05:27.749+0000] {processor.py:840} INFO - DAG(s) 'example_python_operator' retrieved from /home/airflow/.local/lib/python3.12/site-packages/airflow/example_dags/example_python_operator.py
[2024-06-07T02:05:27.813+0000] {logging_mixin.py:188} INFO - [2024-06-07T02:05:27.813+0000] {dag.py:3096} INFO - Sync 1 DAGs
[2024-06-07T02:05:27.844+0000] {logging_mixin.py:188} INFO - [2024-06-07T02:05:27.843+0000] {dag.py:3954} INFO - Setting next_dagrun for example_python_operator to None, run_after=None
[2024-06-07T02:05:27.893+0000] {processor.py:183} INFO - Processing /home/airflow/.local/lib/python3.12/site-packages/airflow/example_dags/example_python_operator.py took 0.203 seconds
[2024-06-07T02:05:58.594+0000] {processor.py:161} INFO - Started process (PID=9087) to work on /home/airflow/.local/lib/python3.12/site-packages/airflow/example_dags/example_python_operator.py
[2024-06-07T02:05:58.596+0000] {processor.py:830} INFO - Processing file /home/airflow/.local/lib/python3.12/site-packages/airflow/example_dags/example_python_operator.py for tasks to queue
[2024-06-07T02:05:58.598+0000] {logging_mixin.py:188} INFO - [2024-06-07T02:05:58.597+0000] {dagbag.py:545} INFO - Filling up the DagBag from /home/airflow/.local/lib/python3.12/site-packages/airflow/example_dags/example_python_operator.py
[2024-06-07T02:05:58.617+0000] {processor.py:840} INFO - DAG(s) 'example_python_operator' retrieved from /home/airflow/.local/lib/python3.12/site-packages/airflow/example_dags/example_python_operator.py
[2024-06-07T02:05:58.661+0000] {logging_mixin.py:188} INFO - [2024-06-07T02:05:58.660+0000] {dag.py:3096} INFO - Sync 1 DAGs
[2024-06-07T02:05:58.685+0000] {logging_mixin.py:188} INFO - [2024-06-07T02:05:58.684+0000] {dag.py:3954} INFO - Setting next_dagrun for example_python_operator to None, run_after=None
[2024-06-07T02:05:58.723+0000] {processor.py:183} INFO - Processing /home/airflow/.local/lib/python3.12/site-packages/airflow/example_dags/example_python_operator.py took 0.139 seconds
[2024-06-07T02:06:28.785+0000] {processor.py:161} INFO - Started process (PID=9139) to work on /home/airflow/.local/lib/python3.12/site-packages/airflow/example_dags/example_python_operator.py
[2024-06-07T02:06:28.787+0000] {processor.py:830} INFO - Processing file /home/airflow/.local/lib/python3.12/site-packages/airflow/example_dags/example_python_operator.py for tasks to queue
[2024-06-07T02:06:28.789+0000] {logging_mixin.py:188} INFO - [2024-06-07T02:06:28.789+0000] {dagbag.py:545} INFO - Filling up the DagBag from /home/airflow/.local/lib/python3.12/site-packages/airflow/example_dags/example_python_operator.py
[2024-06-07T02:06:28.826+0000] {processor.py:840} INFO - DAG(s) 'example_python_operator' retrieved from /home/airflow/.local/lib/python3.12/site-packages/airflow/example_dags/example_python_operator.py
[2024-06-07T02:06:28.881+0000] {logging_mixin.py:188} INFO - [2024-06-07T02:06:28.880+0000] {dag.py:3096} INFO - Sync 1 DAGs
[2024-06-07T02:06:28.917+0000] {logging_mixin.py:188} INFO - [2024-06-07T02:06:28.917+0000] {dag.py:3954} INFO - Setting next_dagrun for example_python_operator to None, run_after=None
[2024-06-07T02:06:28.958+0000] {processor.py:183} INFO - Processing /home/airflow/.local/lib/python3.12/site-packages/airflow/example_dags/example_python_operator.py took 0.184 seconds
[2024-06-07T02:06:59.960+0000] {processor.py:161} INFO - Started process (PID=9193) to work on /home/airflow/.local/lib/python3.12/site-packages/airflow/example_dags/example_python_operator.py
[2024-06-07T02:06:59.963+0000] {processor.py:830} INFO - Processing file /home/airflow/.local/lib/python3.12/site-packages/airflow/example_dags/example_python_operator.py for tasks to queue
[2024-06-07T02:06:59.965+0000] {logging_mixin.py:188} INFO - [2024-06-07T02:06:59.964+0000] {dagbag.py:545} INFO - Filling up the DagBag from /home/airflow/.local/lib/python3.12/site-packages/airflow/example_dags/example_python_operator.py
[2024-06-07T02:06:59.984+0000] {processor.py:840} INFO - DAG(s) 'example_python_operator' retrieved from /home/airflow/.local/lib/python3.12/site-packages/airflow/example_dags/example_python_operator.py
[2024-06-07T02:07:00.031+0000] {logging_mixin.py:188} INFO - [2024-06-07T02:07:00.031+0000] {dag.py:3096} INFO - Sync 1 DAGs
[2024-06-07T02:07:00.059+0000] {logging_mixin.py:188} INFO - [2024-06-07T02:07:00.059+0000] {dag.py:3954} INFO - Setting next_dagrun for example_python_operator to None, run_after=None
[2024-06-07T02:07:00.100+0000] {processor.py:183} INFO - Processing /home/airflow/.local/lib/python3.12/site-packages/airflow/example_dags/example_python_operator.py took 0.149 seconds
[2024-06-07T02:07:32.170+0000] {processor.py:161} INFO - Started process (PID=9246) to work on /home/airflow/.local/lib/python3.12/site-packages/airflow/example_dags/example_python_operator.py
[2024-06-07T02:07:32.172+0000] {processor.py:830} INFO - Processing file /home/airflow/.local/lib/python3.12/site-packages/airflow/example_dags/example_python_operator.py for tasks to queue
[2024-06-07T02:07:32.174+0000] {logging_mixin.py:188} INFO - [2024-06-07T02:07:32.173+0000] {dagbag.py:545} INFO - Filling up the DagBag from /home/airflow/.local/lib/python3.12/site-packages/airflow/example_dags/example_python_operator.py
[2024-06-07T02:07:32.199+0000] {processor.py:840} INFO - DAG(s) 'example_python_operator' retrieved from /home/airflow/.local/lib/python3.12/site-packages/airflow/example_dags/example_python_operator.py
[2024-06-07T02:07:32.248+0000] {logging_mixin.py:188} INFO - [2024-06-07T02:07:32.247+0000] {dag.py:3096} INFO - Sync 1 DAGs
[2024-06-07T02:07:32.272+0000] {logging_mixin.py:188} INFO - [2024-06-07T02:07:32.271+0000] {dag.py:3954} INFO - Setting next_dagrun for example_python_operator to None, run_after=None
[2024-06-07T02:07:32.321+0000] {processor.py:183} INFO - Processing /home/airflow/.local/lib/python3.12/site-packages/airflow/example_dags/example_python_operator.py took 0.162 seconds
[2024-06-07T02:08:03.115+0000] {processor.py:161} INFO - Started process (PID=9299) to work on /home/airflow/.local/lib/python3.12/site-packages/airflow/example_dags/example_python_operator.py
[2024-06-07T02:08:03.118+0000] {processor.py:830} INFO - Processing file /home/airflow/.local/lib/python3.12/site-packages/airflow/example_dags/example_python_operator.py for tasks to queue
[2024-06-07T02:08:03.120+0000] {logging_mixin.py:188} INFO - [2024-06-07T02:08:03.120+0000] {dagbag.py:545} INFO - Filling up the DagBag from /home/airflow/.local/lib/python3.12/site-packages/airflow/example_dags/example_python_operator.py
[2024-06-07T02:08:03.140+0000] {processor.py:840} INFO - DAG(s) 'example_python_operator' retrieved from /home/airflow/.local/lib/python3.12/site-packages/airflow/example_dags/example_python_operator.py
[2024-06-07T02:08:03.190+0000] {logging_mixin.py:188} INFO - [2024-06-07T02:08:03.189+0000] {dag.py:3096} INFO - Sync 1 DAGs
[2024-06-07T02:08:03.217+0000] {logging_mixin.py:188} INFO - [2024-06-07T02:08:03.216+0000] {dag.py:3954} INFO - Setting next_dagrun for example_python_operator to None, run_after=None
[2024-06-07T02:08:03.255+0000] {processor.py:183} INFO - Processing /home/airflow/.local/lib/python3.12/site-packages/airflow/example_dags/example_python_operator.py took 0.151 seconds
[2024-06-07T02:08:34.822+0000] {processor.py:161} INFO - Started process (PID=9352) to work on /home/airflow/.local/lib/python3.12/site-packages/airflow/example_dags/example_python_operator.py
[2024-06-07T02:08:34.825+0000] {processor.py:830} INFO - Processing file /home/airflow/.local/lib/python3.12/site-packages/airflow/example_dags/example_python_operator.py for tasks to queue
[2024-06-07T02:08:34.827+0000] {logging_mixin.py:188} INFO - [2024-06-07T02:08:34.827+0000] {dagbag.py:545} INFO - Filling up the DagBag from /home/airflow/.local/lib/python3.12/site-packages/airflow/example_dags/example_python_operator.py
[2024-06-07T02:08:34.858+0000] {processor.py:840} INFO - DAG(s) 'example_python_operator' retrieved from /home/airflow/.local/lib/python3.12/site-packages/airflow/example_dags/example_python_operator.py
[2024-06-07T02:08:34.914+0000] {logging_mixin.py:188} INFO - [2024-06-07T02:08:34.914+0000] {dag.py:3096} INFO - Sync 1 DAGs
[2024-06-07T02:08:34.941+0000] {logging_mixin.py:188} INFO - [2024-06-07T02:08:34.941+0000] {dag.py:3954} INFO - Setting next_dagrun for example_python_operator to None, run_after=None
[2024-06-07T02:08:35.026+0000] {processor.py:183} INFO - Processing /home/airflow/.local/lib/python3.12/site-packages/airflow/example_dags/example_python_operator.py took 0.217 seconds
[2024-06-07T02:09:05.525+0000] {processor.py:161} INFO - Started process (PID=9403) to work on /home/airflow/.local/lib/python3.12/site-packages/airflow/example_dags/example_python_operator.py
[2024-06-07T02:09:05.527+0000] {processor.py:830} INFO - Processing file /home/airflow/.local/lib/python3.12/site-packages/airflow/example_dags/example_python_operator.py for tasks to queue
[2024-06-07T02:09:05.529+0000] {logging_mixin.py:188} INFO - [2024-06-07T02:09:05.528+0000] {dagbag.py:545} INFO - Filling up the DagBag from /home/airflow/.local/lib/python3.12/site-packages/airflow/example_dags/example_python_operator.py
[2024-06-07T02:09:05.544+0000] {processor.py:840} INFO - DAG(s) 'example_python_operator' retrieved from /home/airflow/.local/lib/python3.12/site-packages/airflow/example_dags/example_python_operator.py
[2024-06-07T02:09:05.577+0000] {logging_mixin.py:188} INFO - [2024-06-07T02:09:05.577+0000] {dag.py:3096} INFO - Sync 1 DAGs
[2024-06-07T02:09:05.596+0000] {logging_mixin.py:188} INFO - [2024-06-07T02:09:05.596+0000] {dag.py:3954} INFO - Setting next_dagrun for example_python_operator to None, run_after=None
[2024-06-07T02:09:05.633+0000] {processor.py:183} INFO - Processing /home/airflow/.local/lib/python3.12/site-packages/airflow/example_dags/example_python_operator.py took 0.117 seconds
[2024-06-07T02:09:35.989+0000] {processor.py:161} INFO - Started process (PID=9456) to work on /home/airflow/.local/lib/python3.12/site-packages/airflow/example_dags/example_python_operator.py
[2024-06-07T02:09:35.991+0000] {processor.py:830} INFO - Processing file /home/airflow/.local/lib/python3.12/site-packages/airflow/example_dags/example_python_operator.py for tasks to queue
[2024-06-07T02:09:35.993+0000] {logging_mixin.py:188} INFO - [2024-06-07T02:09:35.993+0000] {dagbag.py:545} INFO - Filling up the DagBag from /home/airflow/.local/lib/python3.12/site-packages/airflow/example_dags/example_python_operator.py
[2024-06-07T02:09:36.014+0000] {processor.py:840} INFO - DAG(s) 'example_python_operator' retrieved from /home/airflow/.local/lib/python3.12/site-packages/airflow/example_dags/example_python_operator.py
[2024-06-07T02:09:36.057+0000] {logging_mixin.py:188} INFO - [2024-06-07T02:09:36.057+0000] {dag.py:3096} INFO - Sync 1 DAGs
[2024-06-07T02:09:36.084+0000] {logging_mixin.py:188} INFO - [2024-06-07T02:09:36.083+0000] {dag.py:3954} INFO - Setting next_dagrun for example_python_operator to None, run_after=None
[2024-06-07T02:09:36.127+0000] {processor.py:183} INFO - Processing /home/airflow/.local/lib/python3.12/site-packages/airflow/example_dags/example_python_operator.py took 0.156 seconds
[2024-06-07T02:10:06.882+0000] {processor.py:161} INFO - Started process (PID=9509) to work on /home/airflow/.local/lib/python3.12/site-packages/airflow/example_dags/example_python_operator.py
[2024-06-07T02:10:06.885+0000] {processor.py:830} INFO - Processing file /home/airflow/.local/lib/python3.12/site-packages/airflow/example_dags/example_python_operator.py for tasks to queue
[2024-06-07T02:10:06.888+0000] {logging_mixin.py:188} INFO - [2024-06-07T02:10:06.887+0000] {dagbag.py:545} INFO - Filling up the DagBag from /home/airflow/.local/lib/python3.12/site-packages/airflow/example_dags/example_python_operator.py
[2024-06-07T02:10:06.910+0000] {processor.py:840} INFO - DAG(s) 'example_python_operator' retrieved from /home/airflow/.local/lib/python3.12/site-packages/airflow/example_dags/example_python_operator.py
[2024-06-07T02:10:06.963+0000] {logging_mixin.py:188} INFO - [2024-06-07T02:10:06.963+0000] {dag.py:3096} INFO - Sync 1 DAGs
[2024-06-07T02:10:06.993+0000] {logging_mixin.py:188} INFO - [2024-06-07T02:10:06.992+0000] {dag.py:3954} INFO - Setting next_dagrun for example_python_operator to None, run_after=None
[2024-06-07T02:10:07.054+0000] {processor.py:183} INFO - Processing /home/airflow/.local/lib/python3.12/site-packages/airflow/example_dags/example_python_operator.py took 0.187 seconds
[2024-06-07T02:10:38.448+0000] {processor.py:161} INFO - Started process (PID=9562) to work on /home/airflow/.local/lib/python3.12/site-packages/airflow/example_dags/example_python_operator.py
[2024-06-07T02:10:38.451+0000] {processor.py:830} INFO - Processing file /home/airflow/.local/lib/python3.12/site-packages/airflow/example_dags/example_python_operator.py for tasks to queue
[2024-06-07T02:10:38.454+0000] {logging_mixin.py:188} INFO - [2024-06-07T02:10:38.453+0000] {dagbag.py:545} INFO - Filling up the DagBag from /home/airflow/.local/lib/python3.12/site-packages/airflow/example_dags/example_python_operator.py
[2024-06-07T02:10:38.483+0000] {processor.py:840} INFO - DAG(s) 'example_python_operator' retrieved from /home/airflow/.local/lib/python3.12/site-packages/airflow/example_dags/example_python_operator.py
[2024-06-07T02:10:38.553+0000] {logging_mixin.py:188} INFO - [2024-06-07T02:10:38.552+0000] {dag.py:3096} INFO - Sync 1 DAGs
[2024-06-07T02:10:38.589+0000] {logging_mixin.py:188} INFO - [2024-06-07T02:10:38.588+0000] {dag.py:3954} INFO - Setting next_dagrun for example_python_operator to None, run_after=None
[2024-06-07T02:10:38.650+0000] {processor.py:183} INFO - Processing /home/airflow/.local/lib/python3.12/site-packages/airflow/example_dags/example_python_operator.py took 0.215 seconds
[2024-06-07T02:11:08.881+0000] {processor.py:161} INFO - Started process (PID=9615) to work on /home/airflow/.local/lib/python3.12/site-packages/airflow/example_dags/example_python_operator.py
[2024-06-07T02:11:08.883+0000] {processor.py:830} INFO - Processing file /home/airflow/.local/lib/python3.12/site-packages/airflow/example_dags/example_python_operator.py for tasks to queue
[2024-06-07T02:11:08.885+0000] {logging_mixin.py:188} INFO - [2024-06-07T02:11:08.885+0000] {dagbag.py:545} INFO - Filling up the DagBag from /home/airflow/.local/lib/python3.12/site-packages/airflow/example_dags/example_python_operator.py
[2024-06-07T02:11:08.908+0000] {processor.py:840} INFO - DAG(s) 'example_python_operator' retrieved from /home/airflow/.local/lib/python3.12/site-packages/airflow/example_dags/example_python_operator.py
[2024-06-07T02:11:08.952+0000] {logging_mixin.py:188} INFO - [2024-06-07T02:11:08.951+0000] {dag.py:3096} INFO - Sync 1 DAGs
[2024-06-07T02:11:08.976+0000] {logging_mixin.py:188} INFO - [2024-06-07T02:11:08.975+0000] {dag.py:3954} INFO - Setting next_dagrun for example_python_operator to None, run_after=None
[2024-06-07T02:11:09.016+0000] {processor.py:183} INFO - Processing /home/airflow/.local/lib/python3.12/site-packages/airflow/example_dags/example_python_operator.py took 0.146 seconds
[2024-06-07T14:01:18.089+0000] {processor.py:161} INFO - Started process (PID=9687) to work on /home/airflow/.local/lib/python3.12/site-packages/airflow/example_dags/example_python_operator.py
[2024-06-07T14:01:18.115+0000] {processor.py:830} INFO - Processing file /home/airflow/.local/lib/python3.12/site-packages/airflow/example_dags/example_python_operator.py for tasks to queue
[2024-06-07T14:01:18.126+0000] {logging_mixin.py:188} INFO - [2024-06-07T14:01:18.125+0000] {dagbag.py:545} INFO - Filling up the DagBag from /home/airflow/.local/lib/python3.12/site-packages/airflow/example_dags/example_python_operator.py
[2024-06-07T14:01:18.160+0000] {processor.py:840} INFO - DAG(s) 'example_python_operator' retrieved from /home/airflow/.local/lib/python3.12/site-packages/airflow/example_dags/example_python_operator.py
[2024-06-07T14:01:18.215+0000] {logging_mixin.py:188} INFO - [2024-06-07T14:01:18.214+0000] {dag.py:3096} INFO - Sync 1 DAGs
[2024-06-07T14:01:18.244+0000] {logging_mixin.py:188} INFO - [2024-06-07T14:01:18.244+0000] {dag.py:3954} INFO - Setting next_dagrun for example_python_operator to None, run_after=None
[2024-06-07T14:01:18.288+0000] {processor.py:183} INFO - Processing /home/airflow/.local/lib/python3.12/site-packages/airflow/example_dags/example_python_operator.py took 0.214 seconds
