[2024-06-07T02:01:14.707+0000] {processor.py:161} INFO - Started process (PID=8579) to work on /home/airflow/.local/lib/python3.12/site-packages/airflow/example_dags/example_task_group_decorator.py
[2024-06-07T02:01:14.709+0000] {processor.py:830} INFO - Processing file /home/airflow/.local/lib/python3.12/site-packages/airflow/example_dags/example_task_group_decorator.py for tasks to queue
[2024-06-07T02:01:14.712+0000] {logging_mixin.py:188} INFO - [2024-06-07T02:01:14.711+0000] {dagbag.py:545} INFO - Filling up the DagBag from /home/airflow/.local/lib/python3.12/site-packages/airflow/example_dags/example_task_group_decorator.py
[2024-06-07T02:01:14.760+0000] {processor.py:840} INFO - DAG(s) 'example_task_group_decorator' retrieved from /home/airflow/.local/lib/python3.12/site-packages/airflow/example_dags/example_task_group_decorator.py
[2024-06-07T02:01:14.826+0000] {logging_mixin.py:188} INFO - [2024-06-07T02:01:14.826+0000] {dag.py:3096} INFO - Sync 1 DAGs
[2024-06-07T02:01:14.902+0000] {logging_mixin.py:188} INFO - [2024-06-07T02:01:14.902+0000] {dag.py:3954} INFO - Setting next_dagrun for example_task_group_decorator to 2024-06-06 00:00:00+00:00, run_after=2024-06-07 00:00:00+00:00
[2024-06-07T02:01:14.958+0000] {processor.py:183} INFO - Processing /home/airflow/.local/lib/python3.12/site-packages/airflow/example_dags/example_task_group_decorator.py took 0.261 seconds
[2024-06-07T02:01:46.165+0000] {processor.py:161} INFO - Started process (PID=8632) to work on /home/airflow/.local/lib/python3.12/site-packages/airflow/example_dags/example_task_group_decorator.py
[2024-06-07T02:01:46.168+0000] {processor.py:830} INFO - Processing file /home/airflow/.local/lib/python3.12/site-packages/airflow/example_dags/example_task_group_decorator.py for tasks to queue
[2024-06-07T02:01:46.171+0000] {logging_mixin.py:188} INFO - [2024-06-07T02:01:46.170+0000] {dagbag.py:545} INFO - Filling up the DagBag from /home/airflow/.local/lib/python3.12/site-packages/airflow/example_dags/example_task_group_decorator.py
[2024-06-07T02:01:46.200+0000] {processor.py:840} INFO - DAG(s) 'example_task_group_decorator' retrieved from /home/airflow/.local/lib/python3.12/site-packages/airflow/example_dags/example_task_group_decorator.py
[2024-06-07T02:01:46.252+0000] {logging_mixin.py:188} INFO - [2024-06-07T02:01:46.252+0000] {dag.py:3096} INFO - Sync 1 DAGs
[2024-06-07T02:01:46.298+0000] {logging_mixin.py:188} INFO - [2024-06-07T02:01:46.298+0000] {dag.py:3954} INFO - Setting next_dagrun for example_task_group_decorator to 2024-06-06 00:00:00+00:00, run_after=2024-06-07 00:00:00+00:00
[2024-06-07T02:01:46.342+0000] {processor.py:183} INFO - Processing /home/airflow/.local/lib/python3.12/site-packages/airflow/example_dags/example_task_group_decorator.py took 0.195 seconds
[2024-06-07T02:02:16.724+0000] {processor.py:161} INFO - Started process (PID=8685) to work on /home/airflow/.local/lib/python3.12/site-packages/airflow/example_dags/example_task_group_decorator.py
[2024-06-07T02:02:16.726+0000] {processor.py:830} INFO - Processing file /home/airflow/.local/lib/python3.12/site-packages/airflow/example_dags/example_task_group_decorator.py for tasks to queue
[2024-06-07T02:02:16.730+0000] {logging_mixin.py:188} INFO - [2024-06-07T02:02:16.728+0000] {dagbag.py:545} INFO - Filling up the DagBag from /home/airflow/.local/lib/python3.12/site-packages/airflow/example_dags/example_task_group_decorator.py
[2024-06-07T02:02:16.779+0000] {processor.py:840} INFO - DAG(s) 'example_task_group_decorator' retrieved from /home/airflow/.local/lib/python3.12/site-packages/airflow/example_dags/example_task_group_decorator.py
[2024-06-07T02:02:16.861+0000] {logging_mixin.py:188} INFO - [2024-06-07T02:02:16.861+0000] {dag.py:3096} INFO - Sync 1 DAGs
[2024-06-07T02:02:16.910+0000] {logging_mixin.py:188} INFO - [2024-06-07T02:02:16.910+0000] {dag.py:3954} INFO - Setting next_dagrun for example_task_group_decorator to 2024-06-06 00:00:00+00:00, run_after=2024-06-07 00:00:00+00:00
[2024-06-07T02:02:16.964+0000] {processor.py:183} INFO - Processing /home/airflow/.local/lib/python3.12/site-packages/airflow/example_dags/example_task_group_decorator.py took 0.255 seconds
[2024-06-07T02:02:47.262+0000] {processor.py:161} INFO - Started process (PID=8738) to work on /home/airflow/.local/lib/python3.12/site-packages/airflow/example_dags/example_task_group_decorator.py
[2024-06-07T02:02:47.265+0000] {processor.py:830} INFO - Processing file /home/airflow/.local/lib/python3.12/site-packages/airflow/example_dags/example_task_group_decorator.py for tasks to queue
[2024-06-07T02:02:47.268+0000] {logging_mixin.py:188} INFO - [2024-06-07T02:02:47.268+0000] {dagbag.py:545} INFO - Filling up the DagBag from /home/airflow/.local/lib/python3.12/site-packages/airflow/example_dags/example_task_group_decorator.py
[2024-06-07T02:02:47.301+0000] {processor.py:840} INFO - DAG(s) 'example_task_group_decorator' retrieved from /home/airflow/.local/lib/python3.12/site-packages/airflow/example_dags/example_task_group_decorator.py
[2024-06-07T02:02:47.364+0000] {logging_mixin.py:188} INFO - [2024-06-07T02:02:47.363+0000] {dag.py:3096} INFO - Sync 1 DAGs
[2024-06-07T02:02:47.420+0000] {logging_mixin.py:188} INFO - [2024-06-07T02:02:47.419+0000] {dag.py:3954} INFO - Setting next_dagrun for example_task_group_decorator to 2024-06-06 00:00:00+00:00, run_after=2024-06-07 00:00:00+00:00
[2024-06-07T02:02:47.472+0000] {processor.py:183} INFO - Processing /home/airflow/.local/lib/python3.12/site-packages/airflow/example_dags/example_task_group_decorator.py took 0.231 seconds
[2024-06-07T02:03:18.965+0000] {processor.py:161} INFO - Started process (PID=8791) to work on /home/airflow/.local/lib/python3.12/site-packages/airflow/example_dags/example_task_group_decorator.py
[2024-06-07T02:03:18.967+0000] {processor.py:830} INFO - Processing file /home/airflow/.local/lib/python3.12/site-packages/airflow/example_dags/example_task_group_decorator.py for tasks to queue
[2024-06-07T02:03:18.970+0000] {logging_mixin.py:188} INFO - [2024-06-07T02:03:18.969+0000] {dagbag.py:545} INFO - Filling up the DagBag from /home/airflow/.local/lib/python3.12/site-packages/airflow/example_dags/example_task_group_decorator.py
[2024-06-07T02:03:18.994+0000] {processor.py:840} INFO - DAG(s) 'example_task_group_decorator' retrieved from /home/airflow/.local/lib/python3.12/site-packages/airflow/example_dags/example_task_group_decorator.py
[2024-06-07T02:03:19.038+0000] {logging_mixin.py:188} INFO - [2024-06-07T02:03:19.038+0000] {dag.py:3096} INFO - Sync 1 DAGs
[2024-06-07T02:03:19.073+0000] {logging_mixin.py:188} INFO - [2024-06-07T02:03:19.072+0000] {dag.py:3954} INFO - Setting next_dagrun for example_task_group_decorator to 2024-06-06 00:00:00+00:00, run_after=2024-06-07 00:00:00+00:00
[2024-06-07T02:03:19.115+0000] {processor.py:183} INFO - Processing /home/airflow/.local/lib/python3.12/site-packages/airflow/example_dags/example_task_group_decorator.py took 0.159 seconds
[2024-06-07T02:03:49.591+0000] {processor.py:161} INFO - Started process (PID=8844) to work on /home/airflow/.local/lib/python3.12/site-packages/airflow/example_dags/example_task_group_decorator.py
[2024-06-07T02:03:49.594+0000] {processor.py:830} INFO - Processing file /home/airflow/.local/lib/python3.12/site-packages/airflow/example_dags/example_task_group_decorator.py for tasks to queue
[2024-06-07T02:03:49.596+0000] {logging_mixin.py:188} INFO - [2024-06-07T02:03:49.595+0000] {dagbag.py:545} INFO - Filling up the DagBag from /home/airflow/.local/lib/python3.12/site-packages/airflow/example_dags/example_task_group_decorator.py
[2024-06-07T02:03:49.627+0000] {processor.py:840} INFO - DAG(s) 'example_task_group_decorator' retrieved from /home/airflow/.local/lib/python3.12/site-packages/airflow/example_dags/example_task_group_decorator.py
[2024-06-07T02:03:49.705+0000] {logging_mixin.py:188} INFO - [2024-06-07T02:03:49.704+0000] {dag.py:3096} INFO - Sync 1 DAGs
[2024-06-07T02:03:49.773+0000] {logging_mixin.py:188} INFO - [2024-06-07T02:03:49.773+0000] {dag.py:3954} INFO - Setting next_dagrun for example_task_group_decorator to 2024-06-06 00:00:00+00:00, run_after=2024-06-07 00:00:00+00:00
[2024-06-07T02:03:49.826+0000] {processor.py:183} INFO - Processing /home/airflow/.local/lib/python3.12/site-packages/airflow/example_dags/example_task_group_decorator.py took 0.246 seconds
[2024-06-07T02:04:20.444+0000] {processor.py:161} INFO - Started process (PID=8895) to work on /home/airflow/.local/lib/python3.12/site-packages/airflow/example_dags/example_task_group_decorator.py
[2024-06-07T02:04:20.447+0000] {processor.py:830} INFO - Processing file /home/airflow/.local/lib/python3.12/site-packages/airflow/example_dags/example_task_group_decorator.py for tasks to queue
[2024-06-07T02:04:20.449+0000] {logging_mixin.py:188} INFO - [2024-06-07T02:04:20.449+0000] {dagbag.py:545} INFO - Filling up the DagBag from /home/airflow/.local/lib/python3.12/site-packages/airflow/example_dags/example_task_group_decorator.py
[2024-06-07T02:04:20.478+0000] {processor.py:840} INFO - DAG(s) 'example_task_group_decorator' retrieved from /home/airflow/.local/lib/python3.12/site-packages/airflow/example_dags/example_task_group_decorator.py
[2024-06-07T02:04:20.557+0000] {logging_mixin.py:188} INFO - [2024-06-07T02:04:20.556+0000] {dag.py:3096} INFO - Sync 1 DAGs
[2024-06-07T02:04:20.621+0000] {logging_mixin.py:188} INFO - [2024-06-07T02:04:20.620+0000] {dag.py:3954} INFO - Setting next_dagrun for example_task_group_decorator to 2024-06-06 00:00:00+00:00, run_after=2024-06-07 00:00:00+00:00
[2024-06-07T02:04:20.666+0000] {processor.py:183} INFO - Processing /home/airflow/.local/lib/python3.12/site-packages/airflow/example_dags/example_task_group_decorator.py took 0.232 seconds
[2024-06-07T02:04:51.372+0000] {processor.py:161} INFO - Started process (PID=8948) to work on /home/airflow/.local/lib/python3.12/site-packages/airflow/example_dags/example_task_group_decorator.py
[2024-06-07T02:04:51.373+0000] {processor.py:830} INFO - Processing file /home/airflow/.local/lib/python3.12/site-packages/airflow/example_dags/example_task_group_decorator.py for tasks to queue
[2024-06-07T02:04:51.376+0000] {logging_mixin.py:188} INFO - [2024-06-07T02:04:51.375+0000] {dagbag.py:545} INFO - Filling up the DagBag from /home/airflow/.local/lib/python3.12/site-packages/airflow/example_dags/example_task_group_decorator.py
[2024-06-07T02:04:51.426+0000] {processor.py:840} INFO - DAG(s) 'example_task_group_decorator' retrieved from /home/airflow/.local/lib/python3.12/site-packages/airflow/example_dags/example_task_group_decorator.py
[2024-06-07T02:04:51.480+0000] {logging_mixin.py:188} INFO - [2024-06-07T02:04:51.479+0000] {dag.py:3096} INFO - Sync 1 DAGs
[2024-06-07T02:04:51.520+0000] {logging_mixin.py:188} INFO - [2024-06-07T02:04:51.520+0000] {dag.py:3954} INFO - Setting next_dagrun for example_task_group_decorator to 2024-06-06 00:00:00+00:00, run_after=2024-06-07 00:00:00+00:00
[2024-06-07T02:04:51.560+0000] {processor.py:183} INFO - Processing /home/airflow/.local/lib/python3.12/site-packages/airflow/example_dags/example_task_group_decorator.py took 0.199 seconds
[2024-06-07T02:05:22.271+0000] {processor.py:161} INFO - Started process (PID=9001) to work on /home/airflow/.local/lib/python3.12/site-packages/airflow/example_dags/example_task_group_decorator.py
[2024-06-07T02:05:22.273+0000] {processor.py:830} INFO - Processing file /home/airflow/.local/lib/python3.12/site-packages/airflow/example_dags/example_task_group_decorator.py for tasks to queue
[2024-06-07T02:05:22.275+0000] {logging_mixin.py:188} INFO - [2024-06-07T02:05:22.274+0000] {dagbag.py:545} INFO - Filling up the DagBag from /home/airflow/.local/lib/python3.12/site-packages/airflow/example_dags/example_task_group_decorator.py
[2024-06-07T02:05:22.297+0000] {processor.py:840} INFO - DAG(s) 'example_task_group_decorator' retrieved from /home/airflow/.local/lib/python3.12/site-packages/airflow/example_dags/example_task_group_decorator.py
[2024-06-07T02:05:22.369+0000] {logging_mixin.py:188} INFO - [2024-06-07T02:05:22.368+0000] {dag.py:3096} INFO - Sync 1 DAGs
[2024-06-07T02:05:22.424+0000] {logging_mixin.py:188} INFO - [2024-06-07T02:05:22.424+0000] {dag.py:3954} INFO - Setting next_dagrun for example_task_group_decorator to 2024-06-06 00:00:00+00:00, run_after=2024-06-07 00:00:00+00:00
[2024-06-07T02:05:22.475+0000] {processor.py:183} INFO - Processing /home/airflow/.local/lib/python3.12/site-packages/airflow/example_dags/example_task_group_decorator.py took 0.213 seconds
[2024-06-07T02:05:53.737+0000] {processor.py:161} INFO - Started process (PID=9054) to work on /home/airflow/.local/lib/python3.12/site-packages/airflow/example_dags/example_task_group_decorator.py
[2024-06-07T02:05:53.739+0000] {processor.py:830} INFO - Processing file /home/airflow/.local/lib/python3.12/site-packages/airflow/example_dags/example_task_group_decorator.py for tasks to queue
[2024-06-07T02:05:53.742+0000] {logging_mixin.py:188} INFO - [2024-06-07T02:05:53.741+0000] {dagbag.py:545} INFO - Filling up the DagBag from /home/airflow/.local/lib/python3.12/site-packages/airflow/example_dags/example_task_group_decorator.py
[2024-06-07T02:05:53.774+0000] {processor.py:840} INFO - DAG(s) 'example_task_group_decorator' retrieved from /home/airflow/.local/lib/python3.12/site-packages/airflow/example_dags/example_task_group_decorator.py
[2024-06-07T02:05:53.824+0000] {logging_mixin.py:188} INFO - [2024-06-07T02:05:53.824+0000] {dag.py:3096} INFO - Sync 1 DAGs
[2024-06-07T02:05:53.878+0000] {logging_mixin.py:188} INFO - [2024-06-07T02:05:53.878+0000] {dag.py:3954} INFO - Setting next_dagrun for example_task_group_decorator to 2024-06-06 00:00:00+00:00, run_after=2024-06-07 00:00:00+00:00
[2024-06-07T02:05:53.930+0000] {processor.py:183} INFO - Processing /home/airflow/.local/lib/python3.12/site-packages/airflow/example_dags/example_task_group_decorator.py took 0.205 seconds
[2024-06-07T02:06:24.235+0000] {processor.py:161} INFO - Started process (PID=9107) to work on /home/airflow/.local/lib/python3.12/site-packages/airflow/example_dags/example_task_group_decorator.py
[2024-06-07T02:06:24.238+0000] {processor.py:830} INFO - Processing file /home/airflow/.local/lib/python3.12/site-packages/airflow/example_dags/example_task_group_decorator.py for tasks to queue
[2024-06-07T02:06:24.240+0000] {logging_mixin.py:188} INFO - [2024-06-07T02:06:24.239+0000] {dagbag.py:545} INFO - Filling up the DagBag from /home/airflow/.local/lib/python3.12/site-packages/airflow/example_dags/example_task_group_decorator.py
[2024-06-07T02:06:24.266+0000] {processor.py:840} INFO - DAG(s) 'example_task_group_decorator' retrieved from /home/airflow/.local/lib/python3.12/site-packages/airflow/example_dags/example_task_group_decorator.py
[2024-06-07T02:06:24.319+0000] {logging_mixin.py:188} INFO - [2024-06-07T02:06:24.319+0000] {dag.py:3096} INFO - Sync 1 DAGs
[2024-06-07T02:06:24.365+0000] {logging_mixin.py:188} INFO - [2024-06-07T02:06:24.365+0000] {dag.py:3954} INFO - Setting next_dagrun for example_task_group_decorator to 2024-06-06 00:00:00+00:00, run_after=2024-06-07 00:00:00+00:00
[2024-06-07T02:06:24.408+0000] {processor.py:183} INFO - Processing /home/airflow/.local/lib/python3.12/site-packages/airflow/example_dags/example_task_group_decorator.py took 0.187 seconds
[2024-06-07T02:06:54.564+0000] {processor.py:161} INFO - Started process (PID=9159) to work on /home/airflow/.local/lib/python3.12/site-packages/airflow/example_dags/example_task_group_decorator.py
[2024-06-07T02:06:54.566+0000] {processor.py:830} INFO - Processing file /home/airflow/.local/lib/python3.12/site-packages/airflow/example_dags/example_task_group_decorator.py for tasks to queue
[2024-06-07T02:06:54.568+0000] {logging_mixin.py:188} INFO - [2024-06-07T02:06:54.568+0000] {dagbag.py:545} INFO - Filling up the DagBag from /home/airflow/.local/lib/python3.12/site-packages/airflow/example_dags/example_task_group_decorator.py
[2024-06-07T02:06:54.611+0000] {processor.py:840} INFO - DAG(s) 'example_task_group_decorator' retrieved from /home/airflow/.local/lib/python3.12/site-packages/airflow/example_dags/example_task_group_decorator.py
[2024-06-07T02:06:54.659+0000] {logging_mixin.py:188} INFO - [2024-06-07T02:06:54.658+0000] {dag.py:3096} INFO - Sync 1 DAGs
[2024-06-07T02:06:54.703+0000] {logging_mixin.py:188} INFO - [2024-06-07T02:06:54.703+0000] {dag.py:3954} INFO - Setting next_dagrun for example_task_group_decorator to 2024-06-06 00:00:00+00:00, run_after=2024-06-07 00:00:00+00:00
[2024-06-07T02:06:54.742+0000] {processor.py:183} INFO - Processing /home/airflow/.local/lib/python3.12/site-packages/airflow/example_dags/example_task_group_decorator.py took 0.190 seconds
[2024-06-07T02:07:25.152+0000] {processor.py:161} INFO - Started process (PID=9212) to work on /home/airflow/.local/lib/python3.12/site-packages/airflow/example_dags/example_task_group_decorator.py
[2024-06-07T02:07:25.154+0000] {processor.py:830} INFO - Processing file /home/airflow/.local/lib/python3.12/site-packages/airflow/example_dags/example_task_group_decorator.py for tasks to queue
[2024-06-07T02:07:25.156+0000] {logging_mixin.py:188} INFO - [2024-06-07T02:07:25.156+0000] {dagbag.py:545} INFO - Filling up the DagBag from /home/airflow/.local/lib/python3.12/site-packages/airflow/example_dags/example_task_group_decorator.py
[2024-06-07T02:07:25.187+0000] {processor.py:840} INFO - DAG(s) 'example_task_group_decorator' retrieved from /home/airflow/.local/lib/python3.12/site-packages/airflow/example_dags/example_task_group_decorator.py
[2024-06-07T02:07:25.242+0000] {logging_mixin.py:188} INFO - [2024-06-07T02:07:25.242+0000] {dag.py:3096} INFO - Sync 1 DAGs
[2024-06-07T02:07:25.285+0000] {logging_mixin.py:188} INFO - [2024-06-07T02:07:25.284+0000] {dag.py:3954} INFO - Setting next_dagrun for example_task_group_decorator to 2024-06-06 00:00:00+00:00, run_after=2024-06-07 00:00:00+00:00
[2024-06-07T02:07:25.336+0000] {processor.py:183} INFO - Processing /home/airflow/.local/lib/python3.12/site-packages/airflow/example_dags/example_task_group_decorator.py took 0.196 seconds
[2024-06-07T02:07:56.408+0000] {processor.py:161} INFO - Started process (PID=9265) to work on /home/airflow/.local/lib/python3.12/site-packages/airflow/example_dags/example_task_group_decorator.py
[2024-06-07T02:07:56.410+0000] {processor.py:830} INFO - Processing file /home/airflow/.local/lib/python3.12/site-packages/airflow/example_dags/example_task_group_decorator.py for tasks to queue
[2024-06-07T02:07:56.413+0000] {logging_mixin.py:188} INFO - [2024-06-07T02:07:56.412+0000] {dagbag.py:545} INFO - Filling up the DagBag from /home/airflow/.local/lib/python3.12/site-packages/airflow/example_dags/example_task_group_decorator.py
[2024-06-07T02:07:56.441+0000] {processor.py:840} INFO - DAG(s) 'example_task_group_decorator' retrieved from /home/airflow/.local/lib/python3.12/site-packages/airflow/example_dags/example_task_group_decorator.py
[2024-06-07T02:07:56.503+0000] {logging_mixin.py:188} INFO - [2024-06-07T02:07:56.503+0000] {dag.py:3096} INFO - Sync 1 DAGs
[2024-06-07T02:07:56.554+0000] {logging_mixin.py:188} INFO - [2024-06-07T02:07:56.553+0000] {dag.py:3954} INFO - Setting next_dagrun for example_task_group_decorator to 2024-06-06 00:00:00+00:00, run_after=2024-06-07 00:00:00+00:00
[2024-06-07T02:07:56.602+0000] {processor.py:183} INFO - Processing /home/airflow/.local/lib/python3.12/site-packages/airflow/example_dags/example_task_group_decorator.py took 0.205 seconds
[2024-06-07T02:08:26.982+0000] {processor.py:161} INFO - Started process (PID=9318) to work on /home/airflow/.local/lib/python3.12/site-packages/airflow/example_dags/example_task_group_decorator.py
[2024-06-07T02:08:26.984+0000] {processor.py:830} INFO - Processing file /home/airflow/.local/lib/python3.12/site-packages/airflow/example_dags/example_task_group_decorator.py for tasks to queue
[2024-06-07T02:08:26.986+0000] {logging_mixin.py:188} INFO - [2024-06-07T02:08:26.986+0000] {dagbag.py:545} INFO - Filling up the DagBag from /home/airflow/.local/lib/python3.12/site-packages/airflow/example_dags/example_task_group_decorator.py
[2024-06-07T02:08:27.023+0000] {processor.py:840} INFO - DAG(s) 'example_task_group_decorator' retrieved from /home/airflow/.local/lib/python3.12/site-packages/airflow/example_dags/example_task_group_decorator.py
[2024-06-07T02:08:27.079+0000] {logging_mixin.py:188} INFO - [2024-06-07T02:08:27.078+0000] {dag.py:3096} INFO - Sync 1 DAGs
[2024-06-07T02:08:27.124+0000] {logging_mixin.py:188} INFO - [2024-06-07T02:08:27.123+0000] {dag.py:3954} INFO - Setting next_dagrun for example_task_group_decorator to 2024-06-06 00:00:00+00:00, run_after=2024-06-07 00:00:00+00:00
[2024-06-07T02:08:27.183+0000] {processor.py:183} INFO - Processing /home/airflow/.local/lib/python3.12/site-packages/airflow/example_dags/example_task_group_decorator.py took 0.214 seconds
[2024-06-07T02:08:57.586+0000] {processor.py:161} INFO - Started process (PID=9371) to work on /home/airflow/.local/lib/python3.12/site-packages/airflow/example_dags/example_task_group_decorator.py
[2024-06-07T02:08:57.588+0000] {processor.py:830} INFO - Processing file /home/airflow/.local/lib/python3.12/site-packages/airflow/example_dags/example_task_group_decorator.py for tasks to queue
[2024-06-07T02:08:57.590+0000] {logging_mixin.py:188} INFO - [2024-06-07T02:08:57.590+0000] {dagbag.py:545} INFO - Filling up the DagBag from /home/airflow/.local/lib/python3.12/site-packages/airflow/example_dags/example_task_group_decorator.py
[2024-06-07T02:08:57.657+0000] {processor.py:840} INFO - DAG(s) 'example_task_group_decorator' retrieved from /home/airflow/.local/lib/python3.12/site-packages/airflow/example_dags/example_task_group_decorator.py
[2024-06-07T02:08:57.728+0000] {logging_mixin.py:188} INFO - [2024-06-07T02:08:57.726+0000] {dag.py:3096} INFO - Sync 1 DAGs
[2024-06-07T02:08:57.770+0000] {logging_mixin.py:188} INFO - [2024-06-07T02:08:57.769+0000] {dag.py:3954} INFO - Setting next_dagrun for example_task_group_decorator to 2024-06-06 00:00:00+00:00, run_after=2024-06-07 00:00:00+00:00
[2024-06-07T02:08:57.811+0000] {processor.py:183} INFO - Processing /home/airflow/.local/lib/python3.12/site-packages/airflow/example_dags/example_task_group_decorator.py took 0.245 seconds
[2024-06-07T02:09:28.097+0000] {processor.py:161} INFO - Started process (PID=9424) to work on /home/airflow/.local/lib/python3.12/site-packages/airflow/example_dags/example_task_group_decorator.py
[2024-06-07T02:09:28.101+0000] {processor.py:830} INFO - Processing file /home/airflow/.local/lib/python3.12/site-packages/airflow/example_dags/example_task_group_decorator.py for tasks to queue
[2024-06-07T02:09:28.104+0000] {logging_mixin.py:188} INFO - [2024-06-07T02:09:28.102+0000] {dagbag.py:545} INFO - Filling up the DagBag from /home/airflow/.local/lib/python3.12/site-packages/airflow/example_dags/example_task_group_decorator.py
[2024-06-07T02:09:28.158+0000] {processor.py:840} INFO - DAG(s) 'example_task_group_decorator' retrieved from /home/airflow/.local/lib/python3.12/site-packages/airflow/example_dags/example_task_group_decorator.py
[2024-06-07T02:09:28.233+0000] {logging_mixin.py:188} INFO - [2024-06-07T02:09:28.228+0000] {dag.py:3096} INFO - Sync 1 DAGs
[2024-06-07T02:09:28.291+0000] {logging_mixin.py:188} INFO - [2024-06-07T02:09:28.290+0000] {dag.py:3954} INFO - Setting next_dagrun for example_task_group_decorator to 2024-06-06 00:00:00+00:00, run_after=2024-06-07 00:00:00+00:00
[2024-06-07T02:09:28.329+0000] {processor.py:183} INFO - Processing /home/airflow/.local/lib/python3.12/site-packages/airflow/example_dags/example_task_group_decorator.py took 0.253 seconds
[2024-06-07T02:09:58.469+0000] {processor.py:161} INFO - Started process (PID=9477) to work on /home/airflow/.local/lib/python3.12/site-packages/airflow/example_dags/example_task_group_decorator.py
[2024-06-07T02:09:58.471+0000] {processor.py:830} INFO - Processing file /home/airflow/.local/lib/python3.12/site-packages/airflow/example_dags/example_task_group_decorator.py for tasks to queue
[2024-06-07T02:09:58.473+0000] {logging_mixin.py:188} INFO - [2024-06-07T02:09:58.472+0000] {dagbag.py:545} INFO - Filling up the DagBag from /home/airflow/.local/lib/python3.12/site-packages/airflow/example_dags/example_task_group_decorator.py
[2024-06-07T02:09:58.507+0000] {processor.py:840} INFO - DAG(s) 'example_task_group_decorator' retrieved from /home/airflow/.local/lib/python3.12/site-packages/airflow/example_dags/example_task_group_decorator.py
[2024-06-07T02:09:58.564+0000] {logging_mixin.py:188} INFO - [2024-06-07T02:09:58.564+0000] {dag.py:3096} INFO - Sync 1 DAGs
[2024-06-07T02:09:58.627+0000] {logging_mixin.py:188} INFO - [2024-06-07T02:09:58.626+0000] {dag.py:3954} INFO - Setting next_dagrun for example_task_group_decorator to 2024-06-06 00:00:00+00:00, run_after=2024-06-07 00:00:00+00:00
[2024-06-07T02:09:58.671+0000] {processor.py:183} INFO - Processing /home/airflow/.local/lib/python3.12/site-packages/airflow/example_dags/example_task_group_decorator.py took 0.215 seconds
[2024-06-07T02:10:28.807+0000] {processor.py:161} INFO - Started process (PID=9530) to work on /home/airflow/.local/lib/python3.12/site-packages/airflow/example_dags/example_task_group_decorator.py
[2024-06-07T02:10:28.809+0000] {processor.py:830} INFO - Processing file /home/airflow/.local/lib/python3.12/site-packages/airflow/example_dags/example_task_group_decorator.py for tasks to queue
[2024-06-07T02:10:28.811+0000] {logging_mixin.py:188} INFO - [2024-06-07T02:10:28.811+0000] {dagbag.py:545} INFO - Filling up the DagBag from /home/airflow/.local/lib/python3.12/site-packages/airflow/example_dags/example_task_group_decorator.py
[2024-06-07T02:10:28.839+0000] {processor.py:840} INFO - DAG(s) 'example_task_group_decorator' retrieved from /home/airflow/.local/lib/python3.12/site-packages/airflow/example_dags/example_task_group_decorator.py
[2024-06-07T02:10:28.891+0000] {logging_mixin.py:188} INFO - [2024-06-07T02:10:28.890+0000] {dag.py:3096} INFO - Sync 1 DAGs
[2024-06-07T02:10:28.931+0000] {logging_mixin.py:188} INFO - [2024-06-07T02:10:28.931+0000] {dag.py:3954} INFO - Setting next_dagrun for example_task_group_decorator to 2024-06-06 00:00:00+00:00, run_after=2024-06-07 00:00:00+00:00
[2024-06-07T02:10:28.975+0000] {processor.py:183} INFO - Processing /home/airflow/.local/lib/python3.12/site-packages/airflow/example_dags/example_task_group_decorator.py took 0.179 seconds
[2024-06-07T02:10:59.057+0000] {processor.py:161} INFO - Started process (PID=9582) to work on /home/airflow/.local/lib/python3.12/site-packages/airflow/example_dags/example_task_group_decorator.py
[2024-06-07T02:10:59.060+0000] {processor.py:830} INFO - Processing file /home/airflow/.local/lib/python3.12/site-packages/airflow/example_dags/example_task_group_decorator.py for tasks to queue
[2024-06-07T02:10:59.061+0000] {logging_mixin.py:188} INFO - [2024-06-07T02:10:59.061+0000] {dagbag.py:545} INFO - Filling up the DagBag from /home/airflow/.local/lib/python3.12/site-packages/airflow/example_dags/example_task_group_decorator.py
[2024-06-07T02:10:59.094+0000] {processor.py:840} INFO - DAG(s) 'example_task_group_decorator' retrieved from /home/airflow/.local/lib/python3.12/site-packages/airflow/example_dags/example_task_group_decorator.py
[2024-06-07T02:10:59.148+0000] {logging_mixin.py:188} INFO - [2024-06-07T02:10:59.148+0000] {dag.py:3096} INFO - Sync 1 DAGs
[2024-06-07T02:10:59.196+0000] {logging_mixin.py:188} INFO - [2024-06-07T02:10:59.195+0000] {dag.py:3954} INFO - Setting next_dagrun for example_task_group_decorator to 2024-06-06 00:00:00+00:00, run_after=2024-06-07 00:00:00+00:00
[2024-06-07T02:10:59.260+0000] {processor.py:183} INFO - Processing /home/airflow/.local/lib/python3.12/site-packages/airflow/example_dags/example_task_group_decorator.py took 0.216 seconds
[2024-06-07T02:11:29.411+0000] {processor.py:161} INFO - Started process (PID=9635) to work on /home/airflow/.local/lib/python3.12/site-packages/airflow/example_dags/example_task_group_decorator.py
[2024-06-07T02:11:29.412+0000] {processor.py:830} INFO - Processing file /home/airflow/.local/lib/python3.12/site-packages/airflow/example_dags/example_task_group_decorator.py for tasks to queue
[2024-06-07T02:11:29.414+0000] {logging_mixin.py:188} INFO - [2024-06-07T02:11:29.413+0000] {dagbag.py:545} INFO - Filling up the DagBag from /home/airflow/.local/lib/python3.12/site-packages/airflow/example_dags/example_task_group_decorator.py
[2024-06-07T02:11:29.429+0000] {processor.py:840} INFO - DAG(s) 'example_task_group_decorator' retrieved from /home/airflow/.local/lib/python3.12/site-packages/airflow/example_dags/example_task_group_decorator.py
[2024-06-07T02:11:29.464+0000] {logging_mixin.py:188} INFO - [2024-06-07T02:11:29.464+0000] {dag.py:3096} INFO - Sync 1 DAGs
[2024-06-07T02:11:29.494+0000] {logging_mixin.py:188} INFO - [2024-06-07T02:11:29.493+0000] {dag.py:3954} INFO - Setting next_dagrun for example_task_group_decorator to 2024-06-06 00:00:00+00:00, run_after=2024-06-07 00:00:00+00:00
[2024-06-07T02:11:29.521+0000] {processor.py:183} INFO - Processing /home/airflow/.local/lib/python3.12/site-packages/airflow/example_dags/example_task_group_decorator.py took 0.116 seconds
[2024-06-07T14:01:08.000+0000] {processor.py:161} INFO - Started process (PID=9658) to work on /home/airflow/.local/lib/python3.12/site-packages/airflow/example_dags/example_task_group_decorator.py
[2024-06-07T14:01:08.004+0000] {processor.py:830} INFO - Processing file /home/airflow/.local/lib/python3.12/site-packages/airflow/example_dags/example_task_group_decorator.py for tasks to queue
[2024-06-07T14:01:08.007+0000] {logging_mixin.py:188} INFO - [2024-06-07T14:01:08.006+0000] {dagbag.py:545} INFO - Filling up the DagBag from /home/airflow/.local/lib/python3.12/site-packages/airflow/example_dags/example_task_group_decorator.py
[2024-06-07T14:01:08.069+0000] {processor.py:840} INFO - DAG(s) 'example_task_group_decorator' retrieved from /home/airflow/.local/lib/python3.12/site-packages/airflow/example_dags/example_task_group_decorator.py
[2024-06-07T14:01:08.145+0000] {logging_mixin.py:188} INFO - [2024-06-07T14:01:08.145+0000] {dag.py:3096} INFO - Sync 1 DAGs
[2024-06-07T14:01:08.272+0000] {logging_mixin.py:188} INFO - [2024-06-07T14:01:08.271+0000] {dag.py:3954} INFO - Setting next_dagrun for example_task_group_decorator to 2024-06-06 00:00:00+00:00, run_after=2024-06-07 00:00:00+00:00
[2024-06-07T14:01:08.888+0000] {processor.py:183} INFO - Processing /home/airflow/.local/lib/python3.12/site-packages/airflow/example_dags/example_task_group_decorator.py took 0.904 seconds
[2024-06-07T14:01:39.761+0000] {processor.py:161} INFO - Started process (PID=9710) to work on /home/airflow/.local/lib/python3.12/site-packages/airflow/example_dags/example_task_group_decorator.py
[2024-06-07T14:01:39.762+0000] {processor.py:830} INFO - Processing file /home/airflow/.local/lib/python3.12/site-packages/airflow/example_dags/example_task_group_decorator.py for tasks to queue
[2024-06-07T14:01:39.763+0000] {logging_mixin.py:188} INFO - [2024-06-07T14:01:39.763+0000] {dagbag.py:545} INFO - Filling up the DagBag from /home/airflow/.local/lib/python3.12/site-packages/airflow/example_dags/example_task_group_decorator.py
[2024-06-07T14:01:39.778+0000] {processor.py:840} INFO - DAG(s) 'example_task_group_decorator' retrieved from /home/airflow/.local/lib/python3.12/site-packages/airflow/example_dags/example_task_group_decorator.py
[2024-06-07T14:01:39.806+0000] {logging_mixin.py:188} INFO - [2024-06-07T14:01:39.805+0000] {dag.py:3096} INFO - Sync 1 DAGs
[2024-06-07T14:01:39.833+0000] {logging_mixin.py:188} INFO - [2024-06-07T14:01:39.833+0000] {dag.py:3954} INFO - Setting next_dagrun for example_task_group_decorator to 2024-06-06 00:00:00+00:00, run_after=2024-06-07 00:00:00+00:00
[2024-06-07T14:01:39.859+0000] {processor.py:183} INFO - Processing /home/airflow/.local/lib/python3.12/site-packages/airflow/example_dags/example_task_group_decorator.py took 0.104 seconds
