[2024-06-07T02:01:20.189+0000] {processor.py:161} INFO - Started process (PID=8607) to work on /home/airflow/.local/lib/python3.12/site-packages/airflow/example_dags/example_branch_day_of_week_operator.py
[2024-06-07T02:01:20.192+0000] {processor.py:830} INFO - Processing file /home/airflow/.local/lib/python3.12/site-packages/airflow/example_dags/example_branch_day_of_week_operator.py for tasks to queue
[2024-06-07T02:01:20.194+0000] {logging_mixin.py:188} INFO - [2024-06-07T02:01:20.194+0000] {dagbag.py:545} INFO - Filling up the DagBag from /home/airflow/.local/lib/python3.12/site-packages/airflow/example_dags/example_branch_day_of_week_operator.py
[2024-06-07T02:01:20.227+0000] {processor.py:840} INFO - DAG(s) 'example_weekday_branch_operator' retrieved from /home/airflow/.local/lib/python3.12/site-packages/airflow/example_dags/example_branch_day_of_week_operator.py
[2024-06-07T02:01:20.279+0000] {logging_mixin.py:188} INFO - [2024-06-07T02:01:20.278+0000] {dag.py:3096} INFO - Sync 1 DAGs
[2024-06-07T02:01:20.346+0000] {logging_mixin.py:188} INFO - [2024-06-07T02:01:20.345+0000] {dag.py:3954} INFO - Setting next_dagrun for example_weekday_branch_operator to 2024-06-06 00:00:00+00:00, run_after=2024-06-07 00:00:00+00:00
[2024-06-07T02:01:20.420+0000] {processor.py:183} INFO - Processing /home/airflow/.local/lib/python3.12/site-packages/airflow/example_dags/example_branch_day_of_week_operator.py took 0.250 seconds
[2024-06-07T02:01:50.534+0000] {processor.py:161} INFO - Started process (PID=8660) to work on /home/airflow/.local/lib/python3.12/site-packages/airflow/example_dags/example_branch_day_of_week_operator.py
[2024-06-07T02:01:50.536+0000] {processor.py:830} INFO - Processing file /home/airflow/.local/lib/python3.12/site-packages/airflow/example_dags/example_branch_day_of_week_operator.py for tasks to queue
[2024-06-07T02:01:50.538+0000] {logging_mixin.py:188} INFO - [2024-06-07T02:01:50.537+0000] {dagbag.py:545} INFO - Filling up the DagBag from /home/airflow/.local/lib/python3.12/site-packages/airflow/example_dags/example_branch_day_of_week_operator.py
[2024-06-07T02:01:50.552+0000] {processor.py:840} INFO - DAG(s) 'example_weekday_branch_operator' retrieved from /home/airflow/.local/lib/python3.12/site-packages/airflow/example_dags/example_branch_day_of_week_operator.py
[2024-06-07T02:01:50.591+0000] {logging_mixin.py:188} INFO - [2024-06-07T02:01:50.591+0000] {dag.py:3096} INFO - Sync 1 DAGs
[2024-06-07T02:01:50.630+0000] {logging_mixin.py:188} INFO - [2024-06-07T02:01:50.630+0000] {dag.py:3954} INFO - Setting next_dagrun for example_weekday_branch_operator to 2024-06-06 00:00:00+00:00, run_after=2024-06-07 00:00:00+00:00
[2024-06-07T02:01:50.666+0000] {processor.py:183} INFO - Processing /home/airflow/.local/lib/python3.12/site-packages/airflow/example_dags/example_branch_day_of_week_operator.py took 0.145 seconds
[2024-06-07T02:02:21.225+0000] {processor.py:161} INFO - Started process (PID=8713) to work on /home/airflow/.local/lib/python3.12/site-packages/airflow/example_dags/example_branch_day_of_week_operator.py
[2024-06-07T02:02:21.227+0000] {processor.py:830} INFO - Processing file /home/airflow/.local/lib/python3.12/site-packages/airflow/example_dags/example_branch_day_of_week_operator.py for tasks to queue
[2024-06-07T02:02:21.230+0000] {logging_mixin.py:188} INFO - [2024-06-07T02:02:21.229+0000] {dagbag.py:545} INFO - Filling up the DagBag from /home/airflow/.local/lib/python3.12/site-packages/airflow/example_dags/example_branch_day_of_week_operator.py
[2024-06-07T02:02:21.243+0000] {processor.py:840} INFO - DAG(s) 'example_weekday_branch_operator' retrieved from /home/airflow/.local/lib/python3.12/site-packages/airflow/example_dags/example_branch_day_of_week_operator.py
[2024-06-07T02:02:21.290+0000] {logging_mixin.py:188} INFO - [2024-06-07T02:02:21.289+0000] {dag.py:3096} INFO - Sync 1 DAGs
[2024-06-07T02:02:21.335+0000] {logging_mixin.py:188} INFO - [2024-06-07T02:02:21.335+0000] {dag.py:3954} INFO - Setting next_dagrun for example_weekday_branch_operator to 2024-06-06 00:00:00+00:00, run_after=2024-06-07 00:00:00+00:00
[2024-06-07T02:02:21.372+0000] {processor.py:183} INFO - Processing /home/airflow/.local/lib/python3.12/site-packages/airflow/example_dags/example_branch_day_of_week_operator.py took 0.157 seconds
[2024-06-07T02:02:51.600+0000] {processor.py:161} INFO - Started process (PID=8766) to work on /home/airflow/.local/lib/python3.12/site-packages/airflow/example_dags/example_branch_day_of_week_operator.py
[2024-06-07T02:02:51.602+0000] {processor.py:830} INFO - Processing file /home/airflow/.local/lib/python3.12/site-packages/airflow/example_dags/example_branch_day_of_week_operator.py for tasks to queue
[2024-06-07T02:02:51.605+0000] {logging_mixin.py:188} INFO - [2024-06-07T02:02:51.604+0000] {dagbag.py:545} INFO - Filling up the DagBag from /home/airflow/.local/lib/python3.12/site-packages/airflow/example_dags/example_branch_day_of_week_operator.py
[2024-06-07T02:02:51.619+0000] {processor.py:840} INFO - DAG(s) 'example_weekday_branch_operator' retrieved from /home/airflow/.local/lib/python3.12/site-packages/airflow/example_dags/example_branch_day_of_week_operator.py
[2024-06-07T02:02:51.661+0000] {logging_mixin.py:188} INFO - [2024-06-07T02:02:51.660+0000] {dag.py:3096} INFO - Sync 1 DAGs
[2024-06-07T02:02:51.708+0000] {logging_mixin.py:188} INFO - [2024-06-07T02:02:51.708+0000] {dag.py:3954} INFO - Setting next_dagrun for example_weekday_branch_operator to 2024-06-06 00:00:00+00:00, run_after=2024-06-07 00:00:00+00:00
[2024-06-07T02:02:51.745+0000] {processor.py:183} INFO - Processing /home/airflow/.local/lib/python3.12/site-packages/airflow/example_dags/example_branch_day_of_week_operator.py took 0.158 seconds
[2024-06-07T02:03:22.630+0000] {processor.py:161} INFO - Started process (PID=8819) to work on /home/airflow/.local/lib/python3.12/site-packages/airflow/example_dags/example_branch_day_of_week_operator.py
[2024-06-07T02:03:22.633+0000] {processor.py:830} INFO - Processing file /home/airflow/.local/lib/python3.12/site-packages/airflow/example_dags/example_branch_day_of_week_operator.py for tasks to queue
[2024-06-07T02:03:22.636+0000] {logging_mixin.py:188} INFO - [2024-06-07T02:03:22.635+0000] {dagbag.py:545} INFO - Filling up the DagBag from /home/airflow/.local/lib/python3.12/site-packages/airflow/example_dags/example_branch_day_of_week_operator.py
[2024-06-07T02:03:22.651+0000] {processor.py:840} INFO - DAG(s) 'example_weekday_branch_operator' retrieved from /home/airflow/.local/lib/python3.12/site-packages/airflow/example_dags/example_branch_day_of_week_operator.py
[2024-06-07T02:03:22.706+0000] {logging_mixin.py:188} INFO - [2024-06-07T02:03:22.705+0000] {dag.py:3096} INFO - Sync 1 DAGs
[2024-06-07T02:03:22.757+0000] {logging_mixin.py:188} INFO - [2024-06-07T02:03:22.757+0000] {dag.py:3954} INFO - Setting next_dagrun for example_weekday_branch_operator to 2024-06-06 00:00:00+00:00, run_after=2024-06-07 00:00:00+00:00
[2024-06-07T02:03:22.796+0000] {processor.py:183} INFO - Processing /home/airflow/.local/lib/python3.12/site-packages/airflow/example_dags/example_branch_day_of_week_operator.py took 0.177 seconds
[2024-06-07T02:03:53.885+0000] {processor.py:161} INFO - Started process (PID=8872) to work on /home/airflow/.local/lib/python3.12/site-packages/airflow/example_dags/example_branch_day_of_week_operator.py
[2024-06-07T02:03:53.887+0000] {processor.py:830} INFO - Processing file /home/airflow/.local/lib/python3.12/site-packages/airflow/example_dags/example_branch_day_of_week_operator.py for tasks to queue
[2024-06-07T02:03:53.889+0000] {logging_mixin.py:188} INFO - [2024-06-07T02:03:53.889+0000] {dagbag.py:545} INFO - Filling up the DagBag from /home/airflow/.local/lib/python3.12/site-packages/airflow/example_dags/example_branch_day_of_week_operator.py
[2024-06-07T02:03:53.905+0000] {processor.py:840} INFO - DAG(s) 'example_weekday_branch_operator' retrieved from /home/airflow/.local/lib/python3.12/site-packages/airflow/example_dags/example_branch_day_of_week_operator.py
[2024-06-07T02:03:53.947+0000] {logging_mixin.py:188} INFO - [2024-06-07T02:03:53.947+0000] {dag.py:3096} INFO - Sync 1 DAGs
[2024-06-07T02:03:54.001+0000] {logging_mixin.py:188} INFO - [2024-06-07T02:03:54.001+0000] {dag.py:3954} INFO - Setting next_dagrun for example_weekday_branch_operator to 2024-06-06 00:00:00+00:00, run_after=2024-06-07 00:00:00+00:00
[2024-06-07T02:03:54.048+0000] {processor.py:183} INFO - Processing /home/airflow/.local/lib/python3.12/site-packages/airflow/example_dags/example_branch_day_of_week_operator.py took 0.174 seconds
[2024-06-07T02:04:24.801+0000] {processor.py:161} INFO - Started process (PID=8925) to work on /home/airflow/.local/lib/python3.12/site-packages/airflow/example_dags/example_branch_day_of_week_operator.py
[2024-06-07T02:04:24.804+0000] {processor.py:830} INFO - Processing file /home/airflow/.local/lib/python3.12/site-packages/airflow/example_dags/example_branch_day_of_week_operator.py for tasks to queue
[2024-06-07T02:04:24.806+0000] {logging_mixin.py:188} INFO - [2024-06-07T02:04:24.805+0000] {dagbag.py:545} INFO - Filling up the DagBag from /home/airflow/.local/lib/python3.12/site-packages/airflow/example_dags/example_branch_day_of_week_operator.py
[2024-06-07T02:04:24.823+0000] {processor.py:840} INFO - DAG(s) 'example_weekday_branch_operator' retrieved from /home/airflow/.local/lib/python3.12/site-packages/airflow/example_dags/example_branch_day_of_week_operator.py
[2024-06-07T02:04:24.866+0000] {logging_mixin.py:188} INFO - [2024-06-07T02:04:24.866+0000] {dag.py:3096} INFO - Sync 1 DAGs
[2024-06-07T02:04:24.922+0000] {logging_mixin.py:188} INFO - [2024-06-07T02:04:24.921+0000] {dag.py:3954} INFO - Setting next_dagrun for example_weekday_branch_operator to 2024-06-06 00:00:00+00:00, run_after=2024-06-07 00:00:00+00:00
[2024-06-07T02:04:24.968+0000] {processor.py:183} INFO - Processing /home/airflow/.local/lib/python3.12/site-packages/airflow/example_dags/example_branch_day_of_week_operator.py took 0.180 seconds
[2024-06-07T02:04:55.606+0000] {processor.py:161} INFO - Started process (PID=8978) to work on /home/airflow/.local/lib/python3.12/site-packages/airflow/example_dags/example_branch_day_of_week_operator.py
[2024-06-07T02:04:55.608+0000] {processor.py:830} INFO - Processing file /home/airflow/.local/lib/python3.12/site-packages/airflow/example_dags/example_branch_day_of_week_operator.py for tasks to queue
[2024-06-07T02:04:55.611+0000] {logging_mixin.py:188} INFO - [2024-06-07T02:04:55.611+0000] {dagbag.py:545} INFO - Filling up the DagBag from /home/airflow/.local/lib/python3.12/site-packages/airflow/example_dags/example_branch_day_of_week_operator.py
[2024-06-07T02:04:55.626+0000] {processor.py:840} INFO - DAG(s) 'example_weekday_branch_operator' retrieved from /home/airflow/.local/lib/python3.12/site-packages/airflow/example_dags/example_branch_day_of_week_operator.py
[2024-06-07T02:04:55.671+0000] {logging_mixin.py:188} INFO - [2024-06-07T02:04:55.671+0000] {dag.py:3096} INFO - Sync 1 DAGs
[2024-06-07T02:04:55.718+0000] {logging_mixin.py:188} INFO - [2024-06-07T02:04:55.718+0000] {dag.py:3954} INFO - Setting next_dagrun for example_weekday_branch_operator to 2024-06-06 00:00:00+00:00, run_after=2024-06-07 00:00:00+00:00
[2024-06-07T02:04:55.766+0000] {processor.py:183} INFO - Processing /home/airflow/.local/lib/python3.12/site-packages/airflow/example_dags/example_branch_day_of_week_operator.py took 0.171 seconds
[2024-06-07T02:05:27.165+0000] {processor.py:161} INFO - Started process (PID=9031) to work on /home/airflow/.local/lib/python3.12/site-packages/airflow/example_dags/example_branch_day_of_week_operator.py
[2024-06-07T02:05:27.167+0000] {processor.py:830} INFO - Processing file /home/airflow/.local/lib/python3.12/site-packages/airflow/example_dags/example_branch_day_of_week_operator.py for tasks to queue
[2024-06-07T02:05:27.169+0000] {logging_mixin.py:188} INFO - [2024-06-07T02:05:27.169+0000] {dagbag.py:545} INFO - Filling up the DagBag from /home/airflow/.local/lib/python3.12/site-packages/airflow/example_dags/example_branch_day_of_week_operator.py
[2024-06-07T02:05:27.189+0000] {processor.py:840} INFO - DAG(s) 'example_weekday_branch_operator' retrieved from /home/airflow/.local/lib/python3.12/site-packages/airflow/example_dags/example_branch_day_of_week_operator.py
[2024-06-07T02:05:27.241+0000] {logging_mixin.py:188} INFO - [2024-06-07T02:05:27.236+0000] {dag.py:3096} INFO - Sync 1 DAGs
[2024-06-07T02:05:27.327+0000] {logging_mixin.py:188} INFO - [2024-06-07T02:05:27.326+0000] {dag.py:3954} INFO - Setting next_dagrun for example_weekday_branch_operator to 2024-06-06 00:00:00+00:00, run_after=2024-06-07 00:00:00+00:00
[2024-06-07T02:05:27.385+0000] {processor.py:183} INFO - Processing /home/airflow/.local/lib/python3.12/site-packages/airflow/example_dags/example_branch_day_of_week_operator.py took 0.231 seconds
[2024-06-07T02:05:57.937+0000] {processor.py:161} INFO - Started process (PID=9084) to work on /home/airflow/.local/lib/python3.12/site-packages/airflow/example_dags/example_branch_day_of_week_operator.py
[2024-06-07T02:05:57.939+0000] {processor.py:830} INFO - Processing file /home/airflow/.local/lib/python3.12/site-packages/airflow/example_dags/example_branch_day_of_week_operator.py for tasks to queue
[2024-06-07T02:05:57.942+0000] {logging_mixin.py:188} INFO - [2024-06-07T02:05:57.941+0000] {dagbag.py:545} INFO - Filling up the DagBag from /home/airflow/.local/lib/python3.12/site-packages/airflow/example_dags/example_branch_day_of_week_operator.py
[2024-06-07T02:05:57.956+0000] {processor.py:840} INFO - DAG(s) 'example_weekday_branch_operator' retrieved from /home/airflow/.local/lib/python3.12/site-packages/airflow/example_dags/example_branch_day_of_week_operator.py
[2024-06-07T02:05:58.001+0000] {logging_mixin.py:188} INFO - [2024-06-07T02:05:58.000+0000] {dag.py:3096} INFO - Sync 1 DAGs
[2024-06-07T02:05:58.066+0000] {logging_mixin.py:188} INFO - [2024-06-07T02:05:58.066+0000] {dag.py:3954} INFO - Setting next_dagrun for example_weekday_branch_operator to 2024-06-06 00:00:00+00:00, run_after=2024-06-07 00:00:00+00:00
[2024-06-07T02:05:58.122+0000] {processor.py:183} INFO - Processing /home/airflow/.local/lib/python3.12/site-packages/airflow/example_dags/example_branch_day_of_week_operator.py took 0.197 seconds
[2024-06-07T02:06:28.555+0000] {processor.py:161} INFO - Started process (PID=9137) to work on /home/airflow/.local/lib/python3.12/site-packages/airflow/example_dags/example_branch_day_of_week_operator.py
[2024-06-07T02:06:28.557+0000] {processor.py:830} INFO - Processing file /home/airflow/.local/lib/python3.12/site-packages/airflow/example_dags/example_branch_day_of_week_operator.py for tasks to queue
[2024-06-07T02:06:28.560+0000] {logging_mixin.py:188} INFO - [2024-06-07T02:06:28.559+0000] {dagbag.py:545} INFO - Filling up the DagBag from /home/airflow/.local/lib/python3.12/site-packages/airflow/example_dags/example_branch_day_of_week_operator.py
[2024-06-07T02:06:28.577+0000] {processor.py:840} INFO - DAG(s) 'example_weekday_branch_operator' retrieved from /home/airflow/.local/lib/python3.12/site-packages/airflow/example_dags/example_branch_day_of_week_operator.py
[2024-06-07T02:06:28.627+0000] {logging_mixin.py:188} INFO - [2024-06-07T02:06:28.626+0000] {dag.py:3096} INFO - Sync 1 DAGs
[2024-06-07T02:06:28.677+0000] {logging_mixin.py:188} INFO - [2024-06-07T02:06:28.677+0000] {dag.py:3954} INFO - Setting next_dagrun for example_weekday_branch_operator to 2024-06-06 00:00:00+00:00, run_after=2024-06-07 00:00:00+00:00
[2024-06-07T02:06:28.719+0000] {processor.py:183} INFO - Processing /home/airflow/.local/lib/python3.12/site-packages/airflow/example_dags/example_branch_day_of_week_operator.py took 0.174 seconds
[2024-06-07T02:06:59.426+0000] {processor.py:161} INFO - Started process (PID=9190) to work on /home/airflow/.local/lib/python3.12/site-packages/airflow/example_dags/example_branch_day_of_week_operator.py
[2024-06-07T02:06:59.428+0000] {processor.py:830} INFO - Processing file /home/airflow/.local/lib/python3.12/site-packages/airflow/example_dags/example_branch_day_of_week_operator.py for tasks to queue
[2024-06-07T02:06:59.430+0000] {logging_mixin.py:188} INFO - [2024-06-07T02:06:59.430+0000] {dagbag.py:545} INFO - Filling up the DagBag from /home/airflow/.local/lib/python3.12/site-packages/airflow/example_dags/example_branch_day_of_week_operator.py
[2024-06-07T02:06:59.446+0000] {processor.py:840} INFO - DAG(s) 'example_weekday_branch_operator' retrieved from /home/airflow/.local/lib/python3.12/site-packages/airflow/example_dags/example_branch_day_of_week_operator.py
[2024-06-07T02:06:59.493+0000] {logging_mixin.py:188} INFO - [2024-06-07T02:06:59.493+0000] {dag.py:3096} INFO - Sync 1 DAGs
[2024-06-07T02:06:59.549+0000] {logging_mixin.py:188} INFO - [2024-06-07T02:06:59.548+0000] {dag.py:3954} INFO - Setting next_dagrun for example_weekday_branch_operator to 2024-06-06 00:00:00+00:00, run_after=2024-06-07 00:00:00+00:00
[2024-06-07T02:06:59.615+0000] {processor.py:183} INFO - Processing /home/airflow/.local/lib/python3.12/site-packages/airflow/example_dags/example_branch_day_of_week_operator.py took 0.201 seconds
[2024-06-07T02:07:31.693+0000] {processor.py:161} INFO - Started process (PID=9243) to work on /home/airflow/.local/lib/python3.12/site-packages/airflow/example_dags/example_branch_day_of_week_operator.py
[2024-06-07T02:07:31.695+0000] {processor.py:830} INFO - Processing file /home/airflow/.local/lib/python3.12/site-packages/airflow/example_dags/example_branch_day_of_week_operator.py for tasks to queue
[2024-06-07T02:07:31.698+0000] {logging_mixin.py:188} INFO - [2024-06-07T02:07:31.697+0000] {dagbag.py:545} INFO - Filling up the DagBag from /home/airflow/.local/lib/python3.12/site-packages/airflow/example_dags/example_branch_day_of_week_operator.py
[2024-06-07T02:07:31.715+0000] {processor.py:840} INFO - DAG(s) 'example_weekday_branch_operator' retrieved from /home/airflow/.local/lib/python3.12/site-packages/airflow/example_dags/example_branch_day_of_week_operator.py
[2024-06-07T02:07:31.770+0000] {logging_mixin.py:188} INFO - [2024-06-07T02:07:31.770+0000] {dag.py:3096} INFO - Sync 1 DAGs
[2024-06-07T02:07:31.824+0000] {logging_mixin.py:188} INFO - [2024-06-07T02:07:31.823+0000] {dag.py:3954} INFO - Setting next_dagrun for example_weekday_branch_operator to 2024-06-06 00:00:00+00:00, run_after=2024-06-07 00:00:00+00:00
[2024-06-07T02:07:31.871+0000] {processor.py:183} INFO - Processing /home/airflow/.local/lib/python3.12/site-packages/airflow/example_dags/example_branch_day_of_week_operator.py took 0.192 seconds
[2024-06-07T02:08:02.635+0000] {processor.py:161} INFO - Started process (PID=9296) to work on /home/airflow/.local/lib/python3.12/site-packages/airflow/example_dags/example_branch_day_of_week_operator.py
[2024-06-07T02:08:02.638+0000] {processor.py:830} INFO - Processing file /home/airflow/.local/lib/python3.12/site-packages/airflow/example_dags/example_branch_day_of_week_operator.py for tasks to queue
[2024-06-07T02:08:02.641+0000] {logging_mixin.py:188} INFO - [2024-06-07T02:08:02.640+0000] {dagbag.py:545} INFO - Filling up the DagBag from /home/airflow/.local/lib/python3.12/site-packages/airflow/example_dags/example_branch_day_of_week_operator.py
[2024-06-07T02:08:02.660+0000] {processor.py:840} INFO - DAG(s) 'example_weekday_branch_operator' retrieved from /home/airflow/.local/lib/python3.12/site-packages/airflow/example_dags/example_branch_day_of_week_operator.py
[2024-06-07T02:08:02.712+0000] {logging_mixin.py:188} INFO - [2024-06-07T02:08:02.711+0000] {dag.py:3096} INFO - Sync 1 DAGs
[2024-06-07T02:08:02.755+0000] {logging_mixin.py:188} INFO - [2024-06-07T02:08:02.754+0000] {dag.py:3954} INFO - Setting next_dagrun for example_weekday_branch_operator to 2024-06-06 00:00:00+00:00, run_after=2024-06-07 00:00:00+00:00
[2024-06-07T02:08:02.793+0000] {processor.py:183} INFO - Processing /home/airflow/.local/lib/python3.12/site-packages/airflow/example_dags/example_branch_day_of_week_operator.py took 0.169 seconds
[2024-06-07T02:08:33.317+0000] {processor.py:161} INFO - Started process (PID=9347) to work on /home/airflow/.local/lib/python3.12/site-packages/airflow/example_dags/example_branch_day_of_week_operator.py
[2024-06-07T02:08:33.319+0000] {processor.py:830} INFO - Processing file /home/airflow/.local/lib/python3.12/site-packages/airflow/example_dags/example_branch_day_of_week_operator.py for tasks to queue
[2024-06-07T02:08:33.322+0000] {logging_mixin.py:188} INFO - [2024-06-07T02:08:33.321+0000] {dagbag.py:545} INFO - Filling up the DagBag from /home/airflow/.local/lib/python3.12/site-packages/airflow/example_dags/example_branch_day_of_week_operator.py
[2024-06-07T02:08:33.342+0000] {processor.py:840} INFO - DAG(s) 'example_weekday_branch_operator' retrieved from /home/airflow/.local/lib/python3.12/site-packages/airflow/example_dags/example_branch_day_of_week_operator.py
[2024-06-07T02:08:33.397+0000] {logging_mixin.py:188} INFO - [2024-06-07T02:08:33.396+0000] {dag.py:3096} INFO - Sync 1 DAGs
[2024-06-07T02:08:33.445+0000] {logging_mixin.py:188} INFO - [2024-06-07T02:08:33.444+0000] {dag.py:3954} INFO - Setting next_dagrun for example_weekday_branch_operator to 2024-06-06 00:00:00+00:00, run_after=2024-06-07 00:00:00+00:00
[2024-06-07T02:08:33.487+0000] {processor.py:183} INFO - Processing /home/airflow/.local/lib/python3.12/site-packages/airflow/example_dags/example_branch_day_of_week_operator.py took 0.185 seconds
[2024-06-07T02:09:05.089+0000] {processor.py:161} INFO - Started process (PID=9400) to work on /home/airflow/.local/lib/python3.12/site-packages/airflow/example_dags/example_branch_day_of_week_operator.py
[2024-06-07T02:09:05.092+0000] {processor.py:830} INFO - Processing file /home/airflow/.local/lib/python3.12/site-packages/airflow/example_dags/example_branch_day_of_week_operator.py for tasks to queue
[2024-06-07T02:09:05.093+0000] {logging_mixin.py:188} INFO - [2024-06-07T02:09:05.093+0000] {dagbag.py:545} INFO - Filling up the DagBag from /home/airflow/.local/lib/python3.12/site-packages/airflow/example_dags/example_branch_day_of_week_operator.py
[2024-06-07T02:09:05.107+0000] {processor.py:840} INFO - DAG(s) 'example_weekday_branch_operator' retrieved from /home/airflow/.local/lib/python3.12/site-packages/airflow/example_dags/example_branch_day_of_week_operator.py
[2024-06-07T02:09:05.150+0000] {logging_mixin.py:188} INFO - [2024-06-07T02:09:05.149+0000] {dag.py:3096} INFO - Sync 1 DAGs
[2024-06-07T02:09:05.195+0000] {logging_mixin.py:188} INFO - [2024-06-07T02:09:05.195+0000] {dag.py:3954} INFO - Setting next_dagrun for example_weekday_branch_operator to 2024-06-06 00:00:00+00:00, run_after=2024-06-07 00:00:00+00:00
[2024-06-07T02:09:05.239+0000] {processor.py:183} INFO - Processing /home/airflow/.local/lib/python3.12/site-packages/airflow/example_dags/example_branch_day_of_week_operator.py took 0.164 seconds
[2024-06-07T02:09:35.547+0000] {processor.py:161} INFO - Started process (PID=9453) to work on /home/airflow/.local/lib/python3.12/site-packages/airflow/example_dags/example_branch_day_of_week_operator.py
[2024-06-07T02:09:35.549+0000] {processor.py:830} INFO - Processing file /home/airflow/.local/lib/python3.12/site-packages/airflow/example_dags/example_branch_day_of_week_operator.py for tasks to queue
[2024-06-07T02:09:35.552+0000] {logging_mixin.py:188} INFO - [2024-06-07T02:09:35.551+0000] {dagbag.py:545} INFO - Filling up the DagBag from /home/airflow/.local/lib/python3.12/site-packages/airflow/example_dags/example_branch_day_of_week_operator.py
[2024-06-07T02:09:35.566+0000] {processor.py:840} INFO - DAG(s) 'example_weekday_branch_operator' retrieved from /home/airflow/.local/lib/python3.12/site-packages/airflow/example_dags/example_branch_day_of_week_operator.py
[2024-06-07T02:09:35.609+0000] {logging_mixin.py:188} INFO - [2024-06-07T02:09:35.608+0000] {dag.py:3096} INFO - Sync 1 DAGs
[2024-06-07T02:09:35.651+0000] {logging_mixin.py:188} INFO - [2024-06-07T02:09:35.651+0000] {dag.py:3954} INFO - Setting next_dagrun for example_weekday_branch_operator to 2024-06-06 00:00:00+00:00, run_after=2024-06-07 00:00:00+00:00
[2024-06-07T02:09:35.705+0000] {processor.py:183} INFO - Processing /home/airflow/.local/lib/python3.12/site-packages/airflow/example_dags/example_branch_day_of_week_operator.py took 0.170 seconds
[2024-06-07T02:10:06.258+0000] {processor.py:161} INFO - Started process (PID=9506) to work on /home/airflow/.local/lib/python3.12/site-packages/airflow/example_dags/example_branch_day_of_week_operator.py
[2024-06-07T02:10:06.260+0000] {processor.py:830} INFO - Processing file /home/airflow/.local/lib/python3.12/site-packages/airflow/example_dags/example_branch_day_of_week_operator.py for tasks to queue
[2024-06-07T02:10:06.263+0000] {logging_mixin.py:188} INFO - [2024-06-07T02:10:06.262+0000] {dagbag.py:545} INFO - Filling up the DagBag from /home/airflow/.local/lib/python3.12/site-packages/airflow/example_dags/example_branch_day_of_week_operator.py
[2024-06-07T02:10:06.282+0000] {processor.py:840} INFO - DAG(s) 'example_weekday_branch_operator' retrieved from /home/airflow/.local/lib/python3.12/site-packages/airflow/example_dags/example_branch_day_of_week_operator.py
[2024-06-07T02:10:06.348+0000] {logging_mixin.py:188} INFO - [2024-06-07T02:10:06.348+0000] {dag.py:3096} INFO - Sync 1 DAGs
[2024-06-07T02:10:06.454+0000] {logging_mixin.py:188} INFO - [2024-06-07T02:10:06.453+0000] {dag.py:3954} INFO - Setting next_dagrun for example_weekday_branch_operator to 2024-06-06 00:00:00+00:00, run_after=2024-06-07 00:00:00+00:00
[2024-06-07T02:10:06.512+0000] {processor.py:183} INFO - Processing /home/airflow/.local/lib/python3.12/site-packages/airflow/example_dags/example_branch_day_of_week_operator.py took 0.267 seconds
[2024-06-07T02:10:37.930+0000] {processor.py:161} INFO - Started process (PID=9559) to work on /home/airflow/.local/lib/python3.12/site-packages/airflow/example_dags/example_branch_day_of_week_operator.py
[2024-06-07T02:10:37.932+0000] {processor.py:830} INFO - Processing file /home/airflow/.local/lib/python3.12/site-packages/airflow/example_dags/example_branch_day_of_week_operator.py for tasks to queue
[2024-06-07T02:10:37.936+0000] {logging_mixin.py:188} INFO - [2024-06-07T02:10:37.935+0000] {dagbag.py:545} INFO - Filling up the DagBag from /home/airflow/.local/lib/python3.12/site-packages/airflow/example_dags/example_branch_day_of_week_operator.py
[2024-06-07T02:10:37.952+0000] {processor.py:840} INFO - DAG(s) 'example_weekday_branch_operator' retrieved from /home/airflow/.local/lib/python3.12/site-packages/airflow/example_dags/example_branch_day_of_week_operator.py
[2024-06-07T02:10:38.002+0000] {logging_mixin.py:188} INFO - [2024-06-07T02:10:38.002+0000] {dag.py:3096} INFO - Sync 1 DAGs
[2024-06-07T02:10:38.056+0000] {logging_mixin.py:188} INFO - [2024-06-07T02:10:38.055+0000] {dag.py:3954} INFO - Setting next_dagrun for example_weekday_branch_operator to 2024-06-06 00:00:00+00:00, run_after=2024-06-07 00:00:00+00:00
[2024-06-07T02:10:38.126+0000] {processor.py:183} INFO - Processing /home/airflow/.local/lib/python3.12/site-packages/airflow/example_dags/example_branch_day_of_week_operator.py took 0.208 seconds
[2024-06-07T02:11:08.515+0000] {processor.py:161} INFO - Started process (PID=9612) to work on /home/airflow/.local/lib/python3.12/site-packages/airflow/example_dags/example_branch_day_of_week_operator.py
[2024-06-07T02:11:08.517+0000] {processor.py:830} INFO - Processing file /home/airflow/.local/lib/python3.12/site-packages/airflow/example_dags/example_branch_day_of_week_operator.py for tasks to queue
[2024-06-07T02:11:08.519+0000] {logging_mixin.py:188} INFO - [2024-06-07T02:11:08.519+0000] {dagbag.py:545} INFO - Filling up the DagBag from /home/airflow/.local/lib/python3.12/site-packages/airflow/example_dags/example_branch_day_of_week_operator.py
[2024-06-07T02:11:08.533+0000] {processor.py:840} INFO - DAG(s) 'example_weekday_branch_operator' retrieved from /home/airflow/.local/lib/python3.12/site-packages/airflow/example_dags/example_branch_day_of_week_operator.py
[2024-06-07T02:11:08.575+0000] {logging_mixin.py:188} INFO - [2024-06-07T02:11:08.574+0000] {dag.py:3096} INFO - Sync 1 DAGs
[2024-06-07T02:11:08.619+0000] {logging_mixin.py:188} INFO - [2024-06-07T02:11:08.619+0000] {dag.py:3954} INFO - Setting next_dagrun for example_weekday_branch_operator to 2024-06-06 00:00:00+00:00, run_after=2024-06-07 00:00:00+00:00
[2024-06-07T02:11:08.659+0000] {processor.py:183} INFO - Processing /home/airflow/.local/lib/python3.12/site-packages/airflow/example_dags/example_branch_day_of_week_operator.py took 0.159 seconds
[2024-06-07T14:01:17.340+0000] {processor.py:161} INFO - Started process (PID=9684) to work on /home/airflow/.local/lib/python3.12/site-packages/airflow/example_dags/example_branch_day_of_week_operator.py
[2024-06-07T14:01:17.344+0000] {processor.py:830} INFO - Processing file /home/airflow/.local/lib/python3.12/site-packages/airflow/example_dags/example_branch_day_of_week_operator.py for tasks to queue
[2024-06-07T14:01:17.351+0000] {logging_mixin.py:188} INFO - [2024-06-07T14:01:17.350+0000] {dagbag.py:545} INFO - Filling up the DagBag from /home/airflow/.local/lib/python3.12/site-packages/airflow/example_dags/example_branch_day_of_week_operator.py
[2024-06-07T14:01:17.372+0000] {processor.py:840} INFO - DAG(s) 'example_weekday_branch_operator' retrieved from /home/airflow/.local/lib/python3.12/site-packages/airflow/example_dags/example_branch_day_of_week_operator.py
[2024-06-07T14:01:17.424+0000] {logging_mixin.py:188} INFO - [2024-06-07T14:01:17.424+0000] {dag.py:3096} INFO - Sync 1 DAGs
[2024-06-07T14:01:17.479+0000] {logging_mixin.py:188} INFO - [2024-06-07T14:01:17.478+0000] {dag.py:3954} INFO - Setting next_dagrun for example_weekday_branch_operator to 2024-06-06 00:00:00+00:00, run_after=2024-06-07 00:00:00+00:00
[2024-06-07T14:01:17.543+0000] {processor.py:183} INFO - Processing /home/airflow/.local/lib/python3.12/site-packages/airflow/example_dags/example_branch_day_of_week_operator.py took 0.222 seconds
