[2024-06-07T02:01:16.688+0000] {processor.py:161} INFO - Started process (PID=8590) to work on /home/airflow/.local/lib/python3.12/site-packages/airflow/example_dags/example_latest_only.py
[2024-06-07T02:01:16.692+0000] {processor.py:830} INFO - Processing file /home/airflow/.local/lib/python3.12/site-packages/airflow/example_dags/example_latest_only.py for tasks to queue
[2024-06-07T02:01:16.694+0000] {logging_mixin.py:188} INFO - [2024-06-07T02:01:16.693+0000] {dagbag.py:545} INFO - Filling up the DagBag from /home/airflow/.local/lib/python3.12/site-packages/airflow/example_dags/example_latest_only.py
[2024-06-07T02:01:16.710+0000] {processor.py:840} INFO - DAG(s) 'latest_only' retrieved from /home/airflow/.local/lib/python3.12/site-packages/airflow/example_dags/example_latest_only.py
[2024-06-07T02:01:16.772+0000] {logging_mixin.py:188} INFO - [2024-06-07T02:01:16.771+0000] {dag.py:3096} INFO - Sync 1 DAGs
[2024-06-07T02:01:16.873+0000] {logging_mixin.py:188} INFO - [2024-06-07T02:01:16.873+0000] {dag.py:3954} INFO - Setting next_dagrun for latest_only to 2024-06-06 20:00:00+00:00, run_after=2024-06-07 00:00:00+00:00
[2024-06-07T02:01:16.956+0000] {processor.py:183} INFO - Processing /home/airflow/.local/lib/python3.12/site-packages/airflow/example_dags/example_latest_only.py took 0.282 seconds
[2024-06-07T02:01:48.045+0000] {processor.py:161} INFO - Started process (PID=8643) to work on /home/airflow/.local/lib/python3.12/site-packages/airflow/example_dags/example_latest_only.py
[2024-06-07T02:01:48.047+0000] {processor.py:830} INFO - Processing file /home/airflow/.local/lib/python3.12/site-packages/airflow/example_dags/example_latest_only.py for tasks to queue
[2024-06-07T02:01:48.049+0000] {logging_mixin.py:188} INFO - [2024-06-07T02:01:48.049+0000] {dagbag.py:545} INFO - Filling up the DagBag from /home/airflow/.local/lib/python3.12/site-packages/airflow/example_dags/example_latest_only.py
[2024-06-07T02:01:48.061+0000] {processor.py:840} INFO - DAG(s) 'latest_only' retrieved from /home/airflow/.local/lib/python3.12/site-packages/airflow/example_dags/example_latest_only.py
[2024-06-07T02:01:48.105+0000] {logging_mixin.py:188} INFO - [2024-06-07T02:01:48.105+0000] {dag.py:3096} INFO - Sync 1 DAGs
[2024-06-07T02:01:48.147+0000] {logging_mixin.py:188} INFO - [2024-06-07T02:01:48.147+0000] {dag.py:3954} INFO - Setting next_dagrun for latest_only to 2024-06-06 20:00:00+00:00, run_after=2024-06-07 00:00:00+00:00
[2024-06-07T02:01:48.189+0000] {processor.py:183} INFO - Processing /home/airflow/.local/lib/python3.12/site-packages/airflow/example_dags/example_latest_only.py took 0.156 seconds
[2024-06-07T02:02:18.687+0000] {processor.py:161} INFO - Started process (PID=8696) to work on /home/airflow/.local/lib/python3.12/site-packages/airflow/example_dags/example_latest_only.py
[2024-06-07T02:02:18.690+0000] {processor.py:830} INFO - Processing file /home/airflow/.local/lib/python3.12/site-packages/airflow/example_dags/example_latest_only.py for tasks to queue
[2024-06-07T02:02:18.692+0000] {logging_mixin.py:188} INFO - [2024-06-07T02:02:18.691+0000] {dagbag.py:545} INFO - Filling up the DagBag from /home/airflow/.local/lib/python3.12/site-packages/airflow/example_dags/example_latest_only.py
[2024-06-07T02:02:18.704+0000] {processor.py:840} INFO - DAG(s) 'latest_only' retrieved from /home/airflow/.local/lib/python3.12/site-packages/airflow/example_dags/example_latest_only.py
[2024-06-07T02:02:18.750+0000] {logging_mixin.py:188} INFO - [2024-06-07T02:02:18.749+0000] {dag.py:3096} INFO - Sync 1 DAGs
[2024-06-07T02:02:18.805+0000] {logging_mixin.py:188} INFO - [2024-06-07T02:02:18.805+0000] {dag.py:3954} INFO - Setting next_dagrun for latest_only to 2024-06-06 20:00:00+00:00, run_after=2024-06-07 00:00:00+00:00
[2024-06-07T02:02:18.853+0000] {processor.py:183} INFO - Processing /home/airflow/.local/lib/python3.12/site-packages/airflow/example_dags/example_latest_only.py took 0.184 seconds
[2024-06-07T02:02:49.024+0000] {processor.py:161} INFO - Started process (PID=8749) to work on /home/airflow/.local/lib/python3.12/site-packages/airflow/example_dags/example_latest_only.py
[2024-06-07T02:02:49.026+0000] {processor.py:830} INFO - Processing file /home/airflow/.local/lib/python3.12/site-packages/airflow/example_dags/example_latest_only.py for tasks to queue
[2024-06-07T02:02:49.029+0000] {logging_mixin.py:188} INFO - [2024-06-07T02:02:49.028+0000] {dagbag.py:545} INFO - Filling up the DagBag from /home/airflow/.local/lib/python3.12/site-packages/airflow/example_dags/example_latest_only.py
[2024-06-07T02:02:49.041+0000] {processor.py:840} INFO - DAG(s) 'latest_only' retrieved from /home/airflow/.local/lib/python3.12/site-packages/airflow/example_dags/example_latest_only.py
[2024-06-07T02:02:49.087+0000] {logging_mixin.py:188} INFO - [2024-06-07T02:02:49.086+0000] {dag.py:3096} INFO - Sync 1 DAGs
[2024-06-07T02:02:49.133+0000] {logging_mixin.py:188} INFO - [2024-06-07T02:02:49.132+0000] {dag.py:3954} INFO - Setting next_dagrun for latest_only to 2024-06-06 20:00:00+00:00, run_after=2024-06-07 00:00:00+00:00
[2024-06-07T02:02:49.168+0000] {processor.py:183} INFO - Processing /home/airflow/.local/lib/python3.12/site-packages/airflow/example_dags/example_latest_only.py took 0.155 seconds
[2024-06-07T02:03:20.245+0000] {processor.py:161} INFO - Started process (PID=8802) to work on /home/airflow/.local/lib/python3.12/site-packages/airflow/example_dags/example_latest_only.py
[2024-06-07T02:03:20.248+0000] {processor.py:830} INFO - Processing file /home/airflow/.local/lib/python3.12/site-packages/airflow/example_dags/example_latest_only.py for tasks to queue
[2024-06-07T02:03:20.251+0000] {logging_mixin.py:188} INFO - [2024-06-07T02:03:20.250+0000] {dagbag.py:545} INFO - Filling up the DagBag from /home/airflow/.local/lib/python3.12/site-packages/airflow/example_dags/example_latest_only.py
[2024-06-07T02:03:20.266+0000] {processor.py:840} INFO - DAG(s) 'latest_only' retrieved from /home/airflow/.local/lib/python3.12/site-packages/airflow/example_dags/example_latest_only.py
[2024-06-07T02:03:20.354+0000] {logging_mixin.py:188} INFO - [2024-06-07T02:03:20.354+0000] {dag.py:3096} INFO - Sync 1 DAGs
[2024-06-07T02:03:20.406+0000] {logging_mixin.py:188} INFO - [2024-06-07T02:03:20.405+0000] {dag.py:3954} INFO - Setting next_dagrun for latest_only to 2024-06-06 20:00:00+00:00, run_after=2024-06-07 00:00:00+00:00
[2024-06-07T02:03:20.459+0000] {processor.py:183} INFO - Processing /home/airflow/.local/lib/python3.12/site-packages/airflow/example_dags/example_latest_only.py took 0.230 seconds
[2024-06-07T02:03:51.688+0000] {processor.py:161} INFO - Started process (PID=8855) to work on /home/airflow/.local/lib/python3.12/site-packages/airflow/example_dags/example_latest_only.py
[2024-06-07T02:03:51.690+0000] {processor.py:830} INFO - Processing file /home/airflow/.local/lib/python3.12/site-packages/airflow/example_dags/example_latest_only.py for tasks to queue
[2024-06-07T02:03:51.693+0000] {logging_mixin.py:188} INFO - [2024-06-07T02:03:51.692+0000] {dagbag.py:545} INFO - Filling up the DagBag from /home/airflow/.local/lib/python3.12/site-packages/airflow/example_dags/example_latest_only.py
[2024-06-07T02:03:51.705+0000] {processor.py:840} INFO - DAG(s) 'latest_only' retrieved from /home/airflow/.local/lib/python3.12/site-packages/airflow/example_dags/example_latest_only.py
[2024-06-07T02:03:51.754+0000] {logging_mixin.py:188} INFO - [2024-06-07T02:03:51.753+0000] {dag.py:3096} INFO - Sync 1 DAGs
[2024-06-07T02:03:51.804+0000] {logging_mixin.py:188} INFO - [2024-06-07T02:03:51.803+0000] {dag.py:3954} INFO - Setting next_dagrun for latest_only to 2024-06-06 20:00:00+00:00, run_after=2024-06-07 00:00:00+00:00
[2024-06-07T02:03:51.840+0000] {processor.py:183} INFO - Processing /home/airflow/.local/lib/python3.12/site-packages/airflow/example_dags/example_latest_only.py took 0.168 seconds
[2024-06-07T02:04:22.641+0000] {processor.py:161} INFO - Started process (PID=8908) to work on /home/airflow/.local/lib/python3.12/site-packages/airflow/example_dags/example_latest_only.py
[2024-06-07T02:04:22.643+0000] {processor.py:830} INFO - Processing file /home/airflow/.local/lib/python3.12/site-packages/airflow/example_dags/example_latest_only.py for tasks to queue
[2024-06-07T02:04:22.648+0000] {logging_mixin.py:188} INFO - [2024-06-07T02:04:22.646+0000] {dagbag.py:545} INFO - Filling up the DagBag from /home/airflow/.local/lib/python3.12/site-packages/airflow/example_dags/example_latest_only.py
[2024-06-07T02:04:22.662+0000] {processor.py:840} INFO - DAG(s) 'latest_only' retrieved from /home/airflow/.local/lib/python3.12/site-packages/airflow/example_dags/example_latest_only.py
[2024-06-07T02:04:22.711+0000] {logging_mixin.py:188} INFO - [2024-06-07T02:04:22.710+0000] {dag.py:3096} INFO - Sync 1 DAGs
[2024-06-07T02:04:22.764+0000] {logging_mixin.py:188} INFO - [2024-06-07T02:04:22.763+0000] {dag.py:3954} INFO - Setting next_dagrun for latest_only to 2024-06-06 20:00:00+00:00, run_after=2024-06-07 00:00:00+00:00
[2024-06-07T02:04:22.813+0000] {processor.py:183} INFO - Processing /home/airflow/.local/lib/python3.12/site-packages/airflow/example_dags/example_latest_only.py took 0.185 seconds
[2024-06-07T02:04:53.214+0000] {processor.py:161} INFO - Started process (PID=8961) to work on /home/airflow/.local/lib/python3.12/site-packages/airflow/example_dags/example_latest_only.py
[2024-06-07T02:04:53.216+0000] {processor.py:830} INFO - Processing file /home/airflow/.local/lib/python3.12/site-packages/airflow/example_dags/example_latest_only.py for tasks to queue
[2024-06-07T02:04:53.218+0000] {logging_mixin.py:188} INFO - [2024-06-07T02:04:53.217+0000] {dagbag.py:545} INFO - Filling up the DagBag from /home/airflow/.local/lib/python3.12/site-packages/airflow/example_dags/example_latest_only.py
[2024-06-07T02:04:53.228+0000] {processor.py:840} INFO - DAG(s) 'latest_only' retrieved from /home/airflow/.local/lib/python3.12/site-packages/airflow/example_dags/example_latest_only.py
[2024-06-07T02:04:53.271+0000] {logging_mixin.py:188} INFO - [2024-06-07T02:04:53.271+0000] {dag.py:3096} INFO - Sync 1 DAGs
[2024-06-07T02:04:53.318+0000] {logging_mixin.py:188} INFO - [2024-06-07T02:04:53.317+0000] {dag.py:3954} INFO - Setting next_dagrun for latest_only to 2024-06-06 20:00:00+00:00, run_after=2024-06-07 00:00:00+00:00
[2024-06-07T02:04:53.357+0000] {processor.py:183} INFO - Processing /home/airflow/.local/lib/python3.12/site-packages/airflow/example_dags/example_latest_only.py took 0.155 seconds
[2024-06-07T02:05:23.969+0000] {processor.py:161} INFO - Started process (PID=9012) to work on /home/airflow/.local/lib/python3.12/site-packages/airflow/example_dags/example_latest_only.py
[2024-06-07T02:05:23.971+0000] {processor.py:830} INFO - Processing file /home/airflow/.local/lib/python3.12/site-packages/airflow/example_dags/example_latest_only.py for tasks to queue
[2024-06-07T02:05:23.973+0000] {logging_mixin.py:188} INFO - [2024-06-07T02:05:23.972+0000] {dagbag.py:545} INFO - Filling up the DagBag from /home/airflow/.local/lib/python3.12/site-packages/airflow/example_dags/example_latest_only.py
[2024-06-07T02:05:23.982+0000] {processor.py:840} INFO - DAG(s) 'latest_only' retrieved from /home/airflow/.local/lib/python3.12/site-packages/airflow/example_dags/example_latest_only.py
[2024-06-07T02:05:24.024+0000] {logging_mixin.py:188} INFO - [2024-06-07T02:05:24.023+0000] {dag.py:3096} INFO - Sync 1 DAGs
[2024-06-07T02:05:24.065+0000] {logging_mixin.py:188} INFO - [2024-06-07T02:05:24.065+0000] {dag.py:3954} INFO - Setting next_dagrun for latest_only to 2024-06-06 20:00:00+00:00, run_after=2024-06-07 00:00:00+00:00
[2024-06-07T02:05:24.122+0000] {processor.py:183} INFO - Processing /home/airflow/.local/lib/python3.12/site-packages/airflow/example_dags/example_latest_only.py took 0.165 seconds
[2024-06-07T02:05:55.137+0000] {processor.py:161} INFO - Started process (PID=9065) to work on /home/airflow/.local/lib/python3.12/site-packages/airflow/example_dags/example_latest_only.py
[2024-06-07T02:05:55.139+0000] {processor.py:830} INFO - Processing file /home/airflow/.local/lib/python3.12/site-packages/airflow/example_dags/example_latest_only.py for tasks to queue
[2024-06-07T02:05:55.141+0000] {logging_mixin.py:188} INFO - [2024-06-07T02:05:55.140+0000] {dagbag.py:545} INFO - Filling up the DagBag from /home/airflow/.local/lib/python3.12/site-packages/airflow/example_dags/example_latest_only.py
[2024-06-07T02:05:55.152+0000] {processor.py:840} INFO - DAG(s) 'latest_only' retrieved from /home/airflow/.local/lib/python3.12/site-packages/airflow/example_dags/example_latest_only.py
[2024-06-07T02:05:55.197+0000] {logging_mixin.py:188} INFO - [2024-06-07T02:05:55.196+0000] {dag.py:3096} INFO - Sync 1 DAGs
[2024-06-07T02:05:55.242+0000] {logging_mixin.py:188} INFO - [2024-06-07T02:05:55.241+0000] {dag.py:3954} INFO - Setting next_dagrun for latest_only to 2024-06-06 20:00:00+00:00, run_after=2024-06-07 00:00:00+00:00
[2024-06-07T02:05:55.282+0000] {processor.py:183} INFO - Processing /home/airflow/.local/lib/python3.12/site-packages/airflow/example_dags/example_latest_only.py took 0.158 seconds
[2024-06-07T02:06:25.620+0000] {processor.py:161} INFO - Started process (PID=9118) to work on /home/airflow/.local/lib/python3.12/site-packages/airflow/example_dags/example_latest_only.py
[2024-06-07T02:06:25.622+0000] {processor.py:830} INFO - Processing file /home/airflow/.local/lib/python3.12/site-packages/airflow/example_dags/example_latest_only.py for tasks to queue
[2024-06-07T02:06:25.624+0000] {logging_mixin.py:188} INFO - [2024-06-07T02:06:25.624+0000] {dagbag.py:545} INFO - Filling up the DagBag from /home/airflow/.local/lib/python3.12/site-packages/airflow/example_dags/example_latest_only.py
[2024-06-07T02:06:25.634+0000] {processor.py:840} INFO - DAG(s) 'latest_only' retrieved from /home/airflow/.local/lib/python3.12/site-packages/airflow/example_dags/example_latest_only.py
[2024-06-07T02:06:25.677+0000] {logging_mixin.py:188} INFO - [2024-06-07T02:06:25.677+0000] {dag.py:3096} INFO - Sync 1 DAGs
[2024-06-07T02:06:25.718+0000] {logging_mixin.py:188} INFO - [2024-06-07T02:06:25.718+0000] {dag.py:3954} INFO - Setting next_dagrun for latest_only to 2024-06-06 20:00:00+00:00, run_after=2024-06-07 00:00:00+00:00
[2024-06-07T02:06:25.758+0000] {processor.py:183} INFO - Processing /home/airflow/.local/lib/python3.12/site-packages/airflow/example_dags/example_latest_only.py took 0.150 seconds
[2024-06-07T02:06:56.746+0000] {processor.py:161} INFO - Started process (PID=9171) to work on /home/airflow/.local/lib/python3.12/site-packages/airflow/example_dags/example_latest_only.py
[2024-06-07T02:06:56.748+0000] {processor.py:830} INFO - Processing file /home/airflow/.local/lib/python3.12/site-packages/airflow/example_dags/example_latest_only.py for tasks to queue
[2024-06-07T02:06:56.750+0000] {logging_mixin.py:188} INFO - [2024-06-07T02:06:56.750+0000] {dagbag.py:545} INFO - Filling up the DagBag from /home/airflow/.local/lib/python3.12/site-packages/airflow/example_dags/example_latest_only.py
[2024-06-07T02:06:56.761+0000] {processor.py:840} INFO - DAG(s) 'latest_only' retrieved from /home/airflow/.local/lib/python3.12/site-packages/airflow/example_dags/example_latest_only.py
[2024-06-07T02:06:56.801+0000] {logging_mixin.py:188} INFO - [2024-06-07T02:06:56.801+0000] {dag.py:3096} INFO - Sync 1 DAGs
[2024-06-07T02:06:56.846+0000] {logging_mixin.py:188} INFO - [2024-06-07T02:06:56.845+0000] {dag.py:3954} INFO - Setting next_dagrun for latest_only to 2024-06-06 20:00:00+00:00, run_after=2024-06-07 00:00:00+00:00
[2024-06-07T02:06:56.887+0000] {processor.py:183} INFO - Processing /home/airflow/.local/lib/python3.12/site-packages/airflow/example_dags/example_latest_only.py took 0.153 seconds
[2024-06-07T02:07:28.306+0000] {processor.py:161} INFO - Started process (PID=9224) to work on /home/airflow/.local/lib/python3.12/site-packages/airflow/example_dags/example_latest_only.py
[2024-06-07T02:07:28.309+0000] {processor.py:830} INFO - Processing file /home/airflow/.local/lib/python3.12/site-packages/airflow/example_dags/example_latest_only.py for tasks to queue
[2024-06-07T02:07:28.320+0000] {logging_mixin.py:188} INFO - [2024-06-07T02:07:28.319+0000] {dagbag.py:545} INFO - Filling up the DagBag from /home/airflow/.local/lib/python3.12/site-packages/airflow/example_dags/example_latest_only.py
[2024-06-07T02:07:28.338+0000] {processor.py:840} INFO - DAG(s) 'latest_only' retrieved from /home/airflow/.local/lib/python3.12/site-packages/airflow/example_dags/example_latest_only.py
[2024-06-07T02:07:28.401+0000] {logging_mixin.py:188} INFO - [2024-06-07T02:07:28.400+0000] {dag.py:3096} INFO - Sync 1 DAGs
[2024-06-07T02:07:28.457+0000] {logging_mixin.py:188} INFO - [2024-06-07T02:07:28.456+0000] {dag.py:3954} INFO - Setting next_dagrun for latest_only to 2024-06-06 20:00:00+00:00, run_after=2024-06-07 00:00:00+00:00
[2024-06-07T02:07:28.498+0000] {processor.py:183} INFO - Processing /home/airflow/.local/lib/python3.12/site-packages/airflow/example_dags/example_latest_only.py took 0.219 seconds
[2024-06-07T02:07:59.528+0000] {processor.py:161} INFO - Started process (PID=9277) to work on /home/airflow/.local/lib/python3.12/site-packages/airflow/example_dags/example_latest_only.py
[2024-06-07T02:07:59.531+0000] {processor.py:830} INFO - Processing file /home/airflow/.local/lib/python3.12/site-packages/airflow/example_dags/example_latest_only.py for tasks to queue
[2024-06-07T02:07:59.533+0000] {logging_mixin.py:188} INFO - [2024-06-07T02:07:59.532+0000] {dagbag.py:545} INFO - Filling up the DagBag from /home/airflow/.local/lib/python3.12/site-packages/airflow/example_dags/example_latest_only.py
[2024-06-07T02:07:59.546+0000] {processor.py:840} INFO - DAG(s) 'latest_only' retrieved from /home/airflow/.local/lib/python3.12/site-packages/airflow/example_dags/example_latest_only.py
[2024-06-07T02:07:59.604+0000] {logging_mixin.py:188} INFO - [2024-06-07T02:07:59.602+0000] {dag.py:3096} INFO - Sync 1 DAGs
[2024-06-07T02:07:59.667+0000] {logging_mixin.py:188} INFO - [2024-06-07T02:07:59.666+0000] {dag.py:3954} INFO - Setting next_dagrun for latest_only to 2024-06-06 20:00:00+00:00, run_after=2024-06-07 00:00:00+00:00
[2024-06-07T02:07:59.727+0000] {processor.py:183} INFO - Processing /home/airflow/.local/lib/python3.12/site-packages/airflow/example_dags/example_latest_only.py took 0.211 seconds
[2024-06-07T02:08:30.037+0000] {processor.py:161} INFO - Started process (PID=9330) to work on /home/airflow/.local/lib/python3.12/site-packages/airflow/example_dags/example_latest_only.py
[2024-06-07T02:08:30.040+0000] {processor.py:830} INFO - Processing file /home/airflow/.local/lib/python3.12/site-packages/airflow/example_dags/example_latest_only.py for tasks to queue
[2024-06-07T02:08:30.042+0000] {logging_mixin.py:188} INFO - [2024-06-07T02:08:30.041+0000] {dagbag.py:545} INFO - Filling up the DagBag from /home/airflow/.local/lib/python3.12/site-packages/airflow/example_dags/example_latest_only.py
[2024-06-07T02:08:30.052+0000] {processor.py:840} INFO - DAG(s) 'latest_only' retrieved from /home/airflow/.local/lib/python3.12/site-packages/airflow/example_dags/example_latest_only.py
[2024-06-07T02:08:30.099+0000] {logging_mixin.py:188} INFO - [2024-06-07T02:08:30.099+0000] {dag.py:3096} INFO - Sync 1 DAGs
[2024-06-07T02:08:30.142+0000] {logging_mixin.py:188} INFO - [2024-06-07T02:08:30.142+0000] {dag.py:3954} INFO - Setting next_dagrun for latest_only to 2024-06-06 20:00:00+00:00, run_after=2024-06-07 00:00:00+00:00
[2024-06-07T02:08:30.186+0000] {processor.py:183} INFO - Processing /home/airflow/.local/lib/python3.12/site-packages/airflow/example_dags/example_latest_only.py took 0.162 seconds
[2024-06-07T02:09:01.127+0000] {processor.py:161} INFO - Started process (PID=9383) to work on /home/airflow/.local/lib/python3.12/site-packages/airflow/example_dags/example_latest_only.py
[2024-06-07T02:09:01.129+0000] {processor.py:830} INFO - Processing file /home/airflow/.local/lib/python3.12/site-packages/airflow/example_dags/example_latest_only.py for tasks to queue
[2024-06-07T02:09:01.134+0000] {logging_mixin.py:188} INFO - [2024-06-07T02:09:01.133+0000] {dagbag.py:545} INFO - Filling up the DagBag from /home/airflow/.local/lib/python3.12/site-packages/airflow/example_dags/example_latest_only.py
[2024-06-07T02:09:01.158+0000] {processor.py:840} INFO - DAG(s) 'latest_only' retrieved from /home/airflow/.local/lib/python3.12/site-packages/airflow/example_dags/example_latest_only.py
[2024-06-07T02:09:01.219+0000] {logging_mixin.py:188} INFO - [2024-06-07T02:09:01.219+0000] {dag.py:3096} INFO - Sync 1 DAGs
[2024-06-07T02:09:01.281+0000] {logging_mixin.py:188} INFO - [2024-06-07T02:09:01.280+0000] {dag.py:3954} INFO - Setting next_dagrun for latest_only to 2024-06-06 20:00:00+00:00, run_after=2024-06-07 00:00:00+00:00
[2024-06-07T02:09:01.319+0000] {processor.py:183} INFO - Processing /home/airflow/.local/lib/python3.12/site-packages/airflow/example_dags/example_latest_only.py took 0.204 seconds
[2024-06-07T02:09:32.464+0000] {processor.py:161} INFO - Started process (PID=9436) to work on /home/airflow/.local/lib/python3.12/site-packages/airflow/example_dags/example_latest_only.py
[2024-06-07T02:09:32.467+0000] {processor.py:830} INFO - Processing file /home/airflow/.local/lib/python3.12/site-packages/airflow/example_dags/example_latest_only.py for tasks to queue
[2024-06-07T02:09:32.469+0000] {logging_mixin.py:188} INFO - [2024-06-07T02:09:32.469+0000] {dagbag.py:545} INFO - Filling up the DagBag from /home/airflow/.local/lib/python3.12/site-packages/airflow/example_dags/example_latest_only.py
[2024-06-07T02:09:32.481+0000] {processor.py:840} INFO - DAG(s) 'latest_only' retrieved from /home/airflow/.local/lib/python3.12/site-packages/airflow/example_dags/example_latest_only.py
[2024-06-07T02:09:32.526+0000] {logging_mixin.py:188} INFO - [2024-06-07T02:09:32.525+0000] {dag.py:3096} INFO - Sync 1 DAGs
[2024-06-07T02:09:32.572+0000] {logging_mixin.py:188} INFO - [2024-06-07T02:09:32.571+0000] {dag.py:3954} INFO - Setting next_dagrun for latest_only to 2024-06-06 20:00:00+00:00, run_after=2024-06-07 00:00:00+00:00
[2024-06-07T02:09:32.614+0000] {processor.py:183} INFO - Processing /home/airflow/.local/lib/python3.12/site-packages/airflow/example_dags/example_latest_only.py took 0.160 seconds
[2024-06-07T02:10:03.759+0000] {processor.py:161} INFO - Started process (PID=9489) to work on /home/airflow/.local/lib/python3.12/site-packages/airflow/example_dags/example_latest_only.py
[2024-06-07T02:10:03.763+0000] {processor.py:830} INFO - Processing file /home/airflow/.local/lib/python3.12/site-packages/airflow/example_dags/example_latest_only.py for tasks to queue
[2024-06-07T02:10:03.766+0000] {logging_mixin.py:188} INFO - [2024-06-07T02:10:03.765+0000] {dagbag.py:545} INFO - Filling up the DagBag from /home/airflow/.local/lib/python3.12/site-packages/airflow/example_dags/example_latest_only.py
[2024-06-07T02:10:03.786+0000] {processor.py:840} INFO - DAG(s) 'latest_only' retrieved from /home/airflow/.local/lib/python3.12/site-packages/airflow/example_dags/example_latest_only.py
[2024-06-07T02:10:03.849+0000] {logging_mixin.py:188} INFO - [2024-06-07T02:10:03.849+0000] {dag.py:3096} INFO - Sync 1 DAGs
[2024-06-07T02:10:03.901+0000] {logging_mixin.py:188} INFO - [2024-06-07T02:10:03.900+0000] {dag.py:3954} INFO - Setting next_dagrun for latest_only to 2024-06-06 20:00:00+00:00, run_after=2024-06-07 00:00:00+00:00
[2024-06-07T02:10:03.956+0000] {processor.py:183} INFO - Processing /home/airflow/.local/lib/python3.12/site-packages/airflow/example_dags/example_latest_only.py took 0.212 seconds
[2024-06-07T02:10:35.039+0000] {processor.py:161} INFO - Started process (PID=9542) to work on /home/airflow/.local/lib/python3.12/site-packages/airflow/example_dags/example_latest_only.py
[2024-06-07T02:10:35.042+0000] {processor.py:830} INFO - Processing file /home/airflow/.local/lib/python3.12/site-packages/airflow/example_dags/example_latest_only.py for tasks to queue
[2024-06-07T02:10:35.046+0000] {logging_mixin.py:188} INFO - [2024-06-07T02:10:35.045+0000] {dagbag.py:545} INFO - Filling up the DagBag from /home/airflow/.local/lib/python3.12/site-packages/airflow/example_dags/example_latest_only.py
[2024-06-07T02:10:35.058+0000] {processor.py:840} INFO - DAG(s) 'latest_only' retrieved from /home/airflow/.local/lib/python3.12/site-packages/airflow/example_dags/example_latest_only.py
[2024-06-07T02:10:35.107+0000] {logging_mixin.py:188} INFO - [2024-06-07T02:10:35.106+0000] {dag.py:3096} INFO - Sync 1 DAGs
[2024-06-07T02:10:35.155+0000] {logging_mixin.py:188} INFO - [2024-06-07T02:10:35.155+0000] {dag.py:3954} INFO - Setting next_dagrun for latest_only to 2024-06-06 20:00:00+00:00, run_after=2024-06-07 00:00:00+00:00
[2024-06-07T02:10:35.195+0000] {processor.py:183} INFO - Processing /home/airflow/.local/lib/python3.12/site-packages/airflow/example_dags/example_latest_only.py took 0.169 seconds
[2024-06-07T02:11:05.922+0000] {processor.py:161} INFO - Started process (PID=9595) to work on /home/airflow/.local/lib/python3.12/site-packages/airflow/example_dags/example_latest_only.py
[2024-06-07T02:11:05.925+0000] {processor.py:830} INFO - Processing file /home/airflow/.local/lib/python3.12/site-packages/airflow/example_dags/example_latest_only.py for tasks to queue
[2024-06-07T02:11:05.928+0000] {logging_mixin.py:188} INFO - [2024-06-07T02:11:05.927+0000] {dagbag.py:545} INFO - Filling up the DagBag from /home/airflow/.local/lib/python3.12/site-packages/airflow/example_dags/example_latest_only.py
[2024-06-07T02:11:05.938+0000] {processor.py:840} INFO - DAG(s) 'latest_only' retrieved from /home/airflow/.local/lib/python3.12/site-packages/airflow/example_dags/example_latest_only.py
[2024-06-07T02:11:05.983+0000] {logging_mixin.py:188} INFO - [2024-06-07T02:11:05.983+0000] {dag.py:3096} INFO - Sync 1 DAGs
[2024-06-07T02:11:06.025+0000] {logging_mixin.py:188} INFO - [2024-06-07T02:11:06.025+0000] {dag.py:3954} INFO - Setting next_dagrun for latest_only to 2024-06-06 20:00:00+00:00, run_after=2024-06-07 00:00:00+00:00
[2024-06-07T02:11:06.071+0000] {processor.py:183} INFO - Processing /home/airflow/.local/lib/python3.12/site-packages/airflow/example_dags/example_latest_only.py took 0.159 seconds
[2024-06-07T14:01:12.316+0000] {processor.py:161} INFO - Started process (PID=9667) to work on /home/airflow/.local/lib/python3.12/site-packages/airflow/example_dags/example_latest_only.py
[2024-06-07T14:01:12.318+0000] {processor.py:830} INFO - Processing file /home/airflow/.local/lib/python3.12/site-packages/airflow/example_dags/example_latest_only.py for tasks to queue
[2024-06-07T14:01:12.320+0000] {logging_mixin.py:188} INFO - [2024-06-07T14:01:12.319+0000] {dagbag.py:545} INFO - Filling up the DagBag from /home/airflow/.local/lib/python3.12/site-packages/airflow/example_dags/example_latest_only.py
[2024-06-07T14:01:12.329+0000] {processor.py:840} INFO - DAG(s) 'latest_only' retrieved from /home/airflow/.local/lib/python3.12/site-packages/airflow/example_dags/example_latest_only.py
[2024-06-07T14:01:12.376+0000] {logging_mixin.py:188} INFO - [2024-06-07T14:01:12.376+0000] {dag.py:3096} INFO - Sync 1 DAGs
[2024-06-07T14:01:12.421+0000] {logging_mixin.py:188} INFO - [2024-06-07T14:01:12.421+0000] {dag.py:3954} INFO - Setting next_dagrun for latest_only to 2024-06-07 08:00:00+00:00, run_after=2024-06-07 12:00:00+00:00
[2024-06-07T14:01:12.475+0000] {processor.py:183} INFO - Processing /home/airflow/.local/lib/python3.12/site-packages/airflow/example_dags/example_latest_only.py took 0.169 seconds
[2024-06-07T14:01:42.537+0000] {processor.py:161} INFO - Started process (PID=9720) to work on /home/airflow/.local/lib/python3.12/site-packages/airflow/example_dags/example_latest_only.py
[2024-06-07T14:01:42.539+0000] {processor.py:830} INFO - Processing file /home/airflow/.local/lib/python3.12/site-packages/airflow/example_dags/example_latest_only.py for tasks to queue
[2024-06-07T14:01:42.540+0000] {logging_mixin.py:188} INFO - [2024-06-07T14:01:42.540+0000] {dagbag.py:545} INFO - Filling up the DagBag from /home/airflow/.local/lib/python3.12/site-packages/airflow/example_dags/example_latest_only.py
[2024-06-07T14:01:42.549+0000] {processor.py:840} INFO - DAG(s) 'latest_only' retrieved from /home/airflow/.local/lib/python3.12/site-packages/airflow/example_dags/example_latest_only.py
[2024-06-07T14:01:42.583+0000] {logging_mixin.py:188} INFO - [2024-06-07T14:01:42.582+0000] {dag.py:3096} INFO - Sync 1 DAGs
[2024-06-07T14:01:42.618+0000] {logging_mixin.py:188} INFO - [2024-06-07T14:01:42.617+0000] {dag.py:3954} INFO - Setting next_dagrun for latest_only to 2024-06-07 08:00:00+00:00, run_after=2024-06-07 12:00:00+00:00
[2024-06-07T14:01:42.665+0000] {processor.py:183} INFO - Processing /home/airflow/.local/lib/python3.12/site-packages/airflow/example_dags/example_latest_only.py took 0.142 seconds
