[2024-06-07T02:01:17.455+0000] {processor.py:161} INFO - Started process (PID=8594) to work on /home/airflow/.local/lib/python3.12/site-packages/airflow/example_dags/example_skip_dag.py
[2024-06-07T02:01:17.458+0000] {processor.py:830} INFO - Processing file /home/airflow/.local/lib/python3.12/site-packages/airflow/example_dags/example_skip_dag.py for tasks to queue
[2024-06-07T02:01:17.460+0000] {logging_mixin.py:188} INFO - [2024-06-07T02:01:17.459+0000] {dagbag.py:545} INFO - Filling up the DagBag from /home/airflow/.local/lib/python3.12/site-packages/airflow/example_dags/example_skip_dag.py
[2024-06-07T02:01:17.492+0000] {processor.py:840} INFO - DAG(s) 'example_skip_dag' retrieved from /home/airflow/.local/lib/python3.12/site-packages/airflow/example_dags/example_skip_dag.py
[2024-06-07T02:01:17.545+0000] {logging_mixin.py:188} INFO - [2024-06-07T02:01:17.544+0000] {dag.py:3096} INFO - Sync 1 DAGs
[2024-06-07T02:01:17.605+0000] {logging_mixin.py:188} INFO - [2024-06-07T02:01:17.605+0000] {dag.py:3954} INFO - Setting next_dagrun for example_skip_dag to 2024-06-06 00:00:00+00:00, run_after=2024-06-07 00:00:00+00:00
[2024-06-07T02:01:17.658+0000] {processor.py:183} INFO - Processing /home/airflow/.local/lib/python3.12/site-packages/airflow/example_dags/example_skip_dag.py took 0.227 seconds
[2024-06-07T02:01:48.772+0000] {processor.py:161} INFO - Started process (PID=8647) to work on /home/airflow/.local/lib/python3.12/site-packages/airflow/example_dags/example_skip_dag.py
[2024-06-07T02:01:48.779+0000] {processor.py:830} INFO - Processing file /home/airflow/.local/lib/python3.12/site-packages/airflow/example_dags/example_skip_dag.py for tasks to queue
[2024-06-07T02:01:48.781+0000] {logging_mixin.py:188} INFO - [2024-06-07T02:01:48.780+0000] {dagbag.py:545} INFO - Filling up the DagBag from /home/airflow/.local/lib/python3.12/site-packages/airflow/example_dags/example_skip_dag.py
[2024-06-07T02:01:48.801+0000] {processor.py:840} INFO - DAG(s) 'example_skip_dag' retrieved from /home/airflow/.local/lib/python3.12/site-packages/airflow/example_dags/example_skip_dag.py
[2024-06-07T02:01:48.853+0000] {logging_mixin.py:188} INFO - [2024-06-07T02:01:48.853+0000] {dag.py:3096} INFO - Sync 1 DAGs
[2024-06-07T02:01:48.917+0000] {logging_mixin.py:188} INFO - [2024-06-07T02:01:48.916+0000] {dag.py:3954} INFO - Setting next_dagrun for example_skip_dag to 2024-06-06 00:00:00+00:00, run_after=2024-06-07 00:00:00+00:00
[2024-06-07T02:01:48.965+0000] {processor.py:183} INFO - Processing /home/airflow/.local/lib/python3.12/site-packages/airflow/example_dags/example_skip_dag.py took 0.206 seconds
[2024-06-07T02:02:19.462+0000] {processor.py:161} INFO - Started process (PID=8700) to work on /home/airflow/.local/lib/python3.12/site-packages/airflow/example_dags/example_skip_dag.py
[2024-06-07T02:02:19.465+0000] {processor.py:830} INFO - Processing file /home/airflow/.local/lib/python3.12/site-packages/airflow/example_dags/example_skip_dag.py for tasks to queue
[2024-06-07T02:02:19.468+0000] {logging_mixin.py:188} INFO - [2024-06-07T02:02:19.467+0000] {dagbag.py:545} INFO - Filling up the DagBag from /home/airflow/.local/lib/python3.12/site-packages/airflow/example_dags/example_skip_dag.py
[2024-06-07T02:02:19.486+0000] {processor.py:840} INFO - DAG(s) 'example_skip_dag' retrieved from /home/airflow/.local/lib/python3.12/site-packages/airflow/example_dags/example_skip_dag.py
[2024-06-07T02:02:19.536+0000] {logging_mixin.py:188} INFO - [2024-06-07T02:02:19.535+0000] {dag.py:3096} INFO - Sync 1 DAGs
[2024-06-07T02:02:19.585+0000] {logging_mixin.py:188} INFO - [2024-06-07T02:02:19.585+0000] {dag.py:3954} INFO - Setting next_dagrun for example_skip_dag to 2024-06-06 00:00:00+00:00, run_after=2024-06-07 00:00:00+00:00
[2024-06-07T02:02:19.634+0000] {processor.py:183} INFO - Processing /home/airflow/.local/lib/python3.12/site-packages/airflow/example_dags/example_skip_dag.py took 0.185 seconds
[2024-06-07T02:02:49.822+0000] {processor.py:161} INFO - Started process (PID=8753) to work on /home/airflow/.local/lib/python3.12/site-packages/airflow/example_dags/example_skip_dag.py
[2024-06-07T02:02:49.826+0000] {processor.py:830} INFO - Processing file /home/airflow/.local/lib/python3.12/site-packages/airflow/example_dags/example_skip_dag.py for tasks to queue
[2024-06-07T02:02:49.829+0000] {logging_mixin.py:188} INFO - [2024-06-07T02:02:49.828+0000] {dagbag.py:545} INFO - Filling up the DagBag from /home/airflow/.local/lib/python3.12/site-packages/airflow/example_dags/example_skip_dag.py
[2024-06-07T02:02:49.860+0000] {processor.py:840} INFO - DAG(s) 'example_skip_dag' retrieved from /home/airflow/.local/lib/python3.12/site-packages/airflow/example_dags/example_skip_dag.py
[2024-06-07T02:02:49.923+0000] {logging_mixin.py:188} INFO - [2024-06-07T02:02:49.922+0000] {dag.py:3096} INFO - Sync 1 DAGs
[2024-06-07T02:02:49.989+0000] {logging_mixin.py:188} INFO - [2024-06-07T02:02:49.989+0000] {dag.py:3954} INFO - Setting next_dagrun for example_skip_dag to 2024-06-06 00:00:00+00:00, run_after=2024-06-07 00:00:00+00:00
[2024-06-07T02:02:50.036+0000] {processor.py:183} INFO - Processing /home/airflow/.local/lib/python3.12/site-packages/airflow/example_dags/example_skip_dag.py took 0.229 seconds
[2024-06-07T02:03:20.854+0000] {processor.py:161} INFO - Started process (PID=8806) to work on /home/airflow/.local/lib/python3.12/site-packages/airflow/example_dags/example_skip_dag.py
[2024-06-07T02:03:20.856+0000] {processor.py:830} INFO - Processing file /home/airflow/.local/lib/python3.12/site-packages/airflow/example_dags/example_skip_dag.py for tasks to queue
[2024-06-07T02:03:20.859+0000] {logging_mixin.py:188} INFO - [2024-06-07T02:03:20.858+0000] {dagbag.py:545} INFO - Filling up the DagBag from /home/airflow/.local/lib/python3.12/site-packages/airflow/example_dags/example_skip_dag.py
[2024-06-07T02:03:20.873+0000] {processor.py:840} INFO - DAG(s) 'example_skip_dag' retrieved from /home/airflow/.local/lib/python3.12/site-packages/airflow/example_dags/example_skip_dag.py
[2024-06-07T02:03:20.925+0000] {logging_mixin.py:188} INFO - [2024-06-07T02:03:20.924+0000] {dag.py:3096} INFO - Sync 1 DAGs
[2024-06-07T02:03:20.974+0000] {logging_mixin.py:188} INFO - [2024-06-07T02:03:20.973+0000] {dag.py:3954} INFO - Setting next_dagrun for example_skip_dag to 2024-06-06 00:00:00+00:00, run_after=2024-06-07 00:00:00+00:00
[2024-06-07T02:03:21.028+0000] {processor.py:183} INFO - Processing /home/airflow/.local/lib/python3.12/site-packages/airflow/example_dags/example_skip_dag.py took 0.186 seconds
[2024-06-07T02:03:52.143+0000] {processor.py:161} INFO - Started process (PID=8859) to work on /home/airflow/.local/lib/python3.12/site-packages/airflow/example_dags/example_skip_dag.py
[2024-06-07T02:03:52.146+0000] {processor.py:830} INFO - Processing file /home/airflow/.local/lib/python3.12/site-packages/airflow/example_dags/example_skip_dag.py for tasks to queue
[2024-06-07T02:03:52.149+0000] {logging_mixin.py:188} INFO - [2024-06-07T02:03:52.148+0000] {dagbag.py:545} INFO - Filling up the DagBag from /home/airflow/.local/lib/python3.12/site-packages/airflow/example_dags/example_skip_dag.py
[2024-06-07T02:03:52.163+0000] {processor.py:840} INFO - DAG(s) 'example_skip_dag' retrieved from /home/airflow/.local/lib/python3.12/site-packages/airflow/example_dags/example_skip_dag.py
[2024-06-07T02:03:52.211+0000] {logging_mixin.py:188} INFO - [2024-06-07T02:03:52.211+0000] {dag.py:3096} INFO - Sync 1 DAGs
[2024-06-07T02:03:52.267+0000] {logging_mixin.py:188} INFO - [2024-06-07T02:03:52.267+0000] {dag.py:3954} INFO - Setting next_dagrun for example_skip_dag to 2024-06-06 00:00:00+00:00, run_after=2024-06-07 00:00:00+00:00
[2024-06-07T02:03:52.319+0000] {processor.py:183} INFO - Processing /home/airflow/.local/lib/python3.12/site-packages/airflow/example_dags/example_skip_dag.py took 0.191 seconds
[2024-06-07T02:04:23.182+0000] {processor.py:161} INFO - Started process (PID=8912) to work on /home/airflow/.local/lib/python3.12/site-packages/airflow/example_dags/example_skip_dag.py
[2024-06-07T02:04:23.185+0000] {processor.py:830} INFO - Processing file /home/airflow/.local/lib/python3.12/site-packages/airflow/example_dags/example_skip_dag.py for tasks to queue
[2024-06-07T02:04:23.187+0000] {logging_mixin.py:188} INFO - [2024-06-07T02:04:23.186+0000] {dagbag.py:545} INFO - Filling up the DagBag from /home/airflow/.local/lib/python3.12/site-packages/airflow/example_dags/example_skip_dag.py
[2024-06-07T02:04:23.200+0000] {processor.py:840} INFO - DAG(s) 'example_skip_dag' retrieved from /home/airflow/.local/lib/python3.12/site-packages/airflow/example_dags/example_skip_dag.py
[2024-06-07T02:04:23.242+0000] {logging_mixin.py:188} INFO - [2024-06-07T02:04:23.241+0000] {dag.py:3096} INFO - Sync 1 DAGs
[2024-06-07T02:04:23.293+0000] {logging_mixin.py:188} INFO - [2024-06-07T02:04:23.292+0000] {dag.py:3954} INFO - Setting next_dagrun for example_skip_dag to 2024-06-06 00:00:00+00:00, run_after=2024-06-07 00:00:00+00:00
[2024-06-07T02:04:23.340+0000] {processor.py:183} INFO - Processing /home/airflow/.local/lib/python3.12/site-packages/airflow/example_dags/example_skip_dag.py took 0.172 seconds
[2024-06-07T02:04:53.730+0000] {processor.py:161} INFO - Started process (PID=8965) to work on /home/airflow/.local/lib/python3.12/site-packages/airflow/example_dags/example_skip_dag.py
[2024-06-07T02:04:53.733+0000] {processor.py:830} INFO - Processing file /home/airflow/.local/lib/python3.12/site-packages/airflow/example_dags/example_skip_dag.py for tasks to queue
[2024-06-07T02:04:53.736+0000] {logging_mixin.py:188} INFO - [2024-06-07T02:04:53.735+0000] {dagbag.py:545} INFO - Filling up the DagBag from /home/airflow/.local/lib/python3.12/site-packages/airflow/example_dags/example_skip_dag.py
[2024-06-07T02:04:53.755+0000] {processor.py:840} INFO - DAG(s) 'example_skip_dag' retrieved from /home/airflow/.local/lib/python3.12/site-packages/airflow/example_dags/example_skip_dag.py
[2024-06-07T02:04:53.796+0000] {logging_mixin.py:188} INFO - [2024-06-07T02:04:53.796+0000] {dag.py:3096} INFO - Sync 1 DAGs
[2024-06-07T02:04:53.840+0000] {logging_mixin.py:188} INFO - [2024-06-07T02:04:53.840+0000] {dag.py:3954} INFO - Setting next_dagrun for example_skip_dag to 2024-06-06 00:00:00+00:00, run_after=2024-06-07 00:00:00+00:00
[2024-06-07T02:04:53.880+0000] {processor.py:183} INFO - Processing /home/airflow/.local/lib/python3.12/site-packages/airflow/example_dags/example_skip_dag.py took 0.161 seconds
[2024-06-07T02:05:25.420+0000] {processor.py:161} INFO - Started process (PID=9018) to work on /home/airflow/.local/lib/python3.12/site-packages/airflow/example_dags/example_skip_dag.py
[2024-06-07T02:05:25.423+0000] {processor.py:830} INFO - Processing file /home/airflow/.local/lib/python3.12/site-packages/airflow/example_dags/example_skip_dag.py for tasks to queue
[2024-06-07T02:05:25.426+0000] {logging_mixin.py:188} INFO - [2024-06-07T02:05:25.425+0000] {dagbag.py:545} INFO - Filling up the DagBag from /home/airflow/.local/lib/python3.12/site-packages/airflow/example_dags/example_skip_dag.py
[2024-06-07T02:05:25.439+0000] {processor.py:840} INFO - DAG(s) 'example_skip_dag' retrieved from /home/airflow/.local/lib/python3.12/site-packages/airflow/example_dags/example_skip_dag.py
[2024-06-07T02:05:25.483+0000] {logging_mixin.py:188} INFO - [2024-06-07T02:05:25.483+0000] {dag.py:3096} INFO - Sync 1 DAGs
[2024-06-07T02:05:25.542+0000] {logging_mixin.py:188} INFO - [2024-06-07T02:05:25.541+0000] {dag.py:3954} INFO - Setting next_dagrun for example_skip_dag to 2024-06-06 00:00:00+00:00, run_after=2024-06-07 00:00:00+00:00
[2024-06-07T02:05:25.588+0000] {processor.py:183} INFO - Processing /home/airflow/.local/lib/python3.12/site-packages/airflow/example_dags/example_skip_dag.py took 0.181 seconds
[2024-06-07T02:05:55.785+0000] {processor.py:161} INFO - Started process (PID=9071) to work on /home/airflow/.local/lib/python3.12/site-packages/airflow/example_dags/example_skip_dag.py
[2024-06-07T02:05:55.788+0000] {processor.py:830} INFO - Processing file /home/airflow/.local/lib/python3.12/site-packages/airflow/example_dags/example_skip_dag.py for tasks to queue
[2024-06-07T02:05:55.790+0000] {logging_mixin.py:188} INFO - [2024-06-07T02:05:55.789+0000] {dagbag.py:545} INFO - Filling up the DagBag from /home/airflow/.local/lib/python3.12/site-packages/airflow/example_dags/example_skip_dag.py
[2024-06-07T02:05:55.806+0000] {processor.py:840} INFO - DAG(s) 'example_skip_dag' retrieved from /home/airflow/.local/lib/python3.12/site-packages/airflow/example_dags/example_skip_dag.py
[2024-06-07T02:05:55.849+0000] {logging_mixin.py:188} INFO - [2024-06-07T02:05:55.849+0000] {dag.py:3096} INFO - Sync 1 DAGs
[2024-06-07T02:05:55.897+0000] {logging_mixin.py:188} INFO - [2024-06-07T02:05:55.896+0000] {dag.py:3954} INFO - Setting next_dagrun for example_skip_dag to 2024-06-06 00:00:00+00:00, run_after=2024-06-07 00:00:00+00:00
[2024-06-07T02:05:55.945+0000] {processor.py:183} INFO - Processing /home/airflow/.local/lib/python3.12/site-packages/airflow/example_dags/example_skip_dag.py took 0.171 seconds
[2024-06-07T02:06:26.044+0000] {processor.py:161} INFO - Started process (PID=9122) to work on /home/airflow/.local/lib/python3.12/site-packages/airflow/example_dags/example_skip_dag.py
[2024-06-07T02:06:26.047+0000] {processor.py:830} INFO - Processing file /home/airflow/.local/lib/python3.12/site-packages/airflow/example_dags/example_skip_dag.py for tasks to queue
[2024-06-07T02:06:26.049+0000] {logging_mixin.py:188} INFO - [2024-06-07T02:06:26.048+0000] {dagbag.py:545} INFO - Filling up the DagBag from /home/airflow/.local/lib/python3.12/site-packages/airflow/example_dags/example_skip_dag.py
[2024-06-07T02:06:26.061+0000] {processor.py:840} INFO - DAG(s) 'example_skip_dag' retrieved from /home/airflow/.local/lib/python3.12/site-packages/airflow/example_dags/example_skip_dag.py
[2024-06-07T02:06:26.104+0000] {logging_mixin.py:188} INFO - [2024-06-07T02:06:26.104+0000] {dag.py:3096} INFO - Sync 1 DAGs
[2024-06-07T02:06:26.152+0000] {logging_mixin.py:188} INFO - [2024-06-07T02:06:26.152+0000] {dag.py:3954} INFO - Setting next_dagrun for example_skip_dag to 2024-06-06 00:00:00+00:00, run_after=2024-06-07 00:00:00+00:00
[2024-06-07T02:06:26.188+0000] {processor.py:183} INFO - Processing /home/airflow/.local/lib/python3.12/site-packages/airflow/example_dags/example_skip_dag.py took 0.154 seconds
[2024-06-07T02:06:57.213+0000] {processor.py:161} INFO - Started process (PID=9175) to work on /home/airflow/.local/lib/python3.12/site-packages/airflow/example_dags/example_skip_dag.py
[2024-06-07T02:06:57.216+0000] {processor.py:830} INFO - Processing file /home/airflow/.local/lib/python3.12/site-packages/airflow/example_dags/example_skip_dag.py for tasks to queue
[2024-06-07T02:06:57.219+0000] {logging_mixin.py:188} INFO - [2024-06-07T02:06:57.218+0000] {dagbag.py:545} INFO - Filling up the DagBag from /home/airflow/.local/lib/python3.12/site-packages/airflow/example_dags/example_skip_dag.py
[2024-06-07T02:06:57.236+0000] {processor.py:840} INFO - DAG(s) 'example_skip_dag' retrieved from /home/airflow/.local/lib/python3.12/site-packages/airflow/example_dags/example_skip_dag.py
[2024-06-07T02:06:57.317+0000] {logging_mixin.py:188} INFO - [2024-06-07T02:06:57.316+0000] {dag.py:3096} INFO - Sync 1 DAGs
[2024-06-07T02:06:57.386+0000] {logging_mixin.py:188} INFO - [2024-06-07T02:06:57.386+0000] {dag.py:3954} INFO - Setting next_dagrun for example_skip_dag to 2024-06-06 00:00:00+00:00, run_after=2024-06-07 00:00:00+00:00
[2024-06-07T02:06:57.439+0000] {processor.py:183} INFO - Processing /home/airflow/.local/lib/python3.12/site-packages/airflow/example_dags/example_skip_dag.py took 0.242 seconds
[2024-06-07T02:07:28.851+0000] {processor.py:161} INFO - Started process (PID=9228) to work on /home/airflow/.local/lib/python3.12/site-packages/airflow/example_dags/example_skip_dag.py
[2024-06-07T02:07:28.854+0000] {processor.py:830} INFO - Processing file /home/airflow/.local/lib/python3.12/site-packages/airflow/example_dags/example_skip_dag.py for tasks to queue
[2024-06-07T02:07:28.857+0000] {logging_mixin.py:188} INFO - [2024-06-07T02:07:28.856+0000] {dagbag.py:545} INFO - Filling up the DagBag from /home/airflow/.local/lib/python3.12/site-packages/airflow/example_dags/example_skip_dag.py
[2024-06-07T02:07:28.874+0000] {processor.py:840} INFO - DAG(s) 'example_skip_dag' retrieved from /home/airflow/.local/lib/python3.12/site-packages/airflow/example_dags/example_skip_dag.py
[2024-06-07T02:07:28.919+0000] {logging_mixin.py:188} INFO - [2024-06-07T02:07:28.919+0000] {dag.py:3096} INFO - Sync 1 DAGs
[2024-06-07T02:07:28.964+0000] {logging_mixin.py:188} INFO - [2024-06-07T02:07:28.963+0000] {dag.py:3954} INFO - Setting next_dagrun for example_skip_dag to 2024-06-06 00:00:00+00:00, run_after=2024-06-07 00:00:00+00:00
[2024-06-07T02:07:29.004+0000] {processor.py:183} INFO - Processing /home/airflow/.local/lib/python3.12/site-packages/airflow/example_dags/example_skip_dag.py took 0.165 seconds
[2024-06-07T02:08:00.381+0000] {processor.py:161} INFO - Started process (PID=9281) to work on /home/airflow/.local/lib/python3.12/site-packages/airflow/example_dags/example_skip_dag.py
[2024-06-07T02:08:00.384+0000] {processor.py:830} INFO - Processing file /home/airflow/.local/lib/python3.12/site-packages/airflow/example_dags/example_skip_dag.py for tasks to queue
[2024-06-07T02:08:00.388+0000] {logging_mixin.py:188} INFO - [2024-06-07T02:08:00.387+0000] {dagbag.py:545} INFO - Filling up the DagBag from /home/airflow/.local/lib/python3.12/site-packages/airflow/example_dags/example_skip_dag.py
[2024-06-07T02:08:00.408+0000] {processor.py:840} INFO - DAG(s) 'example_skip_dag' retrieved from /home/airflow/.local/lib/python3.12/site-packages/airflow/example_dags/example_skip_dag.py
[2024-06-07T02:08:00.461+0000] {logging_mixin.py:188} INFO - [2024-06-07T02:08:00.460+0000] {dag.py:3096} INFO - Sync 1 DAGs
[2024-06-07T02:08:00.539+0000] {logging_mixin.py:188} INFO - [2024-06-07T02:08:00.538+0000] {dag.py:3954} INFO - Setting next_dagrun for example_skip_dag to 2024-06-06 00:00:00+00:00, run_after=2024-06-07 00:00:00+00:00
[2024-06-07T02:08:00.600+0000] {processor.py:183} INFO - Processing /home/airflow/.local/lib/python3.12/site-packages/airflow/example_dags/example_skip_dag.py took 0.233 seconds
[2024-06-07T02:08:31.502+0000] {processor.py:161} INFO - Started process (PID=9334) to work on /home/airflow/.local/lib/python3.12/site-packages/airflow/example_dags/example_skip_dag.py
[2024-06-07T02:08:31.506+0000] {processor.py:830} INFO - Processing file /home/airflow/.local/lib/python3.12/site-packages/airflow/example_dags/example_skip_dag.py for tasks to queue
[2024-06-07T02:08:31.508+0000] {logging_mixin.py:188} INFO - [2024-06-07T02:08:31.507+0000] {dagbag.py:545} INFO - Filling up the DagBag from /home/airflow/.local/lib/python3.12/site-packages/airflow/example_dags/example_skip_dag.py
[2024-06-07T02:08:31.521+0000] {processor.py:840} INFO - DAG(s) 'example_skip_dag' retrieved from /home/airflow/.local/lib/python3.12/site-packages/airflow/example_dags/example_skip_dag.py
[2024-06-07T02:08:31.566+0000] {logging_mixin.py:188} INFO - [2024-06-07T02:08:31.565+0000] {dag.py:3096} INFO - Sync 1 DAGs
[2024-06-07T02:08:31.606+0000] {logging_mixin.py:188} INFO - [2024-06-07T02:08:31.605+0000] {dag.py:3954} INFO - Setting next_dagrun for example_skip_dag to 2024-06-06 00:00:00+00:00, run_after=2024-06-07 00:00:00+00:00
[2024-06-07T02:08:31.649+0000] {processor.py:183} INFO - Processing /home/airflow/.local/lib/python3.12/site-packages/airflow/example_dags/example_skip_dag.py took 0.161 seconds
[2024-06-07T02:09:02.720+0000] {processor.py:161} INFO - Started process (PID=9387) to work on /home/airflow/.local/lib/python3.12/site-packages/airflow/example_dags/example_skip_dag.py
[2024-06-07T02:09:02.723+0000] {processor.py:830} INFO - Processing file /home/airflow/.local/lib/python3.12/site-packages/airflow/example_dags/example_skip_dag.py for tasks to queue
[2024-06-07T02:09:02.726+0000] {logging_mixin.py:188} INFO - [2024-06-07T02:09:02.725+0000] {dagbag.py:545} INFO - Filling up the DagBag from /home/airflow/.local/lib/python3.12/site-packages/airflow/example_dags/example_skip_dag.py
[2024-06-07T02:09:02.757+0000] {processor.py:840} INFO - DAG(s) 'example_skip_dag' retrieved from /home/airflow/.local/lib/python3.12/site-packages/airflow/example_dags/example_skip_dag.py
[2024-06-07T02:09:02.845+0000] {logging_mixin.py:188} INFO - [2024-06-07T02:09:02.845+0000] {dag.py:3096} INFO - Sync 1 DAGs
[2024-06-07T02:09:02.907+0000] {logging_mixin.py:188} INFO - [2024-06-07T02:09:02.907+0000] {dag.py:3954} INFO - Setting next_dagrun for example_skip_dag to 2024-06-06 00:00:00+00:00, run_after=2024-06-07 00:00:00+00:00
[2024-06-07T02:09:02.969+0000] {processor.py:183} INFO - Processing /home/airflow/.local/lib/python3.12/site-packages/airflow/example_dags/example_skip_dag.py took 0.267 seconds
[2024-06-07T02:09:33.162+0000] {processor.py:161} INFO - Started process (PID=9440) to work on /home/airflow/.local/lib/python3.12/site-packages/airflow/example_dags/example_skip_dag.py
[2024-06-07T02:09:33.164+0000] {processor.py:830} INFO - Processing file /home/airflow/.local/lib/python3.12/site-packages/airflow/example_dags/example_skip_dag.py for tasks to queue
[2024-06-07T02:09:33.166+0000] {logging_mixin.py:188} INFO - [2024-06-07T02:09:33.165+0000] {dagbag.py:545} INFO - Filling up the DagBag from /home/airflow/.local/lib/python3.12/site-packages/airflow/example_dags/example_skip_dag.py
[2024-06-07T02:09:33.179+0000] {processor.py:840} INFO - DAG(s) 'example_skip_dag' retrieved from /home/airflow/.local/lib/python3.12/site-packages/airflow/example_dags/example_skip_dag.py
[2024-06-07T02:09:33.224+0000] {logging_mixin.py:188} INFO - [2024-06-07T02:09:33.224+0000] {dag.py:3096} INFO - Sync 1 DAGs
[2024-06-07T02:09:33.267+0000] {logging_mixin.py:188} INFO - [2024-06-07T02:09:33.267+0000] {dag.py:3954} INFO - Setting next_dagrun for example_skip_dag to 2024-06-06 00:00:00+00:00, run_after=2024-06-07 00:00:00+00:00
[2024-06-07T02:09:33.311+0000] {processor.py:183} INFO - Processing /home/airflow/.local/lib/python3.12/site-packages/airflow/example_dags/example_skip_dag.py took 0.159 seconds
[2024-06-07T02:10:04.301+0000] {processor.py:161} INFO - Started process (PID=9493) to work on /home/airflow/.local/lib/python3.12/site-packages/airflow/example_dags/example_skip_dag.py
[2024-06-07T02:10:04.303+0000] {processor.py:830} INFO - Processing file /home/airflow/.local/lib/python3.12/site-packages/airflow/example_dags/example_skip_dag.py for tasks to queue
[2024-06-07T02:10:04.306+0000] {logging_mixin.py:188} INFO - [2024-06-07T02:10:04.305+0000] {dagbag.py:545} INFO - Filling up the DagBag from /home/airflow/.local/lib/python3.12/site-packages/airflow/example_dags/example_skip_dag.py
[2024-06-07T02:10:04.316+0000] {processor.py:840} INFO - DAG(s) 'example_skip_dag' retrieved from /home/airflow/.local/lib/python3.12/site-packages/airflow/example_dags/example_skip_dag.py
[2024-06-07T02:10:04.351+0000] {logging_mixin.py:188} INFO - [2024-06-07T02:10:04.350+0000] {dag.py:3096} INFO - Sync 1 DAGs
[2024-06-07T02:10:04.390+0000] {logging_mixin.py:188} INFO - [2024-06-07T02:10:04.389+0000] {dag.py:3954} INFO - Setting next_dagrun for example_skip_dag to 2024-06-06 00:00:00+00:00, run_after=2024-06-07 00:00:00+00:00
[2024-06-07T02:10:04.426+0000] {processor.py:183} INFO - Processing /home/airflow/.local/lib/python3.12/site-packages/airflow/example_dags/example_skip_dag.py took 0.133 seconds
[2024-06-07T02:10:35.749+0000] {processor.py:161} INFO - Started process (PID=9546) to work on /home/airflow/.local/lib/python3.12/site-packages/airflow/example_dags/example_skip_dag.py
[2024-06-07T02:10:35.751+0000] {processor.py:830} INFO - Processing file /home/airflow/.local/lib/python3.12/site-packages/airflow/example_dags/example_skip_dag.py for tasks to queue
[2024-06-07T02:10:35.755+0000] {logging_mixin.py:188} INFO - [2024-06-07T02:10:35.753+0000] {dagbag.py:545} INFO - Filling up the DagBag from /home/airflow/.local/lib/python3.12/site-packages/airflow/example_dags/example_skip_dag.py
[2024-06-07T02:10:35.768+0000] {processor.py:840} INFO - DAG(s) 'example_skip_dag' retrieved from /home/airflow/.local/lib/python3.12/site-packages/airflow/example_dags/example_skip_dag.py
[2024-06-07T02:10:35.821+0000] {logging_mixin.py:188} INFO - [2024-06-07T02:10:35.819+0000] {dag.py:3096} INFO - Sync 1 DAGs
[2024-06-07T02:10:35.874+0000] {logging_mixin.py:188} INFO - [2024-06-07T02:10:35.873+0000] {dag.py:3954} INFO - Setting next_dagrun for example_skip_dag to 2024-06-06 00:00:00+00:00, run_after=2024-06-07 00:00:00+00:00
[2024-06-07T02:10:35.930+0000] {processor.py:183} INFO - Processing /home/airflow/.local/lib/python3.12/site-packages/airflow/example_dags/example_skip_dag.py took 0.194 seconds
[2024-06-07T02:11:06.566+0000] {processor.py:161} INFO - Started process (PID=9599) to work on /home/airflow/.local/lib/python3.12/site-packages/airflow/example_dags/example_skip_dag.py
[2024-06-07T02:11:06.568+0000] {processor.py:830} INFO - Processing file /home/airflow/.local/lib/python3.12/site-packages/airflow/example_dags/example_skip_dag.py for tasks to queue
[2024-06-07T02:11:06.572+0000] {logging_mixin.py:188} INFO - [2024-06-07T02:11:06.570+0000] {dagbag.py:545} INFO - Filling up the DagBag from /home/airflow/.local/lib/python3.12/site-packages/airflow/example_dags/example_skip_dag.py
[2024-06-07T02:11:06.621+0000] {processor.py:840} INFO - DAG(s) 'example_skip_dag' retrieved from /home/airflow/.local/lib/python3.12/site-packages/airflow/example_dags/example_skip_dag.py
[2024-06-07T02:11:06.701+0000] {logging_mixin.py:188} INFO - [2024-06-07T02:11:06.700+0000] {dag.py:3096} INFO - Sync 1 DAGs
[2024-06-07T02:11:06.749+0000] {logging_mixin.py:188} INFO - [2024-06-07T02:11:06.749+0000] {dag.py:3954} INFO - Setting next_dagrun for example_skip_dag to 2024-06-06 00:00:00+00:00, run_after=2024-06-07 00:00:00+00:00
[2024-06-07T02:11:06.802+0000] {processor.py:183} INFO - Processing /home/airflow/.local/lib/python3.12/site-packages/airflow/example_dags/example_skip_dag.py took 0.246 seconds
[2024-06-07T14:01:13.183+0000] {processor.py:161} INFO - Started process (PID=9671) to work on /home/airflow/.local/lib/python3.12/site-packages/airflow/example_dags/example_skip_dag.py
[2024-06-07T14:01:13.355+0000] {processor.py:830} INFO - Processing file /home/airflow/.local/lib/python3.12/site-packages/airflow/example_dags/example_skip_dag.py for tasks to queue
[2024-06-07T14:01:13.512+0000] {logging_mixin.py:188} INFO - [2024-06-07T14:01:13.511+0000] {dagbag.py:545} INFO - Filling up the DagBag from /home/airflow/.local/lib/python3.12/site-packages/airflow/example_dags/example_skip_dag.py
[2024-06-07T14:01:13.656+0000] {processor.py:840} INFO - DAG(s) 'example_skip_dag' retrieved from /home/airflow/.local/lib/python3.12/site-packages/airflow/example_dags/example_skip_dag.py
[2024-06-07T14:01:13.760+0000] {logging_mixin.py:188} INFO - [2024-06-07T14:01:13.759+0000] {dag.py:3096} INFO - Sync 1 DAGs
[2024-06-07T14:01:13.854+0000] {logging_mixin.py:188} INFO - [2024-06-07T14:01:13.854+0000] {dag.py:3954} INFO - Setting next_dagrun for example_skip_dag to 2024-06-06 00:00:00+00:00, run_after=2024-06-07 00:00:00+00:00
[2024-06-07T14:01:13.899+0000] {processor.py:183} INFO - Processing /home/airflow/.local/lib/python3.12/site-packages/airflow/example_dags/example_skip_dag.py took 0.724 seconds
[2024-06-07T14:01:44.932+0000] {processor.py:161} INFO - Started process (PID=9725) to work on /home/airflow/.local/lib/python3.12/site-packages/airflow/example_dags/example_skip_dag.py
[2024-06-07T14:01:44.934+0000] {processor.py:830} INFO - Processing file /home/airflow/.local/lib/python3.12/site-packages/airflow/example_dags/example_skip_dag.py for tasks to queue
[2024-06-07T14:01:44.937+0000] {logging_mixin.py:188} INFO - [2024-06-07T14:01:44.936+0000] {dagbag.py:545} INFO - Filling up the DagBag from /home/airflow/.local/lib/python3.12/site-packages/airflow/example_dags/example_skip_dag.py
[2024-06-07T14:01:44.948+0000] {processor.py:840} INFO - DAG(s) 'example_skip_dag' retrieved from /home/airflow/.local/lib/python3.12/site-packages/airflow/example_dags/example_skip_dag.py
[2024-06-07T14:01:44.974+0000] {logging_mixin.py:188} INFO - [2024-06-07T14:01:44.974+0000] {dag.py:3096} INFO - Sync 1 DAGs
[2024-06-07T14:01:45.035+0000] {logging_mixin.py:188} INFO - [2024-06-07T14:01:45.035+0000] {dag.py:3954} INFO - Setting next_dagrun for example_skip_dag to 2024-06-06 00:00:00+00:00, run_after=2024-06-07 00:00:00+00:00
[2024-06-07T14:01:45.122+0000] {processor.py:183} INFO - Processing /home/airflow/.local/lib/python3.12/site-packages/airflow/example_dags/example_skip_dag.py took 0.197 seconds
