[2024-06-07T02:01:14.655+0000] {processor.py:161} INFO - Started process (PID=8578) to work on /home/airflow/.local/lib/python3.12/site-packages/airflow/example_dags/example_subdag_operator.py
[2024-06-07T02:01:14.657+0000] {processor.py:830} INFO - Processing file /home/airflow/.local/lib/python3.12/site-packages/airflow/example_dags/example_subdag_operator.py for tasks to queue
[2024-06-07T02:01:14.660+0000] {logging_mixin.py:188} INFO - [2024-06-07T02:01:14.659+0000] {dagbag.py:545} INFO - Filling up the DagBag from /home/airflow/.local/lib/python3.12/site-packages/airflow/example_dags/example_subdag_operator.py
[2024-06-07T02:01:14.710+0000] {processor.py:840} INFO - DAG(s) 'example_subdag_operator.section-1', 'example_subdag_operator.section-2', 'example_subdag_operator' retrieved from /home/airflow/.local/lib/python3.12/site-packages/airflow/example_dags/example_subdag_operator.py
[2024-06-07T02:01:14.768+0000] {logging_mixin.py:188} INFO - [2024-06-07T02:01:14.768+0000] {dag.py:3096} INFO - Sync 3 DAGs
[2024-06-07T02:01:14.825+0000] {logging_mixin.py:188} INFO - [2024-06-07T02:01:14.824+0000] {dag.py:3954} INFO - Setting next_dagrun for example_subdag_operator to 2022-01-01 00:00:00+00:00, run_after=2022-01-01 00:00:00+00:00
[2024-06-07T02:01:14.837+0000] {logging_mixin.py:188} INFO - [2024-06-07T02:01:14.837+0000] {dag.py:3954} INFO - Setting next_dagrun for example_subdag_operator.section-1 to None, run_after=None
[2024-06-07T02:01:14.842+0000] {logging_mixin.py:188} INFO - [2024-06-07T02:01:14.841+0000] {dag.py:3954} INFO - Setting next_dagrun for example_subdag_operator.section-2 to None, run_after=None
[2024-06-07T02:01:14.866+0000] {logging_mixin.py:188} INFO - [2024-06-07T02:01:14.865+0000] {dag.py:3096} INFO - Sync 2 DAGs
[2024-06-07T02:01:14.886+0000] {logging_mixin.py:188} INFO - [2024-06-07T02:01:14.886+0000] {dag.py:3954} INFO - Setting next_dagrun for example_subdag_operator.section-1 to None, run_after=None
[2024-06-07T02:01:14.889+0000] {logging_mixin.py:188} INFO - [2024-06-07T02:01:14.888+0000] {dag.py:3954} INFO - Setting next_dagrun for example_subdag_operator.section-2 to None, run_after=None
[2024-06-07T02:01:14.923+0000] {processor.py:183} INFO - Processing /home/airflow/.local/lib/python3.12/site-packages/airflow/example_dags/example_subdag_operator.py took 0.280 seconds
[2024-06-07T02:01:45.757+0000] {processor.py:161} INFO - Started process (PID=8631) to work on /home/airflow/.local/lib/python3.12/site-packages/airflow/example_dags/example_subdag_operator.py
[2024-06-07T02:01:45.759+0000] {processor.py:830} INFO - Processing file /home/airflow/.local/lib/python3.12/site-packages/airflow/example_dags/example_subdag_operator.py for tasks to queue
[2024-06-07T02:01:45.761+0000] {logging_mixin.py:188} INFO - [2024-06-07T02:01:45.761+0000] {dagbag.py:545} INFO - Filling up the DagBag from /home/airflow/.local/lib/python3.12/site-packages/airflow/example_dags/example_subdag_operator.py
[2024-06-07T02:01:45.812+0000] {processor.py:840} INFO - DAG(s) 'example_subdag_operator.section-1', 'example_subdag_operator.section-2', 'example_subdag_operator' retrieved from /home/airflow/.local/lib/python3.12/site-packages/airflow/example_dags/example_subdag_operator.py
[2024-06-07T02:01:45.844+0000] {logging_mixin.py:188} INFO - [2024-06-07T02:01:45.843+0000] {dag.py:3096} INFO - Sync 3 DAGs
[2024-06-07T02:01:45.936+0000] {logging_mixin.py:188} INFO - [2024-06-07T02:01:45.935+0000] {dag.py:3954} INFO - Setting next_dagrun for example_subdag_operator to 2022-01-01 00:00:00+00:00, run_after=2022-01-01 00:00:00+00:00
[2024-06-07T02:01:45.962+0000] {logging_mixin.py:188} INFO - [2024-06-07T02:01:45.962+0000] {dag.py:3954} INFO - Setting next_dagrun for example_subdag_operator.section-1 to None, run_after=None
[2024-06-07T02:01:45.967+0000] {logging_mixin.py:188} INFO - [2024-06-07T02:01:45.966+0000] {dag.py:3954} INFO - Setting next_dagrun for example_subdag_operator.section-2 to None, run_after=None
[2024-06-07T02:01:45.987+0000] {logging_mixin.py:188} INFO - [2024-06-07T02:01:45.987+0000] {dag.py:3096} INFO - Sync 2 DAGs
[2024-06-07T02:01:45.998+0000] {logging_mixin.py:188} INFO - [2024-06-07T02:01:45.997+0000] {dag.py:3954} INFO - Setting next_dagrun for example_subdag_operator.section-1 to None, run_after=None
[2024-06-07T02:01:45.999+0000] {logging_mixin.py:188} INFO - [2024-06-07T02:01:45.999+0000] {dag.py:3954} INFO - Setting next_dagrun for example_subdag_operator.section-2 to None, run_after=None
[2024-06-07T02:01:46.049+0000] {processor.py:183} INFO - Processing /home/airflow/.local/lib/python3.12/site-packages/airflow/example_dags/example_subdag_operator.py took 0.305 seconds
[2024-06-07T02:02:16.250+0000] {processor.py:161} INFO - Started process (PID=8684) to work on /home/airflow/.local/lib/python3.12/site-packages/airflow/example_dags/example_subdag_operator.py
[2024-06-07T02:02:16.252+0000] {processor.py:830} INFO - Processing file /home/airflow/.local/lib/python3.12/site-packages/airflow/example_dags/example_subdag_operator.py for tasks to queue
[2024-06-07T02:02:16.255+0000] {logging_mixin.py:188} INFO - [2024-06-07T02:02:16.254+0000] {dagbag.py:545} INFO - Filling up the DagBag from /home/airflow/.local/lib/python3.12/site-packages/airflow/example_dags/example_subdag_operator.py
[2024-06-07T02:02:16.304+0000] {processor.py:840} INFO - DAG(s) 'example_subdag_operator.section-1', 'example_subdag_operator.section-2', 'example_subdag_operator' retrieved from /home/airflow/.local/lib/python3.12/site-packages/airflow/example_dags/example_subdag_operator.py
[2024-06-07T02:02:16.374+0000] {logging_mixin.py:188} INFO - [2024-06-07T02:02:16.373+0000] {dag.py:3096} INFO - Sync 3 DAGs
[2024-06-07T02:02:16.464+0000] {logging_mixin.py:188} INFO - [2024-06-07T02:02:16.463+0000] {dag.py:3954} INFO - Setting next_dagrun for example_subdag_operator to 2022-01-01 00:00:00+00:00, run_after=2022-01-01 00:00:00+00:00
[2024-06-07T02:02:16.495+0000] {logging_mixin.py:188} INFO - [2024-06-07T02:02:16.495+0000] {dag.py:3954} INFO - Setting next_dagrun for example_subdag_operator.section-1 to None, run_after=None
[2024-06-07T02:02:16.505+0000] {logging_mixin.py:188} INFO - [2024-06-07T02:02:16.504+0000] {dag.py:3954} INFO - Setting next_dagrun for example_subdag_operator.section-2 to None, run_after=None
[2024-06-07T02:02:16.561+0000] {logging_mixin.py:188} INFO - [2024-06-07T02:02:16.560+0000] {dag.py:3096} INFO - Sync 2 DAGs
[2024-06-07T02:02:16.577+0000] {logging_mixin.py:188} INFO - [2024-06-07T02:02:16.576+0000] {dag.py:3954} INFO - Setting next_dagrun for example_subdag_operator.section-1 to None, run_after=None
[2024-06-07T02:02:16.579+0000] {logging_mixin.py:188} INFO - [2024-06-07T02:02:16.579+0000] {dag.py:3954} INFO - Setting next_dagrun for example_subdag_operator.section-2 to None, run_after=None
[2024-06-07T02:02:16.635+0000] {processor.py:183} INFO - Processing /home/airflow/.local/lib/python3.12/site-packages/airflow/example_dags/example_subdag_operator.py took 0.396 seconds
[2024-06-07T02:02:47.170+0000] {processor.py:161} INFO - Started process (PID=8737) to work on /home/airflow/.local/lib/python3.12/site-packages/airflow/example_dags/example_subdag_operator.py
[2024-06-07T02:02:47.173+0000] {processor.py:830} INFO - Processing file /home/airflow/.local/lib/python3.12/site-packages/airflow/example_dags/example_subdag_operator.py for tasks to queue
[2024-06-07T02:02:47.177+0000] {logging_mixin.py:188} INFO - [2024-06-07T02:02:47.176+0000] {dagbag.py:545} INFO - Filling up the DagBag from /home/airflow/.local/lib/python3.12/site-packages/airflow/example_dags/example_subdag_operator.py
[2024-06-07T02:02:47.238+0000] {processor.py:840} INFO - DAG(s) 'example_subdag_operator.section-1', 'example_subdag_operator.section-2', 'example_subdag_operator' retrieved from /home/airflow/.local/lib/python3.12/site-packages/airflow/example_dags/example_subdag_operator.py
[2024-06-07T02:02:47.284+0000] {logging_mixin.py:188} INFO - [2024-06-07T02:02:47.284+0000] {dag.py:3096} INFO - Sync 3 DAGs
[2024-06-07T02:02:47.342+0000] {logging_mixin.py:188} INFO - [2024-06-07T02:02:47.341+0000] {dag.py:3954} INFO - Setting next_dagrun for example_subdag_operator to 2022-01-01 00:00:00+00:00, run_after=2022-01-01 00:00:00+00:00
[2024-06-07T02:02:47.350+0000] {logging_mixin.py:188} INFO - [2024-06-07T02:02:47.350+0000] {dag.py:3954} INFO - Setting next_dagrun for example_subdag_operator.section-1 to None, run_after=None
[2024-06-07T02:02:47.355+0000] {logging_mixin.py:188} INFO - [2024-06-07T02:02:47.354+0000] {dag.py:3954} INFO - Setting next_dagrun for example_subdag_operator.section-2 to None, run_after=None
[2024-06-07T02:02:47.383+0000] {logging_mixin.py:188} INFO - [2024-06-07T02:02:47.382+0000] {dag.py:3096} INFO - Sync 2 DAGs
[2024-06-07T02:02:47.399+0000] {logging_mixin.py:188} INFO - [2024-06-07T02:02:47.398+0000] {dag.py:3954} INFO - Setting next_dagrun for example_subdag_operator.section-1 to None, run_after=None
[2024-06-07T02:02:47.403+0000] {logging_mixin.py:188} INFO - [2024-06-07T02:02:47.402+0000] {dag.py:3954} INFO - Setting next_dagrun for example_subdag_operator.section-2 to None, run_after=None
[2024-06-07T02:02:47.441+0000] {processor.py:183} INFO - Processing /home/airflow/.local/lib/python3.12/site-packages/airflow/example_dags/example_subdag_operator.py took 0.285 seconds
[2024-06-07T02:03:18.895+0000] {processor.py:161} INFO - Started process (PID=8790) to work on /home/airflow/.local/lib/python3.12/site-packages/airflow/example_dags/example_subdag_operator.py
[2024-06-07T02:03:18.898+0000] {processor.py:830} INFO - Processing file /home/airflow/.local/lib/python3.12/site-packages/airflow/example_dags/example_subdag_operator.py for tasks to queue
[2024-06-07T02:03:18.902+0000] {logging_mixin.py:188} INFO - [2024-06-07T02:03:18.901+0000] {dagbag.py:545} INFO - Filling up the DagBag from /home/airflow/.local/lib/python3.12/site-packages/airflow/example_dags/example_subdag_operator.py
[2024-06-07T02:03:18.960+0000] {processor.py:840} INFO - DAG(s) 'example_subdag_operator.section-1', 'example_subdag_operator.section-2', 'example_subdag_operator' retrieved from /home/airflow/.local/lib/python3.12/site-packages/airflow/example_dags/example_subdag_operator.py
[2024-06-07T02:03:18.989+0000] {logging_mixin.py:188} INFO - [2024-06-07T02:03:18.988+0000] {dag.py:3096} INFO - Sync 3 DAGs
[2024-06-07T02:03:19.023+0000] {logging_mixin.py:188} INFO - [2024-06-07T02:03:19.023+0000] {dag.py:3954} INFO - Setting next_dagrun for example_subdag_operator to 2022-01-01 00:00:00+00:00, run_after=2022-01-01 00:00:00+00:00
[2024-06-07T02:03:19.031+0000] {logging_mixin.py:188} INFO - [2024-06-07T02:03:19.031+0000] {dag.py:3954} INFO - Setting next_dagrun for example_subdag_operator.section-1 to None, run_after=None
[2024-06-07T02:03:19.035+0000] {logging_mixin.py:188} INFO - [2024-06-07T02:03:19.034+0000] {dag.py:3954} INFO - Setting next_dagrun for example_subdag_operator.section-2 to None, run_after=None
[2024-06-07T02:03:19.047+0000] {logging_mixin.py:188} INFO - [2024-06-07T02:03:19.047+0000] {dag.py:3096} INFO - Sync 2 DAGs
[2024-06-07T02:03:19.059+0000] {logging_mixin.py:188} INFO - [2024-06-07T02:03:19.058+0000] {dag.py:3954} INFO - Setting next_dagrun for example_subdag_operator.section-1 to None, run_after=None
[2024-06-07T02:03:19.061+0000] {logging_mixin.py:188} INFO - [2024-06-07T02:03:19.061+0000] {dag.py:3954} INFO - Setting next_dagrun for example_subdag_operator.section-2 to None, run_after=None
[2024-06-07T02:03:19.088+0000] {processor.py:183} INFO - Processing /home/airflow/.local/lib/python3.12/site-packages/airflow/example_dags/example_subdag_operator.py took 0.202 seconds
[2024-06-07T02:03:49.319+0000] {processor.py:161} INFO - Started process (PID=8843) to work on /home/airflow/.local/lib/python3.12/site-packages/airflow/example_dags/example_subdag_operator.py
[2024-06-07T02:03:49.321+0000] {processor.py:830} INFO - Processing file /home/airflow/.local/lib/python3.12/site-packages/airflow/example_dags/example_subdag_operator.py for tasks to queue
[2024-06-07T02:03:49.323+0000] {logging_mixin.py:188} INFO - [2024-06-07T02:03:49.322+0000] {dagbag.py:545} INFO - Filling up the DagBag from /home/airflow/.local/lib/python3.12/site-packages/airflow/example_dags/example_subdag_operator.py
[2024-06-07T02:03:49.381+0000] {processor.py:840} INFO - DAG(s) 'example_subdag_operator.section-1', 'example_subdag_operator.section-2', 'example_subdag_operator' retrieved from /home/airflow/.local/lib/python3.12/site-packages/airflow/example_dags/example_subdag_operator.py
[2024-06-07T02:03:49.415+0000] {logging_mixin.py:188} INFO - [2024-06-07T02:03:49.414+0000] {dag.py:3096} INFO - Sync 3 DAGs
[2024-06-07T02:03:49.457+0000] {logging_mixin.py:188} INFO - [2024-06-07T02:03:49.456+0000] {dag.py:3954} INFO - Setting next_dagrun for example_subdag_operator to 2022-01-01 00:00:00+00:00, run_after=2022-01-01 00:00:00+00:00
[2024-06-07T02:03:49.464+0000] {logging_mixin.py:188} INFO - [2024-06-07T02:03:49.464+0000] {dag.py:3954} INFO - Setting next_dagrun for example_subdag_operator.section-1 to None, run_after=None
[2024-06-07T02:03:49.468+0000] {logging_mixin.py:188} INFO - [2024-06-07T02:03:49.468+0000] {dag.py:3954} INFO - Setting next_dagrun for example_subdag_operator.section-2 to None, run_after=None
[2024-06-07T02:03:49.483+0000] {logging_mixin.py:188} INFO - [2024-06-07T02:03:49.482+0000] {dag.py:3096} INFO - Sync 2 DAGs
[2024-06-07T02:03:49.497+0000] {logging_mixin.py:188} INFO - [2024-06-07T02:03:49.496+0000] {dag.py:3954} INFO - Setting next_dagrun for example_subdag_operator.section-1 to None, run_after=None
[2024-06-07T02:03:49.498+0000] {logging_mixin.py:188} INFO - [2024-06-07T02:03:49.498+0000] {dag.py:3954} INFO - Setting next_dagrun for example_subdag_operator.section-2 to None, run_after=None
[2024-06-07T02:03:49.528+0000] {processor.py:183} INFO - Processing /home/airflow/.local/lib/python3.12/site-packages/airflow/example_dags/example_subdag_operator.py took 0.221 seconds
[2024-06-07T02:04:20.270+0000] {processor.py:161} INFO - Started process (PID=8894) to work on /home/airflow/.local/lib/python3.12/site-packages/airflow/example_dags/example_subdag_operator.py
[2024-06-07T02:04:20.273+0000] {processor.py:830} INFO - Processing file /home/airflow/.local/lib/python3.12/site-packages/airflow/example_dags/example_subdag_operator.py for tasks to queue
[2024-06-07T02:04:20.276+0000] {logging_mixin.py:188} INFO - [2024-06-07T02:04:20.275+0000] {dagbag.py:545} INFO - Filling up the DagBag from /home/airflow/.local/lib/python3.12/site-packages/airflow/example_dags/example_subdag_operator.py
[2024-06-07T02:04:20.331+0000] {processor.py:840} INFO - DAG(s) 'example_subdag_operator.section-1', 'example_subdag_operator.section-2', 'example_subdag_operator' retrieved from /home/airflow/.local/lib/python3.12/site-packages/airflow/example_dags/example_subdag_operator.py
[2024-06-07T02:04:20.363+0000] {logging_mixin.py:188} INFO - [2024-06-07T02:04:20.362+0000] {dag.py:3096} INFO - Sync 3 DAGs
[2024-06-07T02:04:20.411+0000] {logging_mixin.py:188} INFO - [2024-06-07T02:04:20.411+0000] {dag.py:3954} INFO - Setting next_dagrun for example_subdag_operator to 2022-01-01 00:00:00+00:00, run_after=2022-01-01 00:00:00+00:00
[2024-06-07T02:04:20.420+0000] {logging_mixin.py:188} INFO - [2024-06-07T02:04:20.419+0000] {dag.py:3954} INFO - Setting next_dagrun for example_subdag_operator.section-1 to None, run_after=None
[2024-06-07T02:04:20.424+0000] {logging_mixin.py:188} INFO - [2024-06-07T02:04:20.423+0000] {dag.py:3954} INFO - Setting next_dagrun for example_subdag_operator.section-2 to None, run_after=None
[2024-06-07T02:04:20.437+0000] {logging_mixin.py:188} INFO - [2024-06-07T02:04:20.436+0000] {dag.py:3096} INFO - Sync 2 DAGs
[2024-06-07T02:04:20.448+0000] {logging_mixin.py:188} INFO - [2024-06-07T02:04:20.448+0000] {dag.py:3954} INFO - Setting next_dagrun for example_subdag_operator.section-1 to None, run_after=None
[2024-06-07T02:04:20.450+0000] {logging_mixin.py:188} INFO - [2024-06-07T02:04:20.450+0000] {dag.py:3954} INFO - Setting next_dagrun for example_subdag_operator.section-2 to None, run_after=None
[2024-06-07T02:04:20.488+0000] {processor.py:183} INFO - Processing /home/airflow/.local/lib/python3.12/site-packages/airflow/example_dags/example_subdag_operator.py took 0.233 seconds
[2024-06-07T02:04:51.374+0000] {processor.py:161} INFO - Started process (PID=8947) to work on /home/airflow/.local/lib/python3.12/site-packages/airflow/example_dags/example_subdag_operator.py
[2024-06-07T02:04:51.376+0000] {processor.py:830} INFO - Processing file /home/airflow/.local/lib/python3.12/site-packages/airflow/example_dags/example_subdag_operator.py for tasks to queue
[2024-06-07T02:04:51.379+0000] {logging_mixin.py:188} INFO - [2024-06-07T02:04:51.378+0000] {dagbag.py:545} INFO - Filling up the DagBag from /home/airflow/.local/lib/python3.12/site-packages/airflow/example_dags/example_subdag_operator.py
[2024-06-07T02:04:51.435+0000] {processor.py:840} INFO - DAG(s) 'example_subdag_operator.section-1', 'example_subdag_operator.section-2', 'example_subdag_operator' retrieved from /home/airflow/.local/lib/python3.12/site-packages/airflow/example_dags/example_subdag_operator.py
[2024-06-07T02:04:51.470+0000] {logging_mixin.py:188} INFO - [2024-06-07T02:04:51.470+0000] {dag.py:3096} INFO - Sync 3 DAGs
[2024-06-07T02:04:51.511+0000] {logging_mixin.py:188} INFO - [2024-06-07T02:04:51.510+0000] {dag.py:3954} INFO - Setting next_dagrun for example_subdag_operator to 2022-01-01 00:00:00+00:00, run_after=2022-01-01 00:00:00+00:00
[2024-06-07T02:04:51.518+0000] {logging_mixin.py:188} INFO - [2024-06-07T02:04:51.518+0000] {dag.py:3954} INFO - Setting next_dagrun for example_subdag_operator.section-1 to None, run_after=None
[2024-06-07T02:04:51.521+0000] {logging_mixin.py:188} INFO - [2024-06-07T02:04:51.521+0000] {dag.py:3954} INFO - Setting next_dagrun for example_subdag_operator.section-2 to None, run_after=None
[2024-06-07T02:04:51.535+0000] {logging_mixin.py:188} INFO - [2024-06-07T02:04:51.535+0000] {dag.py:3096} INFO - Sync 2 DAGs
[2024-06-07T02:04:51.545+0000] {logging_mixin.py:188} INFO - [2024-06-07T02:04:51.544+0000] {dag.py:3954} INFO - Setting next_dagrun for example_subdag_operator.section-1 to None, run_after=None
[2024-06-07T02:04:51.547+0000] {logging_mixin.py:188} INFO - [2024-06-07T02:04:51.546+0000] {dag.py:3954} INFO - Setting next_dagrun for example_subdag_operator.section-2 to None, run_after=None
[2024-06-07T02:04:51.580+0000] {processor.py:183} INFO - Processing /home/airflow/.local/lib/python3.12/site-packages/airflow/example_dags/example_subdag_operator.py took 0.219 seconds
[2024-06-07T02:05:22.064+0000] {processor.py:161} INFO - Started process (PID=9000) to work on /home/airflow/.local/lib/python3.12/site-packages/airflow/example_dags/example_subdag_operator.py
[2024-06-07T02:05:22.068+0000] {processor.py:830} INFO - Processing file /home/airflow/.local/lib/python3.12/site-packages/airflow/example_dags/example_subdag_operator.py for tasks to queue
[2024-06-07T02:05:22.070+0000] {logging_mixin.py:188} INFO - [2024-06-07T02:05:22.069+0000] {dagbag.py:545} INFO - Filling up the DagBag from /home/airflow/.local/lib/python3.12/site-packages/airflow/example_dags/example_subdag_operator.py
[2024-06-07T02:05:22.167+0000] {processor.py:840} INFO - DAG(s) 'example_subdag_operator.section-1', 'example_subdag_operator.section-2', 'example_subdag_operator' retrieved from /home/airflow/.local/lib/python3.12/site-packages/airflow/example_dags/example_subdag_operator.py
[2024-06-07T02:05:22.202+0000] {logging_mixin.py:188} INFO - [2024-06-07T02:05:22.201+0000] {dag.py:3096} INFO - Sync 3 DAGs
[2024-06-07T02:05:22.246+0000] {logging_mixin.py:188} INFO - [2024-06-07T02:05:22.245+0000] {dag.py:3954} INFO - Setting next_dagrun for example_subdag_operator to 2022-01-01 00:00:00+00:00, run_after=2022-01-01 00:00:00+00:00
[2024-06-07T02:05:22.252+0000] {logging_mixin.py:188} INFO - [2024-06-07T02:05:22.252+0000] {dag.py:3954} INFO - Setting next_dagrun for example_subdag_operator.section-1 to None, run_after=None
[2024-06-07T02:05:22.256+0000] {logging_mixin.py:188} INFO - [2024-06-07T02:05:22.256+0000] {dag.py:3954} INFO - Setting next_dagrun for example_subdag_operator.section-2 to None, run_after=None
[2024-06-07T02:05:22.269+0000] {logging_mixin.py:188} INFO - [2024-06-07T02:05:22.268+0000] {dag.py:3096} INFO - Sync 2 DAGs
[2024-06-07T02:05:22.278+0000] {logging_mixin.py:188} INFO - [2024-06-07T02:05:22.277+0000] {dag.py:3954} INFO - Setting next_dagrun for example_subdag_operator.section-1 to None, run_after=None
[2024-06-07T02:05:22.279+0000] {logging_mixin.py:188} INFO - [2024-06-07T02:05:22.279+0000] {dag.py:3954} INFO - Setting next_dagrun for example_subdag_operator.section-2 to None, run_after=None
[2024-06-07T02:05:22.306+0000] {processor.py:183} INFO - Processing /home/airflow/.local/lib/python3.12/site-packages/airflow/example_dags/example_subdag_operator.py took 0.254 seconds
[2024-06-07T02:05:53.476+0000] {processor.py:161} INFO - Started process (PID=9053) to work on /home/airflow/.local/lib/python3.12/site-packages/airflow/example_dags/example_subdag_operator.py
[2024-06-07T02:05:53.478+0000] {processor.py:830} INFO - Processing file /home/airflow/.local/lib/python3.12/site-packages/airflow/example_dags/example_subdag_operator.py for tasks to queue
[2024-06-07T02:05:53.479+0000] {logging_mixin.py:188} INFO - [2024-06-07T02:05:53.479+0000] {dagbag.py:545} INFO - Filling up the DagBag from /home/airflow/.local/lib/python3.12/site-packages/airflow/example_dags/example_subdag_operator.py
[2024-06-07T02:05:53.526+0000] {processor.py:840} INFO - DAG(s) 'example_subdag_operator.section-1', 'example_subdag_operator.section-2', 'example_subdag_operator' retrieved from /home/airflow/.local/lib/python3.12/site-packages/airflow/example_dags/example_subdag_operator.py
[2024-06-07T02:05:53.557+0000] {logging_mixin.py:188} INFO - [2024-06-07T02:05:53.556+0000] {dag.py:3096} INFO - Sync 3 DAGs
[2024-06-07T02:05:53.597+0000] {logging_mixin.py:188} INFO - [2024-06-07T02:05:53.596+0000] {dag.py:3954} INFO - Setting next_dagrun for example_subdag_operator to 2022-01-01 00:00:00+00:00, run_after=2022-01-01 00:00:00+00:00
[2024-06-07T02:05:53.604+0000] {logging_mixin.py:188} INFO - [2024-06-07T02:05:53.604+0000] {dag.py:3954} INFO - Setting next_dagrun for example_subdag_operator.section-1 to None, run_after=None
[2024-06-07T02:05:53.607+0000] {logging_mixin.py:188} INFO - [2024-06-07T02:05:53.607+0000] {dag.py:3954} INFO - Setting next_dagrun for example_subdag_operator.section-2 to None, run_after=None
[2024-06-07T02:05:53.619+0000] {logging_mixin.py:188} INFO - [2024-06-07T02:05:53.618+0000] {dag.py:3096} INFO - Sync 2 DAGs
[2024-06-07T02:05:53.628+0000] {logging_mixin.py:188} INFO - [2024-06-07T02:05:53.628+0000] {dag.py:3954} INFO - Setting next_dagrun for example_subdag_operator.section-1 to None, run_after=None
[2024-06-07T02:05:53.629+0000] {logging_mixin.py:188} INFO - [2024-06-07T02:05:53.629+0000] {dag.py:3954} INFO - Setting next_dagrun for example_subdag_operator.section-2 to None, run_after=None
[2024-06-07T02:05:53.651+0000] {processor.py:183} INFO - Processing /home/airflow/.local/lib/python3.12/site-packages/airflow/example_dags/example_subdag_operator.py took 0.185 seconds
[2024-06-07T02:06:23.958+0000] {processor.py:161} INFO - Started process (PID=9106) to work on /home/airflow/.local/lib/python3.12/site-packages/airflow/example_dags/example_subdag_operator.py
[2024-06-07T02:06:23.961+0000] {processor.py:830} INFO - Processing file /home/airflow/.local/lib/python3.12/site-packages/airflow/example_dags/example_subdag_operator.py for tasks to queue
[2024-06-07T02:06:23.963+0000] {logging_mixin.py:188} INFO - [2024-06-07T02:06:23.963+0000] {dagbag.py:545} INFO - Filling up the DagBag from /home/airflow/.local/lib/python3.12/site-packages/airflow/example_dags/example_subdag_operator.py
[2024-06-07T02:06:24.013+0000] {processor.py:840} INFO - DAG(s) 'example_subdag_operator.section-1', 'example_subdag_operator.section-2', 'example_subdag_operator' retrieved from /home/airflow/.local/lib/python3.12/site-packages/airflow/example_dags/example_subdag_operator.py
[2024-06-07T02:06:24.047+0000] {logging_mixin.py:188} INFO - [2024-06-07T02:06:24.047+0000] {dag.py:3096} INFO - Sync 3 DAGs
[2024-06-07T02:06:24.099+0000] {logging_mixin.py:188} INFO - [2024-06-07T02:06:24.099+0000] {dag.py:3954} INFO - Setting next_dagrun for example_subdag_operator to 2022-01-01 00:00:00+00:00, run_after=2022-01-01 00:00:00+00:00
[2024-06-07T02:06:24.110+0000] {logging_mixin.py:188} INFO - [2024-06-07T02:06:24.109+0000] {dag.py:3954} INFO - Setting next_dagrun for example_subdag_operator.section-1 to None, run_after=None
[2024-06-07T02:06:24.113+0000] {logging_mixin.py:188} INFO - [2024-06-07T02:06:24.113+0000] {dag.py:3954} INFO - Setting next_dagrun for example_subdag_operator.section-2 to None, run_after=None
[2024-06-07T02:06:24.126+0000] {logging_mixin.py:188} INFO - [2024-06-07T02:06:24.126+0000] {dag.py:3096} INFO - Sync 2 DAGs
[2024-06-07T02:06:24.136+0000] {logging_mixin.py:188} INFO - [2024-06-07T02:06:24.135+0000] {dag.py:3954} INFO - Setting next_dagrun for example_subdag_operator.section-1 to None, run_after=None
[2024-06-07T02:06:24.137+0000] {logging_mixin.py:188} INFO - [2024-06-07T02:06:24.136+0000] {dag.py:3954} INFO - Setting next_dagrun for example_subdag_operator.section-2 to None, run_after=None
[2024-06-07T02:06:24.161+0000] {processor.py:183} INFO - Processing /home/airflow/.local/lib/python3.12/site-packages/airflow/example_dags/example_subdag_operator.py took 0.213 seconds
[2024-06-07T02:06:54.562+0000] {processor.py:161} INFO - Started process (PID=9158) to work on /home/airflow/.local/lib/python3.12/site-packages/airflow/example_dags/example_subdag_operator.py
[2024-06-07T02:06:54.564+0000] {processor.py:830} INFO - Processing file /home/airflow/.local/lib/python3.12/site-packages/airflow/example_dags/example_subdag_operator.py for tasks to queue
[2024-06-07T02:06:54.567+0000] {logging_mixin.py:188} INFO - [2024-06-07T02:06:54.566+0000] {dagbag.py:545} INFO - Filling up the DagBag from /home/airflow/.local/lib/python3.12/site-packages/airflow/example_dags/example_subdag_operator.py
[2024-06-07T02:06:54.621+0000] {processor.py:840} INFO - DAG(s) 'example_subdag_operator.section-1', 'example_subdag_operator.section-2', 'example_subdag_operator' retrieved from /home/airflow/.local/lib/python3.12/site-packages/airflow/example_dags/example_subdag_operator.py
[2024-06-07T02:06:54.652+0000] {logging_mixin.py:188} INFO - [2024-06-07T02:06:54.651+0000] {dag.py:3096} INFO - Sync 3 DAGs
[2024-06-07T02:06:54.695+0000] {logging_mixin.py:188} INFO - [2024-06-07T02:06:54.694+0000] {dag.py:3954} INFO - Setting next_dagrun for example_subdag_operator to 2022-01-01 00:00:00+00:00, run_after=2022-01-01 00:00:00+00:00
[2024-06-07T02:06:54.702+0000] {logging_mixin.py:188} INFO - [2024-06-07T02:06:54.701+0000] {dag.py:3954} INFO - Setting next_dagrun for example_subdag_operator.section-1 to None, run_after=None
[2024-06-07T02:06:54.705+0000] {logging_mixin.py:188} INFO - [2024-06-07T02:06:54.705+0000] {dag.py:3954} INFO - Setting next_dagrun for example_subdag_operator.section-2 to None, run_after=None
[2024-06-07T02:06:54.718+0000] {logging_mixin.py:188} INFO - [2024-06-07T02:06:54.718+0000] {dag.py:3096} INFO - Sync 2 DAGs
[2024-06-07T02:06:54.729+0000] {logging_mixin.py:188} INFO - [2024-06-07T02:06:54.728+0000] {dag.py:3954} INFO - Setting next_dagrun for example_subdag_operator.section-1 to None, run_after=None
[2024-06-07T02:06:54.730+0000] {logging_mixin.py:188} INFO - [2024-06-07T02:06:54.730+0000] {dag.py:3954} INFO - Setting next_dagrun for example_subdag_operator.section-2 to None, run_after=None
[2024-06-07T02:06:54.756+0000] {processor.py:183} INFO - Processing /home/airflow/.local/lib/python3.12/site-packages/airflow/example_dags/example_subdag_operator.py took 0.204 seconds
[2024-06-07T02:07:25.152+0000] {processor.py:161} INFO - Started process (PID=9211) to work on /home/airflow/.local/lib/python3.12/site-packages/airflow/example_dags/example_subdag_operator.py
[2024-06-07T02:07:25.154+0000] {processor.py:830} INFO - Processing file /home/airflow/.local/lib/python3.12/site-packages/airflow/example_dags/example_subdag_operator.py for tasks to queue
[2024-06-07T02:07:25.157+0000] {logging_mixin.py:188} INFO - [2024-06-07T02:07:25.156+0000] {dagbag.py:545} INFO - Filling up the DagBag from /home/airflow/.local/lib/python3.12/site-packages/airflow/example_dags/example_subdag_operator.py
[2024-06-07T02:07:25.211+0000] {processor.py:840} INFO - DAG(s) 'example_subdag_operator.section-1', 'example_subdag_operator.section-2', 'example_subdag_operator' retrieved from /home/airflow/.local/lib/python3.12/site-packages/airflow/example_dags/example_subdag_operator.py
[2024-06-07T02:07:25.242+0000] {logging_mixin.py:188} INFO - [2024-06-07T02:07:25.241+0000] {dag.py:3096} INFO - Sync 3 DAGs
[2024-06-07T02:07:25.283+0000] {logging_mixin.py:188} INFO - [2024-06-07T02:07:25.283+0000] {dag.py:3954} INFO - Setting next_dagrun for example_subdag_operator to 2022-01-01 00:00:00+00:00, run_after=2022-01-01 00:00:00+00:00
[2024-06-07T02:07:25.291+0000] {logging_mixin.py:188} INFO - [2024-06-07T02:07:25.291+0000] {dag.py:3954} INFO - Setting next_dagrun for example_subdag_operator.section-1 to None, run_after=None
[2024-06-07T02:07:25.295+0000] {logging_mixin.py:188} INFO - [2024-06-07T02:07:25.295+0000] {dag.py:3954} INFO - Setting next_dagrun for example_subdag_operator.section-2 to None, run_after=None
[2024-06-07T02:07:25.310+0000] {logging_mixin.py:188} INFO - [2024-06-07T02:07:25.309+0000] {dag.py:3096} INFO - Sync 2 DAGs
[2024-06-07T02:07:25.324+0000] {logging_mixin.py:188} INFO - [2024-06-07T02:07:25.324+0000] {dag.py:3954} INFO - Setting next_dagrun for example_subdag_operator.section-1 to None, run_after=None
[2024-06-07T02:07:25.340+0000] {logging_mixin.py:188} INFO - [2024-06-07T02:07:25.340+0000] {dag.py:3954} INFO - Setting next_dagrun for example_subdag_operator.section-2 to None, run_after=None
[2024-06-07T02:07:25.422+0000] {processor.py:183} INFO - Processing /home/airflow/.local/lib/python3.12/site-packages/airflow/example_dags/example_subdag_operator.py took 0.283 seconds
[2024-06-07T02:07:56.408+0000] {processor.py:161} INFO - Started process (PID=9264) to work on /home/airflow/.local/lib/python3.12/site-packages/airflow/example_dags/example_subdag_operator.py
[2024-06-07T02:07:56.411+0000] {processor.py:830} INFO - Processing file /home/airflow/.local/lib/python3.12/site-packages/airflow/example_dags/example_subdag_operator.py for tasks to queue
[2024-06-07T02:07:56.413+0000] {logging_mixin.py:188} INFO - [2024-06-07T02:07:56.412+0000] {dagbag.py:545} INFO - Filling up the DagBag from /home/airflow/.local/lib/python3.12/site-packages/airflow/example_dags/example_subdag_operator.py
[2024-06-07T02:07:56.464+0000] {processor.py:840} INFO - DAG(s) 'example_subdag_operator.section-1', 'example_subdag_operator.section-2', 'example_subdag_operator' retrieved from /home/airflow/.local/lib/python3.12/site-packages/airflow/example_dags/example_subdag_operator.py
[2024-06-07T02:07:56.499+0000] {logging_mixin.py:188} INFO - [2024-06-07T02:07:56.498+0000] {dag.py:3096} INFO - Sync 3 DAGs
[2024-06-07T02:07:56.543+0000] {logging_mixin.py:188} INFO - [2024-06-07T02:07:56.543+0000] {dag.py:3954} INFO - Setting next_dagrun for example_subdag_operator to 2022-01-01 00:00:00+00:00, run_after=2022-01-01 00:00:00+00:00
[2024-06-07T02:07:56.555+0000] {logging_mixin.py:188} INFO - [2024-06-07T02:07:56.554+0000] {dag.py:3954} INFO - Setting next_dagrun for example_subdag_operator.section-1 to None, run_after=None
[2024-06-07T02:07:56.561+0000] {logging_mixin.py:188} INFO - [2024-06-07T02:07:56.560+0000] {dag.py:3954} INFO - Setting next_dagrun for example_subdag_operator.section-2 to None, run_after=None
[2024-06-07T02:07:56.576+0000] {logging_mixin.py:188} INFO - [2024-06-07T02:07:56.575+0000] {dag.py:3096} INFO - Sync 2 DAGs
[2024-06-07T02:07:56.588+0000] {logging_mixin.py:188} INFO - [2024-06-07T02:07:56.588+0000] {dag.py:3954} INFO - Setting next_dagrun for example_subdag_operator.section-1 to None, run_after=None
[2024-06-07T02:07:56.590+0000] {logging_mixin.py:188} INFO - [2024-06-07T02:07:56.590+0000] {dag.py:3954} INFO - Setting next_dagrun for example_subdag_operator.section-2 to None, run_after=None
[2024-06-07T02:07:56.624+0000] {processor.py:183} INFO - Processing /home/airflow/.local/lib/python3.12/site-packages/airflow/example_dags/example_subdag_operator.py took 0.226 seconds
[2024-06-07T02:08:26.978+0000] {processor.py:161} INFO - Started process (PID=9317) to work on /home/airflow/.local/lib/python3.12/site-packages/airflow/example_dags/example_subdag_operator.py
[2024-06-07T02:08:26.980+0000] {processor.py:830} INFO - Processing file /home/airflow/.local/lib/python3.12/site-packages/airflow/example_dags/example_subdag_operator.py for tasks to queue
[2024-06-07T02:08:26.984+0000] {logging_mixin.py:188} INFO - [2024-06-07T02:08:26.983+0000] {dagbag.py:545} INFO - Filling up the DagBag from /home/airflow/.local/lib/python3.12/site-packages/airflow/example_dags/example_subdag_operator.py
[2024-06-07T02:08:27.044+0000] {processor.py:840} INFO - DAG(s) 'example_subdag_operator.section-1', 'example_subdag_operator.section-2', 'example_subdag_operator' retrieved from /home/airflow/.local/lib/python3.12/site-packages/airflow/example_dags/example_subdag_operator.py
[2024-06-07T02:08:27.076+0000] {logging_mixin.py:188} INFO - [2024-06-07T02:08:27.076+0000] {dag.py:3096} INFO - Sync 3 DAGs
[2024-06-07T02:08:27.125+0000] {logging_mixin.py:188} INFO - [2024-06-07T02:08:27.124+0000] {dag.py:3954} INFO - Setting next_dagrun for example_subdag_operator to 2022-01-01 00:00:00+00:00, run_after=2022-01-01 00:00:00+00:00
[2024-06-07T02:08:27.134+0000] {logging_mixin.py:188} INFO - [2024-06-07T02:08:27.133+0000] {dag.py:3954} INFO - Setting next_dagrun for example_subdag_operator.section-1 to None, run_after=None
[2024-06-07T02:08:27.137+0000] {logging_mixin.py:188} INFO - [2024-06-07T02:08:27.137+0000] {dag.py:3954} INFO - Setting next_dagrun for example_subdag_operator.section-2 to None, run_after=None
[2024-06-07T02:08:27.156+0000] {logging_mixin.py:188} INFO - [2024-06-07T02:08:27.155+0000] {dag.py:3096} INFO - Sync 2 DAGs
[2024-06-07T02:08:27.178+0000] {logging_mixin.py:188} INFO - [2024-06-07T02:08:27.177+0000] {dag.py:3954} INFO - Setting next_dagrun for example_subdag_operator.section-1 to None, run_after=None
[2024-06-07T02:08:27.180+0000] {logging_mixin.py:188} INFO - [2024-06-07T02:08:27.180+0000] {dag.py:3954} INFO - Setting next_dagrun for example_subdag_operator.section-2 to None, run_after=None
[2024-06-07T02:08:27.243+0000] {processor.py:183} INFO - Processing /home/airflow/.local/lib/python3.12/site-packages/airflow/example_dags/example_subdag_operator.py took 0.278 seconds
[2024-06-07T02:08:57.583+0000] {processor.py:161} INFO - Started process (PID=9370) to work on /home/airflow/.local/lib/python3.12/site-packages/airflow/example_dags/example_subdag_operator.py
[2024-06-07T02:08:57.587+0000] {processor.py:830} INFO - Processing file /home/airflow/.local/lib/python3.12/site-packages/airflow/example_dags/example_subdag_operator.py for tasks to queue
[2024-06-07T02:08:57.591+0000] {logging_mixin.py:188} INFO - [2024-06-07T02:08:57.590+0000] {dagbag.py:545} INFO - Filling up the DagBag from /home/airflow/.local/lib/python3.12/site-packages/airflow/example_dags/example_subdag_operator.py
[2024-06-07T02:08:57.704+0000] {processor.py:840} INFO - DAG(s) 'example_subdag_operator.section-1', 'example_subdag_operator.section-2', 'example_subdag_operator' retrieved from /home/airflow/.local/lib/python3.12/site-packages/airflow/example_dags/example_subdag_operator.py
[2024-06-07T02:08:57.741+0000] {logging_mixin.py:188} INFO - [2024-06-07T02:08:57.740+0000] {dag.py:3096} INFO - Sync 3 DAGs
[2024-06-07T02:08:57.783+0000] {logging_mixin.py:188} INFO - [2024-06-07T02:08:57.782+0000] {dag.py:3954} INFO - Setting next_dagrun for example_subdag_operator to 2022-01-01 00:00:00+00:00, run_after=2022-01-01 00:00:00+00:00
[2024-06-07T02:08:57.791+0000] {logging_mixin.py:188} INFO - [2024-06-07T02:08:57.790+0000] {dag.py:3954} INFO - Setting next_dagrun for example_subdag_operator.section-1 to None, run_after=None
[2024-06-07T02:08:57.794+0000] {logging_mixin.py:188} INFO - [2024-06-07T02:08:57.793+0000] {dag.py:3954} INFO - Setting next_dagrun for example_subdag_operator.section-2 to None, run_after=None
[2024-06-07T02:08:57.807+0000] {logging_mixin.py:188} INFO - [2024-06-07T02:08:57.806+0000] {dag.py:3096} INFO - Sync 2 DAGs
[2024-06-07T02:08:57.819+0000] {logging_mixin.py:188} INFO - [2024-06-07T02:08:57.819+0000] {dag.py:3954} INFO - Setting next_dagrun for example_subdag_operator.section-1 to None, run_after=None
[2024-06-07T02:08:57.822+0000] {logging_mixin.py:188} INFO - [2024-06-07T02:08:57.821+0000] {dag.py:3954} INFO - Setting next_dagrun for example_subdag_operator.section-2 to None, run_after=None
[2024-06-07T02:08:57.856+0000] {processor.py:183} INFO - Processing /home/airflow/.local/lib/python3.12/site-packages/airflow/example_dags/example_subdag_operator.py took 0.294 seconds
[2024-06-07T02:09:28.093+0000] {processor.py:161} INFO - Started process (PID=9423) to work on /home/airflow/.local/lib/python3.12/site-packages/airflow/example_dags/example_subdag_operator.py
[2024-06-07T02:09:28.103+0000] {processor.py:830} INFO - Processing file /home/airflow/.local/lib/python3.12/site-packages/airflow/example_dags/example_subdag_operator.py for tasks to queue
[2024-06-07T02:09:28.106+0000] {logging_mixin.py:188} INFO - [2024-06-07T02:09:28.105+0000] {dagbag.py:545} INFO - Filling up the DagBag from /home/airflow/.local/lib/python3.12/site-packages/airflow/example_dags/example_subdag_operator.py
[2024-06-07T02:09:28.165+0000] {processor.py:840} INFO - DAG(s) 'example_subdag_operator.section-1', 'example_subdag_operator.section-2', 'example_subdag_operator' retrieved from /home/airflow/.local/lib/python3.12/site-packages/airflow/example_dags/example_subdag_operator.py
[2024-06-07T02:09:28.224+0000] {logging_mixin.py:188} INFO - [2024-06-07T02:09:28.224+0000] {dag.py:3096} INFO - Sync 3 DAGs
[2024-06-07T02:09:28.282+0000] {logging_mixin.py:188} INFO - [2024-06-07T02:09:28.282+0000] {dag.py:3954} INFO - Setting next_dagrun for example_subdag_operator to 2022-01-01 00:00:00+00:00, run_after=2022-01-01 00:00:00+00:00
[2024-06-07T02:09:28.291+0000] {logging_mixin.py:188} INFO - [2024-06-07T02:09:28.290+0000] {dag.py:3954} INFO - Setting next_dagrun for example_subdag_operator.section-1 to None, run_after=None
[2024-06-07T02:09:28.294+0000] {logging_mixin.py:188} INFO - [2024-06-07T02:09:28.293+0000] {dag.py:3954} INFO - Setting next_dagrun for example_subdag_operator.section-2 to None, run_after=None
[2024-06-07T02:09:28.306+0000] {logging_mixin.py:188} INFO - [2024-06-07T02:09:28.306+0000] {dag.py:3096} INFO - Sync 2 DAGs
[2024-06-07T02:09:28.317+0000] {logging_mixin.py:188} INFO - [2024-06-07T02:09:28.317+0000] {dag.py:3954} INFO - Setting next_dagrun for example_subdag_operator.section-1 to None, run_after=None
[2024-06-07T02:09:28.319+0000] {logging_mixin.py:188} INFO - [2024-06-07T02:09:28.318+0000] {dag.py:3954} INFO - Setting next_dagrun for example_subdag_operator.section-2 to None, run_after=None
[2024-06-07T02:09:28.343+0000] {processor.py:183} INFO - Processing /home/airflow/.local/lib/python3.12/site-packages/airflow/example_dags/example_subdag_operator.py took 0.268 seconds
[2024-06-07T02:09:58.469+0000] {processor.py:161} INFO - Started process (PID=9476) to work on /home/airflow/.local/lib/python3.12/site-packages/airflow/example_dags/example_subdag_operator.py
[2024-06-07T02:09:58.471+0000] {processor.py:830} INFO - Processing file /home/airflow/.local/lib/python3.12/site-packages/airflow/example_dags/example_subdag_operator.py for tasks to queue
[2024-06-07T02:09:58.473+0000] {logging_mixin.py:188} INFO - [2024-06-07T02:09:58.472+0000] {dagbag.py:545} INFO - Filling up the DagBag from /home/airflow/.local/lib/python3.12/site-packages/airflow/example_dags/example_subdag_operator.py
[2024-06-07T02:09:58.530+0000] {processor.py:840} INFO - DAG(s) 'example_subdag_operator.section-1', 'example_subdag_operator.section-2', 'example_subdag_operator' retrieved from /home/airflow/.local/lib/python3.12/site-packages/airflow/example_dags/example_subdag_operator.py
[2024-06-07T02:09:58.568+0000] {logging_mixin.py:188} INFO - [2024-06-07T02:09:58.568+0000] {dag.py:3096} INFO - Sync 3 DAGs
[2024-06-07T02:09:58.628+0000] {logging_mixin.py:188} INFO - [2024-06-07T02:09:58.628+0000] {dag.py:3954} INFO - Setting next_dagrun for example_subdag_operator to 2022-01-01 00:00:00+00:00, run_after=2022-01-01 00:00:00+00:00
[2024-06-07T02:09:58.637+0000] {logging_mixin.py:188} INFO - [2024-06-07T02:09:58.637+0000] {dag.py:3954} INFO - Setting next_dagrun for example_subdag_operator.section-1 to None, run_after=None
[2024-06-07T02:09:58.641+0000] {logging_mixin.py:188} INFO - [2024-06-07T02:09:58.641+0000] {dag.py:3954} INFO - Setting next_dagrun for example_subdag_operator.section-2 to None, run_after=None
[2024-06-07T02:09:58.656+0000] {logging_mixin.py:188} INFO - [2024-06-07T02:09:58.655+0000] {dag.py:3096} INFO - Sync 2 DAGs
[2024-06-07T02:09:58.666+0000] {logging_mixin.py:188} INFO - [2024-06-07T02:09:58.666+0000] {dag.py:3954} INFO - Setting next_dagrun for example_subdag_operator.section-1 to None, run_after=None
[2024-06-07T02:09:58.668+0000] {logging_mixin.py:188} INFO - [2024-06-07T02:09:58.668+0000] {dag.py:3954} INFO - Setting next_dagrun for example_subdag_operator.section-2 to None, run_after=None
[2024-06-07T02:09:58.698+0000] {processor.py:183} INFO - Processing /home/airflow/.local/lib/python3.12/site-packages/airflow/example_dags/example_subdag_operator.py took 0.241 seconds
[2024-06-07T02:10:28.807+0000] {processor.py:161} INFO - Started process (PID=9529) to work on /home/airflow/.local/lib/python3.12/site-packages/airflow/example_dags/example_subdag_operator.py
[2024-06-07T02:10:28.809+0000] {processor.py:830} INFO - Processing file /home/airflow/.local/lib/python3.12/site-packages/airflow/example_dags/example_subdag_operator.py for tasks to queue
[2024-06-07T02:10:28.811+0000] {logging_mixin.py:188} INFO - [2024-06-07T02:10:28.811+0000] {dagbag.py:545} INFO - Filling up the DagBag from /home/airflow/.local/lib/python3.12/site-packages/airflow/example_dags/example_subdag_operator.py
[2024-06-07T02:10:28.861+0000] {processor.py:840} INFO - DAG(s) 'example_subdag_operator.section-1', 'example_subdag_operator.section-2', 'example_subdag_operator' retrieved from /home/airflow/.local/lib/python3.12/site-packages/airflow/example_dags/example_subdag_operator.py
[2024-06-07T02:10:28.892+0000] {logging_mixin.py:188} INFO - [2024-06-07T02:10:28.891+0000] {dag.py:3096} INFO - Sync 3 DAGs
[2024-06-07T02:10:28.932+0000] {logging_mixin.py:188} INFO - [2024-06-07T02:10:28.931+0000] {dag.py:3954} INFO - Setting next_dagrun for example_subdag_operator to 2022-01-01 00:00:00+00:00, run_after=2022-01-01 00:00:00+00:00
[2024-06-07T02:10:28.939+0000] {logging_mixin.py:188} INFO - [2024-06-07T02:10:28.939+0000] {dag.py:3954} INFO - Setting next_dagrun for example_subdag_operator.section-1 to None, run_after=None
[2024-06-07T02:10:28.942+0000] {logging_mixin.py:188} INFO - [2024-06-07T02:10:28.942+0000] {dag.py:3954} INFO - Setting next_dagrun for example_subdag_operator.section-2 to None, run_after=None
[2024-06-07T02:10:28.959+0000] {logging_mixin.py:188} INFO - [2024-06-07T02:10:28.958+0000] {dag.py:3096} INFO - Sync 2 DAGs
[2024-06-07T02:10:28.969+0000] {logging_mixin.py:188} INFO - [2024-06-07T02:10:28.969+0000] {dag.py:3954} INFO - Setting next_dagrun for example_subdag_operator.section-1 to None, run_after=None
[2024-06-07T02:10:28.971+0000] {logging_mixin.py:188} INFO - [2024-06-07T02:10:28.971+0000] {dag.py:3954} INFO - Setting next_dagrun for example_subdag_operator.section-2 to None, run_after=None
[2024-06-07T02:10:29.000+0000] {processor.py:183} INFO - Processing /home/airflow/.local/lib/python3.12/site-packages/airflow/example_dags/example_subdag_operator.py took 0.204 seconds
[2024-06-07T02:10:59.283+0000] {processor.py:161} INFO - Started process (PID=9583) to work on /home/airflow/.local/lib/python3.12/site-packages/airflow/example_dags/example_subdag_operator.py
[2024-06-07T02:10:59.285+0000] {processor.py:830} INFO - Processing file /home/airflow/.local/lib/python3.12/site-packages/airflow/example_dags/example_subdag_operator.py for tasks to queue
[2024-06-07T02:10:59.288+0000] {logging_mixin.py:188} INFO - [2024-06-07T02:10:59.287+0000] {dagbag.py:545} INFO - Filling up the DagBag from /home/airflow/.local/lib/python3.12/site-packages/airflow/example_dags/example_subdag_operator.py
[2024-06-07T02:10:59.336+0000] {processor.py:840} INFO - DAG(s) 'example_subdag_operator.section-1', 'example_subdag_operator.section-2', 'example_subdag_operator' retrieved from /home/airflow/.local/lib/python3.12/site-packages/airflow/example_dags/example_subdag_operator.py
[2024-06-07T02:10:59.369+0000] {logging_mixin.py:188} INFO - [2024-06-07T02:10:59.368+0000] {dag.py:3096} INFO - Sync 3 DAGs
[2024-06-07T02:10:59.410+0000] {logging_mixin.py:188} INFO - [2024-06-07T02:10:59.409+0000] {dag.py:3954} INFO - Setting next_dagrun for example_subdag_operator to 2022-01-01 00:00:00+00:00, run_after=2022-01-01 00:00:00+00:00
[2024-06-07T02:10:59.417+0000] {logging_mixin.py:188} INFO - [2024-06-07T02:10:59.417+0000] {dag.py:3954} INFO - Setting next_dagrun for example_subdag_operator.section-1 to None, run_after=None
[2024-06-07T02:10:59.420+0000] {logging_mixin.py:188} INFO - [2024-06-07T02:10:59.420+0000] {dag.py:3954} INFO - Setting next_dagrun for example_subdag_operator.section-2 to None, run_after=None
[2024-06-07T02:10:59.431+0000] {logging_mixin.py:188} INFO - [2024-06-07T02:10:59.431+0000] {dag.py:3096} INFO - Sync 2 DAGs
[2024-06-07T02:10:59.439+0000] {logging_mixin.py:188} INFO - [2024-06-07T02:10:59.439+0000] {dag.py:3954} INFO - Setting next_dagrun for example_subdag_operator.section-1 to None, run_after=None
[2024-06-07T02:10:59.441+0000] {logging_mixin.py:188} INFO - [2024-06-07T02:10:59.441+0000] {dag.py:3954} INFO - Setting next_dagrun for example_subdag_operator.section-2 to None, run_after=None
[2024-06-07T02:10:59.469+0000] {processor.py:183} INFO - Processing /home/airflow/.local/lib/python3.12/site-packages/airflow/example_dags/example_subdag_operator.py took 0.207 seconds
[2024-06-07T02:11:29.568+0000] {processor.py:161} INFO - Started process (PID=9636) to work on /home/airflow/.local/lib/python3.12/site-packages/airflow/example_dags/example_subdag_operator.py
[2024-06-07T02:11:29.569+0000] {processor.py:830} INFO - Processing file /home/airflow/.local/lib/python3.12/site-packages/airflow/example_dags/example_subdag_operator.py for tasks to queue
[2024-06-07T02:11:29.570+0000] {logging_mixin.py:188} INFO - [2024-06-07T02:11:29.570+0000] {dagbag.py:545} INFO - Filling up the DagBag from /home/airflow/.local/lib/python3.12/site-packages/airflow/example_dags/example_subdag_operator.py
[2024-06-07T02:11:29.603+0000] {processor.py:840} INFO - DAG(s) 'example_subdag_operator.section-1', 'example_subdag_operator.section-2', 'example_subdag_operator' retrieved from /home/airflow/.local/lib/python3.12/site-packages/airflow/example_dags/example_subdag_operator.py
[2024-06-07T02:11:29.619+0000] {logging_mixin.py:188} INFO - [2024-06-07T02:11:29.619+0000] {dag.py:3096} INFO - Sync 3 DAGs
[2024-06-07T02:11:29.642+0000] {logging_mixin.py:188} INFO - [2024-06-07T02:11:29.641+0000] {dag.py:3954} INFO - Setting next_dagrun for example_subdag_operator to 2022-01-01 00:00:00+00:00, run_after=2022-01-01 00:00:00+00:00
[2024-06-07T02:11:29.647+0000] {logging_mixin.py:188} INFO - [2024-06-07T02:11:29.647+0000] {dag.py:3954} INFO - Setting next_dagrun for example_subdag_operator.section-1 to None, run_after=None
[2024-06-07T02:11:29.650+0000] {logging_mixin.py:188} INFO - [2024-06-07T02:11:29.650+0000] {dag.py:3954} INFO - Setting next_dagrun for example_subdag_operator.section-2 to None, run_after=None
[2024-06-07T02:11:29.661+0000] {logging_mixin.py:188} INFO - [2024-06-07T02:11:29.661+0000] {dag.py:3096} INFO - Sync 2 DAGs
[2024-06-07T02:11:29.670+0000] {logging_mixin.py:188} INFO - [2024-06-07T02:11:29.670+0000] {dag.py:3954} INFO - Setting next_dagrun for example_subdag_operator.section-1 to None, run_after=None
[2024-06-07T02:11:29.671+0000] {logging_mixin.py:188} INFO - [2024-06-07T02:11:29.671+0000] {dag.py:3954} INFO - Setting next_dagrun for example_subdag_operator.section-2 to None, run_after=None
[2024-06-07T02:11:29.688+0000] {processor.py:183} INFO - Processing /home/airflow/.local/lib/python3.12/site-packages/airflow/example_dags/example_subdag_operator.py took 0.128 seconds
[2024-06-07T14:01:08.001+0000] {processor.py:161} INFO - Started process (PID=9657) to work on /home/airflow/.local/lib/python3.12/site-packages/airflow/example_dags/example_subdag_operator.py
[2024-06-07T14:01:08.005+0000] {processor.py:830} INFO - Processing file /home/airflow/.local/lib/python3.12/site-packages/airflow/example_dags/example_subdag_operator.py for tasks to queue
[2024-06-07T14:01:08.009+0000] {logging_mixin.py:188} INFO - [2024-06-07T14:01:08.008+0000] {dagbag.py:545} INFO - Filling up the DagBag from /home/airflow/.local/lib/python3.12/site-packages/airflow/example_dags/example_subdag_operator.py
[2024-06-07T14:01:08.084+0000] {processor.py:840} INFO - DAG(s) 'example_subdag_operator.section-1', 'example_subdag_operator.section-2', 'example_subdag_operator' retrieved from /home/airflow/.local/lib/python3.12/site-packages/airflow/example_dags/example_subdag_operator.py
[2024-06-07T14:01:08.139+0000] {logging_mixin.py:188} INFO - [2024-06-07T14:01:08.138+0000] {dag.py:3096} INFO - Sync 3 DAGs
[2024-06-07T14:01:08.273+0000] {logging_mixin.py:188} INFO - [2024-06-07T14:01:08.273+0000] {dag.py:3954} INFO - Setting next_dagrun for example_subdag_operator to 2022-01-01 00:00:00+00:00, run_after=2022-01-01 00:00:00+00:00
[2024-06-07T14:01:08.674+0000] {logging_mixin.py:188} INFO - [2024-06-07T14:01:08.672+0000] {dag.py:3954} INFO - Setting next_dagrun for example_subdag_operator.section-1 to None, run_after=None
[2024-06-07T14:01:08.915+0000] {logging_mixin.py:188} INFO - [2024-06-07T14:01:08.914+0000] {dag.py:3954} INFO - Setting next_dagrun for example_subdag_operator.section-2 to None, run_after=None
[2024-06-07T14:01:09.087+0000] {logging_mixin.py:188} INFO - [2024-06-07T14:01:09.086+0000] {dag.py:3096} INFO - Sync 2 DAGs
[2024-06-07T14:01:09.353+0000] {logging_mixin.py:188} INFO - [2024-06-07T14:01:09.352+0000] {dag.py:3954} INFO - Setting next_dagrun for example_subdag_operator.section-1 to None, run_after=None
[2024-06-07T14:01:09.458+0000] {logging_mixin.py:188} INFO - [2024-06-07T14:01:09.458+0000] {dag.py:3954} INFO - Setting next_dagrun for example_subdag_operator.section-2 to None, run_after=None
[2024-06-07T14:01:09.722+0000] {processor.py:183} INFO - Processing /home/airflow/.local/lib/python3.12/site-packages/airflow/example_dags/example_subdag_operator.py took 1.739 seconds
[2024-06-07T14:01:39.901+0000] {processor.py:161} INFO - Started process (PID=9711) to work on /home/airflow/.local/lib/python3.12/site-packages/airflow/example_dags/example_subdag_operator.py
[2024-06-07T14:01:39.902+0000] {processor.py:830} INFO - Processing file /home/airflow/.local/lib/python3.12/site-packages/airflow/example_dags/example_subdag_operator.py for tasks to queue
[2024-06-07T14:01:39.903+0000] {logging_mixin.py:188} INFO - [2024-06-07T14:01:39.903+0000] {dagbag.py:545} INFO - Filling up the DagBag from /home/airflow/.local/lib/python3.12/site-packages/airflow/example_dags/example_subdag_operator.py
[2024-06-07T14:01:39.933+0000] {processor.py:840} INFO - DAG(s) 'example_subdag_operator.section-1', 'example_subdag_operator.section-2', 'example_subdag_operator' retrieved from /home/airflow/.local/lib/python3.12/site-packages/airflow/example_dags/example_subdag_operator.py
[2024-06-07T14:01:39.952+0000] {logging_mixin.py:188} INFO - [2024-06-07T14:01:39.952+0000] {dag.py:3096} INFO - Sync 3 DAGs
[2024-06-07T14:01:39.979+0000] {logging_mixin.py:188} INFO - [2024-06-07T14:01:39.978+0000] {dag.py:3954} INFO - Setting next_dagrun for example_subdag_operator to 2022-01-01 00:00:00+00:00, run_after=2022-01-01 00:00:00+00:00
[2024-06-07T14:01:39.984+0000] {logging_mixin.py:188} INFO - [2024-06-07T14:01:39.984+0000] {dag.py:3954} INFO - Setting next_dagrun for example_subdag_operator.section-1 to None, run_after=None
[2024-06-07T14:01:39.987+0000] {logging_mixin.py:188} INFO - [2024-06-07T14:01:39.986+0000] {dag.py:3954} INFO - Setting next_dagrun for example_subdag_operator.section-2 to None, run_after=None
[2024-06-07T14:01:39.995+0000] {logging_mixin.py:188} INFO - [2024-06-07T14:01:39.994+0000] {dag.py:3096} INFO - Sync 2 DAGs
[2024-06-07T14:01:40.002+0000] {logging_mixin.py:188} INFO - [2024-06-07T14:01:40.002+0000] {dag.py:3954} INFO - Setting next_dagrun for example_subdag_operator.section-1 to None, run_after=None
[2024-06-07T14:01:40.004+0000] {logging_mixin.py:188} INFO - [2024-06-07T14:01:40.003+0000] {dag.py:3954} INFO - Setting next_dagrun for example_subdag_operator.section-2 to None, run_after=None
[2024-06-07T14:01:40.019+0000] {processor.py:183} INFO - Processing /home/airflow/.local/lib/python3.12/site-packages/airflow/example_dags/example_subdag_operator.py took 0.126 seconds
