[2024-06-07T02:01:17.738+0000] {processor.py:161} INFO - Started process (PID=8596) to work on /home/airflow/.local/lib/python3.12/site-packages/airflow/example_dags/example_branch_operator.py
[2024-06-07T02:01:17.740+0000] {processor.py:830} INFO - Processing file /home/airflow/.local/lib/python3.12/site-packages/airflow/example_dags/example_branch_operator.py for tasks to queue
[2024-06-07T02:01:17.743+0000] {logging_mixin.py:188} INFO - [2024-06-07T02:01:17.742+0000] {dagbag.py:545} INFO - Filling up the DagBag from /home/airflow/.local/lib/python3.12/site-packages/airflow/example_dags/example_branch_operator.py
[2024-06-07T02:01:17.819+0000] {processor.py:840} INFO - DAG(s) 'example_branch_operator' retrieved from /home/airflow/.local/lib/python3.12/site-packages/airflow/example_dags/example_branch_operator.py
[2024-06-07T02:01:17.906+0000] {logging_mixin.py:188} INFO - [2024-06-07T02:01:17.906+0000] {dag.py:3096} INFO - Sync 1 DAGs
[2024-06-07T02:01:17.966+0000] {logging_mixin.py:188} INFO - [2024-06-07T02:01:17.965+0000] {dag.py:3954} INFO - Setting next_dagrun for example_branch_operator to 2024-06-06 00:00:00+00:00, run_after=2024-06-07 00:00:00+00:00
[2024-06-07T02:01:18.016+0000] {processor.py:183} INFO - Processing /home/airflow/.local/lib/python3.12/site-packages/airflow/example_dags/example_branch_operator.py took 0.289 seconds
[2024-06-07T02:01:49.044+0000] {processor.py:161} INFO - Started process (PID=8649) to work on /home/airflow/.local/lib/python3.12/site-packages/airflow/example_dags/example_branch_operator.py
[2024-06-07T02:01:49.046+0000] {processor.py:830} INFO - Processing file /home/airflow/.local/lib/python3.12/site-packages/airflow/example_dags/example_branch_operator.py for tasks to queue
[2024-06-07T02:01:49.047+0000] {logging_mixin.py:188} INFO - [2024-06-07T02:01:49.047+0000] {dagbag.py:545} INFO - Filling up the DagBag from /home/airflow/.local/lib/python3.12/site-packages/airflow/example_dags/example_branch_operator.py
[2024-06-07T02:01:49.076+0000] {processor.py:840} INFO - DAG(s) 'example_branch_operator' retrieved from /home/airflow/.local/lib/python3.12/site-packages/airflow/example_dags/example_branch_operator.py
[2024-06-07T02:01:49.131+0000] {logging_mixin.py:188} INFO - [2024-06-07T02:01:49.130+0000] {dag.py:3096} INFO - Sync 1 DAGs
[2024-06-07T02:01:49.174+0000] {logging_mixin.py:188} INFO - [2024-06-07T02:01:49.174+0000] {dag.py:3954} INFO - Setting next_dagrun for example_branch_operator to 2024-06-06 00:00:00+00:00, run_after=2024-06-07 00:00:00+00:00
[2024-06-07T02:01:49.218+0000] {processor.py:183} INFO - Processing /home/airflow/.local/lib/python3.12/site-packages/airflow/example_dags/example_branch_operator.py took 0.184 seconds
[2024-06-07T02:02:19.711+0000] {processor.py:161} INFO - Started process (PID=8702) to work on /home/airflow/.local/lib/python3.12/site-packages/airflow/example_dags/example_branch_operator.py
[2024-06-07T02:02:19.714+0000] {processor.py:830} INFO - Processing file /home/airflow/.local/lib/python3.12/site-packages/airflow/example_dags/example_branch_operator.py for tasks to queue
[2024-06-07T02:02:19.717+0000] {logging_mixin.py:188} INFO - [2024-06-07T02:02:19.716+0000] {dagbag.py:545} INFO - Filling up the DagBag from /home/airflow/.local/lib/python3.12/site-packages/airflow/example_dags/example_branch_operator.py
[2024-06-07T02:02:19.746+0000] {processor.py:840} INFO - DAG(s) 'example_branch_operator' retrieved from /home/airflow/.local/lib/python3.12/site-packages/airflow/example_dags/example_branch_operator.py
[2024-06-07T02:02:19.801+0000] {logging_mixin.py:188} INFO - [2024-06-07T02:02:19.801+0000] {dag.py:3096} INFO - Sync 1 DAGs
[2024-06-07T02:02:19.844+0000] {logging_mixin.py:188} INFO - [2024-06-07T02:02:19.844+0000] {dag.py:3954} INFO - Setting next_dagrun for example_branch_operator to 2024-06-06 00:00:00+00:00, run_after=2024-06-07 00:00:00+00:00
[2024-06-07T02:02:19.890+0000] {processor.py:183} INFO - Processing /home/airflow/.local/lib/python3.12/site-packages/airflow/example_dags/example_branch_operator.py took 0.190 seconds
[2024-06-07T02:02:50.112+0000] {processor.py:161} INFO - Started process (PID=8755) to work on /home/airflow/.local/lib/python3.12/site-packages/airflow/example_dags/example_branch_operator.py
[2024-06-07T02:02:50.115+0000] {processor.py:830} INFO - Processing file /home/airflow/.local/lib/python3.12/site-packages/airflow/example_dags/example_branch_operator.py for tasks to queue
[2024-06-07T02:02:50.117+0000] {logging_mixin.py:188} INFO - [2024-06-07T02:02:50.117+0000] {dagbag.py:545} INFO - Filling up the DagBag from /home/airflow/.local/lib/python3.12/site-packages/airflow/example_dags/example_branch_operator.py
[2024-06-07T02:02:50.154+0000] {processor.py:840} INFO - DAG(s) 'example_branch_operator' retrieved from /home/airflow/.local/lib/python3.12/site-packages/airflow/example_dags/example_branch_operator.py
[2024-06-07T02:02:50.242+0000] {logging_mixin.py:188} INFO - [2024-06-07T02:02:50.241+0000] {dag.py:3096} INFO - Sync 1 DAGs
[2024-06-07T02:02:50.292+0000] {logging_mixin.py:188} INFO - [2024-06-07T02:02:50.292+0000] {dag.py:3954} INFO - Setting next_dagrun for example_branch_operator to 2024-06-06 00:00:00+00:00, run_after=2024-06-07 00:00:00+00:00
[2024-06-07T02:02:50.333+0000] {processor.py:183} INFO - Processing /home/airflow/.local/lib/python3.12/site-packages/airflow/example_dags/example_branch_operator.py took 0.235 seconds
[2024-06-07T02:03:21.128+0000] {processor.py:161} INFO - Started process (PID=8808) to work on /home/airflow/.local/lib/python3.12/site-packages/airflow/example_dags/example_branch_operator.py
[2024-06-07T02:03:21.130+0000] {processor.py:830} INFO - Processing file /home/airflow/.local/lib/python3.12/site-packages/airflow/example_dags/example_branch_operator.py for tasks to queue
[2024-06-07T02:03:21.133+0000] {logging_mixin.py:188} INFO - [2024-06-07T02:03:21.132+0000] {dagbag.py:545} INFO - Filling up the DagBag from /home/airflow/.local/lib/python3.12/site-packages/airflow/example_dags/example_branch_operator.py
[2024-06-07T02:03:21.166+0000] {processor.py:840} INFO - DAG(s) 'example_branch_operator' retrieved from /home/airflow/.local/lib/python3.12/site-packages/airflow/example_dags/example_branch_operator.py
[2024-06-07T02:03:21.260+0000] {logging_mixin.py:188} INFO - [2024-06-07T02:03:21.258+0000] {dag.py:3096} INFO - Sync 1 DAGs
[2024-06-07T02:03:21.317+0000] {logging_mixin.py:188} INFO - [2024-06-07T02:03:21.316+0000] {dag.py:3954} INFO - Setting next_dagrun for example_branch_operator to 2024-06-06 00:00:00+00:00, run_after=2024-06-07 00:00:00+00:00
[2024-06-07T02:03:21.376+0000] {processor.py:183} INFO - Processing /home/airflow/.local/lib/python3.12/site-packages/airflow/example_dags/example_branch_operator.py took 0.259 seconds
[2024-06-07T02:03:52.389+0000] {processor.py:161} INFO - Started process (PID=8861) to work on /home/airflow/.local/lib/python3.12/site-packages/airflow/example_dags/example_branch_operator.py
[2024-06-07T02:03:52.392+0000] {processor.py:830} INFO - Processing file /home/airflow/.local/lib/python3.12/site-packages/airflow/example_dags/example_branch_operator.py for tasks to queue
[2024-06-07T02:03:52.395+0000] {logging_mixin.py:188} INFO - [2024-06-07T02:03:52.394+0000] {dagbag.py:545} INFO - Filling up the DagBag from /home/airflow/.local/lib/python3.12/site-packages/airflow/example_dags/example_branch_operator.py
[2024-06-07T02:03:52.437+0000] {processor.py:840} INFO - DAG(s) 'example_branch_operator' retrieved from /home/airflow/.local/lib/python3.12/site-packages/airflow/example_dags/example_branch_operator.py
[2024-06-07T02:03:52.499+0000] {logging_mixin.py:188} INFO - [2024-06-07T02:03:52.498+0000] {dag.py:3096} INFO - Sync 1 DAGs
[2024-06-07T02:03:52.566+0000] {logging_mixin.py:188} INFO - [2024-06-07T02:03:52.566+0000] {dag.py:3954} INFO - Setting next_dagrun for example_branch_operator to 2024-06-06 00:00:00+00:00, run_after=2024-06-07 00:00:00+00:00
[2024-06-07T02:03:52.626+0000] {processor.py:183} INFO - Processing /home/airflow/.local/lib/python3.12/site-packages/airflow/example_dags/example_branch_operator.py took 0.250 seconds
[2024-06-07T02:04:23.407+0000] {processor.py:161} INFO - Started process (PID=8914) to work on /home/airflow/.local/lib/python3.12/site-packages/airflow/example_dags/example_branch_operator.py
[2024-06-07T02:04:23.410+0000] {processor.py:830} INFO - Processing file /home/airflow/.local/lib/python3.12/site-packages/airflow/example_dags/example_branch_operator.py for tasks to queue
[2024-06-07T02:04:23.412+0000] {logging_mixin.py:188} INFO - [2024-06-07T02:04:23.412+0000] {dagbag.py:545} INFO - Filling up the DagBag from /home/airflow/.local/lib/python3.12/site-packages/airflow/example_dags/example_branch_operator.py
[2024-06-07T02:04:23.442+0000] {processor.py:840} INFO - DAG(s) 'example_branch_operator' retrieved from /home/airflow/.local/lib/python3.12/site-packages/airflow/example_dags/example_branch_operator.py
[2024-06-07T02:04:23.500+0000] {logging_mixin.py:188} INFO - [2024-06-07T02:04:23.500+0000] {dag.py:3096} INFO - Sync 1 DAGs
[2024-06-07T02:04:23.548+0000] {logging_mixin.py:188} INFO - [2024-06-07T02:04:23.548+0000] {dag.py:3954} INFO - Setting next_dagrun for example_branch_operator to 2024-06-06 00:00:00+00:00, run_after=2024-06-07 00:00:00+00:00
[2024-06-07T02:04:23.589+0000] {processor.py:183} INFO - Processing /home/airflow/.local/lib/python3.12/site-packages/airflow/example_dags/example_branch_operator.py took 0.193 seconds
[2024-06-07T02:04:53.949+0000] {processor.py:161} INFO - Started process (PID=8967) to work on /home/airflow/.local/lib/python3.12/site-packages/airflow/example_dags/example_branch_operator.py
[2024-06-07T02:04:53.952+0000] {processor.py:830} INFO - Processing file /home/airflow/.local/lib/python3.12/site-packages/airflow/example_dags/example_branch_operator.py for tasks to queue
[2024-06-07T02:04:53.955+0000] {logging_mixin.py:188} INFO - [2024-06-07T02:04:53.954+0000] {dagbag.py:545} INFO - Filling up the DagBag from /home/airflow/.local/lib/python3.12/site-packages/airflow/example_dags/example_branch_operator.py
[2024-06-07T02:04:53.994+0000] {processor.py:840} INFO - DAG(s) 'example_branch_operator' retrieved from /home/airflow/.local/lib/python3.12/site-packages/airflow/example_dags/example_branch_operator.py
[2024-06-07T02:04:54.079+0000] {logging_mixin.py:188} INFO - [2024-06-07T02:04:54.079+0000] {dag.py:3096} INFO - Sync 1 DAGs
[2024-06-07T02:04:54.121+0000] {logging_mixin.py:188} INFO - [2024-06-07T02:04:54.121+0000] {dag.py:3954} INFO - Setting next_dagrun for example_branch_operator to 2024-06-06 00:00:00+00:00, run_after=2024-06-07 00:00:00+00:00
[2024-06-07T02:04:54.170+0000] {processor.py:183} INFO - Processing /home/airflow/.local/lib/python3.12/site-packages/airflow/example_dags/example_branch_operator.py took 0.232 seconds
[2024-06-07T02:05:25.668+0000] {processor.py:161} INFO - Started process (PID=9020) to work on /home/airflow/.local/lib/python3.12/site-packages/airflow/example_dags/example_branch_operator.py
[2024-06-07T02:05:25.670+0000] {processor.py:830} INFO - Processing file /home/airflow/.local/lib/python3.12/site-packages/airflow/example_dags/example_branch_operator.py for tasks to queue
[2024-06-07T02:05:25.672+0000] {logging_mixin.py:188} INFO - [2024-06-07T02:05:25.672+0000] {dagbag.py:545} INFO - Filling up the DagBag from /home/airflow/.local/lib/python3.12/site-packages/airflow/example_dags/example_branch_operator.py
[2024-06-07T02:05:25.713+0000] {processor.py:840} INFO - DAG(s) 'example_branch_operator' retrieved from /home/airflow/.local/lib/python3.12/site-packages/airflow/example_dags/example_branch_operator.py
[2024-06-07T02:05:25.792+0000] {logging_mixin.py:188} INFO - [2024-06-07T02:05:25.791+0000] {dag.py:3096} INFO - Sync 1 DAGs
[2024-06-07T02:05:25.852+0000] {logging_mixin.py:188} INFO - [2024-06-07T02:05:25.852+0000] {dag.py:3954} INFO - Setting next_dagrun for example_branch_operator to 2024-06-06 00:00:00+00:00, run_after=2024-06-07 00:00:00+00:00
[2024-06-07T02:05:25.899+0000] {processor.py:183} INFO - Processing /home/airflow/.local/lib/python3.12/site-packages/airflow/example_dags/example_branch_operator.py took 0.243 seconds
[2024-06-07T02:05:56.238+0000] {processor.py:161} INFO - Started process (PID=9073) to work on /home/airflow/.local/lib/python3.12/site-packages/airflow/example_dags/example_branch_operator.py
[2024-06-07T02:05:56.240+0000] {processor.py:830} INFO - Processing file /home/airflow/.local/lib/python3.12/site-packages/airflow/example_dags/example_branch_operator.py for tasks to queue
[2024-06-07T02:05:56.242+0000] {logging_mixin.py:188} INFO - [2024-06-07T02:05:56.242+0000] {dagbag.py:545} INFO - Filling up the DagBag from /home/airflow/.local/lib/python3.12/site-packages/airflow/example_dags/example_branch_operator.py
[2024-06-07T02:05:56.276+0000] {processor.py:840} INFO - DAG(s) 'example_branch_operator' retrieved from /home/airflow/.local/lib/python3.12/site-packages/airflow/example_dags/example_branch_operator.py
[2024-06-07T02:05:56.333+0000] {logging_mixin.py:188} INFO - [2024-06-07T02:05:56.332+0000] {dag.py:3096} INFO - Sync 1 DAGs
[2024-06-07T02:05:56.382+0000] {logging_mixin.py:188} INFO - [2024-06-07T02:05:56.381+0000] {dag.py:3954} INFO - Setting next_dagrun for example_branch_operator to 2024-06-06 00:00:00+00:00, run_after=2024-06-07 00:00:00+00:00
[2024-06-07T02:05:56.418+0000] {processor.py:183} INFO - Processing /home/airflow/.local/lib/python3.12/site-packages/airflow/example_dags/example_branch_operator.py took 0.191 seconds
[2024-06-07T02:06:26.518+0000] {processor.py:161} INFO - Started process (PID=9124) to work on /home/airflow/.local/lib/python3.12/site-packages/airflow/example_dags/example_branch_operator.py
[2024-06-07T02:06:26.520+0000] {processor.py:830} INFO - Processing file /home/airflow/.local/lib/python3.12/site-packages/airflow/example_dags/example_branch_operator.py for tasks to queue
[2024-06-07T02:06:26.522+0000] {logging_mixin.py:188} INFO - [2024-06-07T02:06:26.521+0000] {dagbag.py:545} INFO - Filling up the DagBag from /home/airflow/.local/lib/python3.12/site-packages/airflow/example_dags/example_branch_operator.py
[2024-06-07T02:06:26.552+0000] {processor.py:840} INFO - DAG(s) 'example_branch_operator' retrieved from /home/airflow/.local/lib/python3.12/site-packages/airflow/example_dags/example_branch_operator.py
[2024-06-07T02:06:26.613+0000] {logging_mixin.py:188} INFO - [2024-06-07T02:06:26.612+0000] {dag.py:3096} INFO - Sync 1 DAGs
[2024-06-07T02:06:26.663+0000] {logging_mixin.py:188} INFO - [2024-06-07T02:06:26.663+0000] {dag.py:3954} INFO - Setting next_dagrun for example_branch_operator to 2024-06-06 00:00:00+00:00, run_after=2024-06-07 00:00:00+00:00
[2024-06-07T02:06:26.703+0000] {processor.py:183} INFO - Processing /home/airflow/.local/lib/python3.12/site-packages/airflow/example_dags/example_branch_operator.py took 0.199 seconds
[2024-06-07T02:06:57.529+0000] {processor.py:161} INFO - Started process (PID=9177) to work on /home/airflow/.local/lib/python3.12/site-packages/airflow/example_dags/example_branch_operator.py
[2024-06-07T02:06:57.533+0000] {processor.py:830} INFO - Processing file /home/airflow/.local/lib/python3.12/site-packages/airflow/example_dags/example_branch_operator.py for tasks to queue
[2024-06-07T02:06:57.537+0000] {logging_mixin.py:188} INFO - [2024-06-07T02:06:57.535+0000] {dagbag.py:545} INFO - Filling up the DagBag from /home/airflow/.local/lib/python3.12/site-packages/airflow/example_dags/example_branch_operator.py
[2024-06-07T02:06:57.577+0000] {processor.py:840} INFO - DAG(s) 'example_branch_operator' retrieved from /home/airflow/.local/lib/python3.12/site-packages/airflow/example_dags/example_branch_operator.py
[2024-06-07T02:06:57.645+0000] {logging_mixin.py:188} INFO - [2024-06-07T02:06:57.645+0000] {dag.py:3096} INFO - Sync 1 DAGs
[2024-06-07T02:06:57.695+0000] {logging_mixin.py:188} INFO - [2024-06-07T02:06:57.695+0000] {dag.py:3954} INFO - Setting next_dagrun for example_branch_operator to 2024-06-06 00:00:00+00:00, run_after=2024-06-07 00:00:00+00:00
[2024-06-07T02:06:57.735+0000] {processor.py:183} INFO - Processing /home/airflow/.local/lib/python3.12/site-packages/airflow/example_dags/example_branch_operator.py took 0.221 seconds
[2024-06-07T02:07:29.066+0000] {processor.py:161} INFO - Started process (PID=9230) to work on /home/airflow/.local/lib/python3.12/site-packages/airflow/example_dags/example_branch_operator.py
[2024-06-07T02:07:29.068+0000] {processor.py:830} INFO - Processing file /home/airflow/.local/lib/python3.12/site-packages/airflow/example_dags/example_branch_operator.py for tasks to queue
[2024-06-07T02:07:29.071+0000] {logging_mixin.py:188} INFO - [2024-06-07T02:07:29.070+0000] {dagbag.py:545} INFO - Filling up the DagBag from /home/airflow/.local/lib/python3.12/site-packages/airflow/example_dags/example_branch_operator.py
[2024-06-07T02:07:29.104+0000] {processor.py:840} INFO - DAG(s) 'example_branch_operator' retrieved from /home/airflow/.local/lib/python3.12/site-packages/airflow/example_dags/example_branch_operator.py
[2024-06-07T02:07:29.163+0000] {logging_mixin.py:188} INFO - [2024-06-07T02:07:29.162+0000] {dag.py:3096} INFO - Sync 1 DAGs
[2024-06-07T02:07:29.206+0000] {logging_mixin.py:188} INFO - [2024-06-07T02:07:29.205+0000] {dag.py:3954} INFO - Setting next_dagrun for example_branch_operator to 2024-06-06 00:00:00+00:00, run_after=2024-06-07 00:00:00+00:00
[2024-06-07T02:07:29.243+0000] {processor.py:183} INFO - Processing /home/airflow/.local/lib/python3.12/site-packages/airflow/example_dags/example_branch_operator.py took 0.189 seconds
[2024-06-07T02:08:00.707+0000] {processor.py:161} INFO - Started process (PID=9283) to work on /home/airflow/.local/lib/python3.12/site-packages/airflow/example_dags/example_branch_operator.py
[2024-06-07T02:08:00.710+0000] {processor.py:830} INFO - Processing file /home/airflow/.local/lib/python3.12/site-packages/airflow/example_dags/example_branch_operator.py for tasks to queue
[2024-06-07T02:08:00.712+0000] {logging_mixin.py:188} INFO - [2024-06-07T02:08:00.711+0000] {dagbag.py:545} INFO - Filling up the DagBag from /home/airflow/.local/lib/python3.12/site-packages/airflow/example_dags/example_branch_operator.py
[2024-06-07T02:08:00.751+0000] {processor.py:840} INFO - DAG(s) 'example_branch_operator' retrieved from /home/airflow/.local/lib/python3.12/site-packages/airflow/example_dags/example_branch_operator.py
[2024-06-07T02:08:00.827+0000] {logging_mixin.py:188} INFO - [2024-06-07T02:08:00.826+0000] {dag.py:3096} INFO - Sync 1 DAGs
[2024-06-07T02:08:00.874+0000] {logging_mixin.py:188} INFO - [2024-06-07T02:08:00.874+0000] {dag.py:3954} INFO - Setting next_dagrun for example_branch_operator to 2024-06-06 00:00:00+00:00, run_after=2024-06-07 00:00:00+00:00
[2024-06-07T02:08:00.922+0000] {processor.py:183} INFO - Processing /home/airflow/.local/lib/python3.12/site-packages/airflow/example_dags/example_branch_operator.py took 0.230 seconds
[2024-06-07T02:08:31.713+0000] {processor.py:161} INFO - Started process (PID=9336) to work on /home/airflow/.local/lib/python3.12/site-packages/airflow/example_dags/example_branch_operator.py
[2024-06-07T02:08:31.715+0000] {processor.py:830} INFO - Processing file /home/airflow/.local/lib/python3.12/site-packages/airflow/example_dags/example_branch_operator.py for tasks to queue
[2024-06-07T02:08:31.718+0000] {logging_mixin.py:188} INFO - [2024-06-07T02:08:31.717+0000] {dagbag.py:545} INFO - Filling up the DagBag from /home/airflow/.local/lib/python3.12/site-packages/airflow/example_dags/example_branch_operator.py
[2024-06-07T02:08:31.749+0000] {processor.py:840} INFO - DAG(s) 'example_branch_operator' retrieved from /home/airflow/.local/lib/python3.12/site-packages/airflow/example_dags/example_branch_operator.py
[2024-06-07T02:08:31.808+0000] {logging_mixin.py:188} INFO - [2024-06-07T02:08:31.807+0000] {dag.py:3096} INFO - Sync 1 DAGs
[2024-06-07T02:08:31.856+0000] {logging_mixin.py:188} INFO - [2024-06-07T02:08:31.855+0000] {dag.py:3954} INFO - Setting next_dagrun for example_branch_operator to 2024-06-06 00:00:00+00:00, run_after=2024-06-07 00:00:00+00:00
[2024-06-07T02:08:31.893+0000] {processor.py:183} INFO - Processing /home/airflow/.local/lib/python3.12/site-packages/airflow/example_dags/example_branch_operator.py took 0.191 seconds
[2024-06-07T02:09:03.050+0000] {processor.py:161} INFO - Started process (PID=9389) to work on /home/airflow/.local/lib/python3.12/site-packages/airflow/example_dags/example_branch_operator.py
[2024-06-07T02:09:03.053+0000] {processor.py:830} INFO - Processing file /home/airflow/.local/lib/python3.12/site-packages/airflow/example_dags/example_branch_operator.py for tasks to queue
[2024-06-07T02:09:03.055+0000] {logging_mixin.py:188} INFO - [2024-06-07T02:09:03.055+0000] {dagbag.py:545} INFO - Filling up the DagBag from /home/airflow/.local/lib/python3.12/site-packages/airflow/example_dags/example_branch_operator.py
[2024-06-07T02:09:03.084+0000] {processor.py:840} INFO - DAG(s) 'example_branch_operator' retrieved from /home/airflow/.local/lib/python3.12/site-packages/airflow/example_dags/example_branch_operator.py
[2024-06-07T02:09:03.154+0000] {logging_mixin.py:188} INFO - [2024-06-07T02:09:03.153+0000] {dag.py:3096} INFO - Sync 1 DAGs
[2024-06-07T02:09:03.215+0000] {logging_mixin.py:188} INFO - [2024-06-07T02:09:03.214+0000] {dag.py:3954} INFO - Setting next_dagrun for example_branch_operator to 2024-06-06 00:00:00+00:00, run_after=2024-06-07 00:00:00+00:00
[2024-06-07T02:09:03.264+0000] {processor.py:183} INFO - Processing /home/airflow/.local/lib/python3.12/site-packages/airflow/example_dags/example_branch_operator.py took 0.226 seconds
[2024-06-07T02:09:33.385+0000] {processor.py:161} INFO - Started process (PID=9442) to work on /home/airflow/.local/lib/python3.12/site-packages/airflow/example_dags/example_branch_operator.py
[2024-06-07T02:09:33.387+0000] {processor.py:830} INFO - Processing file /home/airflow/.local/lib/python3.12/site-packages/airflow/example_dags/example_branch_operator.py for tasks to queue
[2024-06-07T02:09:33.389+0000] {logging_mixin.py:188} INFO - [2024-06-07T02:09:33.389+0000] {dagbag.py:545} INFO - Filling up the DagBag from /home/airflow/.local/lib/python3.12/site-packages/airflow/example_dags/example_branch_operator.py
[2024-06-07T02:09:33.419+0000] {processor.py:840} INFO - DAG(s) 'example_branch_operator' retrieved from /home/airflow/.local/lib/python3.12/site-packages/airflow/example_dags/example_branch_operator.py
[2024-06-07T02:09:33.475+0000] {logging_mixin.py:188} INFO - [2024-06-07T02:09:33.474+0000] {dag.py:3096} INFO - Sync 1 DAGs
[2024-06-07T02:09:33.522+0000] {logging_mixin.py:188} INFO - [2024-06-07T02:09:33.521+0000] {dag.py:3954} INFO - Setting next_dagrun for example_branch_operator to 2024-06-06 00:00:00+00:00, run_after=2024-06-07 00:00:00+00:00
[2024-06-07T02:09:33.563+0000] {processor.py:183} INFO - Processing /home/airflow/.local/lib/python3.12/site-packages/airflow/example_dags/example_branch_operator.py took 0.188 seconds
[2024-06-07T02:10:04.492+0000] {processor.py:161} INFO - Started process (PID=9495) to work on /home/airflow/.local/lib/python3.12/site-packages/airflow/example_dags/example_branch_operator.py
[2024-06-07T02:10:04.494+0000] {processor.py:830} INFO - Processing file /home/airflow/.local/lib/python3.12/site-packages/airflow/example_dags/example_branch_operator.py for tasks to queue
[2024-06-07T02:10:04.496+0000] {logging_mixin.py:188} INFO - [2024-06-07T02:10:04.496+0000] {dagbag.py:545} INFO - Filling up the DagBag from /home/airflow/.local/lib/python3.12/site-packages/airflow/example_dags/example_branch_operator.py
[2024-06-07T02:10:04.521+0000] {processor.py:840} INFO - DAG(s) 'example_branch_operator' retrieved from /home/airflow/.local/lib/python3.12/site-packages/airflow/example_dags/example_branch_operator.py
[2024-06-07T02:10:04.567+0000] {logging_mixin.py:188} INFO - [2024-06-07T02:10:04.566+0000] {dag.py:3096} INFO - Sync 1 DAGs
[2024-06-07T02:10:04.602+0000] {logging_mixin.py:188} INFO - [2024-06-07T02:10:04.602+0000] {dag.py:3954} INFO - Setting next_dagrun for example_branch_operator to 2024-06-06 00:00:00+00:00, run_after=2024-06-07 00:00:00+00:00
[2024-06-07T02:10:04.634+0000] {processor.py:183} INFO - Processing /home/airflow/.local/lib/python3.12/site-packages/airflow/example_dags/example_branch_operator.py took 0.153 seconds
[2024-06-07T02:10:36.010+0000] {processor.py:161} INFO - Started process (PID=9548) to work on /home/airflow/.local/lib/python3.12/site-packages/airflow/example_dags/example_branch_operator.py
[2024-06-07T02:10:36.013+0000] {processor.py:830} INFO - Processing file /home/airflow/.local/lib/python3.12/site-packages/airflow/example_dags/example_branch_operator.py for tasks to queue
[2024-06-07T02:10:36.015+0000] {logging_mixin.py:188} INFO - [2024-06-07T02:10:36.015+0000] {dagbag.py:545} INFO - Filling up the DagBag from /home/airflow/.local/lib/python3.12/site-packages/airflow/example_dags/example_branch_operator.py
[2024-06-07T02:10:36.054+0000] {processor.py:840} INFO - DAG(s) 'example_branch_operator' retrieved from /home/airflow/.local/lib/python3.12/site-packages/airflow/example_dags/example_branch_operator.py
[2024-06-07T02:10:36.130+0000] {logging_mixin.py:188} INFO - [2024-06-07T02:10:36.129+0000] {dag.py:3096} INFO - Sync 1 DAGs
[2024-06-07T02:10:36.182+0000] {logging_mixin.py:188} INFO - [2024-06-07T02:10:36.181+0000] {dag.py:3954} INFO - Setting next_dagrun for example_branch_operator to 2024-06-06 00:00:00+00:00, run_after=2024-06-07 00:00:00+00:00
[2024-06-07T02:10:36.244+0000] {processor.py:183} INFO - Processing /home/airflow/.local/lib/python3.12/site-packages/airflow/example_dags/example_branch_operator.py took 0.244 seconds
[2024-06-07T02:11:06.876+0000] {processor.py:161} INFO - Started process (PID=9601) to work on /home/airflow/.local/lib/python3.12/site-packages/airflow/example_dags/example_branch_operator.py
[2024-06-07T02:11:06.878+0000] {processor.py:830} INFO - Processing file /home/airflow/.local/lib/python3.12/site-packages/airflow/example_dags/example_branch_operator.py for tasks to queue
[2024-06-07T02:11:06.880+0000] {logging_mixin.py:188} INFO - [2024-06-07T02:11:06.879+0000] {dagbag.py:545} INFO - Filling up the DagBag from /home/airflow/.local/lib/python3.12/site-packages/airflow/example_dags/example_branch_operator.py
[2024-06-07T02:11:06.910+0000] {processor.py:840} INFO - DAG(s) 'example_branch_operator' retrieved from /home/airflow/.local/lib/python3.12/site-packages/airflow/example_dags/example_branch_operator.py
[2024-06-07T02:11:06.965+0000] {logging_mixin.py:188} INFO - [2024-06-07T02:11:06.964+0000] {dag.py:3096} INFO - Sync 1 DAGs
[2024-06-07T02:11:07.005+0000] {logging_mixin.py:188} INFO - [2024-06-07T02:11:07.004+0000] {dag.py:3954} INFO - Setting next_dagrun for example_branch_operator to 2024-06-06 00:00:00+00:00, run_after=2024-06-07 00:00:00+00:00
[2024-06-07T02:11:07.047+0000] {processor.py:183} INFO - Processing /home/airflow/.local/lib/python3.12/site-packages/airflow/example_dags/example_branch_operator.py took 0.182 seconds
[2024-06-07T14:01:13.849+0000] {processor.py:161} INFO - Started process (PID=9673) to work on /home/airflow/.local/lib/python3.12/site-packages/airflow/example_dags/example_branch_operator.py
[2024-06-07T14:01:13.851+0000] {processor.py:830} INFO - Processing file /home/airflow/.local/lib/python3.12/site-packages/airflow/example_dags/example_branch_operator.py for tasks to queue
[2024-06-07T14:01:13.905+0000] {logging_mixin.py:188} INFO - [2024-06-07T14:01:13.905+0000] {dagbag.py:545} INFO - Filling up the DagBag from /home/airflow/.local/lib/python3.12/site-packages/airflow/example_dags/example_branch_operator.py
[2024-06-07T14:01:13.947+0000] {processor.py:840} INFO - DAG(s) 'example_branch_operator' retrieved from /home/airflow/.local/lib/python3.12/site-packages/airflow/example_dags/example_branch_operator.py
[2024-06-07T14:01:14.142+0000] {logging_mixin.py:188} INFO - [2024-06-07T14:01:14.141+0000] {dag.py:3096} INFO - Sync 1 DAGs
[2024-06-07T14:01:14.205+0000] {logging_mixin.py:188} INFO - [2024-06-07T14:01:14.205+0000] {dag.py:3954} INFO - Setting next_dagrun for example_branch_operator to 2024-06-06 00:00:00+00:00, run_after=2024-06-07 00:00:00+00:00
[2024-06-07T14:01:14.272+0000] {processor.py:183} INFO - Processing /home/airflow/.local/lib/python3.12/site-packages/airflow/example_dags/example_branch_operator.py took 0.433 seconds
[2024-06-07T14:01:44.932+0000] {processor.py:161} INFO - Started process (PID=9726) to work on /home/airflow/.local/lib/python3.12/site-packages/airflow/example_dags/example_branch_operator.py
[2024-06-07T14:01:44.934+0000] {processor.py:830} INFO - Processing file /home/airflow/.local/lib/python3.12/site-packages/airflow/example_dags/example_branch_operator.py for tasks to queue
[2024-06-07T14:01:44.935+0000] {logging_mixin.py:188} INFO - [2024-06-07T14:01:44.935+0000] {dagbag.py:545} INFO - Filling up the DagBag from /home/airflow/.local/lib/python3.12/site-packages/airflow/example_dags/example_branch_operator.py
[2024-06-07T14:01:44.960+0000] {processor.py:840} INFO - DAG(s) 'example_branch_operator' retrieved from /home/airflow/.local/lib/python3.12/site-packages/airflow/example_dags/example_branch_operator.py
[2024-06-07T14:01:45.022+0000] {logging_mixin.py:188} INFO - [2024-06-07T14:01:45.022+0000] {dag.py:3096} INFO - Sync 1 DAGs
[2024-06-07T14:01:45.091+0000] {logging_mixin.py:188} INFO - [2024-06-07T14:01:45.091+0000] {dag.py:3954} INFO - Setting next_dagrun for example_branch_operator to 2024-06-06 00:00:00+00:00, run_after=2024-06-07 00:00:00+00:00
[2024-06-07T14:01:45.151+0000] {processor.py:183} INFO - Processing /home/airflow/.local/lib/python3.12/site-packages/airflow/example_dags/example_branch_operator.py took 0.226 seconds
