[2024-06-07T02:01:14.387+0000] {processor.py:161} INFO - Started process (PID=8576) to work on /home/airflow/.local/lib/python3.12/site-packages/airflow/example_dags/example_short_circuit_operator.py
[2024-06-07T02:01:14.390+0000] {processor.py:830} INFO - Processing file /home/airflow/.local/lib/python3.12/site-packages/airflow/example_dags/example_short_circuit_operator.py for tasks to queue
[2024-06-07T02:01:14.393+0000] {logging_mixin.py:188} INFO - [2024-06-07T02:01:14.392+0000] {dagbag.py:545} INFO - Filling up the DagBag from /home/airflow/.local/lib/python3.12/site-packages/airflow/example_dags/example_short_circuit_operator.py
[2024-06-07T02:01:14.418+0000] {processor.py:840} INFO - DAG(s) 'example_short_circuit_operator' retrieved from /home/airflow/.local/lib/python3.12/site-packages/airflow/example_dags/example_short_circuit_operator.py
[2024-06-07T02:01:14.473+0000] {logging_mixin.py:188} INFO - [2024-06-07T02:01:14.472+0000] {dag.py:3096} INFO - Sync 1 DAGs
[2024-06-07T02:01:14.530+0000] {logging_mixin.py:188} INFO - [2024-06-07T02:01:14.530+0000] {dag.py:3954} INFO - Setting next_dagrun for example_short_circuit_operator to 2024-06-06 00:00:00+00:00, run_after=2024-06-07 00:00:00+00:00
[2024-06-07T02:01:14.583+0000] {processor.py:183} INFO - Processing /home/airflow/.local/lib/python3.12/site-packages/airflow/example_dags/example_short_circuit_operator.py took 0.212 seconds
[2024-06-07T02:01:45.545+0000] {processor.py:161} INFO - Started process (PID=8629) to work on /home/airflow/.local/lib/python3.12/site-packages/airflow/example_dags/example_short_circuit_operator.py
[2024-06-07T02:01:45.547+0000] {processor.py:830} INFO - Processing file /home/airflow/.local/lib/python3.12/site-packages/airflow/example_dags/example_short_circuit_operator.py for tasks to queue
[2024-06-07T02:01:45.549+0000] {logging_mixin.py:188} INFO - [2024-06-07T02:01:45.549+0000] {dagbag.py:545} INFO - Filling up the DagBag from /home/airflow/.local/lib/python3.12/site-packages/airflow/example_dags/example_short_circuit_operator.py
[2024-06-07T02:01:45.563+0000] {processor.py:840} INFO - DAG(s) 'example_short_circuit_operator' retrieved from /home/airflow/.local/lib/python3.12/site-packages/airflow/example_dags/example_short_circuit_operator.py
[2024-06-07T02:01:45.610+0000] {logging_mixin.py:188} INFO - [2024-06-07T02:01:45.609+0000] {dag.py:3096} INFO - Sync 1 DAGs
[2024-06-07T02:01:45.652+0000] {logging_mixin.py:188} INFO - [2024-06-07T02:01:45.652+0000] {dag.py:3954} INFO - Setting next_dagrun for example_short_circuit_operator to 2024-06-06 00:00:00+00:00, run_after=2024-06-07 00:00:00+00:00
[2024-06-07T02:01:45.696+0000] {processor.py:183} INFO - Processing /home/airflow/.local/lib/python3.12/site-packages/airflow/example_dags/example_short_circuit_operator.py took 0.162 seconds
[2024-06-07T02:02:16.001+0000] {processor.py:161} INFO - Started process (PID=8682) to work on /home/airflow/.local/lib/python3.12/site-packages/airflow/example_dags/example_short_circuit_operator.py
[2024-06-07T02:02:16.004+0000] {processor.py:830} INFO - Processing file /home/airflow/.local/lib/python3.12/site-packages/airflow/example_dags/example_short_circuit_operator.py for tasks to queue
[2024-06-07T02:02:16.007+0000] {logging_mixin.py:188} INFO - [2024-06-07T02:02:16.006+0000] {dagbag.py:545} INFO - Filling up the DagBag from /home/airflow/.local/lib/python3.12/site-packages/airflow/example_dags/example_short_circuit_operator.py
[2024-06-07T02:02:16.023+0000] {processor.py:840} INFO - DAG(s) 'example_short_circuit_operator' retrieved from /home/airflow/.local/lib/python3.12/site-packages/airflow/example_dags/example_short_circuit_operator.py
[2024-06-07T02:02:16.072+0000] {logging_mixin.py:188} INFO - [2024-06-07T02:02:16.071+0000] {dag.py:3096} INFO - Sync 1 DAGs
[2024-06-07T02:02:16.122+0000] {logging_mixin.py:188} INFO - [2024-06-07T02:02:16.122+0000] {dag.py:3954} INFO - Setting next_dagrun for example_short_circuit_operator to 2024-06-06 00:00:00+00:00, run_after=2024-06-07 00:00:00+00:00
[2024-06-07T02:02:16.171+0000] {processor.py:183} INFO - Processing /home/airflow/.local/lib/python3.12/site-packages/airflow/example_dags/example_short_circuit_operator.py took 0.183 seconds
[2024-06-07T02:02:46.817+0000] {processor.py:161} INFO - Started process (PID=8735) to work on /home/airflow/.local/lib/python3.12/site-packages/airflow/example_dags/example_short_circuit_operator.py
[2024-06-07T02:02:46.819+0000] {processor.py:830} INFO - Processing file /home/airflow/.local/lib/python3.12/site-packages/airflow/example_dags/example_short_circuit_operator.py for tasks to queue
[2024-06-07T02:02:46.821+0000] {logging_mixin.py:188} INFO - [2024-06-07T02:02:46.820+0000] {dagbag.py:545} INFO - Filling up the DagBag from /home/airflow/.local/lib/python3.12/site-packages/airflow/example_dags/example_short_circuit_operator.py
[2024-06-07T02:02:46.842+0000] {processor.py:840} INFO - DAG(s) 'example_short_circuit_operator' retrieved from /home/airflow/.local/lib/python3.12/site-packages/airflow/example_dags/example_short_circuit_operator.py
[2024-06-07T02:02:46.935+0000] {logging_mixin.py:188} INFO - [2024-06-07T02:02:46.934+0000] {dag.py:3096} INFO - Sync 1 DAGs
[2024-06-07T02:02:47.033+0000] {logging_mixin.py:188} INFO - [2024-06-07T02:02:47.033+0000] {dag.py:3954} INFO - Setting next_dagrun for example_short_circuit_operator to 2024-06-06 00:00:00+00:00, run_after=2024-06-07 00:00:00+00:00
[2024-06-07T02:02:47.090+0000] {processor.py:183} INFO - Processing /home/airflow/.local/lib/python3.12/site-packages/airflow/example_dags/example_short_circuit_operator.py took 0.285 seconds
[2024-06-07T02:03:18.494+0000] {processor.py:161} INFO - Started process (PID=8788) to work on /home/airflow/.local/lib/python3.12/site-packages/airflow/example_dags/example_short_circuit_operator.py
[2024-06-07T02:03:18.497+0000] {processor.py:830} INFO - Processing file /home/airflow/.local/lib/python3.12/site-packages/airflow/example_dags/example_short_circuit_operator.py for tasks to queue
[2024-06-07T02:03:18.499+0000] {logging_mixin.py:188} INFO - [2024-06-07T02:03:18.498+0000] {dagbag.py:545} INFO - Filling up the DagBag from /home/airflow/.local/lib/python3.12/site-packages/airflow/example_dags/example_short_circuit_operator.py
[2024-06-07T02:03:18.517+0000] {processor.py:840} INFO - DAG(s) 'example_short_circuit_operator' retrieved from /home/airflow/.local/lib/python3.12/site-packages/airflow/example_dags/example_short_circuit_operator.py
[2024-06-07T02:03:18.592+0000] {logging_mixin.py:188} INFO - [2024-06-07T02:03:18.591+0000] {dag.py:3096} INFO - Sync 1 DAGs
[2024-06-07T02:03:18.634+0000] {logging_mixin.py:188} INFO - [2024-06-07T02:03:18.633+0000] {dag.py:3954} INFO - Setting next_dagrun for example_short_circuit_operator to 2024-06-06 00:00:00+00:00, run_after=2024-06-07 00:00:00+00:00
[2024-06-07T02:03:18.680+0000] {processor.py:183} INFO - Processing /home/airflow/.local/lib/python3.12/site-packages/airflow/example_dags/example_short_circuit_operator.py took 0.198 seconds
[2024-06-07T02:03:48.874+0000] {processor.py:161} INFO - Started process (PID=8839) to work on /home/airflow/.local/lib/python3.12/site-packages/airflow/example_dags/example_short_circuit_operator.py
[2024-06-07T02:03:48.876+0000] {processor.py:830} INFO - Processing file /home/airflow/.local/lib/python3.12/site-packages/airflow/example_dags/example_short_circuit_operator.py for tasks to queue
[2024-06-07T02:03:48.878+0000] {logging_mixin.py:188} INFO - [2024-06-07T02:03:48.877+0000] {dagbag.py:545} INFO - Filling up the DagBag from /home/airflow/.local/lib/python3.12/site-packages/airflow/example_dags/example_short_circuit_operator.py
[2024-06-07T02:03:48.893+0000] {processor.py:840} INFO - DAG(s) 'example_short_circuit_operator' retrieved from /home/airflow/.local/lib/python3.12/site-packages/airflow/example_dags/example_short_circuit_operator.py
[2024-06-07T02:03:48.944+0000] {logging_mixin.py:188} INFO - [2024-06-07T02:03:48.943+0000] {dag.py:3096} INFO - Sync 1 DAGs
[2024-06-07T02:03:48.993+0000] {logging_mixin.py:188} INFO - [2024-06-07T02:03:48.993+0000] {dag.py:3954} INFO - Setting next_dagrun for example_short_circuit_operator to 2024-06-06 00:00:00+00:00, run_after=2024-06-07 00:00:00+00:00
[2024-06-07T02:03:49.035+0000] {processor.py:183} INFO - Processing /home/airflow/.local/lib/python3.12/site-packages/airflow/example_dags/example_short_circuit_operator.py took 0.172 seconds
[2024-06-07T02:04:19.971+0000] {processor.py:161} INFO - Started process (PID=8892) to work on /home/airflow/.local/lib/python3.12/site-packages/airflow/example_dags/example_short_circuit_operator.py
[2024-06-07T02:04:19.975+0000] {processor.py:830} INFO - Processing file /home/airflow/.local/lib/python3.12/site-packages/airflow/example_dags/example_short_circuit_operator.py for tasks to queue
[2024-06-07T02:04:19.979+0000] {logging_mixin.py:188} INFO - [2024-06-07T02:04:19.977+0000] {dagbag.py:545} INFO - Filling up the DagBag from /home/airflow/.local/lib/python3.12/site-packages/airflow/example_dags/example_short_circuit_operator.py
[2024-06-07T02:04:20.003+0000] {processor.py:840} INFO - DAG(s) 'example_short_circuit_operator' retrieved from /home/airflow/.local/lib/python3.12/site-packages/airflow/example_dags/example_short_circuit_operator.py
[2024-06-07T02:04:20.060+0000] {logging_mixin.py:188} INFO - [2024-06-07T02:04:20.060+0000] {dag.py:3096} INFO - Sync 1 DAGs
[2024-06-07T02:04:20.108+0000] {logging_mixin.py:188} INFO - [2024-06-07T02:04:20.107+0000] {dag.py:3954} INFO - Setting next_dagrun for example_short_circuit_operator to 2024-06-06 00:00:00+00:00, run_after=2024-06-07 00:00:00+00:00
[2024-06-07T02:04:20.189+0000] {processor.py:183} INFO - Processing /home/airflow/.local/lib/python3.12/site-packages/airflow/example_dags/example_short_circuit_operator.py took 0.233 seconds
[2024-06-07T02:04:50.939+0000] {processor.py:161} INFO - Started process (PID=8945) to work on /home/airflow/.local/lib/python3.12/site-packages/airflow/example_dags/example_short_circuit_operator.py
[2024-06-07T02:04:50.941+0000] {processor.py:830} INFO - Processing file /home/airflow/.local/lib/python3.12/site-packages/airflow/example_dags/example_short_circuit_operator.py for tasks to queue
[2024-06-07T02:04:50.943+0000] {logging_mixin.py:188} INFO - [2024-06-07T02:04:50.943+0000] {dagbag.py:545} INFO - Filling up the DagBag from /home/airflow/.local/lib/python3.12/site-packages/airflow/example_dags/example_short_circuit_operator.py
[2024-06-07T02:04:50.958+0000] {processor.py:840} INFO - DAG(s) 'example_short_circuit_operator' retrieved from /home/airflow/.local/lib/python3.12/site-packages/airflow/example_dags/example_short_circuit_operator.py
[2024-06-07T02:04:51.003+0000] {logging_mixin.py:188} INFO - [2024-06-07T02:04:51.002+0000] {dag.py:3096} INFO - Sync 1 DAGs
[2024-06-07T02:04:51.044+0000] {logging_mixin.py:188} INFO - [2024-06-07T02:04:51.043+0000] {dag.py:3954} INFO - Setting next_dagrun for example_short_circuit_operator to 2024-06-06 00:00:00+00:00, run_after=2024-06-07 00:00:00+00:00
[2024-06-07T02:04:51.082+0000] {processor.py:183} INFO - Processing /home/airflow/.local/lib/python3.12/site-packages/airflow/example_dags/example_short_circuit_operator.py took 0.153 seconds
[2024-06-07T02:05:21.826+0000] {processor.py:161} INFO - Started process (PID=8998) to work on /home/airflow/.local/lib/python3.12/site-packages/airflow/example_dags/example_short_circuit_operator.py
[2024-06-07T02:05:21.830+0000] {processor.py:830} INFO - Processing file /home/airflow/.local/lib/python3.12/site-packages/airflow/example_dags/example_short_circuit_operator.py for tasks to queue
[2024-06-07T02:05:21.833+0000] {logging_mixin.py:188} INFO - [2024-06-07T02:05:21.832+0000] {dagbag.py:545} INFO - Filling up the DagBag from /home/airflow/.local/lib/python3.12/site-packages/airflow/example_dags/example_short_circuit_operator.py
[2024-06-07T02:05:21.848+0000] {processor.py:840} INFO - DAG(s) 'example_short_circuit_operator' retrieved from /home/airflow/.local/lib/python3.12/site-packages/airflow/example_dags/example_short_circuit_operator.py
[2024-06-07T02:05:21.900+0000] {logging_mixin.py:188} INFO - [2024-06-07T02:05:21.900+0000] {dag.py:3096} INFO - Sync 1 DAGs
[2024-06-07T02:05:21.941+0000] {logging_mixin.py:188} INFO - [2024-06-07T02:05:21.941+0000] {dag.py:3954} INFO - Setting next_dagrun for example_short_circuit_operator to 2024-06-06 00:00:00+00:00, run_after=2024-06-07 00:00:00+00:00
[2024-06-07T02:05:21.987+0000] {processor.py:183} INFO - Processing /home/airflow/.local/lib/python3.12/site-packages/airflow/example_dags/example_short_circuit_operator.py took 0.172 seconds
[2024-06-07T02:05:53.031+0000] {processor.py:161} INFO - Started process (PID=9051) to work on /home/airflow/.local/lib/python3.12/site-packages/airflow/example_dags/example_short_circuit_operator.py
[2024-06-07T02:05:53.033+0000] {processor.py:830} INFO - Processing file /home/airflow/.local/lib/python3.12/site-packages/airflow/example_dags/example_short_circuit_operator.py for tasks to queue
[2024-06-07T02:05:53.035+0000] {logging_mixin.py:188} INFO - [2024-06-07T02:05:53.035+0000] {dagbag.py:545} INFO - Filling up the DagBag from /home/airflow/.local/lib/python3.12/site-packages/airflow/example_dags/example_short_circuit_operator.py
[2024-06-07T02:05:53.051+0000] {processor.py:840} INFO - DAG(s) 'example_short_circuit_operator' retrieved from /home/airflow/.local/lib/python3.12/site-packages/airflow/example_dags/example_short_circuit_operator.py
[2024-06-07T02:05:53.099+0000] {logging_mixin.py:188} INFO - [2024-06-07T02:05:53.098+0000] {dag.py:3096} INFO - Sync 1 DAGs
[2024-06-07T02:05:53.146+0000] {logging_mixin.py:188} INFO - [2024-06-07T02:05:53.145+0000] {dag.py:3954} INFO - Setting next_dagrun for example_short_circuit_operator to 2024-06-06 00:00:00+00:00, run_after=2024-06-07 00:00:00+00:00
[2024-06-07T02:05:53.192+0000] {processor.py:183} INFO - Processing /home/airflow/.local/lib/python3.12/site-packages/airflow/example_dags/example_short_circuit_operator.py took 0.172 seconds
[2024-06-07T02:06:23.437+0000] {processor.py:161} INFO - Started process (PID=9103) to work on /home/airflow/.local/lib/python3.12/site-packages/airflow/example_dags/example_short_circuit_operator.py
[2024-06-07T02:06:23.444+0000] {processor.py:830} INFO - Processing file /home/airflow/.local/lib/python3.12/site-packages/airflow/example_dags/example_short_circuit_operator.py for tasks to queue
[2024-06-07T02:06:23.447+0000] {logging_mixin.py:188} INFO - [2024-06-07T02:06:23.446+0000] {dagbag.py:545} INFO - Filling up the DagBag from /home/airflow/.local/lib/python3.12/site-packages/airflow/example_dags/example_short_circuit_operator.py
[2024-06-07T02:06:23.468+0000] {processor.py:840} INFO - DAG(s) 'example_short_circuit_operator' retrieved from /home/airflow/.local/lib/python3.12/site-packages/airflow/example_dags/example_short_circuit_operator.py
[2024-06-07T02:06:23.518+0000] {logging_mixin.py:188} INFO - [2024-06-07T02:06:23.517+0000] {dag.py:3096} INFO - Sync 1 DAGs
[2024-06-07T02:06:23.558+0000] {logging_mixin.py:188} INFO - [2024-06-07T02:06:23.558+0000] {dag.py:3954} INFO - Setting next_dagrun for example_short_circuit_operator to 2024-06-06 00:00:00+00:00, run_after=2024-06-07 00:00:00+00:00
[2024-06-07T02:06:23.599+0000] {processor.py:183} INFO - Processing /home/airflow/.local/lib/python3.12/site-packages/airflow/example_dags/example_short_circuit_operator.py took 0.180 seconds
[2024-06-07T02:06:54.131+0000] {processor.py:161} INFO - Started process (PID=9156) to work on /home/airflow/.local/lib/python3.12/site-packages/airflow/example_dags/example_short_circuit_operator.py
[2024-06-07T02:06:54.134+0000] {processor.py:830} INFO - Processing file /home/airflow/.local/lib/python3.12/site-packages/airflow/example_dags/example_short_circuit_operator.py for tasks to queue
[2024-06-07T02:06:54.136+0000] {logging_mixin.py:188} INFO - [2024-06-07T02:06:54.135+0000] {dagbag.py:545} INFO - Filling up the DagBag from /home/airflow/.local/lib/python3.12/site-packages/airflow/example_dags/example_short_circuit_operator.py
[2024-06-07T02:06:54.152+0000] {processor.py:840} INFO - DAG(s) 'example_short_circuit_operator' retrieved from /home/airflow/.local/lib/python3.12/site-packages/airflow/example_dags/example_short_circuit_operator.py
[2024-06-07T02:06:54.200+0000] {logging_mixin.py:188} INFO - [2024-06-07T02:06:54.200+0000] {dag.py:3096} INFO - Sync 1 DAGs
[2024-06-07T02:06:54.250+0000] {logging_mixin.py:188} INFO - [2024-06-07T02:06:54.250+0000] {dag.py:3954} INFO - Setting next_dagrun for example_short_circuit_operator to 2024-06-06 00:00:00+00:00, run_after=2024-06-07 00:00:00+00:00
[2024-06-07T02:06:54.290+0000] {processor.py:183} INFO - Processing /home/airflow/.local/lib/python3.12/site-packages/airflow/example_dags/example_short_circuit_operator.py took 0.170 seconds
[2024-06-07T02:07:24.637+0000] {processor.py:161} INFO - Started process (PID=9209) to work on /home/airflow/.local/lib/python3.12/site-packages/airflow/example_dags/example_short_circuit_operator.py
[2024-06-07T02:07:24.639+0000] {processor.py:830} INFO - Processing file /home/airflow/.local/lib/python3.12/site-packages/airflow/example_dags/example_short_circuit_operator.py for tasks to queue
[2024-06-07T02:07:24.641+0000] {logging_mixin.py:188} INFO - [2024-06-07T02:07:24.641+0000] {dagbag.py:545} INFO - Filling up the DagBag from /home/airflow/.local/lib/python3.12/site-packages/airflow/example_dags/example_short_circuit_operator.py
[2024-06-07T02:07:24.657+0000] {processor.py:840} INFO - DAG(s) 'example_short_circuit_operator' retrieved from /home/airflow/.local/lib/python3.12/site-packages/airflow/example_dags/example_short_circuit_operator.py
[2024-06-07T02:07:24.702+0000] {logging_mixin.py:188} INFO - [2024-06-07T02:07:24.702+0000] {dag.py:3096} INFO - Sync 1 DAGs
[2024-06-07T02:07:24.779+0000] {logging_mixin.py:188} INFO - [2024-06-07T02:07:24.778+0000] {dag.py:3954} INFO - Setting next_dagrun for example_short_circuit_operator to 2024-06-06 00:00:00+00:00, run_after=2024-06-07 00:00:00+00:00
[2024-06-07T02:07:24.827+0000] {processor.py:183} INFO - Processing /home/airflow/.local/lib/python3.12/site-packages/airflow/example_dags/example_short_circuit_operator.py took 0.202 seconds
[2024-06-07T02:07:54.919+0000] {processor.py:161} INFO - Started process (PID=9261) to work on /home/airflow/.local/lib/python3.12/site-packages/airflow/example_dags/example_short_circuit_operator.py
[2024-06-07T02:07:54.921+0000] {processor.py:830} INFO - Processing file /home/airflow/.local/lib/python3.12/site-packages/airflow/example_dags/example_short_circuit_operator.py for tasks to queue
[2024-06-07T02:07:54.923+0000] {logging_mixin.py:188} INFO - [2024-06-07T02:07:54.922+0000] {dagbag.py:545} INFO - Filling up the DagBag from /home/airflow/.local/lib/python3.12/site-packages/airflow/example_dags/example_short_circuit_operator.py
[2024-06-07T02:07:54.936+0000] {processor.py:840} INFO - DAG(s) 'example_short_circuit_operator' retrieved from /home/airflow/.local/lib/python3.12/site-packages/airflow/example_dags/example_short_circuit_operator.py
[2024-06-07T02:07:54.982+0000] {logging_mixin.py:188} INFO - [2024-06-07T02:07:54.982+0000] {dag.py:3096} INFO - Sync 1 DAGs
[2024-06-07T02:07:55.021+0000] {logging_mixin.py:188} INFO - [2024-06-07T02:07:55.021+0000] {dag.py:3954} INFO - Setting next_dagrun for example_short_circuit_operator to 2024-06-06 00:00:00+00:00, run_after=2024-06-07 00:00:00+00:00
[2024-06-07T02:07:55.063+0000] {processor.py:183} INFO - Processing /home/airflow/.local/lib/python3.12/site-packages/airflow/example_dags/example_short_circuit_operator.py took 0.155 seconds
[2024-06-07T02:08:25.687+0000] {processor.py:161} INFO - Started process (PID=9315) to work on /home/airflow/.local/lib/python3.12/site-packages/airflow/example_dags/example_short_circuit_operator.py
[2024-06-07T02:08:25.689+0000] {processor.py:830} INFO - Processing file /home/airflow/.local/lib/python3.12/site-packages/airflow/example_dags/example_short_circuit_operator.py for tasks to queue
[2024-06-07T02:08:25.691+0000] {logging_mixin.py:188} INFO - [2024-06-07T02:08:25.691+0000] {dagbag.py:545} INFO - Filling up the DagBag from /home/airflow/.local/lib/python3.12/site-packages/airflow/example_dags/example_short_circuit_operator.py
[2024-06-07T02:08:25.707+0000] {processor.py:840} INFO - DAG(s) 'example_short_circuit_operator' retrieved from /home/airflow/.local/lib/python3.12/site-packages/airflow/example_dags/example_short_circuit_operator.py
[2024-06-07T02:08:25.772+0000] {logging_mixin.py:188} INFO - [2024-06-07T02:08:25.771+0000] {dag.py:3096} INFO - Sync 1 DAGs
[2024-06-07T02:08:25.825+0000] {logging_mixin.py:188} INFO - [2024-06-07T02:08:25.824+0000] {dag.py:3954} INFO - Setting next_dagrun for example_short_circuit_operator to 2024-06-06 00:00:00+00:00, run_after=2024-06-07 00:00:00+00:00
[2024-06-07T02:08:25.870+0000] {processor.py:183} INFO - Processing /home/airflow/.local/lib/python3.12/site-packages/airflow/example_dags/example_short_circuit_operator.py took 0.198 seconds
[2024-06-07T02:08:56.291+0000] {processor.py:161} INFO - Started process (PID=9368) to work on /home/airflow/.local/lib/python3.12/site-packages/airflow/example_dags/example_short_circuit_operator.py
[2024-06-07T02:08:56.293+0000] {processor.py:830} INFO - Processing file /home/airflow/.local/lib/python3.12/site-packages/airflow/example_dags/example_short_circuit_operator.py for tasks to queue
[2024-06-07T02:08:56.296+0000] {logging_mixin.py:188} INFO - [2024-06-07T02:08:56.295+0000] {dagbag.py:545} INFO - Filling up the DagBag from /home/airflow/.local/lib/python3.12/site-packages/airflow/example_dags/example_short_circuit_operator.py
[2024-06-07T02:08:56.312+0000] {processor.py:840} INFO - DAG(s) 'example_short_circuit_operator' retrieved from /home/airflow/.local/lib/python3.12/site-packages/airflow/example_dags/example_short_circuit_operator.py
[2024-06-07T02:08:56.355+0000] {logging_mixin.py:188} INFO - [2024-06-07T02:08:56.355+0000] {dag.py:3096} INFO - Sync 1 DAGs
[2024-06-07T02:08:56.396+0000] {logging_mixin.py:188} INFO - [2024-06-07T02:08:56.395+0000] {dag.py:3954} INFO - Setting next_dagrun for example_short_circuit_operator to 2024-06-06 00:00:00+00:00, run_after=2024-06-07 00:00:00+00:00
[2024-06-07T02:08:56.434+0000] {processor.py:183} INFO - Processing /home/airflow/.local/lib/python3.12/site-packages/airflow/example_dags/example_short_circuit_operator.py took 0.156 seconds
[2024-06-07T02:09:26.797+0000] {processor.py:161} INFO - Started process (PID=9421) to work on /home/airflow/.local/lib/python3.12/site-packages/airflow/example_dags/example_short_circuit_operator.py
[2024-06-07T02:09:26.799+0000] {processor.py:830} INFO - Processing file /home/airflow/.local/lib/python3.12/site-packages/airflow/example_dags/example_short_circuit_operator.py for tasks to queue
[2024-06-07T02:09:26.801+0000] {logging_mixin.py:188} INFO - [2024-06-07T02:09:26.800+0000] {dagbag.py:545} INFO - Filling up the DagBag from /home/airflow/.local/lib/python3.12/site-packages/airflow/example_dags/example_short_circuit_operator.py
[2024-06-07T02:09:26.816+0000] {processor.py:840} INFO - DAG(s) 'example_short_circuit_operator' retrieved from /home/airflow/.local/lib/python3.12/site-packages/airflow/example_dags/example_short_circuit_operator.py
[2024-06-07T02:09:26.862+0000] {logging_mixin.py:188} INFO - [2024-06-07T02:09:26.861+0000] {dag.py:3096} INFO - Sync 1 DAGs
[2024-06-07T02:09:26.915+0000] {logging_mixin.py:188} INFO - [2024-06-07T02:09:26.914+0000] {dag.py:3954} INFO - Setting next_dagrun for example_short_circuit_operator to 2024-06-06 00:00:00+00:00, run_after=2024-06-07 00:00:00+00:00
[2024-06-07T02:09:26.962+0000] {processor.py:183} INFO - Processing /home/airflow/.local/lib/python3.12/site-packages/airflow/example_dags/example_short_circuit_operator.py took 0.177 seconds
[2024-06-07T02:09:57.987+0000] {processor.py:161} INFO - Started process (PID=9474) to work on /home/airflow/.local/lib/python3.12/site-packages/airflow/example_dags/example_short_circuit_operator.py
[2024-06-07T02:09:57.989+0000] {processor.py:830} INFO - Processing file /home/airflow/.local/lib/python3.12/site-packages/airflow/example_dags/example_short_circuit_operator.py for tasks to queue
[2024-06-07T02:09:57.992+0000] {logging_mixin.py:188} INFO - [2024-06-07T02:09:57.991+0000] {dagbag.py:545} INFO - Filling up the DagBag from /home/airflow/.local/lib/python3.12/site-packages/airflow/example_dags/example_short_circuit_operator.py
[2024-06-07T02:09:58.007+0000] {processor.py:840} INFO - DAG(s) 'example_short_circuit_operator' retrieved from /home/airflow/.local/lib/python3.12/site-packages/airflow/example_dags/example_short_circuit_operator.py
[2024-06-07T02:09:58.055+0000] {logging_mixin.py:188} INFO - [2024-06-07T02:09:58.055+0000] {dag.py:3096} INFO - Sync 1 DAGs
[2024-06-07T02:09:58.103+0000] {logging_mixin.py:188} INFO - [2024-06-07T02:09:58.102+0000] {dag.py:3954} INFO - Setting next_dagrun for example_short_circuit_operator to 2024-06-06 00:00:00+00:00, run_after=2024-06-07 00:00:00+00:00
[2024-06-07T02:09:58.147+0000] {processor.py:183} INFO - Processing /home/airflow/.local/lib/python3.12/site-packages/airflow/example_dags/example_short_circuit_operator.py took 0.172 seconds
[2024-06-07T02:10:28.281+0000] {processor.py:161} INFO - Started process (PID=9527) to work on /home/airflow/.local/lib/python3.12/site-packages/airflow/example_dags/example_short_circuit_operator.py
[2024-06-07T02:10:28.284+0000] {processor.py:830} INFO - Processing file /home/airflow/.local/lib/python3.12/site-packages/airflow/example_dags/example_short_circuit_operator.py for tasks to queue
[2024-06-07T02:10:28.287+0000] {logging_mixin.py:188} INFO - [2024-06-07T02:10:28.286+0000] {dagbag.py:545} INFO - Filling up the DagBag from /home/airflow/.local/lib/python3.12/site-packages/airflow/example_dags/example_short_circuit_operator.py
[2024-06-07T02:10:28.302+0000] {processor.py:840} INFO - DAG(s) 'example_short_circuit_operator' retrieved from /home/airflow/.local/lib/python3.12/site-packages/airflow/example_dags/example_short_circuit_operator.py
[2024-06-07T02:10:28.354+0000] {logging_mixin.py:188} INFO - [2024-06-07T02:10:28.353+0000] {dag.py:3096} INFO - Sync 1 DAGs
[2024-06-07T02:10:28.437+0000] {logging_mixin.py:188} INFO - [2024-06-07T02:10:28.435+0000] {dag.py:3954} INFO - Setting next_dagrun for example_short_circuit_operator to 2024-06-06 00:00:00+00:00, run_after=2024-06-07 00:00:00+00:00
[2024-06-07T02:10:28.492+0000] {processor.py:183} INFO - Processing /home/airflow/.local/lib/python3.12/site-packages/airflow/example_dags/example_short_circuit_operator.py took 0.224 seconds
[2024-06-07T02:10:58.831+0000] {processor.py:161} INFO - Started process (PID=9580) to work on /home/airflow/.local/lib/python3.12/site-packages/airflow/example_dags/example_short_circuit_operator.py
[2024-06-07T02:10:58.833+0000] {processor.py:830} INFO - Processing file /home/airflow/.local/lib/python3.12/site-packages/airflow/example_dags/example_short_circuit_operator.py for tasks to queue
[2024-06-07T02:10:58.835+0000] {logging_mixin.py:188} INFO - [2024-06-07T02:10:58.835+0000] {dagbag.py:545} INFO - Filling up the DagBag from /home/airflow/.local/lib/python3.12/site-packages/airflow/example_dags/example_short_circuit_operator.py
[2024-06-07T02:10:58.851+0000] {processor.py:840} INFO - DAG(s) 'example_short_circuit_operator' retrieved from /home/airflow/.local/lib/python3.12/site-packages/airflow/example_dags/example_short_circuit_operator.py
[2024-06-07T02:10:58.895+0000] {logging_mixin.py:188} INFO - [2024-06-07T02:10:58.895+0000] {dag.py:3096} INFO - Sync 1 DAGs
[2024-06-07T02:10:58.941+0000] {logging_mixin.py:188} INFO - [2024-06-07T02:10:58.941+0000] {dag.py:3954} INFO - Setting next_dagrun for example_short_circuit_operator to 2024-06-06 00:00:00+00:00, run_after=2024-06-07 00:00:00+00:00
[2024-06-07T02:10:58.980+0000] {processor.py:183} INFO - Processing /home/airflow/.local/lib/python3.12/site-packages/airflow/example_dags/example_short_circuit_operator.py took 0.160 seconds
[2024-06-07T02:11:29.117+0000] {processor.py:161} INFO - Started process (PID=9633) to work on /home/airflow/.local/lib/python3.12/site-packages/airflow/example_dags/example_short_circuit_operator.py
[2024-06-07T02:11:29.119+0000] {processor.py:830} INFO - Processing file /home/airflow/.local/lib/python3.12/site-packages/airflow/example_dags/example_short_circuit_operator.py for tasks to queue
[2024-06-07T02:11:29.121+0000] {logging_mixin.py:188} INFO - [2024-06-07T02:11:29.120+0000] {dagbag.py:545} INFO - Filling up the DagBag from /home/airflow/.local/lib/python3.12/site-packages/airflow/example_dags/example_short_circuit_operator.py
[2024-06-07T02:11:29.133+0000] {processor.py:840} INFO - DAG(s) 'example_short_circuit_operator' retrieved from /home/airflow/.local/lib/python3.12/site-packages/airflow/example_dags/example_short_circuit_operator.py
[2024-06-07T02:11:29.168+0000] {logging_mixin.py:188} INFO - [2024-06-07T02:11:29.168+0000] {dag.py:3096} INFO - Sync 1 DAGs
[2024-06-07T02:11:29.197+0000] {logging_mixin.py:188} INFO - [2024-06-07T02:11:29.197+0000] {dag.py:3954} INFO - Setting next_dagrun for example_short_circuit_operator to 2024-06-06 00:00:00+00:00, run_after=2024-06-07 00:00:00+00:00
[2024-06-07T02:11:29.222+0000] {processor.py:183} INFO - Processing /home/airflow/.local/lib/python3.12/site-packages/airflow/example_dags/example_short_circuit_operator.py took 0.112 seconds
[2024-06-07T14:01:07.317+0000] {processor.py:161} INFO - Started process (PID=9655) to work on /home/airflow/.local/lib/python3.12/site-packages/airflow/example_dags/example_short_circuit_operator.py
[2024-06-07T14:01:07.324+0000] {processor.py:830} INFO - Processing file /home/airflow/.local/lib/python3.12/site-packages/airflow/example_dags/example_short_circuit_operator.py for tasks to queue
[2024-06-07T14:01:07.330+0000] {logging_mixin.py:188} INFO - [2024-06-07T14:01:07.329+0000] {dagbag.py:545} INFO - Filling up the DagBag from /home/airflow/.local/lib/python3.12/site-packages/airflow/example_dags/example_short_circuit_operator.py
[2024-06-07T14:01:07.362+0000] {processor.py:840} INFO - DAG(s) 'example_short_circuit_operator' retrieved from /home/airflow/.local/lib/python3.12/site-packages/airflow/example_dags/example_short_circuit_operator.py
[2024-06-07T14:01:07.448+0000] {logging_mixin.py:188} INFO - [2024-06-07T14:01:07.448+0000] {dag.py:3096} INFO - Sync 1 DAGs
[2024-06-07T14:01:07.684+0000] {logging_mixin.py:188} INFO - [2024-06-07T14:01:07.682+0000] {dag.py:3954} INFO - Setting next_dagrun for example_short_circuit_operator to 2024-06-06 00:00:00+00:00, run_after=2024-06-07 00:00:00+00:00
[2024-06-07T14:01:07.857+0000] {processor.py:183} INFO - Processing /home/airflow/.local/lib/python3.12/site-packages/airflow/example_dags/example_short_circuit_operator.py took 0.562 seconds
[2024-06-07T14:01:38.744+0000] {processor.py:161} INFO - Started process (PID=9708) to work on /home/airflow/.local/lib/python3.12/site-packages/airflow/example_dags/example_short_circuit_operator.py
[2024-06-07T14:01:38.746+0000] {processor.py:830} INFO - Processing file /home/airflow/.local/lib/python3.12/site-packages/airflow/example_dags/example_short_circuit_operator.py for tasks to queue
[2024-06-07T14:01:38.748+0000] {logging_mixin.py:188} INFO - [2024-06-07T14:01:38.747+0000] {dagbag.py:545} INFO - Filling up the DagBag from /home/airflow/.local/lib/python3.12/site-packages/airflow/example_dags/example_short_circuit_operator.py
[2024-06-07T14:01:38.793+0000] {processor.py:840} INFO - DAG(s) 'example_short_circuit_operator' retrieved from /home/airflow/.local/lib/python3.12/site-packages/airflow/example_dags/example_short_circuit_operator.py
[2024-06-07T14:01:38.842+0000] {logging_mixin.py:188} INFO - [2024-06-07T14:01:38.841+0000] {dag.py:3096} INFO - Sync 1 DAGs
[2024-06-07T14:01:38.896+0000] {logging_mixin.py:188} INFO - [2024-06-07T14:01:38.896+0000] {dag.py:3954} INFO - Setting next_dagrun for example_short_circuit_operator to 2024-06-06 00:00:00+00:00, run_after=2024-06-07 00:00:00+00:00
[2024-06-07T14:01:38.966+0000] {processor.py:183} INFO - Processing /home/airflow/.local/lib/python3.12/site-packages/airflow/example_dags/example_short_circuit_operator.py took 0.234 seconds
