[2024-06-07T02:01:13.046+0000] {processor.py:161} INFO - Started process (PID=8569) to work on /home/airflow/.local/lib/python3.12/site-packages/airflow/example_dags/example_nested_branch_dag.py
[2024-06-07T02:01:13.057+0000] {processor.py:830} INFO - Processing file /home/airflow/.local/lib/python3.12/site-packages/airflow/example_dags/example_nested_branch_dag.py for tasks to queue
[2024-06-07T02:01:13.062+0000] {logging_mixin.py:188} INFO - [2024-06-07T02:01:13.060+0000] {dagbag.py:545} INFO - Filling up the DagBag from /home/airflow/.local/lib/python3.12/site-packages/airflow/example_dags/example_nested_branch_dag.py
[2024-06-07T02:01:13.102+0000] {processor.py:840} INFO - DAG(s) 'example_nested_branch_dag' retrieved from /home/airflow/.local/lib/python3.12/site-packages/airflow/example_dags/example_nested_branch_dag.py
[2024-06-07T02:01:13.206+0000] {logging_mixin.py:188} INFO - [2024-06-07T02:01:13.205+0000] {dag.py:3096} INFO - Sync 1 DAGs
[2024-06-07T02:01:13.301+0000] {logging_mixin.py:188} INFO - [2024-06-07T02:01:13.300+0000] {dag.py:3954} INFO - Setting next_dagrun for example_nested_branch_dag to 2024-06-06 00:00:00+00:00, run_after=2024-06-07 00:00:00+00:00
[2024-06-07T02:01:13.375+0000] {processor.py:183} INFO - Processing /home/airflow/.local/lib/python3.12/site-packages/airflow/example_dags/example_nested_branch_dag.py took 0.361 seconds
[2024-06-07T02:01:44.393+0000] {processor.py:161} INFO - Started process (PID=8622) to work on /home/airflow/.local/lib/python3.12/site-packages/airflow/example_dags/example_nested_branch_dag.py
[2024-06-07T02:01:44.395+0000] {processor.py:830} INFO - Processing file /home/airflow/.local/lib/python3.12/site-packages/airflow/example_dags/example_nested_branch_dag.py for tasks to queue
[2024-06-07T02:01:44.397+0000] {logging_mixin.py:188} INFO - [2024-06-07T02:01:44.397+0000] {dagbag.py:545} INFO - Filling up the DagBag from /home/airflow/.local/lib/python3.12/site-packages/airflow/example_dags/example_nested_branch_dag.py
[2024-06-07T02:01:44.420+0000] {processor.py:840} INFO - DAG(s) 'example_nested_branch_dag' retrieved from /home/airflow/.local/lib/python3.12/site-packages/airflow/example_dags/example_nested_branch_dag.py
[2024-06-07T02:01:44.462+0000] {logging_mixin.py:188} INFO - [2024-06-07T02:01:44.461+0000] {dag.py:3096} INFO - Sync 1 DAGs
[2024-06-07T02:01:44.509+0000] {logging_mixin.py:188} INFO - [2024-06-07T02:01:44.508+0000] {dag.py:3954} INFO - Setting next_dagrun for example_nested_branch_dag to 2024-06-06 00:00:00+00:00, run_after=2024-06-07 00:00:00+00:00
[2024-06-07T02:01:44.549+0000] {processor.py:183} INFO - Processing /home/airflow/.local/lib/python3.12/site-packages/airflow/example_dags/example_nested_branch_dag.py took 0.168 seconds
[2024-06-07T02:02:15.054+0000] {processor.py:161} INFO - Started process (PID=8675) to work on /home/airflow/.local/lib/python3.12/site-packages/airflow/example_dags/example_nested_branch_dag.py
[2024-06-07T02:02:15.057+0000] {processor.py:830} INFO - Processing file /home/airflow/.local/lib/python3.12/site-packages/airflow/example_dags/example_nested_branch_dag.py for tasks to queue
[2024-06-07T02:02:15.060+0000] {logging_mixin.py:188} INFO - [2024-06-07T02:02:15.059+0000] {dagbag.py:545} INFO - Filling up the DagBag from /home/airflow/.local/lib/python3.12/site-packages/airflow/example_dags/example_nested_branch_dag.py
[2024-06-07T02:02:15.085+0000] {processor.py:840} INFO - DAG(s) 'example_nested_branch_dag' retrieved from /home/airflow/.local/lib/python3.12/site-packages/airflow/example_dags/example_nested_branch_dag.py
[2024-06-07T02:02:15.135+0000] {logging_mixin.py:188} INFO - [2024-06-07T02:02:15.134+0000] {dag.py:3096} INFO - Sync 1 DAGs
[2024-06-07T02:02:15.189+0000] {logging_mixin.py:188} INFO - [2024-06-07T02:02:15.188+0000] {dag.py:3954} INFO - Setting next_dagrun for example_nested_branch_dag to 2024-06-06 00:00:00+00:00, run_after=2024-06-07 00:00:00+00:00
[2024-06-07T02:02:15.244+0000] {processor.py:183} INFO - Processing /home/airflow/.local/lib/python3.12/site-packages/airflow/example_dags/example_nested_branch_dag.py took 0.203 seconds
[2024-06-07T02:02:46.038+0000] {processor.py:161} INFO - Started process (PID=8728) to work on /home/airflow/.local/lib/python3.12/site-packages/airflow/example_dags/example_nested_branch_dag.py
[2024-06-07T02:02:46.040+0000] {processor.py:830} INFO - Processing file /home/airflow/.local/lib/python3.12/site-packages/airflow/example_dags/example_nested_branch_dag.py for tasks to queue
[2024-06-07T02:02:46.043+0000] {logging_mixin.py:188} INFO - [2024-06-07T02:02:46.042+0000] {dagbag.py:545} INFO - Filling up the DagBag from /home/airflow/.local/lib/python3.12/site-packages/airflow/example_dags/example_nested_branch_dag.py
[2024-06-07T02:02:46.062+0000] {processor.py:840} INFO - DAG(s) 'example_nested_branch_dag' retrieved from /home/airflow/.local/lib/python3.12/site-packages/airflow/example_dags/example_nested_branch_dag.py
[2024-06-07T02:02:46.106+0000] {logging_mixin.py:188} INFO - [2024-06-07T02:02:46.105+0000] {dag.py:3096} INFO - Sync 1 DAGs
[2024-06-07T02:02:46.152+0000] {logging_mixin.py:188} INFO - [2024-06-07T02:02:46.152+0000] {dag.py:3954} INFO - Setting next_dagrun for example_nested_branch_dag to 2024-06-06 00:00:00+00:00, run_after=2024-06-07 00:00:00+00:00
[2024-06-07T02:02:46.193+0000] {processor.py:183} INFO - Processing /home/airflow/.local/lib/python3.12/site-packages/airflow/example_dags/example_nested_branch_dag.py took 0.166 seconds
[2024-06-07T02:03:16.926+0000] {processor.py:161} INFO - Started process (PID=8779) to work on /home/airflow/.local/lib/python3.12/site-packages/airflow/example_dags/example_nested_branch_dag.py
[2024-06-07T02:03:16.936+0000] {processor.py:830} INFO - Processing file /home/airflow/.local/lib/python3.12/site-packages/airflow/example_dags/example_nested_branch_dag.py for tasks to queue
[2024-06-07T02:03:16.939+0000] {logging_mixin.py:188} INFO - [2024-06-07T02:03:16.938+0000] {dagbag.py:545} INFO - Filling up the DagBag from /home/airflow/.local/lib/python3.12/site-packages/airflow/example_dags/example_nested_branch_dag.py
[2024-06-07T02:03:16.975+0000] {processor.py:840} INFO - DAG(s) 'example_nested_branch_dag' retrieved from /home/airflow/.local/lib/python3.12/site-packages/airflow/example_dags/example_nested_branch_dag.py
[2024-06-07T02:03:17.096+0000] {logging_mixin.py:188} INFO - [2024-06-07T02:03:17.096+0000] {dag.py:3096} INFO - Sync 1 DAGs
[2024-06-07T02:03:17.160+0000] {logging_mixin.py:188} INFO - [2024-06-07T02:03:17.159+0000] {dag.py:3954} INFO - Setting next_dagrun for example_nested_branch_dag to 2024-06-06 00:00:00+00:00, run_after=2024-06-07 00:00:00+00:00
[2024-06-07T02:03:17.225+0000] {processor.py:183} INFO - Processing /home/airflow/.local/lib/python3.12/site-packages/airflow/example_dags/example_nested_branch_dag.py took 0.318 seconds
[2024-06-07T02:03:47.388+0000] {processor.py:161} INFO - Started process (PID=8831) to work on /home/airflow/.local/lib/python3.12/site-packages/airflow/example_dags/example_nested_branch_dag.py
[2024-06-07T02:03:47.391+0000] {processor.py:830} INFO - Processing file /home/airflow/.local/lib/python3.12/site-packages/airflow/example_dags/example_nested_branch_dag.py for tasks to queue
[2024-06-07T02:03:47.393+0000] {logging_mixin.py:188} INFO - [2024-06-07T02:03:47.392+0000] {dagbag.py:545} INFO - Filling up the DagBag from /home/airflow/.local/lib/python3.12/site-packages/airflow/example_dags/example_nested_branch_dag.py
[2024-06-07T02:03:47.414+0000] {processor.py:840} INFO - DAG(s) 'example_nested_branch_dag' retrieved from /home/airflow/.local/lib/python3.12/site-packages/airflow/example_dags/example_nested_branch_dag.py
[2024-06-07T02:03:47.457+0000] {logging_mixin.py:188} INFO - [2024-06-07T02:03:47.456+0000] {dag.py:3096} INFO - Sync 1 DAGs
[2024-06-07T02:03:47.533+0000] {logging_mixin.py:188} INFO - [2024-06-07T02:03:47.533+0000] {dag.py:3954} INFO - Setting next_dagrun for example_nested_branch_dag to 2024-06-06 00:00:00+00:00, run_after=2024-06-07 00:00:00+00:00
[2024-06-07T02:03:47.578+0000] {processor.py:183} INFO - Processing /home/airflow/.local/lib/python3.12/site-packages/airflow/example_dags/example_nested_branch_dag.py took 0.209 seconds
[2024-06-07T02:04:17.710+0000] {processor.py:161} INFO - Started process (PID=8884) to work on /home/airflow/.local/lib/python3.12/site-packages/airflow/example_dags/example_nested_branch_dag.py
[2024-06-07T02:04:17.712+0000] {processor.py:830} INFO - Processing file /home/airflow/.local/lib/python3.12/site-packages/airflow/example_dags/example_nested_branch_dag.py for tasks to queue
[2024-06-07T02:04:17.714+0000] {logging_mixin.py:188} INFO - [2024-06-07T02:04:17.713+0000] {dagbag.py:545} INFO - Filling up the DagBag from /home/airflow/.local/lib/python3.12/site-packages/airflow/example_dags/example_nested_branch_dag.py
[2024-06-07T02:04:17.731+0000] {processor.py:840} INFO - DAG(s) 'example_nested_branch_dag' retrieved from /home/airflow/.local/lib/python3.12/site-packages/airflow/example_dags/example_nested_branch_dag.py
[2024-06-07T02:04:17.774+0000] {logging_mixin.py:188} INFO - [2024-06-07T02:04:17.774+0000] {dag.py:3096} INFO - Sync 1 DAGs
[2024-06-07T02:04:17.813+0000] {logging_mixin.py:188} INFO - [2024-06-07T02:04:17.812+0000] {dag.py:3954} INFO - Setting next_dagrun for example_nested_branch_dag to 2024-06-06 00:00:00+00:00, run_after=2024-06-07 00:00:00+00:00
[2024-06-07T02:04:17.844+0000] {processor.py:183} INFO - Processing /home/airflow/.local/lib/python3.12/site-packages/airflow/example_dags/example_nested_branch_dag.py took 0.144 seconds
[2024-06-07T02:04:48.036+0000] {processor.py:161} INFO - Started process (PID=8937) to work on /home/airflow/.local/lib/python3.12/site-packages/airflow/example_dags/example_nested_branch_dag.py
[2024-06-07T02:04:48.038+0000] {processor.py:830} INFO - Processing file /home/airflow/.local/lib/python3.12/site-packages/airflow/example_dags/example_nested_branch_dag.py for tasks to queue
[2024-06-07T02:04:48.040+0000] {logging_mixin.py:188} INFO - [2024-06-07T02:04:48.039+0000] {dagbag.py:545} INFO - Filling up the DagBag from /home/airflow/.local/lib/python3.12/site-packages/airflow/example_dags/example_nested_branch_dag.py
[2024-06-07T02:04:48.065+0000] {processor.py:840} INFO - DAG(s) 'example_nested_branch_dag' retrieved from /home/airflow/.local/lib/python3.12/site-packages/airflow/example_dags/example_nested_branch_dag.py
[2024-06-07T02:04:48.104+0000] {logging_mixin.py:188} INFO - [2024-06-07T02:04:48.104+0000] {dag.py:3096} INFO - Sync 1 DAGs
[2024-06-07T02:04:48.147+0000] {logging_mixin.py:188} INFO - [2024-06-07T02:04:48.146+0000] {dag.py:3954} INFO - Setting next_dagrun for example_nested_branch_dag to 2024-06-06 00:00:00+00:00, run_after=2024-06-07 00:00:00+00:00
[2024-06-07T02:04:48.184+0000] {processor.py:183} INFO - Processing /home/airflow/.local/lib/python3.12/site-packages/airflow/example_dags/example_nested_branch_dag.py took 0.160 seconds
[2024-06-07T02:05:18.307+0000] {processor.py:161} INFO - Started process (PID=8990) to work on /home/airflow/.local/lib/python3.12/site-packages/airflow/example_dags/example_nested_branch_dag.py
[2024-06-07T02:05:18.309+0000] {processor.py:830} INFO - Processing file /home/airflow/.local/lib/python3.12/site-packages/airflow/example_dags/example_nested_branch_dag.py for tasks to queue
[2024-06-07T02:05:18.311+0000] {logging_mixin.py:188} INFO - [2024-06-07T02:05:18.311+0000] {dagbag.py:545} INFO - Filling up the DagBag from /home/airflow/.local/lib/python3.12/site-packages/airflow/example_dags/example_nested_branch_dag.py
[2024-06-07T02:05:18.338+0000] {processor.py:840} INFO - DAG(s) 'example_nested_branch_dag' retrieved from /home/airflow/.local/lib/python3.12/site-packages/airflow/example_dags/example_nested_branch_dag.py
[2024-06-07T02:05:18.387+0000] {logging_mixin.py:188} INFO - [2024-06-07T02:05:18.386+0000] {dag.py:3096} INFO - Sync 1 DAGs
[2024-06-07T02:05:18.445+0000] {logging_mixin.py:188} INFO - [2024-06-07T02:05:18.444+0000] {dag.py:3954} INFO - Setting next_dagrun for example_nested_branch_dag to 2024-06-06 00:00:00+00:00, run_after=2024-06-07 00:00:00+00:00
[2024-06-07T02:05:18.482+0000] {processor.py:183} INFO - Processing /home/airflow/.local/lib/python3.12/site-packages/airflow/example_dags/example_nested_branch_dag.py took 0.190 seconds
[2024-06-07T02:05:48.669+0000] {processor.py:161} INFO - Started process (PID=9043) to work on /home/airflow/.local/lib/python3.12/site-packages/airflow/example_dags/example_nested_branch_dag.py
[2024-06-07T02:05:48.671+0000] {processor.py:830} INFO - Processing file /home/airflow/.local/lib/python3.12/site-packages/airflow/example_dags/example_nested_branch_dag.py for tasks to queue
[2024-06-07T02:05:48.673+0000] {logging_mixin.py:188} INFO - [2024-06-07T02:05:48.673+0000] {dagbag.py:545} INFO - Filling up the DagBag from /home/airflow/.local/lib/python3.12/site-packages/airflow/example_dags/example_nested_branch_dag.py
[2024-06-07T02:05:48.691+0000] {processor.py:840} INFO - DAG(s) 'example_nested_branch_dag' retrieved from /home/airflow/.local/lib/python3.12/site-packages/airflow/example_dags/example_nested_branch_dag.py
[2024-06-07T02:05:48.740+0000] {logging_mixin.py:188} INFO - [2024-06-07T02:05:48.740+0000] {dag.py:3096} INFO - Sync 1 DAGs
[2024-06-07T02:05:48.805+0000] {logging_mixin.py:188} INFO - [2024-06-07T02:05:48.805+0000] {dag.py:3954} INFO - Setting next_dagrun for example_nested_branch_dag to 2024-06-06 00:00:00+00:00, run_after=2024-06-07 00:00:00+00:00
[2024-06-07T02:05:48.853+0000] {processor.py:183} INFO - Processing /home/airflow/.local/lib/python3.12/site-packages/airflow/example_dags/example_nested_branch_dag.py took 0.195 seconds
[2024-06-07T02:06:19.128+0000] {processor.py:161} INFO - Started process (PID=9096) to work on /home/airflow/.local/lib/python3.12/site-packages/airflow/example_dags/example_nested_branch_dag.py
[2024-06-07T02:06:19.130+0000] {processor.py:830} INFO - Processing file /home/airflow/.local/lib/python3.12/site-packages/airflow/example_dags/example_nested_branch_dag.py for tasks to queue
[2024-06-07T02:06:19.132+0000] {logging_mixin.py:188} INFO - [2024-06-07T02:06:19.132+0000] {dagbag.py:545} INFO - Filling up the DagBag from /home/airflow/.local/lib/python3.12/site-packages/airflow/example_dags/example_nested_branch_dag.py
[2024-06-07T02:06:19.152+0000] {processor.py:840} INFO - DAG(s) 'example_nested_branch_dag' retrieved from /home/airflow/.local/lib/python3.12/site-packages/airflow/example_dags/example_nested_branch_dag.py
[2024-06-07T02:06:19.194+0000] {logging_mixin.py:188} INFO - [2024-06-07T02:06:19.194+0000] {dag.py:3096} INFO - Sync 1 DAGs
[2024-06-07T02:06:19.240+0000] {logging_mixin.py:188} INFO - [2024-06-07T02:06:19.240+0000] {dag.py:3954} INFO - Setting next_dagrun for example_nested_branch_dag to 2024-06-06 00:00:00+00:00, run_after=2024-06-07 00:00:00+00:00
[2024-06-07T02:06:19.324+0000] {processor.py:183} INFO - Processing /home/airflow/.local/lib/python3.12/site-packages/airflow/example_dags/example_nested_branch_dag.py took 0.208 seconds
[2024-06-07T02:06:49.556+0000] {processor.py:161} INFO - Started process (PID=9149) to work on /home/airflow/.local/lib/python3.12/site-packages/airflow/example_dags/example_nested_branch_dag.py
[2024-06-07T02:06:49.558+0000] {processor.py:830} INFO - Processing file /home/airflow/.local/lib/python3.12/site-packages/airflow/example_dags/example_nested_branch_dag.py for tasks to queue
[2024-06-07T02:06:49.560+0000] {logging_mixin.py:188} INFO - [2024-06-07T02:06:49.560+0000] {dagbag.py:545} INFO - Filling up the DagBag from /home/airflow/.local/lib/python3.12/site-packages/airflow/example_dags/example_nested_branch_dag.py
[2024-06-07T02:06:49.579+0000] {processor.py:840} INFO - DAG(s) 'example_nested_branch_dag' retrieved from /home/airflow/.local/lib/python3.12/site-packages/airflow/example_dags/example_nested_branch_dag.py
[2024-06-07T02:06:49.623+0000] {logging_mixin.py:188} INFO - [2024-06-07T02:06:49.623+0000] {dag.py:3096} INFO - Sync 1 DAGs
[2024-06-07T02:06:49.672+0000] {logging_mixin.py:188} INFO - [2024-06-07T02:06:49.672+0000] {dag.py:3954} INFO - Setting next_dagrun for example_nested_branch_dag to 2024-06-06 00:00:00+00:00, run_after=2024-06-07 00:00:00+00:00
[2024-06-07T02:06:49.734+0000] {processor.py:183} INFO - Processing /home/airflow/.local/lib/python3.12/site-packages/airflow/example_dags/example_nested_branch_dag.py took 0.190 seconds
[2024-06-07T02:07:19.982+0000] {processor.py:161} INFO - Started process (PID=9202) to work on /home/airflow/.local/lib/python3.12/site-packages/airflow/example_dags/example_nested_branch_dag.py
[2024-06-07T02:07:19.984+0000] {processor.py:830} INFO - Processing file /home/airflow/.local/lib/python3.12/site-packages/airflow/example_dags/example_nested_branch_dag.py for tasks to queue
[2024-06-07T02:07:19.986+0000] {logging_mixin.py:188} INFO - [2024-06-07T02:07:19.986+0000] {dagbag.py:545} INFO - Filling up the DagBag from /home/airflow/.local/lib/python3.12/site-packages/airflow/example_dags/example_nested_branch_dag.py
[2024-06-07T02:07:20.005+0000] {processor.py:840} INFO - DAG(s) 'example_nested_branch_dag' retrieved from /home/airflow/.local/lib/python3.12/site-packages/airflow/example_dags/example_nested_branch_dag.py
[2024-06-07T02:07:20.075+0000] {logging_mixin.py:188} INFO - [2024-06-07T02:07:20.074+0000] {dag.py:3096} INFO - Sync 1 DAGs
[2024-06-07T02:07:20.141+0000] {logging_mixin.py:188} INFO - [2024-06-07T02:07:20.140+0000] {dag.py:3954} INFO - Setting next_dagrun for example_nested_branch_dag to 2024-06-06 00:00:00+00:00, run_after=2024-06-07 00:00:00+00:00
[2024-06-07T02:07:20.202+0000] {processor.py:183} INFO - Processing /home/airflow/.local/lib/python3.12/site-packages/airflow/example_dags/example_nested_branch_dag.py took 0.231 seconds
[2024-06-07T02:07:51.133+0000] {processor.py:161} INFO - Started process (PID=9255) to work on /home/airflow/.local/lib/python3.12/site-packages/airflow/example_dags/example_nested_branch_dag.py
[2024-06-07T02:07:51.135+0000] {processor.py:830} INFO - Processing file /home/airflow/.local/lib/python3.12/site-packages/airflow/example_dags/example_nested_branch_dag.py for tasks to queue
[2024-06-07T02:07:51.138+0000] {logging_mixin.py:188} INFO - [2024-06-07T02:07:51.137+0000] {dagbag.py:545} INFO - Filling up the DagBag from /home/airflow/.local/lib/python3.12/site-packages/airflow/example_dags/example_nested_branch_dag.py
[2024-06-07T02:07:51.159+0000] {processor.py:840} INFO - DAG(s) 'example_nested_branch_dag' retrieved from /home/airflow/.local/lib/python3.12/site-packages/airflow/example_dags/example_nested_branch_dag.py
[2024-06-07T02:07:51.217+0000] {logging_mixin.py:188} INFO - [2024-06-07T02:07:51.216+0000] {dag.py:3096} INFO - Sync 1 DAGs
[2024-06-07T02:07:51.258+0000] {logging_mixin.py:188} INFO - [2024-06-07T02:07:51.257+0000] {dag.py:3954} INFO - Setting next_dagrun for example_nested_branch_dag to 2024-06-06 00:00:00+00:00, run_after=2024-06-07 00:00:00+00:00
[2024-06-07T02:07:51.295+0000] {processor.py:183} INFO - Processing /home/airflow/.local/lib/python3.12/site-packages/airflow/example_dags/example_nested_branch_dag.py took 0.173 seconds
[2024-06-07T02:08:21.981+0000] {processor.py:161} INFO - Started process (PID=9308) to work on /home/airflow/.local/lib/python3.12/site-packages/airflow/example_dags/example_nested_branch_dag.py
[2024-06-07T02:08:21.996+0000] {processor.py:830} INFO - Processing file /home/airflow/.local/lib/python3.12/site-packages/airflow/example_dags/example_nested_branch_dag.py for tasks to queue
[2024-06-07T02:08:22.007+0000] {logging_mixin.py:188} INFO - [2024-06-07T02:08:21.999+0000] {dagbag.py:545} INFO - Filling up the DagBag from /home/airflow/.local/lib/python3.12/site-packages/airflow/example_dags/example_nested_branch_dag.py
[2024-06-07T02:08:22.052+0000] {processor.py:840} INFO - DAG(s) 'example_nested_branch_dag' retrieved from /home/airflow/.local/lib/python3.12/site-packages/airflow/example_dags/example_nested_branch_dag.py
[2024-06-07T02:08:22.121+0000] {logging_mixin.py:188} INFO - [2024-06-07T02:08:22.120+0000] {dag.py:3096} INFO - Sync 1 DAGs
[2024-06-07T02:08:22.178+0000] {logging_mixin.py:188} INFO - [2024-06-07T02:08:22.178+0000] {dag.py:3954} INFO - Setting next_dagrun for example_nested_branch_dag to 2024-06-06 00:00:00+00:00, run_after=2024-06-07 00:00:00+00:00
[2024-06-07T02:08:22.227+0000] {processor.py:183} INFO - Processing /home/airflow/.local/lib/python3.12/site-packages/airflow/example_dags/example_nested_branch_dag.py took 0.269 seconds
[2024-06-07T02:08:52.467+0000] {processor.py:161} INFO - Started process (PID=9361) to work on /home/airflow/.local/lib/python3.12/site-packages/airflow/example_dags/example_nested_branch_dag.py
[2024-06-07T02:08:52.469+0000] {processor.py:830} INFO - Processing file /home/airflow/.local/lib/python3.12/site-packages/airflow/example_dags/example_nested_branch_dag.py for tasks to queue
[2024-06-07T02:08:52.472+0000] {logging_mixin.py:188} INFO - [2024-06-07T02:08:52.471+0000] {dagbag.py:545} INFO - Filling up the DagBag from /home/airflow/.local/lib/python3.12/site-packages/airflow/example_dags/example_nested_branch_dag.py
[2024-06-07T02:08:52.506+0000] {processor.py:840} INFO - DAG(s) 'example_nested_branch_dag' retrieved from /home/airflow/.local/lib/python3.12/site-packages/airflow/example_dags/example_nested_branch_dag.py
[2024-06-07T02:08:52.567+0000] {logging_mixin.py:188} INFO - [2024-06-07T02:08:52.567+0000] {dag.py:3096} INFO - Sync 1 DAGs
[2024-06-07T02:08:52.644+0000] {logging_mixin.py:188} INFO - [2024-06-07T02:08:52.643+0000] {dag.py:3954} INFO - Setting next_dagrun for example_nested_branch_dag to 2024-06-06 00:00:00+00:00, run_after=2024-06-07 00:00:00+00:00
[2024-06-07T02:08:52.703+0000] {processor.py:183} INFO - Processing /home/airflow/.local/lib/python3.12/site-packages/airflow/example_dags/example_nested_branch_dag.py took 0.251 seconds
[2024-06-07T02:09:23.021+0000] {processor.py:161} INFO - Started process (PID=9414) to work on /home/airflow/.local/lib/python3.12/site-packages/airflow/example_dags/example_nested_branch_dag.py
[2024-06-07T02:09:23.023+0000] {processor.py:830} INFO - Processing file /home/airflow/.local/lib/python3.12/site-packages/airflow/example_dags/example_nested_branch_dag.py for tasks to queue
[2024-06-07T02:09:23.026+0000] {logging_mixin.py:188} INFO - [2024-06-07T02:09:23.025+0000] {dagbag.py:545} INFO - Filling up the DagBag from /home/airflow/.local/lib/python3.12/site-packages/airflow/example_dags/example_nested_branch_dag.py
[2024-06-07T02:09:23.051+0000] {processor.py:840} INFO - DAG(s) 'example_nested_branch_dag' retrieved from /home/airflow/.local/lib/python3.12/site-packages/airflow/example_dags/example_nested_branch_dag.py
[2024-06-07T02:09:23.103+0000] {logging_mixin.py:188} INFO - [2024-06-07T02:09:23.102+0000] {dag.py:3096} INFO - Sync 1 DAGs
[2024-06-07T02:09:23.156+0000] {logging_mixin.py:188} INFO - [2024-06-07T02:09:23.156+0000] {dag.py:3954} INFO - Setting next_dagrun for example_nested_branch_dag to 2024-06-06 00:00:00+00:00, run_after=2024-06-07 00:00:00+00:00
[2024-06-07T02:09:23.205+0000] {processor.py:183} INFO - Processing /home/airflow/.local/lib/python3.12/site-packages/airflow/example_dags/example_nested_branch_dag.py took 0.198 seconds
[2024-06-07T02:09:53.322+0000] {processor.py:161} INFO - Started process (PID=9467) to work on /home/airflow/.local/lib/python3.12/site-packages/airflow/example_dags/example_nested_branch_dag.py
[2024-06-07T02:09:53.324+0000] {processor.py:830} INFO - Processing file /home/airflow/.local/lib/python3.12/site-packages/airflow/example_dags/example_nested_branch_dag.py for tasks to queue
[2024-06-07T02:09:53.326+0000] {logging_mixin.py:188} INFO - [2024-06-07T02:09:53.325+0000] {dagbag.py:545} INFO - Filling up the DagBag from /home/airflow/.local/lib/python3.12/site-packages/airflow/example_dags/example_nested_branch_dag.py
[2024-06-07T02:09:53.343+0000] {processor.py:840} INFO - DAG(s) 'example_nested_branch_dag' retrieved from /home/airflow/.local/lib/python3.12/site-packages/airflow/example_dags/example_nested_branch_dag.py
[2024-06-07T02:09:53.380+0000] {logging_mixin.py:188} INFO - [2024-06-07T02:09:53.379+0000] {dag.py:3096} INFO - Sync 1 DAGs
[2024-06-07T02:09:53.419+0000] {logging_mixin.py:188} INFO - [2024-06-07T02:09:53.419+0000] {dag.py:3954} INFO - Setting next_dagrun for example_nested_branch_dag to 2024-06-06 00:00:00+00:00, run_after=2024-06-07 00:00:00+00:00
[2024-06-07T02:09:53.468+0000] {processor.py:183} INFO - Processing /home/airflow/.local/lib/python3.12/site-packages/airflow/example_dags/example_nested_branch_dag.py took 0.154 seconds
[2024-06-07T02:10:24.317+0000] {processor.py:161} INFO - Started process (PID=9520) to work on /home/airflow/.local/lib/python3.12/site-packages/airflow/example_dags/example_nested_branch_dag.py
[2024-06-07T02:10:24.320+0000] {processor.py:830} INFO - Processing file /home/airflow/.local/lib/python3.12/site-packages/airflow/example_dags/example_nested_branch_dag.py for tasks to queue
[2024-06-07T02:10:24.322+0000] {logging_mixin.py:188} INFO - [2024-06-07T02:10:24.322+0000] {dagbag.py:545} INFO - Filling up the DagBag from /home/airflow/.local/lib/python3.12/site-packages/airflow/example_dags/example_nested_branch_dag.py
[2024-06-07T02:10:24.343+0000] {processor.py:840} INFO - DAG(s) 'example_nested_branch_dag' retrieved from /home/airflow/.local/lib/python3.12/site-packages/airflow/example_dags/example_nested_branch_dag.py
[2024-06-07T02:10:24.397+0000] {logging_mixin.py:188} INFO - [2024-06-07T02:10:24.397+0000] {dag.py:3096} INFO - Sync 1 DAGs
[2024-06-07T02:10:24.457+0000] {logging_mixin.py:188} INFO - [2024-06-07T02:10:24.456+0000] {dag.py:3954} INFO - Setting next_dagrun for example_nested_branch_dag to 2024-06-06 00:00:00+00:00, run_after=2024-06-07 00:00:00+00:00
[2024-06-07T02:10:24.532+0000] {processor.py:183} INFO - Processing /home/airflow/.local/lib/python3.12/site-packages/airflow/example_dags/example_nested_branch_dag.py took 0.228 seconds
[2024-06-07T02:10:54.951+0000] {processor.py:161} INFO - Started process (PID=9573) to work on /home/airflow/.local/lib/python3.12/site-packages/airflow/example_dags/example_nested_branch_dag.py
[2024-06-07T02:10:54.954+0000] {processor.py:830} INFO - Processing file /home/airflow/.local/lib/python3.12/site-packages/airflow/example_dags/example_nested_branch_dag.py for tasks to queue
[2024-06-07T02:10:54.957+0000] {logging_mixin.py:188} INFO - [2024-06-07T02:10:54.957+0000] {dagbag.py:545} INFO - Filling up the DagBag from /home/airflow/.local/lib/python3.12/site-packages/airflow/example_dags/example_nested_branch_dag.py
[2024-06-07T02:10:54.981+0000] {processor.py:840} INFO - DAG(s) 'example_nested_branch_dag' retrieved from /home/airflow/.local/lib/python3.12/site-packages/airflow/example_dags/example_nested_branch_dag.py
[2024-06-07T02:10:55.037+0000] {logging_mixin.py:188} INFO - [2024-06-07T02:10:55.036+0000] {dag.py:3096} INFO - Sync 1 DAGs
[2024-06-07T02:10:55.131+0000] {logging_mixin.py:188} INFO - [2024-06-07T02:10:55.131+0000] {dag.py:3954} INFO - Setting next_dagrun for example_nested_branch_dag to 2024-06-06 00:00:00+00:00, run_after=2024-06-07 00:00:00+00:00
[2024-06-07T02:10:55.175+0000] {processor.py:183} INFO - Processing /home/airflow/.local/lib/python3.12/site-packages/airflow/example_dags/example_nested_branch_dag.py took 0.236 seconds
[2024-06-07T02:11:25.329+0000] {processor.py:161} INFO - Started process (PID=9626) to work on /home/airflow/.local/lib/python3.12/site-packages/airflow/example_dags/example_nested_branch_dag.py
[2024-06-07T02:11:25.330+0000] {processor.py:830} INFO - Processing file /home/airflow/.local/lib/python3.12/site-packages/airflow/example_dags/example_nested_branch_dag.py for tasks to queue
[2024-06-07T02:11:25.332+0000] {logging_mixin.py:188} INFO - [2024-06-07T02:11:25.331+0000] {dagbag.py:545} INFO - Filling up the DagBag from /home/airflow/.local/lib/python3.12/site-packages/airflow/example_dags/example_nested_branch_dag.py
[2024-06-07T02:11:25.342+0000] {processor.py:840} INFO - DAG(s) 'example_nested_branch_dag' retrieved from /home/airflow/.local/lib/python3.12/site-packages/airflow/example_dags/example_nested_branch_dag.py
[2024-06-07T02:11:25.367+0000] {logging_mixin.py:188} INFO - [2024-06-07T02:11:25.366+0000] {dag.py:3096} INFO - Sync 1 DAGs
[2024-06-07T02:11:25.398+0000] {logging_mixin.py:188} INFO - [2024-06-07T02:11:25.397+0000] {dag.py:3954} INFO - Setting next_dagrun for example_nested_branch_dag to 2024-06-06 00:00:00+00:00, run_after=2024-06-07 00:00:00+00:00
[2024-06-07T02:11:25.424+0000] {processor.py:183} INFO - Processing /home/airflow/.local/lib/python3.12/site-packages/airflow/example_dags/example_nested_branch_dag.py took 0.102 seconds
[2024-06-07T14:01:00.991+0000] {processor.py:161} INFO - Started process (PID=9648) to work on /home/airflow/.local/lib/python3.12/site-packages/airflow/example_dags/example_nested_branch_dag.py
[2024-06-07T14:01:00.994+0000] {processor.py:830} INFO - Processing file /home/airflow/.local/lib/python3.12/site-packages/airflow/example_dags/example_nested_branch_dag.py for tasks to queue
[2024-06-07T14:01:00.997+0000] {logging_mixin.py:188} INFO - [2024-06-07T14:01:00.996+0000] {dagbag.py:545} INFO - Filling up the DagBag from /home/airflow/.local/lib/python3.12/site-packages/airflow/example_dags/example_nested_branch_dag.py
[2024-06-07T14:01:01.023+0000] {processor.py:840} INFO - DAG(s) 'example_nested_branch_dag' retrieved from /home/airflow/.local/lib/python3.12/site-packages/airflow/example_dags/example_nested_branch_dag.py
[2024-06-07T14:01:01.069+0000] {logging_mixin.py:188} INFO - [2024-06-07T14:01:01.069+0000] {dag.py:3096} INFO - Sync 1 DAGs
[2024-06-07T14:01:01.116+0000] {logging_mixin.py:188} INFO - [2024-06-07T14:01:01.115+0000] {dag.py:3954} INFO - Setting next_dagrun for example_nested_branch_dag to 2024-06-06 00:00:00+00:00, run_after=2024-06-07 00:00:00+00:00
[2024-06-07T14:01:01.154+0000] {processor.py:183} INFO - Processing /home/airflow/.local/lib/python3.12/site-packages/airflow/example_dags/example_nested_branch_dag.py took 0.174 seconds
[2024-06-07T14:01:31.911+0000] {processor.py:161} INFO - Started process (PID=9701) to work on /home/airflow/.local/lib/python3.12/site-packages/airflow/example_dags/example_nested_branch_dag.py
[2024-06-07T14:01:31.913+0000] {processor.py:830} INFO - Processing file /home/airflow/.local/lib/python3.12/site-packages/airflow/example_dags/example_nested_branch_dag.py for tasks to queue
[2024-06-07T14:01:31.916+0000] {logging_mixin.py:188} INFO - [2024-06-07T14:01:31.915+0000] {dagbag.py:545} INFO - Filling up the DagBag from /home/airflow/.local/lib/python3.12/site-packages/airflow/example_dags/example_nested_branch_dag.py
[2024-06-07T14:01:31.938+0000] {processor.py:840} INFO - DAG(s) 'example_nested_branch_dag' retrieved from /home/airflow/.local/lib/python3.12/site-packages/airflow/example_dags/example_nested_branch_dag.py
[2024-06-07T14:01:31.977+0000] {logging_mixin.py:188} INFO - [2024-06-07T14:01:31.977+0000] {dag.py:3096} INFO - Sync 1 DAGs
[2024-06-07T14:01:32.024+0000] {logging_mixin.py:188} INFO - [2024-06-07T14:01:32.024+0000] {dag.py:3954} INFO - Setting next_dagrun for example_nested_branch_dag to 2024-06-06 00:00:00+00:00, run_after=2024-06-07 00:00:00+00:00
[2024-06-07T14:01:32.084+0000] {processor.py:183} INFO - Processing /home/airflow/.local/lib/python3.12/site-packages/airflow/example_dags/example_nested_branch_dag.py took 0.183 seconds
