[2024-06-07T02:01:19.503+0000] {processor.py:161} INFO - Started process (PID=8604) to work on /home/airflow/.local/lib/python3.12/site-packages/airflow/example_dags/example_xcomargs.py
[2024-06-07T02:01:19.506+0000] {processor.py:830} INFO - Processing file /home/airflow/.local/lib/python3.12/site-packages/airflow/example_dags/example_xcomargs.py for tasks to queue
[2024-06-07T02:01:19.508+0000] {logging_mixin.py:188} INFO - [2024-06-07T02:01:19.507+0000] {dagbag.py:545} INFO - Filling up the DagBag from /home/airflow/.local/lib/python3.12/site-packages/airflow/example_dags/example_xcomargs.py
[2024-06-07T02:01:19.540+0000] {processor.py:840} INFO - DAG(s) 'example_xcom_args', 'example_xcom_args_with_operators' retrieved from /home/airflow/.local/lib/python3.12/site-packages/airflow/example_dags/example_xcomargs.py
[2024-06-07T02:01:19.590+0000] {logging_mixin.py:188} INFO - [2024-06-07T02:01:19.589+0000] {dag.py:3096} INFO - Sync 2 DAGs
[2024-06-07T02:01:19.623+0000] {logging_mixin.py:188} INFO - [2024-06-07T02:01:19.622+0000] {dag.py:3954} INFO - Setting next_dagrun for example_xcom_args to None, run_after=None
[2024-06-07T02:01:19.632+0000] {logging_mixin.py:188} INFO - [2024-06-07T02:01:19.631+0000] {dag.py:3954} INFO - Setting next_dagrun for example_xcom_args_with_operators to None, run_after=None
[2024-06-07T02:01:19.695+0000] {processor.py:183} INFO - Processing /home/airflow/.local/lib/python3.12/site-packages/airflow/example_dags/example_xcomargs.py took 0.204 seconds
[2024-06-07T02:01:50.045+0000] {processor.py:161} INFO - Started process (PID=8657) to work on /home/airflow/.local/lib/python3.12/site-packages/airflow/example_dags/example_xcomargs.py
[2024-06-07T02:01:50.047+0000] {processor.py:830} INFO - Processing file /home/airflow/.local/lib/python3.12/site-packages/airflow/example_dags/example_xcomargs.py for tasks to queue
[2024-06-07T02:01:50.050+0000] {logging_mixin.py:188} INFO - [2024-06-07T02:01:50.049+0000] {dagbag.py:545} INFO - Filling up the DagBag from /home/airflow/.local/lib/python3.12/site-packages/airflow/example_dags/example_xcomargs.py
[2024-06-07T02:01:50.068+0000] {processor.py:840} INFO - DAG(s) 'example_xcom_args_with_operators', 'example_xcom_args' retrieved from /home/airflow/.local/lib/python3.12/site-packages/airflow/example_dags/example_xcomargs.py
[2024-06-07T02:01:50.122+0000] {logging_mixin.py:188} INFO - [2024-06-07T02:01:50.121+0000] {dag.py:3096} INFO - Sync 2 DAGs
[2024-06-07T02:01:50.148+0000] {logging_mixin.py:188} INFO - [2024-06-07T02:01:50.148+0000] {dag.py:3954} INFO - Setting next_dagrun for example_xcom_args to None, run_after=None
[2024-06-07T02:01:50.156+0000] {logging_mixin.py:188} INFO - [2024-06-07T02:01:50.155+0000] {dag.py:3954} INFO - Setting next_dagrun for example_xcom_args_with_operators to None, run_after=None
[2024-06-07T02:01:50.194+0000] {processor.py:183} INFO - Processing /home/airflow/.local/lib/python3.12/site-packages/airflow/example_dags/example_xcomargs.py took 0.160 seconds
[2024-06-07T02:02:20.812+0000] {processor.py:161} INFO - Started process (PID=8710) to work on /home/airflow/.local/lib/python3.12/site-packages/airflow/example_dags/example_xcomargs.py
[2024-06-07T02:02:20.814+0000] {processor.py:830} INFO - Processing file /home/airflow/.local/lib/python3.12/site-packages/airflow/example_dags/example_xcomargs.py for tasks to queue
[2024-06-07T02:02:20.817+0000] {logging_mixin.py:188} INFO - [2024-06-07T02:02:20.816+0000] {dagbag.py:545} INFO - Filling up the DagBag from /home/airflow/.local/lib/python3.12/site-packages/airflow/example_dags/example_xcomargs.py
[2024-06-07T02:02:20.833+0000] {processor.py:840} INFO - DAG(s) 'example_xcom_args_with_operators', 'example_xcom_args' retrieved from /home/airflow/.local/lib/python3.12/site-packages/airflow/example_dags/example_xcomargs.py
[2024-06-07T02:02:20.888+0000] {logging_mixin.py:188} INFO - [2024-06-07T02:02:20.887+0000] {dag.py:3096} INFO - Sync 2 DAGs
[2024-06-07T02:02:20.962+0000] {logging_mixin.py:188} INFO - [2024-06-07T02:02:20.961+0000] {dag.py:3954} INFO - Setting next_dagrun for example_xcom_args to None, run_after=None
[2024-06-07T02:02:20.973+0000] {logging_mixin.py:188} INFO - [2024-06-07T02:02:20.972+0000] {dag.py:3954} INFO - Setting next_dagrun for example_xcom_args_with_operators to None, run_after=None
[2024-06-07T02:02:21.028+0000] {processor.py:183} INFO - Processing /home/airflow/.local/lib/python3.12/site-packages/airflow/example_dags/example_xcomargs.py took 0.228 seconds
[2024-06-07T02:02:51.237+0000] {processor.py:161} INFO - Started process (PID=8763) to work on /home/airflow/.local/lib/python3.12/site-packages/airflow/example_dags/example_xcomargs.py
[2024-06-07T02:02:51.239+0000] {processor.py:830} INFO - Processing file /home/airflow/.local/lib/python3.12/site-packages/airflow/example_dags/example_xcomargs.py for tasks to queue
[2024-06-07T02:02:51.242+0000] {logging_mixin.py:188} INFO - [2024-06-07T02:02:51.241+0000] {dagbag.py:545} INFO - Filling up the DagBag from /home/airflow/.local/lib/python3.12/site-packages/airflow/example_dags/example_xcomargs.py
[2024-06-07T02:02:51.260+0000] {processor.py:840} INFO - DAG(s) 'example_xcom_args_with_operators', 'example_xcom_args' retrieved from /home/airflow/.local/lib/python3.12/site-packages/airflow/example_dags/example_xcomargs.py
[2024-06-07T02:02:51.311+0000] {logging_mixin.py:188} INFO - [2024-06-07T02:02:51.309+0000] {dag.py:3096} INFO - Sync 2 DAGs
[2024-06-07T02:02:51.338+0000] {logging_mixin.py:188} INFO - [2024-06-07T02:02:51.337+0000] {dag.py:3954} INFO - Setting next_dagrun for example_xcom_args to None, run_after=None
[2024-06-07T02:02:51.346+0000] {logging_mixin.py:188} INFO - [2024-06-07T02:02:51.345+0000] {dag.py:3954} INFO - Setting next_dagrun for example_xcom_args_with_operators to None, run_after=None
[2024-06-07T02:02:51.380+0000] {processor.py:183} INFO - Processing /home/airflow/.local/lib/python3.12/site-packages/airflow/example_dags/example_xcomargs.py took 0.154 seconds
[2024-06-07T02:03:22.281+0000] {processor.py:161} INFO - Started process (PID=8816) to work on /home/airflow/.local/lib/python3.12/site-packages/airflow/example_dags/example_xcomargs.py
[2024-06-07T02:03:22.284+0000] {processor.py:830} INFO - Processing file /home/airflow/.local/lib/python3.12/site-packages/airflow/example_dags/example_xcomargs.py for tasks to queue
[2024-06-07T02:03:22.286+0000] {logging_mixin.py:188} INFO - [2024-06-07T02:03:22.285+0000] {dagbag.py:545} INFO - Filling up the DagBag from /home/airflow/.local/lib/python3.12/site-packages/airflow/example_dags/example_xcomargs.py
[2024-06-07T02:03:22.305+0000] {processor.py:840} INFO - DAG(s) 'example_xcom_args_with_operators', 'example_xcom_args' retrieved from /home/airflow/.local/lib/python3.12/site-packages/airflow/example_dags/example_xcomargs.py
[2024-06-07T02:03:22.364+0000] {logging_mixin.py:188} INFO - [2024-06-07T02:03:22.364+0000] {dag.py:3096} INFO - Sync 2 DAGs
[2024-06-07T02:03:22.393+0000] {logging_mixin.py:188} INFO - [2024-06-07T02:03:22.393+0000] {dag.py:3954} INFO - Setting next_dagrun for example_xcom_args to None, run_after=None
[2024-06-07T02:03:22.403+0000] {logging_mixin.py:188} INFO - [2024-06-07T02:03:22.403+0000] {dag.py:3954} INFO - Setting next_dagrun for example_xcom_args_with_operators to None, run_after=None
[2024-06-07T02:03:22.446+0000] {processor.py:183} INFO - Processing /home/airflow/.local/lib/python3.12/site-packages/airflow/example_dags/example_xcomargs.py took 0.179 seconds
[2024-06-07T02:03:53.454+0000] {processor.py:161} INFO - Started process (PID=8869) to work on /home/airflow/.local/lib/python3.12/site-packages/airflow/example_dags/example_xcomargs.py
[2024-06-07T02:03:53.456+0000] {processor.py:830} INFO - Processing file /home/airflow/.local/lib/python3.12/site-packages/airflow/example_dags/example_xcomargs.py for tasks to queue
[2024-06-07T02:03:53.458+0000] {logging_mixin.py:188} INFO - [2024-06-07T02:03:53.458+0000] {dagbag.py:545} INFO - Filling up the DagBag from /home/airflow/.local/lib/python3.12/site-packages/airflow/example_dags/example_xcomargs.py
[2024-06-07T02:03:53.475+0000] {processor.py:840} INFO - DAG(s) 'example_xcom_args', 'example_xcom_args_with_operators' retrieved from /home/airflow/.local/lib/python3.12/site-packages/airflow/example_dags/example_xcomargs.py
[2024-06-07T02:03:53.528+0000] {logging_mixin.py:188} INFO - [2024-06-07T02:03:53.527+0000] {dag.py:3096} INFO - Sync 2 DAGs
[2024-06-07T02:03:53.553+0000] {logging_mixin.py:188} INFO - [2024-06-07T02:03:53.553+0000] {dag.py:3954} INFO - Setting next_dagrun for example_xcom_args to None, run_after=None
[2024-06-07T02:03:53.562+0000] {logging_mixin.py:188} INFO - [2024-06-07T02:03:53.561+0000] {dag.py:3954} INFO - Setting next_dagrun for example_xcom_args_with_operators to None, run_after=None
[2024-06-07T02:03:53.597+0000] {processor.py:183} INFO - Processing /home/airflow/.local/lib/python3.12/site-packages/airflow/example_dags/example_xcomargs.py took 0.154 seconds
[2024-06-07T02:04:24.481+0000] {processor.py:161} INFO - Started process (PID=8922) to work on /home/airflow/.local/lib/python3.12/site-packages/airflow/example_dags/example_xcomargs.py
[2024-06-07T02:04:24.484+0000] {processor.py:830} INFO - Processing file /home/airflow/.local/lib/python3.12/site-packages/airflow/example_dags/example_xcomargs.py for tasks to queue
[2024-06-07T02:04:24.486+0000] {logging_mixin.py:188} INFO - [2024-06-07T02:04:24.486+0000] {dagbag.py:545} INFO - Filling up the DagBag from /home/airflow/.local/lib/python3.12/site-packages/airflow/example_dags/example_xcomargs.py
[2024-06-07T02:04:24.503+0000] {processor.py:840} INFO - DAG(s) 'example_xcom_args_with_operators', 'example_xcom_args' retrieved from /home/airflow/.local/lib/python3.12/site-packages/airflow/example_dags/example_xcomargs.py
[2024-06-07T02:04:24.554+0000] {logging_mixin.py:188} INFO - [2024-06-07T02:04:24.554+0000] {dag.py:3096} INFO - Sync 2 DAGs
[2024-06-07T02:04:24.582+0000] {logging_mixin.py:188} INFO - [2024-06-07T02:04:24.581+0000] {dag.py:3954} INFO - Setting next_dagrun for example_xcom_args to None, run_after=None
[2024-06-07T02:04:24.591+0000] {logging_mixin.py:188} INFO - [2024-06-07T02:04:24.590+0000] {dag.py:3954} INFO - Setting next_dagrun for example_xcom_args_with_operators to None, run_after=None
[2024-06-07T02:04:24.630+0000] {processor.py:183} INFO - Processing /home/airflow/.local/lib/python3.12/site-packages/airflow/example_dags/example_xcomargs.py took 0.159 seconds
[2024-06-07T02:04:55.348+0000] {processor.py:161} INFO - Started process (PID=8975) to work on /home/airflow/.local/lib/python3.12/site-packages/airflow/example_dags/example_xcomargs.py
[2024-06-07T02:04:55.350+0000] {processor.py:830} INFO - Processing file /home/airflow/.local/lib/python3.12/site-packages/airflow/example_dags/example_xcomargs.py for tasks to queue
[2024-06-07T02:04:55.352+0000] {logging_mixin.py:188} INFO - [2024-06-07T02:04:55.352+0000] {dagbag.py:545} INFO - Filling up the DagBag from /home/airflow/.local/lib/python3.12/site-packages/airflow/example_dags/example_xcomargs.py
[2024-06-07T02:04:55.368+0000] {processor.py:840} INFO - DAG(s) 'example_xcom_args_with_operators', 'example_xcom_args' retrieved from /home/airflow/.local/lib/python3.12/site-packages/airflow/example_dags/example_xcomargs.py
[2024-06-07T02:04:55.419+0000] {logging_mixin.py:188} INFO - [2024-06-07T02:04:55.418+0000] {dag.py:3096} INFO - Sync 2 DAGs
[2024-06-07T02:04:55.445+0000] {logging_mixin.py:188} INFO - [2024-06-07T02:04:55.444+0000] {dag.py:3954} INFO - Setting next_dagrun for example_xcom_args to None, run_after=None
[2024-06-07T02:04:55.453+0000] {logging_mixin.py:188} INFO - [2024-06-07T02:04:55.452+0000] {dag.py:3954} INFO - Setting next_dagrun for example_xcom_args_with_operators to None, run_after=None
[2024-06-07T02:04:55.490+0000] {processor.py:183} INFO - Processing /home/airflow/.local/lib/python3.12/site-packages/airflow/example_dags/example_xcomargs.py took 0.154 seconds
[2024-06-07T02:05:26.796+0000] {processor.py:161} INFO - Started process (PID=9028) to work on /home/airflow/.local/lib/python3.12/site-packages/airflow/example_dags/example_xcomargs.py
[2024-06-07T02:05:26.798+0000] {processor.py:830} INFO - Processing file /home/airflow/.local/lib/python3.12/site-packages/airflow/example_dags/example_xcomargs.py for tasks to queue
[2024-06-07T02:05:26.801+0000] {logging_mixin.py:188} INFO - [2024-06-07T02:05:26.800+0000] {dagbag.py:545} INFO - Filling up the DagBag from /home/airflow/.local/lib/python3.12/site-packages/airflow/example_dags/example_xcomargs.py
[2024-06-07T02:05:26.818+0000] {processor.py:840} INFO - DAG(s) 'example_xcom_args', 'example_xcom_args_with_operators' retrieved from /home/airflow/.local/lib/python3.12/site-packages/airflow/example_dags/example_xcomargs.py
[2024-06-07T02:05:26.875+0000] {logging_mixin.py:188} INFO - [2024-06-07T02:05:26.875+0000] {dag.py:3096} INFO - Sync 2 DAGs
[2024-06-07T02:05:26.902+0000] {logging_mixin.py:188} INFO - [2024-06-07T02:05:26.901+0000] {dag.py:3954} INFO - Setting next_dagrun for example_xcom_args to None, run_after=None
[2024-06-07T02:05:26.911+0000] {logging_mixin.py:188} INFO - [2024-06-07T02:05:26.910+0000] {dag.py:3954} INFO - Setting next_dagrun for example_xcom_args_with_operators to None, run_after=None
[2024-06-07T02:05:26.947+0000] {processor.py:183} INFO - Processing /home/airflow/.local/lib/python3.12/site-packages/airflow/example_dags/example_xcomargs.py took 0.164 seconds
[2024-06-07T02:05:57.335+0000] {processor.py:161} INFO - Started process (PID=9081) to work on /home/airflow/.local/lib/python3.12/site-packages/airflow/example_dags/example_xcomargs.py
[2024-06-07T02:05:57.338+0000] {processor.py:830} INFO - Processing file /home/airflow/.local/lib/python3.12/site-packages/airflow/example_dags/example_xcomargs.py for tasks to queue
[2024-06-07T02:05:57.342+0000] {logging_mixin.py:188} INFO - [2024-06-07T02:05:57.341+0000] {dagbag.py:545} INFO - Filling up the DagBag from /home/airflow/.local/lib/python3.12/site-packages/airflow/example_dags/example_xcomargs.py
[2024-06-07T02:05:57.358+0000] {processor.py:840} INFO - DAG(s) 'example_xcom_args', 'example_xcom_args_with_operators' retrieved from /home/airflow/.local/lib/python3.12/site-packages/airflow/example_dags/example_xcomargs.py
[2024-06-07T02:05:57.425+0000] {logging_mixin.py:188} INFO - [2024-06-07T02:05:57.424+0000] {dag.py:3096} INFO - Sync 2 DAGs
[2024-06-07T02:05:57.469+0000] {logging_mixin.py:188} INFO - [2024-06-07T02:05:57.469+0000] {dag.py:3954} INFO - Setting next_dagrun for example_xcom_args to None, run_after=None
[2024-06-07T02:05:57.484+0000] {logging_mixin.py:188} INFO - [2024-06-07T02:05:57.483+0000] {dag.py:3954} INFO - Setting next_dagrun for example_xcom_args_with_operators to None, run_after=None
[2024-06-07T02:05:57.532+0000] {processor.py:183} INFO - Processing /home/airflow/.local/lib/python3.12/site-packages/airflow/example_dags/example_xcomargs.py took 0.208 seconds
[2024-06-07T02:06:28.202+0000] {processor.py:161} INFO - Started process (PID=9134) to work on /home/airflow/.local/lib/python3.12/site-packages/airflow/example_dags/example_xcomargs.py
[2024-06-07T02:06:28.204+0000] {processor.py:830} INFO - Processing file /home/airflow/.local/lib/python3.12/site-packages/airflow/example_dags/example_xcomargs.py for tasks to queue
[2024-06-07T02:06:28.206+0000] {logging_mixin.py:188} INFO - [2024-06-07T02:06:28.205+0000] {dagbag.py:545} INFO - Filling up the DagBag from /home/airflow/.local/lib/python3.12/site-packages/airflow/example_dags/example_xcomargs.py
[2024-06-07T02:06:28.230+0000] {processor.py:840} INFO - DAG(s) 'example_xcom_args_with_operators', 'example_xcom_args' retrieved from /home/airflow/.local/lib/python3.12/site-packages/airflow/example_dags/example_xcomargs.py
[2024-06-07T02:06:28.280+0000] {logging_mixin.py:188} INFO - [2024-06-07T02:06:28.280+0000] {dag.py:3096} INFO - Sync 2 DAGs
[2024-06-07T02:06:28.313+0000] {logging_mixin.py:188} INFO - [2024-06-07T02:06:28.312+0000] {dag.py:3954} INFO - Setting next_dagrun for example_xcom_args to None, run_after=None
[2024-06-07T02:06:28.321+0000] {logging_mixin.py:188} INFO - [2024-06-07T02:06:28.321+0000] {dag.py:3954} INFO - Setting next_dagrun for example_xcom_args_with_operators to None, run_after=None
[2024-06-07T02:06:28.397+0000] {processor.py:183} INFO - Processing /home/airflow/.local/lib/python3.12/site-packages/airflow/example_dags/example_xcomargs.py took 0.207 seconds
[2024-06-07T02:06:59.044+0000] {processor.py:161} INFO - Started process (PID=9187) to work on /home/airflow/.local/lib/python3.12/site-packages/airflow/example_dags/example_xcomargs.py
[2024-06-07T02:06:59.046+0000] {processor.py:830} INFO - Processing file /home/airflow/.local/lib/python3.12/site-packages/airflow/example_dags/example_xcomargs.py for tasks to queue
[2024-06-07T02:06:59.049+0000] {logging_mixin.py:188} INFO - [2024-06-07T02:06:59.048+0000] {dagbag.py:545} INFO - Filling up the DagBag from /home/airflow/.local/lib/python3.12/site-packages/airflow/example_dags/example_xcomargs.py
[2024-06-07T02:06:59.066+0000] {processor.py:840} INFO - DAG(s) 'example_xcom_args_with_operators', 'example_xcom_args' retrieved from /home/airflow/.local/lib/python3.12/site-packages/airflow/example_dags/example_xcomargs.py
[2024-06-07T02:06:59.120+0000] {logging_mixin.py:188} INFO - [2024-06-07T02:06:59.119+0000] {dag.py:3096} INFO - Sync 2 DAGs
[2024-06-07T02:06:59.145+0000] {logging_mixin.py:188} INFO - [2024-06-07T02:06:59.144+0000] {dag.py:3954} INFO - Setting next_dagrun for example_xcom_args to None, run_after=None
[2024-06-07T02:06:59.154+0000] {logging_mixin.py:188} INFO - [2024-06-07T02:06:59.153+0000] {dag.py:3954} INFO - Setting next_dagrun for example_xcom_args_with_operators to None, run_after=None
[2024-06-07T02:06:59.193+0000] {processor.py:183} INFO - Processing /home/airflow/.local/lib/python3.12/site-packages/airflow/example_dags/example_xcomargs.py took 0.159 seconds
[2024-06-07T02:07:31.093+0000] {processor.py:161} INFO - Started process (PID=9240) to work on /home/airflow/.local/lib/python3.12/site-packages/airflow/example_dags/example_xcomargs.py
[2024-06-07T02:07:31.096+0000] {processor.py:830} INFO - Processing file /home/airflow/.local/lib/python3.12/site-packages/airflow/example_dags/example_xcomargs.py for tasks to queue
[2024-06-07T02:07:31.099+0000] {logging_mixin.py:188} INFO - [2024-06-07T02:07:31.098+0000] {dagbag.py:545} INFO - Filling up the DagBag from /home/airflow/.local/lib/python3.12/site-packages/airflow/example_dags/example_xcomargs.py
[2024-06-07T02:07:31.117+0000] {processor.py:840} INFO - DAG(s) 'example_xcom_args_with_operators', 'example_xcom_args' retrieved from /home/airflow/.local/lib/python3.12/site-packages/airflow/example_dags/example_xcomargs.py
[2024-06-07T02:07:31.180+0000] {logging_mixin.py:188} INFO - [2024-06-07T02:07:31.179+0000] {dag.py:3096} INFO - Sync 2 DAGs
[2024-06-07T02:07:31.213+0000] {logging_mixin.py:188} INFO - [2024-06-07T02:07:31.212+0000] {dag.py:3954} INFO - Setting next_dagrun for example_xcom_args to None, run_after=None
[2024-06-07T02:07:31.224+0000] {logging_mixin.py:188} INFO - [2024-06-07T02:07:31.223+0000] {dag.py:3954} INFO - Setting next_dagrun for example_xcom_args_with_operators to None, run_after=None
[2024-06-07T02:07:31.274+0000] {processor.py:183} INFO - Processing /home/airflow/.local/lib/python3.12/site-packages/airflow/example_dags/example_xcomargs.py took 0.193 seconds
[2024-06-07T02:08:01.804+0000] {processor.py:161} INFO - Started process (PID=9291) to work on /home/airflow/.local/lib/python3.12/site-packages/airflow/example_dags/example_xcomargs.py
[2024-06-07T02:08:01.806+0000] {processor.py:830} INFO - Processing file /home/airflow/.local/lib/python3.12/site-packages/airflow/example_dags/example_xcomargs.py for tasks to queue
[2024-06-07T02:08:01.808+0000] {logging_mixin.py:188} INFO - [2024-06-07T02:08:01.808+0000] {dagbag.py:545} INFO - Filling up the DagBag from /home/airflow/.local/lib/python3.12/site-packages/airflow/example_dags/example_xcomargs.py
[2024-06-07T02:08:01.826+0000] {processor.py:840} INFO - DAG(s) 'example_xcom_args_with_operators', 'example_xcom_args' retrieved from /home/airflow/.local/lib/python3.12/site-packages/airflow/example_dags/example_xcomargs.py
[2024-06-07T02:08:01.890+0000] {logging_mixin.py:188} INFO - [2024-06-07T02:08:01.889+0000] {dag.py:3096} INFO - Sync 2 DAGs
[2024-06-07T02:08:01.931+0000] {logging_mixin.py:188} INFO - [2024-06-07T02:08:01.930+0000] {dag.py:3954} INFO - Setting next_dagrun for example_xcom_args to None, run_after=None
[2024-06-07T02:08:01.944+0000] {logging_mixin.py:188} INFO - [2024-06-07T02:08:01.943+0000] {dag.py:3954} INFO - Setting next_dagrun for example_xcom_args_with_operators to None, run_after=None
[2024-06-07T02:08:01.989+0000] {processor.py:183} INFO - Processing /home/airflow/.local/lib/python3.12/site-packages/airflow/example_dags/example_xcomargs.py took 0.199 seconds
[2024-06-07T02:08:32.829+0000] {processor.py:161} INFO - Started process (PID=9344) to work on /home/airflow/.local/lib/python3.12/site-packages/airflow/example_dags/example_xcomargs.py
[2024-06-07T02:08:32.831+0000] {processor.py:830} INFO - Processing file /home/airflow/.local/lib/python3.12/site-packages/airflow/example_dags/example_xcomargs.py for tasks to queue
[2024-06-07T02:08:32.833+0000] {logging_mixin.py:188} INFO - [2024-06-07T02:08:32.833+0000] {dagbag.py:545} INFO - Filling up the DagBag from /home/airflow/.local/lib/python3.12/site-packages/airflow/example_dags/example_xcomargs.py
[2024-06-07T02:08:32.851+0000] {processor.py:840} INFO - DAG(s) 'example_xcom_args', 'example_xcom_args_with_operators' retrieved from /home/airflow/.local/lib/python3.12/site-packages/airflow/example_dags/example_xcomargs.py
[2024-06-07T02:08:32.915+0000] {logging_mixin.py:188} INFO - [2024-06-07T02:08:32.914+0000] {dag.py:3096} INFO - Sync 2 DAGs
[2024-06-07T02:08:32.941+0000] {logging_mixin.py:188} INFO - [2024-06-07T02:08:32.940+0000] {dag.py:3954} INFO - Setting next_dagrun for example_xcom_args to None, run_after=None
[2024-06-07T02:08:32.949+0000] {logging_mixin.py:188} INFO - [2024-06-07T02:08:32.949+0000] {dag.py:3954} INFO - Setting next_dagrun for example_xcom_args_with_operators to None, run_after=None
[2024-06-07T02:08:32.987+0000] {processor.py:183} INFO - Processing /home/airflow/.local/lib/python3.12/site-packages/airflow/example_dags/example_xcomargs.py took 0.168 seconds
[2024-06-07T02:09:04.542+0000] {processor.py:161} INFO - Started process (PID=9397) to work on /home/airflow/.local/lib/python3.12/site-packages/airflow/example_dags/example_xcomargs.py
[2024-06-07T02:09:04.545+0000] {processor.py:830} INFO - Processing file /home/airflow/.local/lib/python3.12/site-packages/airflow/example_dags/example_xcomargs.py for tasks to queue
[2024-06-07T02:09:04.549+0000] {logging_mixin.py:188} INFO - [2024-06-07T02:09:04.548+0000] {dagbag.py:545} INFO - Filling up the DagBag from /home/airflow/.local/lib/python3.12/site-packages/airflow/example_dags/example_xcomargs.py
[2024-06-07T02:09:04.567+0000] {processor.py:840} INFO - DAG(s) 'example_xcom_args_with_operators', 'example_xcom_args' retrieved from /home/airflow/.local/lib/python3.12/site-packages/airflow/example_dags/example_xcomargs.py
[2024-06-07T02:09:04.634+0000] {logging_mixin.py:188} INFO - [2024-06-07T02:09:04.633+0000] {dag.py:3096} INFO - Sync 2 DAGs
[2024-06-07T02:09:04.666+0000] {logging_mixin.py:188} INFO - [2024-06-07T02:09:04.665+0000] {dag.py:3954} INFO - Setting next_dagrun for example_xcom_args to None, run_after=None
[2024-06-07T02:09:04.680+0000] {logging_mixin.py:188} INFO - [2024-06-07T02:09:04.679+0000] {dag.py:3954} INFO - Setting next_dagrun for example_xcom_args_with_operators to None, run_after=None
[2024-06-07T02:09:04.741+0000] {processor.py:183} INFO - Processing /home/airflow/.local/lib/python3.12/site-packages/airflow/example_dags/example_xcomargs.py took 0.221 seconds
[2024-06-07T02:09:35.171+0000] {processor.py:161} INFO - Started process (PID=9450) to work on /home/airflow/.local/lib/python3.12/site-packages/airflow/example_dags/example_xcomargs.py
[2024-06-07T02:09:35.173+0000] {processor.py:830} INFO - Processing file /home/airflow/.local/lib/python3.12/site-packages/airflow/example_dags/example_xcomargs.py for tasks to queue
[2024-06-07T02:09:35.175+0000] {logging_mixin.py:188} INFO - [2024-06-07T02:09:35.174+0000] {dagbag.py:545} INFO - Filling up the DagBag from /home/airflow/.local/lib/python3.12/site-packages/airflow/example_dags/example_xcomargs.py
[2024-06-07T02:09:35.193+0000] {processor.py:840} INFO - DAG(s) 'example_xcom_args_with_operators', 'example_xcom_args' retrieved from /home/airflow/.local/lib/python3.12/site-packages/airflow/example_dags/example_xcomargs.py
[2024-06-07T02:09:35.238+0000] {logging_mixin.py:188} INFO - [2024-06-07T02:09:35.238+0000] {dag.py:3096} INFO - Sync 2 DAGs
[2024-06-07T02:09:35.268+0000] {logging_mixin.py:188} INFO - [2024-06-07T02:09:35.268+0000] {dag.py:3954} INFO - Setting next_dagrun for example_xcom_args to None, run_after=None
[2024-06-07T02:09:35.277+0000] {logging_mixin.py:188} INFO - [2024-06-07T02:09:35.276+0000] {dag.py:3954} INFO - Setting next_dagrun for example_xcom_args_with_operators to None, run_after=None
[2024-06-07T02:09:35.314+0000] {processor.py:183} INFO - Processing /home/airflow/.local/lib/python3.12/site-packages/airflow/example_dags/example_xcomargs.py took 0.154 seconds
[2024-06-07T02:10:05.687+0000] {processor.py:161} INFO - Started process (PID=9503) to work on /home/airflow/.local/lib/python3.12/site-packages/airflow/example_dags/example_xcomargs.py
[2024-06-07T02:10:05.690+0000] {processor.py:830} INFO - Processing file /home/airflow/.local/lib/python3.12/site-packages/airflow/example_dags/example_xcomargs.py for tasks to queue
[2024-06-07T02:10:05.694+0000] {logging_mixin.py:188} INFO - [2024-06-07T02:10:05.693+0000] {dagbag.py:545} INFO - Filling up the DagBag from /home/airflow/.local/lib/python3.12/site-packages/airflow/example_dags/example_xcomargs.py
[2024-06-07T02:10:05.717+0000] {processor.py:840} INFO - DAG(s) 'example_xcom_args', 'example_xcom_args_with_operators' retrieved from /home/airflow/.local/lib/python3.12/site-packages/airflow/example_dags/example_xcomargs.py
[2024-06-07T02:10:05.787+0000] {logging_mixin.py:188} INFO - [2024-06-07T02:10:05.786+0000] {dag.py:3096} INFO - Sync 2 DAGs
[2024-06-07T02:10:05.813+0000] {logging_mixin.py:188} INFO - [2024-06-07T02:10:05.812+0000] {dag.py:3954} INFO - Setting next_dagrun for example_xcom_args to None, run_after=None
[2024-06-07T02:10:05.822+0000] {logging_mixin.py:188} INFO - [2024-06-07T02:10:05.822+0000] {dag.py:3954} INFO - Setting next_dagrun for example_xcom_args_with_operators to None, run_after=None
[2024-06-07T02:10:05.871+0000] {processor.py:183} INFO - Processing /home/airflow/.local/lib/python3.12/site-packages/airflow/example_dags/example_xcomargs.py took 0.206 seconds
[2024-06-07T02:10:37.543+0000] {processor.py:161} INFO - Started process (PID=9556) to work on /home/airflow/.local/lib/python3.12/site-packages/airflow/example_dags/example_xcomargs.py
[2024-06-07T02:10:37.546+0000] {processor.py:830} INFO - Processing file /home/airflow/.local/lib/python3.12/site-packages/airflow/example_dags/example_xcomargs.py for tasks to queue
[2024-06-07T02:10:37.549+0000] {logging_mixin.py:188} INFO - [2024-06-07T02:10:37.548+0000] {dagbag.py:545} INFO - Filling up the DagBag from /home/airflow/.local/lib/python3.12/site-packages/airflow/example_dags/example_xcomargs.py
[2024-06-07T02:10:37.586+0000] {processor.py:840} INFO - DAG(s) 'example_xcom_args', 'example_xcom_args_with_operators' retrieved from /home/airflow/.local/lib/python3.12/site-packages/airflow/example_dags/example_xcomargs.py
[2024-06-07T02:10:37.662+0000] {logging_mixin.py:188} INFO - [2024-06-07T02:10:37.661+0000] {dag.py:3096} INFO - Sync 2 DAGs
[2024-06-07T02:10:37.727+0000] {logging_mixin.py:188} INFO - [2024-06-07T02:10:37.726+0000] {dag.py:3954} INFO - Setting next_dagrun for example_xcom_args to None, run_after=None
[2024-06-07T02:10:37.737+0000] {logging_mixin.py:188} INFO - [2024-06-07T02:10:37.736+0000] {dag.py:3954} INFO - Setting next_dagrun for example_xcom_args_with_operators to None, run_after=None
[2024-06-07T02:10:37.785+0000] {processor.py:183} INFO - Processing /home/airflow/.local/lib/python3.12/site-packages/airflow/example_dags/example_xcomargs.py took 0.256 seconds
[2024-06-07T02:11:08.197+0000] {processor.py:161} INFO - Started process (PID=9609) to work on /home/airflow/.local/lib/python3.12/site-packages/airflow/example_dags/example_xcomargs.py
[2024-06-07T02:11:08.199+0000] {processor.py:830} INFO - Processing file /home/airflow/.local/lib/python3.12/site-packages/airflow/example_dags/example_xcomargs.py for tasks to queue
[2024-06-07T02:11:08.201+0000] {logging_mixin.py:188} INFO - [2024-06-07T02:11:08.201+0000] {dagbag.py:545} INFO - Filling up the DagBag from /home/airflow/.local/lib/python3.12/site-packages/airflow/example_dags/example_xcomargs.py
[2024-06-07T02:11:08.218+0000] {processor.py:840} INFO - DAG(s) 'example_xcom_args', 'example_xcom_args_with_operators' retrieved from /home/airflow/.local/lib/python3.12/site-packages/airflow/example_dags/example_xcomargs.py
[2024-06-07T02:11:08.270+0000] {logging_mixin.py:188} INFO - [2024-06-07T02:11:08.270+0000] {dag.py:3096} INFO - Sync 2 DAGs
[2024-06-07T02:11:08.299+0000] {logging_mixin.py:188} INFO - [2024-06-07T02:11:08.298+0000] {dag.py:3954} INFO - Setting next_dagrun for example_xcom_args to None, run_after=None
[2024-06-07T02:11:08.307+0000] {logging_mixin.py:188} INFO - [2024-06-07T02:11:08.306+0000] {dag.py:3954} INFO - Setting next_dagrun for example_xcom_args_with_operators to None, run_after=None
[2024-06-07T02:11:08.341+0000] {processor.py:183} INFO - Processing /home/airflow/.local/lib/python3.12/site-packages/airflow/example_dags/example_xcomargs.py took 0.155 seconds
[2024-06-07T14:01:16.733+0000] {processor.py:161} INFO - Started process (PID=9681) to work on /home/airflow/.local/lib/python3.12/site-packages/airflow/example_dags/example_xcomargs.py
[2024-06-07T14:01:16.737+0000] {processor.py:830} INFO - Processing file /home/airflow/.local/lib/python3.12/site-packages/airflow/example_dags/example_xcomargs.py for tasks to queue
[2024-06-07T14:01:16.761+0000] {logging_mixin.py:188} INFO - [2024-06-07T14:01:16.760+0000] {dagbag.py:545} INFO - Filling up the DagBag from /home/airflow/.local/lib/python3.12/site-packages/airflow/example_dags/example_xcomargs.py
[2024-06-07T14:01:16.816+0000] {processor.py:840} INFO - DAG(s) 'example_xcom_args', 'example_xcom_args_with_operators' retrieved from /home/airflow/.local/lib/python3.12/site-packages/airflow/example_dags/example_xcomargs.py
[2024-06-07T14:01:16.905+0000] {logging_mixin.py:188} INFO - [2024-06-07T14:01:16.904+0000] {dag.py:3096} INFO - Sync 2 DAGs
[2024-06-07T14:01:16.977+0000] {logging_mixin.py:188} INFO - [2024-06-07T14:01:16.976+0000] {dag.py:3954} INFO - Setting next_dagrun for example_xcom_args to None, run_after=None
[2024-06-07T14:01:17.006+0000] {logging_mixin.py:188} INFO - [2024-06-07T14:01:17.005+0000] {dag.py:3954} INFO - Setting next_dagrun for example_xcom_args_with_operators to None, run_after=None
[2024-06-07T14:01:17.074+0000] {processor.py:183} INFO - Processing /home/airflow/.local/lib/python3.12/site-packages/airflow/example_dags/example_xcomargs.py took 0.360 seconds
