[2024-06-07T02:01:15.390+0000] {processor.py:161} INFO - Started process (PID=8583) to work on /home/airflow/.local/lib/python3.12/site-packages/airflow/example_dags/example_latest_only_with_trigger.py
[2024-06-07T02:01:15.393+0000] {processor.py:830} INFO - Processing file /home/airflow/.local/lib/python3.12/site-packages/airflow/example_dags/example_latest_only_with_trigger.py for tasks to queue
[2024-06-07T02:01:15.397+0000] {logging_mixin.py:188} INFO - [2024-06-07T02:01:15.396+0000] {dagbag.py:545} INFO - Filling up the DagBag from /home/airflow/.local/lib/python3.12/site-packages/airflow/example_dags/example_latest_only_with_trigger.py
[2024-06-07T02:01:15.413+0000] {processor.py:840} INFO - DAG(s) 'latest_only_with_trigger' retrieved from /home/airflow/.local/lib/python3.12/site-packages/airflow/example_dags/example_latest_only_with_trigger.py
[2024-06-07T02:01:15.520+0000] {logging_mixin.py:188} INFO - [2024-06-07T02:01:15.516+0000] {dag.py:3096} INFO - Sync 1 DAGs
[2024-06-07T02:01:15.612+0000] {logging_mixin.py:188} INFO - [2024-06-07T02:01:15.611+0000] {dag.py:3954} INFO - Setting next_dagrun for latest_only_with_trigger to 2024-06-06 20:00:00+00:00, run_after=2024-06-07 00:00:00+00:00
[2024-06-07T02:01:15.660+0000] {processor.py:183} INFO - Processing /home/airflow/.local/lib/python3.12/site-packages/airflow/example_dags/example_latest_only_with_trigger.py took 0.286 seconds
[2024-06-07T02:01:46.657+0000] {processor.py:161} INFO - Started process (PID=8636) to work on /home/airflow/.local/lib/python3.12/site-packages/airflow/example_dags/example_latest_only_with_trigger.py
[2024-06-07T02:01:46.660+0000] {processor.py:830} INFO - Processing file /home/airflow/.local/lib/python3.12/site-packages/airflow/example_dags/example_latest_only_with_trigger.py for tasks to queue
[2024-06-07T02:01:46.662+0000] {logging_mixin.py:188} INFO - [2024-06-07T02:01:46.662+0000] {dagbag.py:545} INFO - Filling up the DagBag from /home/airflow/.local/lib/python3.12/site-packages/airflow/example_dags/example_latest_only_with_trigger.py
[2024-06-07T02:01:46.674+0000] {processor.py:840} INFO - DAG(s) 'latest_only_with_trigger' retrieved from /home/airflow/.local/lib/python3.12/site-packages/airflow/example_dags/example_latest_only_with_trigger.py
[2024-06-07T02:01:46.720+0000] {logging_mixin.py:188} INFO - [2024-06-07T02:01:46.719+0000] {dag.py:3096} INFO - Sync 1 DAGs
[2024-06-07T02:01:46.767+0000] {logging_mixin.py:188} INFO - [2024-06-07T02:01:46.766+0000] {dag.py:3954} INFO - Setting next_dagrun for latest_only_with_trigger to 2024-06-06 20:00:00+00:00, run_after=2024-06-07 00:00:00+00:00
[2024-06-07T02:01:46.809+0000] {processor.py:183} INFO - Processing /home/airflow/.local/lib/python3.12/site-packages/airflow/example_dags/example_latest_only_with_trigger.py took 0.164 seconds
[2024-06-07T02:02:17.356+0000] {processor.py:161} INFO - Started process (PID=8689) to work on /home/airflow/.local/lib/python3.12/site-packages/airflow/example_dags/example_latest_only_with_trigger.py
[2024-06-07T02:02:17.358+0000] {processor.py:830} INFO - Processing file /home/airflow/.local/lib/python3.12/site-packages/airflow/example_dags/example_latest_only_with_trigger.py for tasks to queue
[2024-06-07T02:02:17.360+0000] {logging_mixin.py:188} INFO - [2024-06-07T02:02:17.360+0000] {dagbag.py:545} INFO - Filling up the DagBag from /home/airflow/.local/lib/python3.12/site-packages/airflow/example_dags/example_latest_only_with_trigger.py
[2024-06-07T02:02:17.372+0000] {processor.py:840} INFO - DAG(s) 'latest_only_with_trigger' retrieved from /home/airflow/.local/lib/python3.12/site-packages/airflow/example_dags/example_latest_only_with_trigger.py
[2024-06-07T02:02:17.413+0000] {logging_mixin.py:188} INFO - [2024-06-07T02:02:17.413+0000] {dag.py:3096} INFO - Sync 1 DAGs
[2024-06-07T02:02:17.455+0000] {logging_mixin.py:188} INFO - [2024-06-07T02:02:17.455+0000] {dag.py:3954} INFO - Setting next_dagrun for latest_only_with_trigger to 2024-06-06 20:00:00+00:00, run_after=2024-06-07 00:00:00+00:00
[2024-06-07T02:02:17.505+0000] {processor.py:183} INFO - Processing /home/airflow/.local/lib/python3.12/site-packages/airflow/example_dags/example_latest_only_with_trigger.py took 0.163 seconds
[2024-06-07T02:02:47.790+0000] {processor.py:161} INFO - Started process (PID=8742) to work on /home/airflow/.local/lib/python3.12/site-packages/airflow/example_dags/example_latest_only_with_trigger.py
[2024-06-07T02:02:47.793+0000] {processor.py:830} INFO - Processing file /home/airflow/.local/lib/python3.12/site-packages/airflow/example_dags/example_latest_only_with_trigger.py for tasks to queue
[2024-06-07T02:02:47.795+0000] {logging_mixin.py:188} INFO - [2024-06-07T02:02:47.794+0000] {dagbag.py:545} INFO - Filling up the DagBag from /home/airflow/.local/lib/python3.12/site-packages/airflow/example_dags/example_latest_only_with_trigger.py
[2024-06-07T02:02:47.807+0000] {processor.py:840} INFO - DAG(s) 'latest_only_with_trigger' retrieved from /home/airflow/.local/lib/python3.12/site-packages/airflow/example_dags/example_latest_only_with_trigger.py
[2024-06-07T02:02:47.848+0000] {logging_mixin.py:188} INFO - [2024-06-07T02:02:47.847+0000] {dag.py:3096} INFO - Sync 1 DAGs
[2024-06-07T02:02:47.898+0000] {logging_mixin.py:188} INFO - [2024-06-07T02:02:47.897+0000] {dag.py:3954} INFO - Setting next_dagrun for latest_only_with_trigger to 2024-06-06 20:00:00+00:00, run_after=2024-06-07 00:00:00+00:00
[2024-06-07T02:02:47.944+0000] {processor.py:183} INFO - Processing /home/airflow/.local/lib/python3.12/site-packages/airflow/example_dags/example_latest_only_with_trigger.py took 0.165 seconds
[2024-06-07T02:03:19.406+0000] {processor.py:161} INFO - Started process (PID=8795) to work on /home/airflow/.local/lib/python3.12/site-packages/airflow/example_dags/example_latest_only_with_trigger.py
[2024-06-07T02:03:19.408+0000] {processor.py:830} INFO - Processing file /home/airflow/.local/lib/python3.12/site-packages/airflow/example_dags/example_latest_only_with_trigger.py for tasks to queue
[2024-06-07T02:03:19.410+0000] {logging_mixin.py:188} INFO - [2024-06-07T02:03:19.409+0000] {dagbag.py:545} INFO - Filling up the DagBag from /home/airflow/.local/lib/python3.12/site-packages/airflow/example_dags/example_latest_only_with_trigger.py
[2024-06-07T02:03:19.432+0000] {processor.py:840} INFO - DAG(s) 'latest_only_with_trigger' retrieved from /home/airflow/.local/lib/python3.12/site-packages/airflow/example_dags/example_latest_only_with_trigger.py
[2024-06-07T02:03:19.472+0000] {logging_mixin.py:188} INFO - [2024-06-07T02:03:19.471+0000] {dag.py:3096} INFO - Sync 1 DAGs
[2024-06-07T02:03:19.512+0000] {logging_mixin.py:188} INFO - [2024-06-07T02:03:19.511+0000] {dag.py:3954} INFO - Setting next_dagrun for latest_only_with_trigger to 2024-06-06 20:00:00+00:00, run_after=2024-06-07 00:00:00+00:00
[2024-06-07T02:03:19.559+0000] {processor.py:183} INFO - Processing /home/airflow/.local/lib/python3.12/site-packages/airflow/example_dags/example_latest_only_with_trigger.py took 0.162 seconds
[2024-06-07T02:03:50.500+0000] {processor.py:161} INFO - Started process (PID=8848) to work on /home/airflow/.local/lib/python3.12/site-packages/airflow/example_dags/example_latest_only_with_trigger.py
[2024-06-07T02:03:50.502+0000] {processor.py:830} INFO - Processing file /home/airflow/.local/lib/python3.12/site-packages/airflow/example_dags/example_latest_only_with_trigger.py for tasks to queue
[2024-06-07T02:03:50.505+0000] {logging_mixin.py:188} INFO - [2024-06-07T02:03:50.504+0000] {dagbag.py:545} INFO - Filling up the DagBag from /home/airflow/.local/lib/python3.12/site-packages/airflow/example_dags/example_latest_only_with_trigger.py
[2024-06-07T02:03:50.516+0000] {processor.py:840} INFO - DAG(s) 'latest_only_with_trigger' retrieved from /home/airflow/.local/lib/python3.12/site-packages/airflow/example_dags/example_latest_only_with_trigger.py
[2024-06-07T02:03:50.564+0000] {logging_mixin.py:188} INFO - [2024-06-07T02:03:50.563+0000] {dag.py:3096} INFO - Sync 1 DAGs
[2024-06-07T02:03:50.604+0000] {logging_mixin.py:188} INFO - [2024-06-07T02:03:50.604+0000] {dag.py:3954} INFO - Setting next_dagrun for latest_only_with_trigger to 2024-06-06 20:00:00+00:00, run_after=2024-06-07 00:00:00+00:00
[2024-06-07T02:03:50.646+0000] {processor.py:183} INFO - Processing /home/airflow/.local/lib/python3.12/site-packages/airflow/example_dags/example_latest_only_with_trigger.py took 0.158 seconds
[2024-06-07T02:04:21.418+0000] {processor.py:161} INFO - Started process (PID=8901) to work on /home/airflow/.local/lib/python3.12/site-packages/airflow/example_dags/example_latest_only_with_trigger.py
[2024-06-07T02:04:21.423+0000] {processor.py:830} INFO - Processing file /home/airflow/.local/lib/python3.12/site-packages/airflow/example_dags/example_latest_only_with_trigger.py for tasks to queue
[2024-06-07T02:04:21.425+0000] {logging_mixin.py:188} INFO - [2024-06-07T02:04:21.425+0000] {dagbag.py:545} INFO - Filling up the DagBag from /home/airflow/.local/lib/python3.12/site-packages/airflow/example_dags/example_latest_only_with_trigger.py
[2024-06-07T02:04:21.445+0000] {processor.py:840} INFO - DAG(s) 'latest_only_with_trigger' retrieved from /home/airflow/.local/lib/python3.12/site-packages/airflow/example_dags/example_latest_only_with_trigger.py
[2024-06-07T02:04:21.552+0000] {logging_mixin.py:188} INFO - [2024-06-07T02:04:21.551+0000] {dag.py:3096} INFO - Sync 1 DAGs
[2024-06-07T02:04:21.625+0000] {logging_mixin.py:188} INFO - [2024-06-07T02:04:21.624+0000] {dag.py:3954} INFO - Setting next_dagrun for latest_only_with_trigger to 2024-06-06 20:00:00+00:00, run_after=2024-06-07 00:00:00+00:00
[2024-06-07T02:04:21.699+0000] {processor.py:183} INFO - Processing /home/airflow/.local/lib/python3.12/site-packages/airflow/example_dags/example_latest_only_with_trigger.py took 0.293 seconds
[2024-06-07T02:04:51.912+0000] {processor.py:161} INFO - Started process (PID=8952) to work on /home/airflow/.local/lib/python3.12/site-packages/airflow/example_dags/example_latest_only_with_trigger.py
[2024-06-07T02:04:51.914+0000] {processor.py:830} INFO - Processing file /home/airflow/.local/lib/python3.12/site-packages/airflow/example_dags/example_latest_only_with_trigger.py for tasks to queue
[2024-06-07T02:04:51.917+0000] {logging_mixin.py:188} INFO - [2024-06-07T02:04:51.916+0000] {dagbag.py:545} INFO - Filling up the DagBag from /home/airflow/.local/lib/python3.12/site-packages/airflow/example_dags/example_latest_only_with_trigger.py
[2024-06-07T02:04:51.930+0000] {processor.py:840} INFO - DAG(s) 'latest_only_with_trigger' retrieved from /home/airflow/.local/lib/python3.12/site-packages/airflow/example_dags/example_latest_only_with_trigger.py
[2024-06-07T02:04:51.971+0000] {logging_mixin.py:188} INFO - [2024-06-07T02:04:51.970+0000] {dag.py:3096} INFO - Sync 1 DAGs
[2024-06-07T02:04:52.020+0000] {logging_mixin.py:188} INFO - [2024-06-07T02:04:52.019+0000] {dag.py:3954} INFO - Setting next_dagrun for latest_only_with_trigger to 2024-06-06 20:00:00+00:00, run_after=2024-06-07 00:00:00+00:00
[2024-06-07T02:04:52.064+0000] {processor.py:183} INFO - Processing /home/airflow/.local/lib/python3.12/site-packages/airflow/example_dags/example_latest_only_with_trigger.py took 0.164 seconds
[2024-06-07T02:05:22.790+0000] {processor.py:161} INFO - Started process (PID=9005) to work on /home/airflow/.local/lib/python3.12/site-packages/airflow/example_dags/example_latest_only_with_trigger.py
[2024-06-07T02:05:22.792+0000] {processor.py:830} INFO - Processing file /home/airflow/.local/lib/python3.12/site-packages/airflow/example_dags/example_latest_only_with_trigger.py for tasks to queue
[2024-06-07T02:05:22.795+0000] {logging_mixin.py:188} INFO - [2024-06-07T02:05:22.794+0000] {dagbag.py:545} INFO - Filling up the DagBag from /home/airflow/.local/lib/python3.12/site-packages/airflow/example_dags/example_latest_only_with_trigger.py
[2024-06-07T02:05:22.803+0000] {processor.py:840} INFO - DAG(s) 'latest_only_with_trigger' retrieved from /home/airflow/.local/lib/python3.12/site-packages/airflow/example_dags/example_latest_only_with_trigger.py
[2024-06-07T02:05:22.840+0000] {logging_mixin.py:188} INFO - [2024-06-07T02:05:22.840+0000] {dag.py:3096} INFO - Sync 1 DAGs
[2024-06-07T02:05:22.874+0000] {logging_mixin.py:188} INFO - [2024-06-07T02:05:22.874+0000] {dag.py:3954} INFO - Setting next_dagrun for latest_only_with_trigger to 2024-06-06 20:00:00+00:00, run_after=2024-06-07 00:00:00+00:00
[2024-06-07T02:05:22.910+0000] {processor.py:183} INFO - Processing /home/airflow/.local/lib/python3.12/site-packages/airflow/example_dags/example_latest_only_with_trigger.py took 0.129 seconds
[2024-06-07T02:05:54.275+0000] {processor.py:161} INFO - Started process (PID=9058) to work on /home/airflow/.local/lib/python3.12/site-packages/airflow/example_dags/example_latest_only_with_trigger.py
[2024-06-07T02:05:54.277+0000] {processor.py:830} INFO - Processing file /home/airflow/.local/lib/python3.12/site-packages/airflow/example_dags/example_latest_only_with_trigger.py for tasks to queue
[2024-06-07T02:05:54.280+0000] {logging_mixin.py:188} INFO - [2024-06-07T02:05:54.279+0000] {dagbag.py:545} INFO - Filling up the DagBag from /home/airflow/.local/lib/python3.12/site-packages/airflow/example_dags/example_latest_only_with_trigger.py
[2024-06-07T02:05:54.295+0000] {processor.py:840} INFO - DAG(s) 'latest_only_with_trigger' retrieved from /home/airflow/.local/lib/python3.12/site-packages/airflow/example_dags/example_latest_only_with_trigger.py
[2024-06-07T02:05:54.343+0000] {logging_mixin.py:188} INFO - [2024-06-07T02:05:54.342+0000] {dag.py:3096} INFO - Sync 1 DAGs
[2024-06-07T02:05:54.393+0000] {logging_mixin.py:188} INFO - [2024-06-07T02:05:54.393+0000] {dag.py:3954} INFO - Setting next_dagrun for latest_only_with_trigger to 2024-06-06 20:00:00+00:00, run_after=2024-06-07 00:00:00+00:00
[2024-06-07T02:05:54.443+0000] {processor.py:183} INFO - Processing /home/airflow/.local/lib/python3.12/site-packages/airflow/example_dags/example_latest_only_with_trigger.py took 0.180 seconds
[2024-06-07T02:06:24.903+0000] {processor.py:161} INFO - Started process (PID=9111) to work on /home/airflow/.local/lib/python3.12/site-packages/airflow/example_dags/example_latest_only_with_trigger.py
[2024-06-07T02:06:24.905+0000] {processor.py:830} INFO - Processing file /home/airflow/.local/lib/python3.12/site-packages/airflow/example_dags/example_latest_only_with_trigger.py for tasks to queue
[2024-06-07T02:06:24.908+0000] {logging_mixin.py:188} INFO - [2024-06-07T02:06:24.907+0000] {dagbag.py:545} INFO - Filling up the DagBag from /home/airflow/.local/lib/python3.12/site-packages/airflow/example_dags/example_latest_only_with_trigger.py
[2024-06-07T02:06:24.919+0000] {processor.py:840} INFO - DAG(s) 'latest_only_with_trigger' retrieved from /home/airflow/.local/lib/python3.12/site-packages/airflow/example_dags/example_latest_only_with_trigger.py
[2024-06-07T02:06:24.962+0000] {logging_mixin.py:188} INFO - [2024-06-07T02:06:24.962+0000] {dag.py:3096} INFO - Sync 1 DAGs
[2024-06-07T02:06:25.012+0000] {logging_mixin.py:188} INFO - [2024-06-07T02:06:25.011+0000] {dag.py:3954} INFO - Setting next_dagrun for latest_only_with_trigger to 2024-06-06 20:00:00+00:00, run_after=2024-06-07 00:00:00+00:00
[2024-06-07T02:06:25.057+0000] {processor.py:183} INFO - Processing /home/airflow/.local/lib/python3.12/site-packages/airflow/example_dags/example_latest_only_with_trigger.py took 0.166 seconds
[2024-06-07T02:06:56.011+0000] {processor.py:161} INFO - Started process (PID=9164) to work on /home/airflow/.local/lib/python3.12/site-packages/airflow/example_dags/example_latest_only_with_trigger.py
[2024-06-07T02:06:56.013+0000] {processor.py:830} INFO - Processing file /home/airflow/.local/lib/python3.12/site-packages/airflow/example_dags/example_latest_only_with_trigger.py for tasks to queue
[2024-06-07T02:06:56.015+0000] {logging_mixin.py:188} INFO - [2024-06-07T02:06:56.015+0000] {dagbag.py:545} INFO - Filling up the DagBag from /home/airflow/.local/lib/python3.12/site-packages/airflow/example_dags/example_latest_only_with_trigger.py
[2024-06-07T02:06:56.029+0000] {processor.py:840} INFO - DAG(s) 'latest_only_with_trigger' retrieved from /home/airflow/.local/lib/python3.12/site-packages/airflow/example_dags/example_latest_only_with_trigger.py
[2024-06-07T02:06:56.080+0000] {logging_mixin.py:188} INFO - [2024-06-07T02:06:56.079+0000] {dag.py:3096} INFO - Sync 1 DAGs
[2024-06-07T02:06:56.130+0000] {logging_mixin.py:188} INFO - [2024-06-07T02:06:56.129+0000] {dag.py:3954} INFO - Setting next_dagrun for latest_only_with_trigger to 2024-06-06 20:00:00+00:00, run_after=2024-06-07 00:00:00+00:00
[2024-06-07T02:06:56.165+0000] {processor.py:183} INFO - Processing /home/airflow/.local/lib/python3.12/site-packages/airflow/example_dags/example_latest_only_with_trigger.py took 0.165 seconds
[2024-06-07T02:07:27.297+0000] {processor.py:161} INFO - Started process (PID=9217) to work on /home/airflow/.local/lib/python3.12/site-packages/airflow/example_dags/example_latest_only_with_trigger.py
[2024-06-07T02:07:27.299+0000] {processor.py:830} INFO - Processing file /home/airflow/.local/lib/python3.12/site-packages/airflow/example_dags/example_latest_only_with_trigger.py for tasks to queue
[2024-06-07T02:07:27.302+0000] {logging_mixin.py:188} INFO - [2024-06-07T02:07:27.301+0000] {dagbag.py:545} INFO - Filling up the DagBag from /home/airflow/.local/lib/python3.12/site-packages/airflow/example_dags/example_latest_only_with_trigger.py
[2024-06-07T02:07:27.315+0000] {processor.py:840} INFO - DAG(s) 'latest_only_with_trigger' retrieved from /home/airflow/.local/lib/python3.12/site-packages/airflow/example_dags/example_latest_only_with_trigger.py
[2024-06-07T02:07:27.371+0000] {logging_mixin.py:188} INFO - [2024-06-07T02:07:27.370+0000] {dag.py:3096} INFO - Sync 1 DAGs
[2024-06-07T02:07:27.479+0000] {logging_mixin.py:188} INFO - [2024-06-07T02:07:27.478+0000] {dag.py:3954} INFO - Setting next_dagrun for latest_only_with_trigger to 2024-06-06 20:00:00+00:00, run_after=2024-06-07 00:00:00+00:00
[2024-06-07T02:07:27.549+0000] {processor.py:183} INFO - Processing /home/airflow/.local/lib/python3.12/site-packages/airflow/example_dags/example_latest_only_with_trigger.py took 0.266 seconds
[2024-06-07T02:07:58.526+0000] {processor.py:161} INFO - Started process (PID=9270) to work on /home/airflow/.local/lib/python3.12/site-packages/airflow/example_dags/example_latest_only_with_trigger.py
[2024-06-07T02:07:58.528+0000] {processor.py:830} INFO - Processing file /home/airflow/.local/lib/python3.12/site-packages/airflow/example_dags/example_latest_only_with_trigger.py for tasks to queue
[2024-06-07T02:07:58.531+0000] {logging_mixin.py:188} INFO - [2024-06-07T02:07:58.530+0000] {dagbag.py:545} INFO - Filling up the DagBag from /home/airflow/.local/lib/python3.12/site-packages/airflow/example_dags/example_latest_only_with_trigger.py
[2024-06-07T02:07:58.545+0000] {processor.py:840} INFO - DAG(s) 'latest_only_with_trigger' retrieved from /home/airflow/.local/lib/python3.12/site-packages/airflow/example_dags/example_latest_only_with_trigger.py
[2024-06-07T02:07:58.588+0000] {logging_mixin.py:188} INFO - [2024-06-07T02:07:58.587+0000] {dag.py:3096} INFO - Sync 1 DAGs
[2024-06-07T02:07:58.657+0000] {logging_mixin.py:188} INFO - [2024-06-07T02:07:58.657+0000] {dag.py:3954} INFO - Setting next_dagrun for latest_only_with_trigger to 2024-06-06 20:00:00+00:00, run_after=2024-06-07 00:00:00+00:00
[2024-06-07T02:07:58.708+0000] {processor.py:183} INFO - Processing /home/airflow/.local/lib/python3.12/site-packages/airflow/example_dags/example_latest_only_with_trigger.py took 0.195 seconds
[2024-06-07T02:08:28.857+0000] {processor.py:161} INFO - Started process (PID=9323) to work on /home/airflow/.local/lib/python3.12/site-packages/airflow/example_dags/example_latest_only_with_trigger.py
[2024-06-07T02:08:28.860+0000] {processor.py:830} INFO - Processing file /home/airflow/.local/lib/python3.12/site-packages/airflow/example_dags/example_latest_only_with_trigger.py for tasks to queue
[2024-06-07T02:08:28.862+0000] {logging_mixin.py:188} INFO - [2024-06-07T02:08:28.861+0000] {dagbag.py:545} INFO - Filling up the DagBag from /home/airflow/.local/lib/python3.12/site-packages/airflow/example_dags/example_latest_only_with_trigger.py
[2024-06-07T02:08:28.876+0000] {processor.py:840} INFO - DAG(s) 'latest_only_with_trigger' retrieved from /home/airflow/.local/lib/python3.12/site-packages/airflow/example_dags/example_latest_only_with_trigger.py
[2024-06-07T02:08:28.928+0000] {logging_mixin.py:188} INFO - [2024-06-07T02:08:28.928+0000] {dag.py:3096} INFO - Sync 1 DAGs
[2024-06-07T02:08:28.973+0000] {logging_mixin.py:188} INFO - [2024-06-07T02:08:28.972+0000] {dag.py:3954} INFO - Setting next_dagrun for latest_only_with_trigger to 2024-06-06 20:00:00+00:00, run_after=2024-06-07 00:00:00+00:00
[2024-06-07T02:08:29.013+0000] {processor.py:183} INFO - Processing /home/airflow/.local/lib/python3.12/site-packages/airflow/example_dags/example_latest_only_with_trigger.py took 0.170 seconds
[2024-06-07T02:08:59.194+0000] {processor.py:161} INFO - Started process (PID=9375) to work on /home/airflow/.local/lib/python3.12/site-packages/airflow/example_dags/example_latest_only_with_trigger.py
[2024-06-07T02:08:59.197+0000] {processor.py:830} INFO - Processing file /home/airflow/.local/lib/python3.12/site-packages/airflow/example_dags/example_latest_only_with_trigger.py for tasks to queue
[2024-06-07T02:08:59.199+0000] {logging_mixin.py:188} INFO - [2024-06-07T02:08:59.198+0000] {dagbag.py:545} INFO - Filling up the DagBag from /home/airflow/.local/lib/python3.12/site-packages/airflow/example_dags/example_latest_only_with_trigger.py
[2024-06-07T02:08:59.210+0000] {processor.py:840} INFO - DAG(s) 'latest_only_with_trigger' retrieved from /home/airflow/.local/lib/python3.12/site-packages/airflow/example_dags/example_latest_only_with_trigger.py
[2024-06-07T02:08:59.259+0000] {logging_mixin.py:188} INFO - [2024-06-07T02:08:59.258+0000] {dag.py:3096} INFO - Sync 1 DAGs
[2024-06-07T02:08:59.307+0000] {logging_mixin.py:188} INFO - [2024-06-07T02:08:59.307+0000] {dag.py:3954} INFO - Setting next_dagrun for latest_only_with_trigger to 2024-06-06 20:00:00+00:00, run_after=2024-06-07 00:00:00+00:00
[2024-06-07T02:08:59.355+0000] {processor.py:183} INFO - Processing /home/airflow/.local/lib/python3.12/site-packages/airflow/example_dags/example_latest_only_with_trigger.py took 0.172 seconds
[2024-06-07T02:09:29.908+0000] {processor.py:161} INFO - Started process (PID=9428) to work on /home/airflow/.local/lib/python3.12/site-packages/airflow/example_dags/example_latest_only_with_trigger.py
[2024-06-07T02:09:29.911+0000] {processor.py:830} INFO - Processing file /home/airflow/.local/lib/python3.12/site-packages/airflow/example_dags/example_latest_only_with_trigger.py for tasks to queue
[2024-06-07T02:09:29.914+0000] {logging_mixin.py:188} INFO - [2024-06-07T02:09:29.914+0000] {dagbag.py:545} INFO - Filling up the DagBag from /home/airflow/.local/lib/python3.12/site-packages/airflow/example_dags/example_latest_only_with_trigger.py
[2024-06-07T02:09:29.929+0000] {processor.py:840} INFO - DAG(s) 'latest_only_with_trigger' retrieved from /home/airflow/.local/lib/python3.12/site-packages/airflow/example_dags/example_latest_only_with_trigger.py
[2024-06-07T02:09:29.987+0000] {logging_mixin.py:188} INFO - [2024-06-07T02:09:29.986+0000] {dag.py:3096} INFO - Sync 1 DAGs
[2024-06-07T02:09:30.022+0000] {logging_mixin.py:188} INFO - [2024-06-07T02:09:30.022+0000] {dag.py:3954} INFO - Setting next_dagrun for latest_only_with_trigger to 2024-06-06 20:00:00+00:00, run_after=2024-06-07 00:00:00+00:00
[2024-06-07T02:09:30.065+0000] {processor.py:183} INFO - Processing /home/airflow/.local/lib/python3.12/site-packages/airflow/example_dags/example_latest_only_with_trigger.py took 0.173 seconds
[2024-06-07T02:10:01.036+0000] {processor.py:161} INFO - Started process (PID=9481) to work on /home/airflow/.local/lib/python3.12/site-packages/airflow/example_dags/example_latest_only_with_trigger.py
[2024-06-07T02:10:01.038+0000] {processor.py:830} INFO - Processing file /home/airflow/.local/lib/python3.12/site-packages/airflow/example_dags/example_latest_only_with_trigger.py for tasks to queue
[2024-06-07T02:10:01.041+0000] {logging_mixin.py:188} INFO - [2024-06-07T02:10:01.040+0000] {dagbag.py:545} INFO - Filling up the DagBag from /home/airflow/.local/lib/python3.12/site-packages/airflow/example_dags/example_latest_only_with_trigger.py
[2024-06-07T02:10:01.052+0000] {processor.py:840} INFO - DAG(s) 'latest_only_with_trigger' retrieved from /home/airflow/.local/lib/python3.12/site-packages/airflow/example_dags/example_latest_only_with_trigger.py
[2024-06-07T02:10:01.099+0000] {logging_mixin.py:188} INFO - [2024-06-07T02:10:01.098+0000] {dag.py:3096} INFO - Sync 1 DAGs
[2024-06-07T02:10:01.141+0000] {logging_mixin.py:188} INFO - [2024-06-07T02:10:01.141+0000] {dag.py:3954} INFO - Setting next_dagrun for latest_only_with_trigger to 2024-06-06 20:00:00+00:00, run_after=2024-06-07 00:00:00+00:00
[2024-06-07T02:10:01.190+0000] {processor.py:183} INFO - Processing /home/airflow/.local/lib/python3.12/site-packages/airflow/example_dags/example_latest_only_with_trigger.py took 0.166 seconds
[2024-06-07T02:10:31.708+0000] {processor.py:161} INFO - Started process (PID=9534) to work on /home/airflow/.local/lib/python3.12/site-packages/airflow/example_dags/example_latest_only_with_trigger.py
[2024-06-07T02:10:31.710+0000] {processor.py:830} INFO - Processing file /home/airflow/.local/lib/python3.12/site-packages/airflow/example_dags/example_latest_only_with_trigger.py for tasks to queue
[2024-06-07T02:10:31.713+0000] {logging_mixin.py:188} INFO - [2024-06-07T02:10:31.712+0000] {dagbag.py:545} INFO - Filling up the DagBag from /home/airflow/.local/lib/python3.12/site-packages/airflow/example_dags/example_latest_only_with_trigger.py
[2024-06-07T02:10:31.725+0000] {processor.py:840} INFO - DAG(s) 'latest_only_with_trigger' retrieved from /home/airflow/.local/lib/python3.12/site-packages/airflow/example_dags/example_latest_only_with_trigger.py
[2024-06-07T02:10:31.782+0000] {logging_mixin.py:188} INFO - [2024-06-07T02:10:31.781+0000] {dag.py:3096} INFO - Sync 1 DAGs
[2024-06-07T02:10:31.856+0000] {logging_mixin.py:188} INFO - [2024-06-07T02:10:31.854+0000] {dag.py:3954} INFO - Setting next_dagrun for latest_only_with_trigger to 2024-06-06 20:00:00+00:00, run_after=2024-06-07 00:00:00+00:00
[2024-06-07T02:10:31.912+0000] {processor.py:183} INFO - Processing /home/airflow/.local/lib/python3.12/site-packages/airflow/example_dags/example_latest_only_with_trigger.py took 0.221 seconds
[2024-06-07T02:11:02.789+0000] {processor.py:161} INFO - Started process (PID=9587) to work on /home/airflow/.local/lib/python3.12/site-packages/airflow/example_dags/example_latest_only_with_trigger.py
[2024-06-07T02:11:02.792+0000] {processor.py:830} INFO - Processing file /home/airflow/.local/lib/python3.12/site-packages/airflow/example_dags/example_latest_only_with_trigger.py for tasks to queue
[2024-06-07T02:11:02.795+0000] {logging_mixin.py:188} INFO - [2024-06-07T02:11:02.795+0000] {dagbag.py:545} INFO - Filling up the DagBag from /home/airflow/.local/lib/python3.12/site-packages/airflow/example_dags/example_latest_only_with_trigger.py
[2024-06-07T02:11:02.808+0000] {processor.py:840} INFO - DAG(s) 'latest_only_with_trigger' retrieved from /home/airflow/.local/lib/python3.12/site-packages/airflow/example_dags/example_latest_only_with_trigger.py
[2024-06-07T02:11:02.853+0000] {logging_mixin.py:188} INFO - [2024-06-07T02:11:02.853+0000] {dag.py:3096} INFO - Sync 1 DAGs
[2024-06-07T02:11:02.905+0000] {logging_mixin.py:188} INFO - [2024-06-07T02:11:02.905+0000] {dag.py:3954} INFO - Setting next_dagrun for latest_only_with_trigger to 2024-06-06 20:00:00+00:00, run_after=2024-06-07 00:00:00+00:00
[2024-06-07T02:11:02.943+0000] {processor.py:183} INFO - Processing /home/airflow/.local/lib/python3.12/site-packages/airflow/example_dags/example_latest_only_with_trigger.py took 0.167 seconds
[2024-06-07T02:11:33.189+0000] {processor.py:161} INFO - Started process (PID=9640) to work on /home/airflow/.local/lib/python3.12/site-packages/airflow/example_dags/example_latest_only_with_trigger.py
[2024-06-07T02:11:33.190+0000] {processor.py:830} INFO - Processing file /home/airflow/.local/lib/python3.12/site-packages/airflow/example_dags/example_latest_only_with_trigger.py for tasks to queue
[2024-06-07T02:11:33.191+0000] {logging_mixin.py:188} INFO - [2024-06-07T02:11:33.191+0000] {dagbag.py:545} INFO - Filling up the DagBag from /home/airflow/.local/lib/python3.12/site-packages/airflow/example_dags/example_latest_only_with_trigger.py
[2024-06-07T02:11:33.198+0000] {processor.py:840} INFO - DAG(s) 'latest_only_with_trigger' retrieved from /home/airflow/.local/lib/python3.12/site-packages/airflow/example_dags/example_latest_only_with_trigger.py
[2024-06-07T02:11:33.227+0000] {logging_mixin.py:188} INFO - [2024-06-07T02:11:33.227+0000] {dag.py:3096} INFO - Sync 1 DAGs
[2024-06-07T02:11:33.254+0000] {logging_mixin.py:188} INFO - [2024-06-07T02:11:33.254+0000] {dag.py:3954} INFO - Setting next_dagrun for latest_only_with_trigger to 2024-06-06 20:00:00+00:00, run_after=2024-06-07 00:00:00+00:00
[2024-06-07T02:11:33.322+0000] {processor.py:183} INFO - Processing /home/airflow/.local/lib/python3.12/site-packages/airflow/example_dags/example_latest_only_with_trigger.py took 0.140 seconds
[2024-06-07T14:01:11.803+0000] {processor.py:161} INFO - Started process (PID=9662) to work on /home/airflow/.local/lib/python3.12/site-packages/airflow/example_dags/example_latest_only_with_trigger.py
[2024-06-07T14:01:11.807+0000] {processor.py:830} INFO - Processing file /home/airflow/.local/lib/python3.12/site-packages/airflow/example_dags/example_latest_only_with_trigger.py for tasks to queue
[2024-06-07T14:01:11.812+0000] {logging_mixin.py:188} INFO - [2024-06-07T14:01:11.811+0000] {dagbag.py:545} INFO - Filling up the DagBag from /home/airflow/.local/lib/python3.12/site-packages/airflow/example_dags/example_latest_only_with_trigger.py
[2024-06-07T14:01:11.838+0000] {processor.py:840} INFO - DAG(s) 'latest_only_with_trigger' retrieved from /home/airflow/.local/lib/python3.12/site-packages/airflow/example_dags/example_latest_only_with_trigger.py
[2024-06-07T14:01:11.891+0000] {logging_mixin.py:188} INFO - [2024-06-07T14:01:11.891+0000] {dag.py:3096} INFO - Sync 1 DAGs
[2024-06-07T14:01:11.944+0000] {logging_mixin.py:188} INFO - [2024-06-07T14:01:11.944+0000] {dag.py:3954} INFO - Setting next_dagrun for latest_only_with_trigger to 2024-06-07 08:00:00+00:00, run_after=2024-06-07 12:00:00+00:00
[2024-06-07T14:01:12.006+0000] {processor.py:183} INFO - Processing /home/airflow/.local/lib/python3.12/site-packages/airflow/example_dags/example_latest_only_with_trigger.py took 0.225 seconds
[2024-06-07T14:01:42.057+0000] {processor.py:161} INFO - Started process (PID=9715) to work on /home/airflow/.local/lib/python3.12/site-packages/airflow/example_dags/example_latest_only_with_trigger.py
[2024-06-07T14:01:42.059+0000] {processor.py:830} INFO - Processing file /home/airflow/.local/lib/python3.12/site-packages/airflow/example_dags/example_latest_only_with_trigger.py for tasks to queue
[2024-06-07T14:01:42.060+0000] {logging_mixin.py:188} INFO - [2024-06-07T14:01:42.060+0000] {dagbag.py:545} INFO - Filling up the DagBag from /home/airflow/.local/lib/python3.12/site-packages/airflow/example_dags/example_latest_only_with_trigger.py
[2024-06-07T14:01:42.067+0000] {processor.py:840} INFO - DAG(s) 'latest_only_with_trigger' retrieved from /home/airflow/.local/lib/python3.12/site-packages/airflow/example_dags/example_latest_only_with_trigger.py
[2024-06-07T14:01:42.091+0000] {logging_mixin.py:188} INFO - [2024-06-07T14:01:42.090+0000] {dag.py:3096} INFO - Sync 1 DAGs
[2024-06-07T14:01:42.118+0000] {logging_mixin.py:188} INFO - [2024-06-07T14:01:42.117+0000] {dag.py:3954} INFO - Setting next_dagrun for latest_only_with_trigger to 2024-06-07 08:00:00+00:00, run_after=2024-06-07 12:00:00+00:00
[2024-06-07T14:01:42.141+0000] {processor.py:183} INFO - Processing /home/airflow/.local/lib/python3.12/site-packages/airflow/example_dags/example_latest_only_with_trigger.py took 0.090 seconds
