[2024-06-07T02:01:14.062+0000] {processor.py:161} INFO - Started process (PID=8574) to work on /home/airflow/.local/lib/python3.12/site-packages/airflow/example_dags/tutorial_taskflow_api_virtualenv.py
[2024-06-07T02:01:14.066+0000] {processor.py:830} INFO - Processing file /home/airflow/.local/lib/python3.12/site-packages/airflow/example_dags/tutorial_taskflow_api_virtualenv.py for tasks to queue
[2024-06-07T02:01:14.069+0000] {logging_mixin.py:188} INFO - [2024-06-07T02:01:14.068+0000] {dagbag.py:545} INFO - Filling up the DagBag from /home/airflow/.local/lib/python3.12/site-packages/airflow/example_dags/tutorial_taskflow_api_virtualenv.py
[2024-06-07T02:01:14.115+0000] {processor.py:840} INFO - DAG(s) 'tutorial_taskflow_api_virtualenv' retrieved from /home/airflow/.local/lib/python3.12/site-packages/airflow/example_dags/tutorial_taskflow_api_virtualenv.py
[2024-06-07T02:01:14.176+0000] {logging_mixin.py:188} INFO - [2024-06-07T02:01:14.174+0000] {dag.py:3096} INFO - Sync 1 DAGs
[2024-06-07T02:01:14.217+0000] {logging_mixin.py:188} INFO - [2024-06-07T02:01:14.217+0000] {dag.py:3954} INFO - Setting next_dagrun for tutorial_taskflow_api_virtualenv to None, run_after=None
[2024-06-07T02:01:14.281+0000] {processor.py:183} INFO - Processing /home/airflow/.local/lib/python3.12/site-packages/airflow/example_dags/tutorial_taskflow_api_virtualenv.py took 0.233 seconds
[2024-06-07T02:01:45.060+0000] {processor.py:161} INFO - Started process (PID=8627) to work on /home/airflow/.local/lib/python3.12/site-packages/airflow/example_dags/tutorial_taskflow_api_virtualenv.py
[2024-06-07T02:01:45.062+0000] {processor.py:830} INFO - Processing file /home/airflow/.local/lib/python3.12/site-packages/airflow/example_dags/tutorial_taskflow_api_virtualenv.py for tasks to queue
[2024-06-07T02:01:45.064+0000] {logging_mixin.py:188} INFO - [2024-06-07T02:01:45.064+0000] {dagbag.py:545} INFO - Filling up the DagBag from /home/airflow/.local/lib/python3.12/site-packages/airflow/example_dags/tutorial_taskflow_api_virtualenv.py
[2024-06-07T02:01:45.085+0000] {processor.py:840} INFO - DAG(s) 'tutorial_taskflow_api_virtualenv' retrieved from /home/airflow/.local/lib/python3.12/site-packages/airflow/example_dags/tutorial_taskflow_api_virtualenv.py
[2024-06-07T02:01:45.129+0000] {logging_mixin.py:188} INFO - [2024-06-07T02:01:45.129+0000] {dag.py:3096} INFO - Sync 1 DAGs
[2024-06-07T02:01:45.155+0000] {logging_mixin.py:188} INFO - [2024-06-07T02:01:45.154+0000] {dag.py:3954} INFO - Setting next_dagrun for tutorial_taskflow_api_virtualenv to None, run_after=None
[2024-06-07T02:01:45.234+0000] {processor.py:183} INFO - Processing /home/airflow/.local/lib/python3.12/site-packages/airflow/example_dags/tutorial_taskflow_api_virtualenv.py took 0.185 seconds
[2024-06-07T02:02:15.718+0000] {processor.py:161} INFO - Started process (PID=8680) to work on /home/airflow/.local/lib/python3.12/site-packages/airflow/example_dags/tutorial_taskflow_api_virtualenv.py
[2024-06-07T02:02:15.720+0000] {processor.py:830} INFO - Processing file /home/airflow/.local/lib/python3.12/site-packages/airflow/example_dags/tutorial_taskflow_api_virtualenv.py for tasks to queue
[2024-06-07T02:02:15.722+0000] {logging_mixin.py:188} INFO - [2024-06-07T02:02:15.722+0000] {dagbag.py:545} INFO - Filling up the DagBag from /home/airflow/.local/lib/python3.12/site-packages/airflow/example_dags/tutorial_taskflow_api_virtualenv.py
[2024-06-07T02:02:15.742+0000] {processor.py:840} INFO - DAG(s) 'tutorial_taskflow_api_virtualenv' retrieved from /home/airflow/.local/lib/python3.12/site-packages/airflow/example_dags/tutorial_taskflow_api_virtualenv.py
[2024-06-07T02:02:15.787+0000] {logging_mixin.py:188} INFO - [2024-06-07T02:02:15.786+0000] {dag.py:3096} INFO - Sync 1 DAGs
[2024-06-07T02:02:15.851+0000] {logging_mixin.py:188} INFO - [2024-06-07T02:02:15.843+0000] {dag.py:3954} INFO - Setting next_dagrun for tutorial_taskflow_api_virtualenv to None, run_after=None
[2024-06-07T02:02:15.930+0000] {processor.py:183} INFO - Processing /home/airflow/.local/lib/python3.12/site-packages/airflow/example_dags/tutorial_taskflow_api_virtualenv.py took 0.224 seconds
[2024-06-07T02:02:46.613+0000] {processor.py:161} INFO - Started process (PID=8733) to work on /home/airflow/.local/lib/python3.12/site-packages/airflow/example_dags/tutorial_taskflow_api_virtualenv.py
[2024-06-07T02:02:46.615+0000] {processor.py:830} INFO - Processing file /home/airflow/.local/lib/python3.12/site-packages/airflow/example_dags/tutorial_taskflow_api_virtualenv.py for tasks to queue
[2024-06-07T02:02:46.618+0000] {logging_mixin.py:188} INFO - [2024-06-07T02:02:46.617+0000] {dagbag.py:545} INFO - Filling up the DagBag from /home/airflow/.local/lib/python3.12/site-packages/airflow/example_dags/tutorial_taskflow_api_virtualenv.py
[2024-06-07T02:02:46.638+0000] {processor.py:840} INFO - DAG(s) 'tutorial_taskflow_api_virtualenv' retrieved from /home/airflow/.local/lib/python3.12/site-packages/airflow/example_dags/tutorial_taskflow_api_virtualenv.py
[2024-06-07T02:02:46.685+0000] {logging_mixin.py:188} INFO - [2024-06-07T02:02:46.685+0000] {dag.py:3096} INFO - Sync 1 DAGs
[2024-06-07T02:02:46.710+0000] {logging_mixin.py:188} INFO - [2024-06-07T02:02:46.710+0000] {dag.py:3954} INFO - Setting next_dagrun for tutorial_taskflow_api_virtualenv to None, run_after=None
[2024-06-07T02:02:46.754+0000] {processor.py:183} INFO - Processing /home/airflow/.local/lib/python3.12/site-packages/airflow/example_dags/tutorial_taskflow_api_virtualenv.py took 0.152 seconds
[2024-06-07T02:03:18.022+0000] {processor.py:161} INFO - Started process (PID=8785) to work on /home/airflow/.local/lib/python3.12/site-packages/airflow/example_dags/tutorial_taskflow_api_virtualenv.py
[2024-06-07T02:03:18.025+0000] {processor.py:830} INFO - Processing file /home/airflow/.local/lib/python3.12/site-packages/airflow/example_dags/tutorial_taskflow_api_virtualenv.py for tasks to queue
[2024-06-07T02:03:18.029+0000] {logging_mixin.py:188} INFO - [2024-06-07T02:03:18.028+0000] {dagbag.py:545} INFO - Filling up the DagBag from /home/airflow/.local/lib/python3.12/site-packages/airflow/example_dags/tutorial_taskflow_api_virtualenv.py
[2024-06-07T02:03:18.053+0000] {processor.py:840} INFO - DAG(s) 'tutorial_taskflow_api_virtualenv' retrieved from /home/airflow/.local/lib/python3.12/site-packages/airflow/example_dags/tutorial_taskflow_api_virtualenv.py
[2024-06-07T02:03:18.107+0000] {logging_mixin.py:188} INFO - [2024-06-07T02:03:18.106+0000] {dag.py:3096} INFO - Sync 1 DAGs
[2024-06-07T02:03:18.132+0000] {logging_mixin.py:188} INFO - [2024-06-07T02:03:18.131+0000] {dag.py:3954} INFO - Setting next_dagrun for tutorial_taskflow_api_virtualenv to None, run_after=None
[2024-06-07T02:03:18.182+0000] {processor.py:183} INFO - Processing /home/airflow/.local/lib/python3.12/site-packages/airflow/example_dags/tutorial_taskflow_api_virtualenv.py took 0.170 seconds
[2024-06-07T02:03:48.661+0000] {processor.py:161} INFO - Started process (PID=8837) to work on /home/airflow/.local/lib/python3.12/site-packages/airflow/example_dags/tutorial_taskflow_api_virtualenv.py
[2024-06-07T02:03:48.663+0000] {processor.py:830} INFO - Processing file /home/airflow/.local/lib/python3.12/site-packages/airflow/example_dags/tutorial_taskflow_api_virtualenv.py for tasks to queue
[2024-06-07T02:03:48.665+0000] {logging_mixin.py:188} INFO - [2024-06-07T02:03:48.664+0000] {dagbag.py:545} INFO - Filling up the DagBag from /home/airflow/.local/lib/python3.12/site-packages/airflow/example_dags/tutorial_taskflow_api_virtualenv.py
[2024-06-07T02:03:48.684+0000] {processor.py:840} INFO - DAG(s) 'tutorial_taskflow_api_virtualenv' retrieved from /home/airflow/.local/lib/python3.12/site-packages/airflow/example_dags/tutorial_taskflow_api_virtualenv.py
[2024-06-07T02:03:48.725+0000] {logging_mixin.py:188} INFO - [2024-06-07T02:03:48.725+0000] {dag.py:3096} INFO - Sync 1 DAGs
[2024-06-07T02:03:48.750+0000] {logging_mixin.py:188} INFO - [2024-06-07T02:03:48.750+0000] {dag.py:3954} INFO - Setting next_dagrun for tutorial_taskflow_api_virtualenv to None, run_after=None
[2024-06-07T02:03:48.794+0000] {processor.py:183} INFO - Processing /home/airflow/.local/lib/python3.12/site-packages/airflow/example_dags/tutorial_taskflow_api_virtualenv.py took 0.144 seconds
[2024-06-07T02:04:19.722+0000] {processor.py:161} INFO - Started process (PID=8890) to work on /home/airflow/.local/lib/python3.12/site-packages/airflow/example_dags/tutorial_taskflow_api_virtualenv.py
[2024-06-07T02:04:19.724+0000] {processor.py:830} INFO - Processing file /home/airflow/.local/lib/python3.12/site-packages/airflow/example_dags/tutorial_taskflow_api_virtualenv.py for tasks to queue
[2024-06-07T02:04:19.727+0000] {logging_mixin.py:188} INFO - [2024-06-07T02:04:19.726+0000] {dagbag.py:545} INFO - Filling up the DagBag from /home/airflow/.local/lib/python3.12/site-packages/airflow/example_dags/tutorial_taskflow_api_virtualenv.py
[2024-06-07T02:04:19.756+0000] {processor.py:840} INFO - DAG(s) 'tutorial_taskflow_api_virtualenv' retrieved from /home/airflow/.local/lib/python3.12/site-packages/airflow/example_dags/tutorial_taskflow_api_virtualenv.py
[2024-06-07T02:04:19.807+0000] {logging_mixin.py:188} INFO - [2024-06-07T02:04:19.806+0000] {dag.py:3096} INFO - Sync 1 DAGs
[2024-06-07T02:04:19.839+0000] {logging_mixin.py:188} INFO - [2024-06-07T02:04:19.838+0000] {dag.py:3954} INFO - Setting next_dagrun for tutorial_taskflow_api_virtualenv to None, run_after=None
[2024-06-07T02:04:19.889+0000] {processor.py:183} INFO - Processing /home/airflow/.local/lib/python3.12/site-packages/airflow/example_dags/tutorial_taskflow_api_virtualenv.py took 0.183 seconds
[2024-06-07T02:04:50.698+0000] {processor.py:161} INFO - Started process (PID=8943) to work on /home/airflow/.local/lib/python3.12/site-packages/airflow/example_dags/tutorial_taskflow_api_virtualenv.py
[2024-06-07T02:04:50.700+0000] {processor.py:830} INFO - Processing file /home/airflow/.local/lib/python3.12/site-packages/airflow/example_dags/tutorial_taskflow_api_virtualenv.py for tasks to queue
[2024-06-07T02:04:50.702+0000] {logging_mixin.py:188} INFO - [2024-06-07T02:04:50.702+0000] {dagbag.py:545} INFO - Filling up the DagBag from /home/airflow/.local/lib/python3.12/site-packages/airflow/example_dags/tutorial_taskflow_api_virtualenv.py
[2024-06-07T02:04:50.722+0000] {processor.py:840} INFO - DAG(s) 'tutorial_taskflow_api_virtualenv' retrieved from /home/airflow/.local/lib/python3.12/site-packages/airflow/example_dags/tutorial_taskflow_api_virtualenv.py
[2024-06-07T02:04:50.766+0000] {logging_mixin.py:188} INFO - [2024-06-07T02:04:50.766+0000] {dag.py:3096} INFO - Sync 1 DAGs
[2024-06-07T02:04:50.792+0000] {logging_mixin.py:188} INFO - [2024-06-07T02:04:50.792+0000] {dag.py:3954} INFO - Setting next_dagrun for tutorial_taskflow_api_virtualenv to None, run_after=None
[2024-06-07T02:04:50.842+0000] {processor.py:183} INFO - Processing /home/airflow/.local/lib/python3.12/site-packages/airflow/example_dags/tutorial_taskflow_api_virtualenv.py took 0.154 seconds
[2024-06-07T02:05:21.347+0000] {processor.py:161} INFO - Started process (PID=8996) to work on /home/airflow/.local/lib/python3.12/site-packages/airflow/example_dags/tutorial_taskflow_api_virtualenv.py
[2024-06-07T02:05:21.349+0000] {processor.py:830} INFO - Processing file /home/airflow/.local/lib/python3.12/site-packages/airflow/example_dags/tutorial_taskflow_api_virtualenv.py for tasks to queue
[2024-06-07T02:05:21.351+0000] {logging_mixin.py:188} INFO - [2024-06-07T02:05:21.351+0000] {dagbag.py:545} INFO - Filling up the DagBag from /home/airflow/.local/lib/python3.12/site-packages/airflow/example_dags/tutorial_taskflow_api_virtualenv.py
[2024-06-07T02:05:21.373+0000] {processor.py:840} INFO - DAG(s) 'tutorial_taskflow_api_virtualenv' retrieved from /home/airflow/.local/lib/python3.12/site-packages/airflow/example_dags/tutorial_taskflow_api_virtualenv.py
[2024-06-07T02:05:21.424+0000] {logging_mixin.py:188} INFO - [2024-06-07T02:05:21.423+0000] {dag.py:3096} INFO - Sync 1 DAGs
[2024-06-07T02:05:21.455+0000] {logging_mixin.py:188} INFO - [2024-06-07T02:05:21.454+0000] {dag.py:3954} INFO - Setting next_dagrun for tutorial_taskflow_api_virtualenv to None, run_after=None
[2024-06-07T02:05:21.509+0000] {processor.py:183} INFO - Processing /home/airflow/.local/lib/python3.12/site-packages/airflow/example_dags/tutorial_taskflow_api_virtualenv.py took 0.174 seconds
[2024-06-07T02:05:52.575+0000] {processor.py:161} INFO - Started process (PID=9049) to work on /home/airflow/.local/lib/python3.12/site-packages/airflow/example_dags/tutorial_taskflow_api_virtualenv.py
[2024-06-07T02:05:52.578+0000] {processor.py:830} INFO - Processing file /home/airflow/.local/lib/python3.12/site-packages/airflow/example_dags/tutorial_taskflow_api_virtualenv.py for tasks to queue
[2024-06-07T02:05:52.581+0000] {logging_mixin.py:188} INFO - [2024-06-07T02:05:52.580+0000] {dagbag.py:545} INFO - Filling up the DagBag from /home/airflow/.local/lib/python3.12/site-packages/airflow/example_dags/tutorial_taskflow_api_virtualenv.py
[2024-06-07T02:05:52.602+0000] {processor.py:840} INFO - DAG(s) 'tutorial_taskflow_api_virtualenv' retrieved from /home/airflow/.local/lib/python3.12/site-packages/airflow/example_dags/tutorial_taskflow_api_virtualenv.py
[2024-06-07T02:05:52.646+0000] {logging_mixin.py:188} INFO - [2024-06-07T02:05:52.645+0000] {dag.py:3096} INFO - Sync 1 DAGs
[2024-06-07T02:05:52.674+0000] {logging_mixin.py:188} INFO - [2024-06-07T02:05:52.674+0000] {dag.py:3954} INFO - Setting next_dagrun for tutorial_taskflow_api_virtualenv to None, run_after=None
[2024-06-07T02:05:52.713+0000] {processor.py:183} INFO - Processing /home/airflow/.local/lib/python3.12/site-packages/airflow/example_dags/tutorial_taskflow_api_virtualenv.py took 0.151 seconds
[2024-06-07T02:06:22.852+0000] {processor.py:161} INFO - Started process (PID=9101) to work on /home/airflow/.local/lib/python3.12/site-packages/airflow/example_dags/tutorial_taskflow_api_virtualenv.py
[2024-06-07T02:06:22.855+0000] {processor.py:830} INFO - Processing file /home/airflow/.local/lib/python3.12/site-packages/airflow/example_dags/tutorial_taskflow_api_virtualenv.py for tasks to queue
[2024-06-07T02:06:22.858+0000] {logging_mixin.py:188} INFO - [2024-06-07T02:06:22.857+0000] {dagbag.py:545} INFO - Filling up the DagBag from /home/airflow/.local/lib/python3.12/site-packages/airflow/example_dags/tutorial_taskflow_api_virtualenv.py
[2024-06-07T02:06:22.888+0000] {processor.py:840} INFO - DAG(s) 'tutorial_taskflow_api_virtualenv' retrieved from /home/airflow/.local/lib/python3.12/site-packages/airflow/example_dags/tutorial_taskflow_api_virtualenv.py
[2024-06-07T02:06:22.937+0000] {logging_mixin.py:188} INFO - [2024-06-07T02:06:22.936+0000] {dag.py:3096} INFO - Sync 1 DAGs
[2024-06-07T02:06:22.962+0000] {logging_mixin.py:188} INFO - [2024-06-07T02:06:22.962+0000] {dag.py:3954} INFO - Setting next_dagrun for tutorial_taskflow_api_virtualenv to None, run_after=None
[2024-06-07T02:06:23.003+0000] {processor.py:183} INFO - Processing /home/airflow/.local/lib/python3.12/site-packages/airflow/example_dags/tutorial_taskflow_api_virtualenv.py took 0.167 seconds
[2024-06-07T02:06:53.102+0000] {processor.py:161} INFO - Started process (PID=9154) to work on /home/airflow/.local/lib/python3.12/site-packages/airflow/example_dags/tutorial_taskflow_api_virtualenv.py
[2024-06-07T02:06:53.105+0000] {processor.py:830} INFO - Processing file /home/airflow/.local/lib/python3.12/site-packages/airflow/example_dags/tutorial_taskflow_api_virtualenv.py for tasks to queue
[2024-06-07T02:06:53.107+0000] {logging_mixin.py:188} INFO - [2024-06-07T02:06:53.106+0000] {dagbag.py:545} INFO - Filling up the DagBag from /home/airflow/.local/lib/python3.12/site-packages/airflow/example_dags/tutorial_taskflow_api_virtualenv.py
[2024-06-07T02:06:53.126+0000] {processor.py:840} INFO - DAG(s) 'tutorial_taskflow_api_virtualenv' retrieved from /home/airflow/.local/lib/python3.12/site-packages/airflow/example_dags/tutorial_taskflow_api_virtualenv.py
[2024-06-07T02:06:53.167+0000] {logging_mixin.py:188} INFO - [2024-06-07T02:06:53.167+0000] {dag.py:3096} INFO - Sync 1 DAGs
[2024-06-07T02:06:53.191+0000] {logging_mixin.py:188} INFO - [2024-06-07T02:06:53.191+0000] {dag.py:3954} INFO - Setting next_dagrun for tutorial_taskflow_api_virtualenv to None, run_after=None
[2024-06-07T02:06:53.231+0000] {processor.py:183} INFO - Processing /home/airflow/.local/lib/python3.12/site-packages/airflow/example_dags/tutorial_taskflow_api_virtualenv.py took 0.138 seconds
[2024-06-07T02:07:23.607+0000] {processor.py:161} INFO - Started process (PID=9207) to work on /home/airflow/.local/lib/python3.12/site-packages/airflow/example_dags/tutorial_taskflow_api_virtualenv.py
[2024-06-07T02:07:23.617+0000] {processor.py:830} INFO - Processing file /home/airflow/.local/lib/python3.12/site-packages/airflow/example_dags/tutorial_taskflow_api_virtualenv.py for tasks to queue
[2024-06-07T02:07:23.619+0000] {logging_mixin.py:188} INFO - [2024-06-07T02:07:23.618+0000] {dagbag.py:545} INFO - Filling up the DagBag from /home/airflow/.local/lib/python3.12/site-packages/airflow/example_dags/tutorial_taskflow_api_virtualenv.py
[2024-06-07T02:07:23.649+0000] {processor.py:840} INFO - DAG(s) 'tutorial_taskflow_api_virtualenv' retrieved from /home/airflow/.local/lib/python3.12/site-packages/airflow/example_dags/tutorial_taskflow_api_virtualenv.py
[2024-06-07T02:07:23.693+0000] {logging_mixin.py:188} INFO - [2024-06-07T02:07:23.692+0000] {dag.py:3096} INFO - Sync 1 DAGs
[2024-06-07T02:07:23.718+0000] {logging_mixin.py:188} INFO - [2024-06-07T02:07:23.718+0000] {dag.py:3954} INFO - Setting next_dagrun for tutorial_taskflow_api_virtualenv to None, run_after=None
[2024-06-07T02:07:23.766+0000] {processor.py:183} INFO - Processing /home/airflow/.local/lib/python3.12/site-packages/airflow/example_dags/tutorial_taskflow_api_virtualenv.py took 0.171 seconds
[2024-06-07T02:07:54.718+0000] {processor.py:161} INFO - Started process (PID=9260) to work on /home/airflow/.local/lib/python3.12/site-packages/airflow/example_dags/tutorial_taskflow_api_virtualenv.py
[2024-06-07T02:07:54.720+0000] {processor.py:830} INFO - Processing file /home/airflow/.local/lib/python3.12/site-packages/airflow/example_dags/tutorial_taskflow_api_virtualenv.py for tasks to queue
[2024-06-07T02:07:54.722+0000] {logging_mixin.py:188} INFO - [2024-06-07T02:07:54.722+0000] {dagbag.py:545} INFO - Filling up the DagBag from /home/airflow/.local/lib/python3.12/site-packages/airflow/example_dags/tutorial_taskflow_api_virtualenv.py
[2024-06-07T02:07:54.740+0000] {processor.py:840} INFO - DAG(s) 'tutorial_taskflow_api_virtualenv' retrieved from /home/airflow/.local/lib/python3.12/site-packages/airflow/example_dags/tutorial_taskflow_api_virtualenv.py
[2024-06-07T02:07:54.778+0000] {logging_mixin.py:188} INFO - [2024-06-07T02:07:54.777+0000] {dag.py:3096} INFO - Sync 1 DAGs
[2024-06-07T02:07:54.800+0000] {logging_mixin.py:188} INFO - [2024-06-07T02:07:54.800+0000] {dag.py:3954} INFO - Setting next_dagrun for tutorial_taskflow_api_virtualenv to None, run_after=None
[2024-06-07T02:07:54.838+0000] {processor.py:183} INFO - Processing /home/airflow/.local/lib/python3.12/site-packages/airflow/example_dags/tutorial_taskflow_api_virtualenv.py took 0.129 seconds
[2024-06-07T02:08:25.422+0000] {processor.py:161} INFO - Started process (PID=9313) to work on /home/airflow/.local/lib/python3.12/site-packages/airflow/example_dags/tutorial_taskflow_api_virtualenv.py
[2024-06-07T02:08:25.426+0000] {processor.py:830} INFO - Processing file /home/airflow/.local/lib/python3.12/site-packages/airflow/example_dags/tutorial_taskflow_api_virtualenv.py for tasks to queue
[2024-06-07T02:08:25.430+0000] {logging_mixin.py:188} INFO - [2024-06-07T02:08:25.429+0000] {dagbag.py:545} INFO - Filling up the DagBag from /home/airflow/.local/lib/python3.12/site-packages/airflow/example_dags/tutorial_taskflow_api_virtualenv.py
[2024-06-07T02:08:25.470+0000] {processor.py:840} INFO - DAG(s) 'tutorial_taskflow_api_virtualenv' retrieved from /home/airflow/.local/lib/python3.12/site-packages/airflow/example_dags/tutorial_taskflow_api_virtualenv.py
[2024-06-07T02:08:25.535+0000] {logging_mixin.py:188} INFO - [2024-06-07T02:08:25.535+0000] {dag.py:3096} INFO - Sync 1 DAGs
[2024-06-07T02:08:25.565+0000] {logging_mixin.py:188} INFO - [2024-06-07T02:08:25.564+0000] {dag.py:3954} INFO - Setting next_dagrun for tutorial_taskflow_api_virtualenv to None, run_after=None
[2024-06-07T02:08:25.607+0000] {processor.py:183} INFO - Processing /home/airflow/.local/lib/python3.12/site-packages/airflow/example_dags/tutorial_taskflow_api_virtualenv.py took 0.202 seconds
[2024-06-07T02:08:56.074+0000] {processor.py:161} INFO - Started process (PID=9366) to work on /home/airflow/.local/lib/python3.12/site-packages/airflow/example_dags/tutorial_taskflow_api_virtualenv.py
[2024-06-07T02:08:56.077+0000] {processor.py:830} INFO - Processing file /home/airflow/.local/lib/python3.12/site-packages/airflow/example_dags/tutorial_taskflow_api_virtualenv.py for tasks to queue
[2024-06-07T02:08:56.079+0000] {logging_mixin.py:188} INFO - [2024-06-07T02:08:56.079+0000] {dagbag.py:545} INFO - Filling up the DagBag from /home/airflow/.local/lib/python3.12/site-packages/airflow/example_dags/tutorial_taskflow_api_virtualenv.py
[2024-06-07T02:08:56.101+0000] {processor.py:840} INFO - DAG(s) 'tutorial_taskflow_api_virtualenv' retrieved from /home/airflow/.local/lib/python3.12/site-packages/airflow/example_dags/tutorial_taskflow_api_virtualenv.py
[2024-06-07T02:08:56.148+0000] {logging_mixin.py:188} INFO - [2024-06-07T02:08:56.148+0000] {dag.py:3096} INFO - Sync 1 DAGs
[2024-06-07T02:08:56.177+0000] {logging_mixin.py:188} INFO - [2024-06-07T02:08:56.176+0000] {dag.py:3954} INFO - Setting next_dagrun for tutorial_taskflow_api_virtualenv to None, run_after=None
[2024-06-07T02:08:56.220+0000] {processor.py:183} INFO - Processing /home/airflow/.local/lib/python3.12/site-packages/airflow/example_dags/tutorial_taskflow_api_virtualenv.py took 0.162 seconds
[2024-06-07T02:09:26.557+0000] {processor.py:161} INFO - Started process (PID=9419) to work on /home/airflow/.local/lib/python3.12/site-packages/airflow/example_dags/tutorial_taskflow_api_virtualenv.py
[2024-06-07T02:09:26.559+0000] {processor.py:830} INFO - Processing file /home/airflow/.local/lib/python3.12/site-packages/airflow/example_dags/tutorial_taskflow_api_virtualenv.py for tasks to queue
[2024-06-07T02:09:26.562+0000] {logging_mixin.py:188} INFO - [2024-06-07T02:09:26.561+0000] {dagbag.py:545} INFO - Filling up the DagBag from /home/airflow/.local/lib/python3.12/site-packages/airflow/example_dags/tutorial_taskflow_api_virtualenv.py
[2024-06-07T02:09:26.587+0000] {processor.py:840} INFO - DAG(s) 'tutorial_taskflow_api_virtualenv' retrieved from /home/airflow/.local/lib/python3.12/site-packages/airflow/example_dags/tutorial_taskflow_api_virtualenv.py
[2024-06-07T02:09:26.636+0000] {logging_mixin.py:188} INFO - [2024-06-07T02:09:26.636+0000] {dag.py:3096} INFO - Sync 1 DAGs
[2024-06-07T02:09:26.671+0000] {logging_mixin.py:188} INFO - [2024-06-07T02:09:26.670+0000] {dag.py:3954} INFO - Setting next_dagrun for tutorial_taskflow_api_virtualenv to None, run_after=None
[2024-06-07T02:09:26.725+0000] {processor.py:183} INFO - Processing /home/airflow/.local/lib/python3.12/site-packages/airflow/example_dags/tutorial_taskflow_api_virtualenv.py took 0.181 seconds
[2024-06-07T02:09:57.768+0000] {processor.py:161} INFO - Started process (PID=9472) to work on /home/airflow/.local/lib/python3.12/site-packages/airflow/example_dags/tutorial_taskflow_api_virtualenv.py
[2024-06-07T02:09:57.770+0000] {processor.py:830} INFO - Processing file /home/airflow/.local/lib/python3.12/site-packages/airflow/example_dags/tutorial_taskflow_api_virtualenv.py for tasks to queue
[2024-06-07T02:09:57.772+0000] {logging_mixin.py:188} INFO - [2024-06-07T02:09:57.772+0000] {dagbag.py:545} INFO - Filling up the DagBag from /home/airflow/.local/lib/python3.12/site-packages/airflow/example_dags/tutorial_taskflow_api_virtualenv.py
[2024-06-07T02:09:57.792+0000] {processor.py:840} INFO - DAG(s) 'tutorial_taskflow_api_virtualenv' retrieved from /home/airflow/.local/lib/python3.12/site-packages/airflow/example_dags/tutorial_taskflow_api_virtualenv.py
[2024-06-07T02:09:57.833+0000] {logging_mixin.py:188} INFO - [2024-06-07T02:09:57.833+0000] {dag.py:3096} INFO - Sync 1 DAGs
[2024-06-07T02:09:57.864+0000] {logging_mixin.py:188} INFO - [2024-06-07T02:09:57.863+0000] {dag.py:3954} INFO - Setting next_dagrun for tutorial_taskflow_api_virtualenv to None, run_after=None
[2024-06-07T02:09:57.908+0000] {processor.py:183} INFO - Processing /home/airflow/.local/lib/python3.12/site-packages/airflow/example_dags/tutorial_taskflow_api_virtualenv.py took 0.150 seconds
[2024-06-07T02:10:28.076+0000] {processor.py:161} INFO - Started process (PID=9525) to work on /home/airflow/.local/lib/python3.12/site-packages/airflow/example_dags/tutorial_taskflow_api_virtualenv.py
[2024-06-07T02:10:28.078+0000] {processor.py:830} INFO - Processing file /home/airflow/.local/lib/python3.12/site-packages/airflow/example_dags/tutorial_taskflow_api_virtualenv.py for tasks to queue
[2024-06-07T02:10:28.080+0000] {logging_mixin.py:188} INFO - [2024-06-07T02:10:28.080+0000] {dagbag.py:545} INFO - Filling up the DagBag from /home/airflow/.local/lib/python3.12/site-packages/airflow/example_dags/tutorial_taskflow_api_virtualenv.py
[2024-06-07T02:10:28.102+0000] {processor.py:840} INFO - DAG(s) 'tutorial_taskflow_api_virtualenv' retrieved from /home/airflow/.local/lib/python3.12/site-packages/airflow/example_dags/tutorial_taskflow_api_virtualenv.py
[2024-06-07T02:10:28.136+0000] {logging_mixin.py:188} INFO - [2024-06-07T02:10:28.136+0000] {dag.py:3096} INFO - Sync 1 DAGs
[2024-06-07T02:10:28.167+0000] {logging_mixin.py:188} INFO - [2024-06-07T02:10:28.166+0000] {dag.py:3954} INFO - Setting next_dagrun for tutorial_taskflow_api_virtualenv to None, run_after=None
[2024-06-07T02:10:28.207+0000] {processor.py:183} INFO - Processing /home/airflow/.local/lib/python3.12/site-packages/airflow/example_dags/tutorial_taskflow_api_virtualenv.py took 0.144 seconds
[2024-06-07T02:10:58.593+0000] {processor.py:161} INFO - Started process (PID=9578) to work on /home/airflow/.local/lib/python3.12/site-packages/airflow/example_dags/tutorial_taskflow_api_virtualenv.py
[2024-06-07T02:10:58.595+0000] {processor.py:830} INFO - Processing file /home/airflow/.local/lib/python3.12/site-packages/airflow/example_dags/tutorial_taskflow_api_virtualenv.py for tasks to queue
[2024-06-07T02:10:58.597+0000] {logging_mixin.py:188} INFO - [2024-06-07T02:10:58.596+0000] {dagbag.py:545} INFO - Filling up the DagBag from /home/airflow/.local/lib/python3.12/site-packages/airflow/example_dags/tutorial_taskflow_api_virtualenv.py
[2024-06-07T02:10:58.627+0000] {processor.py:840} INFO - DAG(s) 'tutorial_taskflow_api_virtualenv' retrieved from /home/airflow/.local/lib/python3.12/site-packages/airflow/example_dags/tutorial_taskflow_api_virtualenv.py
[2024-06-07T02:10:58.687+0000] {logging_mixin.py:188} INFO - [2024-06-07T02:10:58.686+0000] {dag.py:3096} INFO - Sync 1 DAGs
[2024-06-07T02:10:58.726+0000] {logging_mixin.py:188} INFO - [2024-06-07T02:10:58.725+0000] {dag.py:3954} INFO - Setting next_dagrun for tutorial_taskflow_api_virtualenv to None, run_after=None
[2024-06-07T02:10:58.770+0000] {processor.py:183} INFO - Processing /home/airflow/.local/lib/python3.12/site-packages/airflow/example_dags/tutorial_taskflow_api_virtualenv.py took 0.191 seconds
[2024-06-07T02:11:28.985+0000] {processor.py:161} INFO - Started process (PID=9632) to work on /home/airflow/.local/lib/python3.12/site-packages/airflow/example_dags/tutorial_taskflow_api_virtualenv.py
[2024-06-07T02:11:28.986+0000] {processor.py:830} INFO - Processing file /home/airflow/.local/lib/python3.12/site-packages/airflow/example_dags/tutorial_taskflow_api_virtualenv.py for tasks to queue
[2024-06-07T02:11:28.988+0000] {logging_mixin.py:188} INFO - [2024-06-07T02:11:28.987+0000] {dagbag.py:545} INFO - Filling up the DagBag from /home/airflow/.local/lib/python3.12/site-packages/airflow/example_dags/tutorial_taskflow_api_virtualenv.py
[2024-06-07T02:11:28.999+0000] {processor.py:840} INFO - DAG(s) 'tutorial_taskflow_api_virtualenv' retrieved from /home/airflow/.local/lib/python3.12/site-packages/airflow/example_dags/tutorial_taskflow_api_virtualenv.py
[2024-06-07T02:11:29.023+0000] {logging_mixin.py:188} INFO - [2024-06-07T02:11:29.023+0000] {dag.py:3096} INFO - Sync 1 DAGs
[2024-06-07T02:11:29.039+0000] {logging_mixin.py:188} INFO - [2024-06-07T02:11:29.039+0000] {dag.py:3954} INFO - Setting next_dagrun for tutorial_taskflow_api_virtualenv to None, run_after=None
[2024-06-07T02:11:29.068+0000] {processor.py:183} INFO - Processing /home/airflow/.local/lib/python3.12/site-packages/airflow/example_dags/tutorial_taskflow_api_virtualenv.py took 0.089 seconds
[2024-06-07T14:01:05.508+0000] {processor.py:161} INFO - Started process (PID=9653) to work on /home/airflow/.local/lib/python3.12/site-packages/airflow/example_dags/tutorial_taskflow_api_virtualenv.py
[2024-06-07T14:01:05.511+0000] {processor.py:830} INFO - Processing file /home/airflow/.local/lib/python3.12/site-packages/airflow/example_dags/tutorial_taskflow_api_virtualenv.py for tasks to queue
[2024-06-07T14:01:05.514+0000] {logging_mixin.py:188} INFO - [2024-06-07T14:01:05.513+0000] {dagbag.py:545} INFO - Filling up the DagBag from /home/airflow/.local/lib/python3.12/site-packages/airflow/example_dags/tutorial_taskflow_api_virtualenv.py
[2024-06-07T14:01:05.564+0000] {processor.py:840} INFO - DAG(s) 'tutorial_taskflow_api_virtualenv' retrieved from /home/airflow/.local/lib/python3.12/site-packages/airflow/example_dags/tutorial_taskflow_api_virtualenv.py
[2024-06-07T14:01:05.669+0000] {logging_mixin.py:188} INFO - [2024-06-07T14:01:05.667+0000] {dag.py:3096} INFO - Sync 1 DAGs
[2024-06-07T14:01:05.868+0000] {logging_mixin.py:188} INFO - [2024-06-07T14:01:05.867+0000] {dag.py:3954} INFO - Setting next_dagrun for tutorial_taskflow_api_virtualenv to None, run_after=None
[2024-06-07T14:01:06.047+0000] {processor.py:183} INFO - Processing /home/airflow/.local/lib/python3.12/site-packages/airflow/example_dags/tutorial_taskflow_api_virtualenv.py took 0.560 seconds
[2024-06-07T14:01:36.576+0000] {processor.py:161} INFO - Started process (PID=9706) to work on /home/airflow/.local/lib/python3.12/site-packages/airflow/example_dags/tutorial_taskflow_api_virtualenv.py
[2024-06-07T14:01:36.577+0000] {processor.py:830} INFO - Processing file /home/airflow/.local/lib/python3.12/site-packages/airflow/example_dags/tutorial_taskflow_api_virtualenv.py for tasks to queue
[2024-06-07T14:01:36.578+0000] {logging_mixin.py:188} INFO - [2024-06-07T14:01:36.578+0000] {dagbag.py:545} INFO - Filling up the DagBag from /home/airflow/.local/lib/python3.12/site-packages/airflow/example_dags/tutorial_taskflow_api_virtualenv.py
[2024-06-07T14:01:36.591+0000] {processor.py:840} INFO - DAG(s) 'tutorial_taskflow_api_virtualenv' retrieved from /home/airflow/.local/lib/python3.12/site-packages/airflow/example_dags/tutorial_taskflow_api_virtualenv.py
[2024-06-07T14:01:36.617+0000] {logging_mixin.py:188} INFO - [2024-06-07T14:01:36.617+0000] {dag.py:3096} INFO - Sync 1 DAGs
[2024-06-07T14:01:36.635+0000] {logging_mixin.py:188} INFO - [2024-06-07T14:01:36.635+0000] {dag.py:3954} INFO - Setting next_dagrun for tutorial_taskflow_api_virtualenv to None, run_after=None
[2024-06-07T14:01:36.668+0000] {processor.py:183} INFO - Processing /home/airflow/.local/lib/python3.12/site-packages/airflow/example_dags/tutorial_taskflow_api_virtualenv.py took 0.099 seconds
