[2024-06-07T02:01:14.460+0000] {processor.py:161} INFO - Started process (PID=8577) to work on /home/airflow/.local/lib/python3.12/site-packages/airflow/example_dags/tutorial_objectstorage.py
[2024-06-07T02:01:14.464+0000] {processor.py:830} INFO - Processing file /home/airflow/.local/lib/python3.12/site-packages/airflow/example_dags/tutorial_objectstorage.py for tasks to queue
[2024-06-07T02:01:14.467+0000] {logging_mixin.py:188} INFO - [2024-06-07T02:01:14.466+0000] {dagbag.py:545} INFO - Filling up the DagBag from /home/airflow/.local/lib/python3.12/site-packages/airflow/example_dags/tutorial_objectstorage.py
[2024-06-07T02:01:14.495+0000] {processor.py:840} INFO - DAG(s) 'tutorial_objectstorage' retrieved from /home/airflow/.local/lib/python3.12/site-packages/airflow/example_dags/tutorial_objectstorage.py
[2024-06-07T02:01:14.540+0000] {logging_mixin.py:188} INFO - [2024-06-07T02:01:14.539+0000] {dag.py:3096} INFO - Sync 1 DAGs
[2024-06-07T02:01:14.576+0000] {logging_mixin.py:188} INFO - [2024-06-07T02:01:14.575+0000] {dag.py:3954} INFO - Setting next_dagrun for tutorial_objectstorage to None, run_after=None
[2024-06-07T02:01:14.632+0000] {processor.py:183} INFO - Processing /home/airflow/.local/lib/python3.12/site-packages/airflow/example_dags/tutorial_objectstorage.py took 0.183 seconds
[2024-06-07T02:01:45.545+0000] {processor.py:161} INFO - Started process (PID=8630) to work on /home/airflow/.local/lib/python3.12/site-packages/airflow/example_dags/tutorial_objectstorage.py
[2024-06-07T02:01:45.547+0000] {processor.py:830} INFO - Processing file /home/airflow/.local/lib/python3.12/site-packages/airflow/example_dags/tutorial_objectstorage.py for tasks to queue
[2024-06-07T02:01:45.550+0000] {logging_mixin.py:188} INFO - [2024-06-07T02:01:45.549+0000] {dagbag.py:545} INFO - Filling up the DagBag from /home/airflow/.local/lib/python3.12/site-packages/airflow/example_dags/tutorial_objectstorage.py
[2024-06-07T02:01:45.564+0000] {processor.py:840} INFO - DAG(s) 'tutorial_objectstorage' retrieved from /home/airflow/.local/lib/python3.12/site-packages/airflow/example_dags/tutorial_objectstorage.py
[2024-06-07T02:01:45.604+0000] {logging_mixin.py:188} INFO - [2024-06-07T02:01:45.604+0000] {dag.py:3096} INFO - Sync 1 DAGs
[2024-06-07T02:01:45.630+0000] {logging_mixin.py:188} INFO - [2024-06-07T02:01:45.630+0000] {dag.py:3954} INFO - Setting next_dagrun for tutorial_objectstorage to None, run_after=None
[2024-06-07T02:01:45.678+0000] {processor.py:183} INFO - Processing /home/airflow/.local/lib/python3.12/site-packages/airflow/example_dags/tutorial_objectstorage.py took 0.145 seconds
[2024-06-07T02:02:16.061+0000] {processor.py:161} INFO - Started process (PID=8683) to work on /home/airflow/.local/lib/python3.12/site-packages/airflow/example_dags/tutorial_objectstorage.py
[2024-06-07T02:02:16.063+0000] {processor.py:830} INFO - Processing file /home/airflow/.local/lib/python3.12/site-packages/airflow/example_dags/tutorial_objectstorage.py for tasks to queue
[2024-06-07T02:02:16.066+0000] {logging_mixin.py:188} INFO - [2024-06-07T02:02:16.066+0000] {dagbag.py:545} INFO - Filling up the DagBag from /home/airflow/.local/lib/python3.12/site-packages/airflow/example_dags/tutorial_objectstorage.py
[2024-06-07T02:02:16.082+0000] {processor.py:840} INFO - DAG(s) 'tutorial_objectstorage' retrieved from /home/airflow/.local/lib/python3.12/site-packages/airflow/example_dags/tutorial_objectstorage.py
[2024-06-07T02:02:16.124+0000] {logging_mixin.py:188} INFO - [2024-06-07T02:02:16.123+0000] {dag.py:3096} INFO - Sync 1 DAGs
[2024-06-07T02:02:16.149+0000] {logging_mixin.py:188} INFO - [2024-06-07T02:02:16.149+0000] {dag.py:3954} INFO - Setting next_dagrun for tutorial_objectstorage to None, run_after=None
[2024-06-07T02:02:16.195+0000] {processor.py:183} INFO - Processing /home/airflow/.local/lib/python3.12/site-packages/airflow/example_dags/tutorial_objectstorage.py took 0.145 seconds
[2024-06-07T02:02:46.997+0000] {processor.py:161} INFO - Started process (PID=8736) to work on /home/airflow/.local/lib/python3.12/site-packages/airflow/example_dags/tutorial_objectstorage.py
[2024-06-07T02:02:47.000+0000] {processor.py:830} INFO - Processing file /home/airflow/.local/lib/python3.12/site-packages/airflow/example_dags/tutorial_objectstorage.py for tasks to queue
[2024-06-07T02:02:47.005+0000] {logging_mixin.py:188} INFO - [2024-06-07T02:02:47.004+0000] {dagbag.py:545} INFO - Filling up the DagBag from /home/airflow/.local/lib/python3.12/site-packages/airflow/example_dags/tutorial_objectstorage.py
[2024-06-07T02:02:47.037+0000] {processor.py:840} INFO - DAG(s) 'tutorial_objectstorage' retrieved from /home/airflow/.local/lib/python3.12/site-packages/airflow/example_dags/tutorial_objectstorage.py
[2024-06-07T02:02:47.090+0000] {logging_mixin.py:188} INFO - [2024-06-07T02:02:47.090+0000] {dag.py:3096} INFO - Sync 1 DAGs
[2024-06-07T02:02:47.125+0000] {logging_mixin.py:188} INFO - [2024-06-07T02:02:47.125+0000] {dag.py:3954} INFO - Setting next_dagrun for tutorial_objectstorage to None, run_after=None
[2024-06-07T02:02:47.173+0000] {processor.py:183} INFO - Processing /home/airflow/.local/lib/python3.12/site-packages/airflow/example_dags/tutorial_objectstorage.py took 0.193 seconds
[2024-06-07T02:03:18.748+0000] {processor.py:161} INFO - Started process (PID=8789) to work on /home/airflow/.local/lib/python3.12/site-packages/airflow/example_dags/tutorial_objectstorage.py
[2024-06-07T02:03:18.750+0000] {processor.py:830} INFO - Processing file /home/airflow/.local/lib/python3.12/site-packages/airflow/example_dags/tutorial_objectstorage.py for tasks to queue
[2024-06-07T02:03:18.753+0000] {logging_mixin.py:188} INFO - [2024-06-07T02:03:18.752+0000] {dagbag.py:545} INFO - Filling up the DagBag from /home/airflow/.local/lib/python3.12/site-packages/airflow/example_dags/tutorial_objectstorage.py
[2024-06-07T02:03:18.766+0000] {processor.py:840} INFO - DAG(s) 'tutorial_objectstorage' retrieved from /home/airflow/.local/lib/python3.12/site-packages/airflow/example_dags/tutorial_objectstorage.py
[2024-06-07T02:03:18.807+0000] {logging_mixin.py:188} INFO - [2024-06-07T02:03:18.806+0000] {dag.py:3096} INFO - Sync 1 DAGs
[2024-06-07T02:03:18.833+0000] {logging_mixin.py:188} INFO - [2024-06-07T02:03:18.832+0000] {dag.py:3954} INFO - Setting next_dagrun for tutorial_objectstorage to None, run_after=None
[2024-06-07T02:03:18.889+0000] {processor.py:183} INFO - Processing /home/airflow/.local/lib/python3.12/site-packages/airflow/example_dags/tutorial_objectstorage.py took 0.151 seconds
[2024-06-07T02:03:49.119+0000] {processor.py:161} INFO - Started process (PID=8840) to work on /home/airflow/.local/lib/python3.12/site-packages/airflow/example_dags/tutorial_objectstorage.py
[2024-06-07T02:03:49.121+0000] {processor.py:830} INFO - Processing file /home/airflow/.local/lib/python3.12/site-packages/airflow/example_dags/tutorial_objectstorage.py for tasks to queue
[2024-06-07T02:03:49.123+0000] {logging_mixin.py:188} INFO - [2024-06-07T02:03:49.123+0000] {dagbag.py:545} INFO - Filling up the DagBag from /home/airflow/.local/lib/python3.12/site-packages/airflow/example_dags/tutorial_objectstorage.py
[2024-06-07T02:03:49.138+0000] {processor.py:840} INFO - DAG(s) 'tutorial_objectstorage' retrieved from /home/airflow/.local/lib/python3.12/site-packages/airflow/example_dags/tutorial_objectstorage.py
[2024-06-07T02:03:49.181+0000] {logging_mixin.py:188} INFO - [2024-06-07T02:03:49.180+0000] {dag.py:3096} INFO - Sync 1 DAGs
[2024-06-07T02:03:49.213+0000] {logging_mixin.py:188} INFO - [2024-06-07T02:03:49.212+0000] {dag.py:3954} INFO - Setting next_dagrun for tutorial_objectstorage to None, run_after=None
[2024-06-07T02:03:49.253+0000] {processor.py:183} INFO - Processing /home/airflow/.local/lib/python3.12/site-packages/airflow/example_dags/tutorial_objectstorage.py took 0.145 seconds
[2024-06-07T02:04:20.221+0000] {processor.py:161} INFO - Started process (PID=8893) to work on /home/airflow/.local/lib/python3.12/site-packages/airflow/example_dags/tutorial_objectstorage.py
[2024-06-07T02:04:20.224+0000] {processor.py:830} INFO - Processing file /home/airflow/.local/lib/python3.12/site-packages/airflow/example_dags/tutorial_objectstorage.py for tasks to queue
[2024-06-07T02:04:20.228+0000] {logging_mixin.py:188} INFO - [2024-06-07T02:04:20.227+0000] {dagbag.py:545} INFO - Filling up the DagBag from /home/airflow/.local/lib/python3.12/site-packages/airflow/example_dags/tutorial_objectstorage.py
[2024-06-07T02:04:20.253+0000] {processor.py:840} INFO - DAG(s) 'tutorial_objectstorage' retrieved from /home/airflow/.local/lib/python3.12/site-packages/airflow/example_dags/tutorial_objectstorage.py
[2024-06-07T02:04:20.303+0000] {logging_mixin.py:188} INFO - [2024-06-07T02:04:20.303+0000] {dag.py:3096} INFO - Sync 1 DAGs
[2024-06-07T02:04:20.328+0000] {logging_mixin.py:188} INFO - [2024-06-07T02:04:20.328+0000] {dag.py:3954} INFO - Setting next_dagrun for tutorial_objectstorage to None, run_after=None
[2024-06-07T02:04:20.375+0000] {processor.py:183} INFO - Processing /home/airflow/.local/lib/python3.12/site-packages/airflow/example_dags/tutorial_objectstorage.py took 0.174 seconds
[2024-06-07T02:04:51.156+0000] {processor.py:161} INFO - Started process (PID=8946) to work on /home/airflow/.local/lib/python3.12/site-packages/airflow/example_dags/tutorial_objectstorage.py
[2024-06-07T02:04:51.159+0000] {processor.py:830} INFO - Processing file /home/airflow/.local/lib/python3.12/site-packages/airflow/example_dags/tutorial_objectstorage.py for tasks to queue
[2024-06-07T02:04:51.161+0000] {logging_mixin.py:188} INFO - [2024-06-07T02:04:51.160+0000] {dagbag.py:545} INFO - Filling up the DagBag from /home/airflow/.local/lib/python3.12/site-packages/airflow/example_dags/tutorial_objectstorage.py
[2024-06-07T02:04:51.175+0000] {processor.py:840} INFO - DAG(s) 'tutorial_objectstorage' retrieved from /home/airflow/.local/lib/python3.12/site-packages/airflow/example_dags/tutorial_objectstorage.py
[2024-06-07T02:04:51.212+0000] {logging_mixin.py:188} INFO - [2024-06-07T02:04:51.211+0000] {dag.py:3096} INFO - Sync 1 DAGs
[2024-06-07T02:04:51.233+0000] {logging_mixin.py:188} INFO - [2024-06-07T02:04:51.233+0000] {dag.py:3954} INFO - Setting next_dagrun for tutorial_objectstorage to None, run_after=None
[2024-06-07T02:04:51.281+0000] {processor.py:183} INFO - Processing /home/airflow/.local/lib/python3.12/site-packages/airflow/example_dags/tutorial_objectstorage.py took 0.135 seconds
[2024-06-07T02:05:22.021+0000] {processor.py:161} INFO - Started process (PID=8999) to work on /home/airflow/.local/lib/python3.12/site-packages/airflow/example_dags/tutorial_objectstorage.py
[2024-06-07T02:05:22.024+0000] {processor.py:830} INFO - Processing file /home/airflow/.local/lib/python3.12/site-packages/airflow/example_dags/tutorial_objectstorage.py for tasks to queue
[2024-06-07T02:05:22.027+0000] {logging_mixin.py:188} INFO - [2024-06-07T02:05:22.026+0000] {dagbag.py:545} INFO - Filling up the DagBag from /home/airflow/.local/lib/python3.12/site-packages/airflow/example_dags/tutorial_objectstorage.py
[2024-06-07T02:05:22.046+0000] {processor.py:840} INFO - DAG(s) 'tutorial_objectstorage' retrieved from /home/airflow/.local/lib/python3.12/site-packages/airflow/example_dags/tutorial_objectstorage.py
[2024-06-07T02:05:22.103+0000] {logging_mixin.py:188} INFO - [2024-06-07T02:05:22.102+0000] {dag.py:3096} INFO - Sync 1 DAGs
[2024-06-07T02:05:22.150+0000] {logging_mixin.py:188} INFO - [2024-06-07T02:05:22.149+0000] {dag.py:3954} INFO - Setting next_dagrun for tutorial_objectstorage to None, run_after=None
[2024-06-07T02:05:22.205+0000] {processor.py:183} INFO - Processing /home/airflow/.local/lib/python3.12/site-packages/airflow/example_dags/tutorial_objectstorage.py took 0.196 seconds
[2024-06-07T02:05:53.275+0000] {processor.py:161} INFO - Started process (PID=9052) to work on /home/airflow/.local/lib/python3.12/site-packages/airflow/example_dags/tutorial_objectstorage.py
[2024-06-07T02:05:53.278+0000] {processor.py:830} INFO - Processing file /home/airflow/.local/lib/python3.12/site-packages/airflow/example_dags/tutorial_objectstorage.py for tasks to queue
[2024-06-07T02:05:53.281+0000] {logging_mixin.py:188} INFO - [2024-06-07T02:05:53.280+0000] {dagbag.py:545} INFO - Filling up the DagBag from /home/airflow/.local/lib/python3.12/site-packages/airflow/example_dags/tutorial_objectstorage.py
[2024-06-07T02:05:53.302+0000] {processor.py:840} INFO - DAG(s) 'tutorial_objectstorage' retrieved from /home/airflow/.local/lib/python3.12/site-packages/airflow/example_dags/tutorial_objectstorage.py
[2024-06-07T02:05:53.345+0000] {logging_mixin.py:188} INFO - [2024-06-07T02:05:53.344+0000] {dag.py:3096} INFO - Sync 1 DAGs
[2024-06-07T02:05:53.373+0000] {logging_mixin.py:188} INFO - [2024-06-07T02:05:53.373+0000] {dag.py:3954} INFO - Setting next_dagrun for tutorial_objectstorage to None, run_after=None
[2024-06-07T02:05:53.414+0000] {processor.py:183} INFO - Processing /home/airflow/.local/lib/python3.12/site-packages/airflow/example_dags/tutorial_objectstorage.py took 0.154 seconds
[2024-06-07T02:06:23.741+0000] {processor.py:161} INFO - Started process (PID=9105) to work on /home/airflow/.local/lib/python3.12/site-packages/airflow/example_dags/tutorial_objectstorage.py
[2024-06-07T02:06:23.743+0000] {processor.py:830} INFO - Processing file /home/airflow/.local/lib/python3.12/site-packages/airflow/example_dags/tutorial_objectstorage.py for tasks to queue
[2024-06-07T02:06:23.745+0000] {logging_mixin.py:188} INFO - [2024-06-07T02:06:23.745+0000] {dagbag.py:545} INFO - Filling up the DagBag from /home/airflow/.local/lib/python3.12/site-packages/airflow/example_dags/tutorial_objectstorage.py
[2024-06-07T02:06:23.761+0000] {processor.py:840} INFO - DAG(s) 'tutorial_objectstorage' retrieved from /home/airflow/.local/lib/python3.12/site-packages/airflow/example_dags/tutorial_objectstorage.py
[2024-06-07T02:06:23.805+0000] {logging_mixin.py:188} INFO - [2024-06-07T02:06:23.805+0000] {dag.py:3096} INFO - Sync 1 DAGs
[2024-06-07T02:06:23.831+0000] {logging_mixin.py:188} INFO - [2024-06-07T02:06:23.830+0000] {dag.py:3954} INFO - Setting next_dagrun for tutorial_objectstorage to None, run_after=None
[2024-06-07T02:06:23.870+0000] {processor.py:183} INFO - Processing /home/airflow/.local/lib/python3.12/site-packages/airflow/example_dags/tutorial_objectstorage.py took 0.140 seconds
[2024-06-07T02:06:54.360+0000] {processor.py:161} INFO - Started process (PID=9157) to work on /home/airflow/.local/lib/python3.12/site-packages/airflow/example_dags/tutorial_objectstorage.py
[2024-06-07T02:06:54.362+0000] {processor.py:830} INFO - Processing file /home/airflow/.local/lib/python3.12/site-packages/airflow/example_dags/tutorial_objectstorage.py for tasks to queue
[2024-06-07T02:06:54.364+0000] {logging_mixin.py:188} INFO - [2024-06-07T02:06:54.363+0000] {dagbag.py:545} INFO - Filling up the DagBag from /home/airflow/.local/lib/python3.12/site-packages/airflow/example_dags/tutorial_objectstorage.py
[2024-06-07T02:06:54.378+0000] {processor.py:840} INFO - DAG(s) 'tutorial_objectstorage' retrieved from /home/airflow/.local/lib/python3.12/site-packages/airflow/example_dags/tutorial_objectstorage.py
[2024-06-07T02:06:54.415+0000] {logging_mixin.py:188} INFO - [2024-06-07T02:06:54.415+0000] {dag.py:3096} INFO - Sync 1 DAGs
[2024-06-07T02:06:54.441+0000] {logging_mixin.py:188} INFO - [2024-06-07T02:06:54.440+0000] {dag.py:3954} INFO - Setting next_dagrun for tutorial_objectstorage to None, run_after=None
[2024-06-07T02:06:54.475+0000] {processor.py:183} INFO - Processing /home/airflow/.local/lib/python3.12/site-packages/airflow/example_dags/tutorial_objectstorage.py took 0.126 seconds
[2024-06-07T02:07:24.895+0000] {processor.py:161} INFO - Started process (PID=9210) to work on /home/airflow/.local/lib/python3.12/site-packages/airflow/example_dags/tutorial_objectstorage.py
[2024-06-07T02:07:24.897+0000] {processor.py:830} INFO - Processing file /home/airflow/.local/lib/python3.12/site-packages/airflow/example_dags/tutorial_objectstorage.py for tasks to queue
[2024-06-07T02:07:24.899+0000] {logging_mixin.py:188} INFO - [2024-06-07T02:07:24.899+0000] {dagbag.py:545} INFO - Filling up the DagBag from /home/airflow/.local/lib/python3.12/site-packages/airflow/example_dags/tutorial_objectstorage.py
[2024-06-07T02:07:24.914+0000] {processor.py:840} INFO - DAG(s) 'tutorial_objectstorage' retrieved from /home/airflow/.local/lib/python3.12/site-packages/airflow/example_dags/tutorial_objectstorage.py
[2024-06-07T02:07:24.980+0000] {logging_mixin.py:188} INFO - [2024-06-07T02:07:24.978+0000] {dag.py:3096} INFO - Sync 1 DAGs
[2024-06-07T02:07:25.027+0000] {logging_mixin.py:188} INFO - [2024-06-07T02:07:25.026+0000] {dag.py:3954} INFO - Setting next_dagrun for tutorial_objectstorage to None, run_after=None
[2024-06-07T02:07:25.068+0000] {processor.py:183} INFO - Processing /home/airflow/.local/lib/python3.12/site-packages/airflow/example_dags/tutorial_objectstorage.py took 0.184 seconds
[2024-06-07T02:07:55.149+0000] {processor.py:161} INFO - Started process (PID=9263) to work on /home/airflow/.local/lib/python3.12/site-packages/airflow/example_dags/tutorial_objectstorage.py
[2024-06-07T02:07:55.151+0000] {processor.py:830} INFO - Processing file /home/airflow/.local/lib/python3.12/site-packages/airflow/example_dags/tutorial_objectstorage.py for tasks to queue
[2024-06-07T02:07:55.153+0000] {logging_mixin.py:188} INFO - [2024-06-07T02:07:55.152+0000] {dagbag.py:545} INFO - Filling up the DagBag from /home/airflow/.local/lib/python3.12/site-packages/airflow/example_dags/tutorial_objectstorage.py
[2024-06-07T02:07:55.168+0000] {processor.py:840} INFO - DAG(s) 'tutorial_objectstorage' retrieved from /home/airflow/.local/lib/python3.12/site-packages/airflow/example_dags/tutorial_objectstorage.py
[2024-06-07T02:07:55.213+0000] {logging_mixin.py:188} INFO - [2024-06-07T02:07:55.212+0000] {dag.py:3096} INFO - Sync 1 DAGs
[2024-06-07T02:07:55.244+0000] {logging_mixin.py:188} INFO - [2024-06-07T02:07:55.244+0000] {dag.py:3954} INFO - Setting next_dagrun for tutorial_objectstorage to None, run_after=None
[2024-06-07T02:07:55.298+0000] {processor.py:183} INFO - Processing /home/airflow/.local/lib/python3.12/site-packages/airflow/example_dags/tutorial_objectstorage.py took 0.162 seconds
[2024-06-07T02:08:25.967+0000] {processor.py:161} INFO - Started process (PID=9316) to work on /home/airflow/.local/lib/python3.12/site-packages/airflow/example_dags/tutorial_objectstorage.py
[2024-06-07T02:08:25.969+0000] {processor.py:830} INFO - Processing file /home/airflow/.local/lib/python3.12/site-packages/airflow/example_dags/tutorial_objectstorage.py for tasks to queue
[2024-06-07T02:08:25.972+0000] {logging_mixin.py:188} INFO - [2024-06-07T02:08:25.972+0000] {dagbag.py:545} INFO - Filling up the DagBag from /home/airflow/.local/lib/python3.12/site-packages/airflow/example_dags/tutorial_objectstorage.py
[2024-06-07T02:08:25.991+0000] {processor.py:840} INFO - DAG(s) 'tutorial_objectstorage' retrieved from /home/airflow/.local/lib/python3.12/site-packages/airflow/example_dags/tutorial_objectstorage.py
[2024-06-07T02:08:26.041+0000] {logging_mixin.py:188} INFO - [2024-06-07T02:08:26.040+0000] {dag.py:3096} INFO - Sync 1 DAGs
[2024-06-07T02:08:26.072+0000] {logging_mixin.py:188} INFO - [2024-06-07T02:08:26.071+0000] {dag.py:3954} INFO - Setting next_dagrun for tutorial_objectstorage to None, run_after=None
[2024-06-07T02:08:26.154+0000] {processor.py:183} INFO - Processing /home/airflow/.local/lib/python3.12/site-packages/airflow/example_dags/tutorial_objectstorage.py took 0.202 seconds
[2024-06-07T02:08:56.546+0000] {processor.py:161} INFO - Started process (PID=9369) to work on /home/airflow/.local/lib/python3.12/site-packages/airflow/example_dags/tutorial_objectstorage.py
[2024-06-07T02:08:56.549+0000] {processor.py:830} INFO - Processing file /home/airflow/.local/lib/python3.12/site-packages/airflow/example_dags/tutorial_objectstorage.py for tasks to queue
[2024-06-07T02:08:56.552+0000] {logging_mixin.py:188} INFO - [2024-06-07T02:08:56.551+0000] {dagbag.py:545} INFO - Filling up the DagBag from /home/airflow/.local/lib/python3.12/site-packages/airflow/example_dags/tutorial_objectstorage.py
[2024-06-07T02:08:56.573+0000] {processor.py:840} INFO - DAG(s) 'tutorial_objectstorage' retrieved from /home/airflow/.local/lib/python3.12/site-packages/airflow/example_dags/tutorial_objectstorage.py
[2024-06-07T02:08:56.623+0000] {logging_mixin.py:188} INFO - [2024-06-07T02:08:56.622+0000] {dag.py:3096} INFO - Sync 1 DAGs
[2024-06-07T02:08:56.654+0000] {logging_mixin.py:188} INFO - [2024-06-07T02:08:56.653+0000] {dag.py:3954} INFO - Setting next_dagrun for tutorial_objectstorage to None, run_after=None
[2024-06-07T02:08:56.698+0000] {processor.py:183} INFO - Processing /home/airflow/.local/lib/python3.12/site-packages/airflow/example_dags/tutorial_objectstorage.py took 0.166 seconds
[2024-06-07T02:09:27.044+0000] {processor.py:161} INFO - Started process (PID=9422) to work on /home/airflow/.local/lib/python3.12/site-packages/airflow/example_dags/tutorial_objectstorage.py
[2024-06-07T02:09:27.046+0000] {processor.py:830} INFO - Processing file /home/airflow/.local/lib/python3.12/site-packages/airflow/example_dags/tutorial_objectstorage.py for tasks to queue
[2024-06-07T02:09:27.049+0000] {logging_mixin.py:188} INFO - [2024-06-07T02:09:27.048+0000] {dagbag.py:545} INFO - Filling up the DagBag from /home/airflow/.local/lib/python3.12/site-packages/airflow/example_dags/tutorial_objectstorage.py
[2024-06-07T02:09:27.064+0000] {processor.py:840} INFO - DAG(s) 'tutorial_objectstorage' retrieved from /home/airflow/.local/lib/python3.12/site-packages/airflow/example_dags/tutorial_objectstorage.py
[2024-06-07T02:09:27.106+0000] {logging_mixin.py:188} INFO - [2024-06-07T02:09:27.106+0000] {dag.py:3096} INFO - Sync 1 DAGs
[2024-06-07T02:09:27.131+0000] {logging_mixin.py:188} INFO - [2024-06-07T02:09:27.130+0000] {dag.py:3954} INFO - Setting next_dagrun for tutorial_objectstorage to None, run_after=None
[2024-06-07T02:09:27.172+0000] {processor.py:183} INFO - Processing /home/airflow/.local/lib/python3.12/site-packages/airflow/example_dags/tutorial_objectstorage.py took 0.139 seconds
[2024-06-07T02:09:58.247+0000] {processor.py:161} INFO - Started process (PID=9475) to work on /home/airflow/.local/lib/python3.12/site-packages/airflow/example_dags/tutorial_objectstorage.py
[2024-06-07T02:09:58.249+0000] {processor.py:830} INFO - Processing file /home/airflow/.local/lib/python3.12/site-packages/airflow/example_dags/tutorial_objectstorage.py for tasks to queue
[2024-06-07T02:09:58.252+0000] {logging_mixin.py:188} INFO - [2024-06-07T02:09:58.251+0000] {dagbag.py:545} INFO - Filling up the DagBag from /home/airflow/.local/lib/python3.12/site-packages/airflow/example_dags/tutorial_objectstorage.py
[2024-06-07T02:09:58.270+0000] {processor.py:840} INFO - DAG(s) 'tutorial_objectstorage' retrieved from /home/airflow/.local/lib/python3.12/site-packages/airflow/example_dags/tutorial_objectstorage.py
[2024-06-07T02:09:58.313+0000] {logging_mixin.py:188} INFO - [2024-06-07T02:09:58.312+0000] {dag.py:3096} INFO - Sync 1 DAGs
[2024-06-07T02:09:58.341+0000] {logging_mixin.py:188} INFO - [2024-06-07T02:09:58.340+0000] {dag.py:3954} INFO - Setting next_dagrun for tutorial_objectstorage to None, run_after=None
[2024-06-07T02:09:58.386+0000] {processor.py:183} INFO - Processing /home/airflow/.local/lib/python3.12/site-packages/airflow/example_dags/tutorial_objectstorage.py took 0.151 seconds
[2024-06-07T02:10:28.558+0000] {processor.py:161} INFO - Started process (PID=9528) to work on /home/airflow/.local/lib/python3.12/site-packages/airflow/example_dags/tutorial_objectstorage.py
[2024-06-07T02:10:28.561+0000] {processor.py:830} INFO - Processing file /home/airflow/.local/lib/python3.12/site-packages/airflow/example_dags/tutorial_objectstorage.py for tasks to queue
[2024-06-07T02:10:28.563+0000] {logging_mixin.py:188} INFO - [2024-06-07T02:10:28.562+0000] {dagbag.py:545} INFO - Filling up the DagBag from /home/airflow/.local/lib/python3.12/site-packages/airflow/example_dags/tutorial_objectstorage.py
[2024-06-07T02:10:28.584+0000] {processor.py:840} INFO - DAG(s) 'tutorial_objectstorage' retrieved from /home/airflow/.local/lib/python3.12/site-packages/airflow/example_dags/tutorial_objectstorage.py
[2024-06-07T02:10:28.626+0000] {logging_mixin.py:188} INFO - [2024-06-07T02:10:28.625+0000] {dag.py:3096} INFO - Sync 1 DAGs
[2024-06-07T02:10:28.676+0000] {logging_mixin.py:188} INFO - [2024-06-07T02:10:28.675+0000] {dag.py:3954} INFO - Setting next_dagrun for tutorial_objectstorage to None, run_after=None
[2024-06-07T02:10:28.724+0000] {processor.py:183} INFO - Processing /home/airflow/.local/lib/python3.12/site-packages/airflow/example_dags/tutorial_objectstorage.py took 0.177 seconds
[2024-06-07T02:10:59.057+0000] {processor.py:161} INFO - Started process (PID=9581) to work on /home/airflow/.local/lib/python3.12/site-packages/airflow/example_dags/tutorial_objectstorage.py
[2024-06-07T02:10:59.060+0000] {processor.py:830} INFO - Processing file /home/airflow/.local/lib/python3.12/site-packages/airflow/example_dags/tutorial_objectstorage.py for tasks to queue
[2024-06-07T02:10:59.061+0000] {logging_mixin.py:188} INFO - [2024-06-07T02:10:59.061+0000] {dagbag.py:545} INFO - Filling up the DagBag from /home/airflow/.local/lib/python3.12/site-packages/airflow/example_dags/tutorial_objectstorage.py
[2024-06-07T02:10:59.081+0000] {processor.py:840} INFO - DAG(s) 'tutorial_objectstorage' retrieved from /home/airflow/.local/lib/python3.12/site-packages/airflow/example_dags/tutorial_objectstorage.py
[2024-06-07T02:10:59.120+0000] {logging_mixin.py:188} INFO - [2024-06-07T02:10:59.120+0000] {dag.py:3096} INFO - Sync 1 DAGs
[2024-06-07T02:10:59.150+0000] {logging_mixin.py:188} INFO - [2024-06-07T02:10:59.150+0000] {dag.py:3954} INFO - Setting next_dagrun for tutorial_objectstorage to None, run_after=None
[2024-06-07T02:10:59.191+0000] {processor.py:183} INFO - Processing /home/airflow/.local/lib/python3.12/site-packages/airflow/example_dags/tutorial_objectstorage.py took 0.148 seconds
[2024-06-07T02:11:29.270+0000] {processor.py:161} INFO - Started process (PID=9634) to work on /home/airflow/.local/lib/python3.12/site-packages/airflow/example_dags/tutorial_objectstorage.py
[2024-06-07T02:11:29.271+0000] {processor.py:830} INFO - Processing file /home/airflow/.local/lib/python3.12/site-packages/airflow/example_dags/tutorial_objectstorage.py for tasks to queue
[2024-06-07T02:11:29.273+0000] {logging_mixin.py:188} INFO - [2024-06-07T02:11:29.272+0000] {dagbag.py:545} INFO - Filling up the DagBag from /home/airflow/.local/lib/python3.12/site-packages/airflow/example_dags/tutorial_objectstorage.py
[2024-06-07T02:11:29.283+0000] {processor.py:840} INFO - DAG(s) 'tutorial_objectstorage' retrieved from /home/airflow/.local/lib/python3.12/site-packages/airflow/example_dags/tutorial_objectstorage.py
[2024-06-07T02:11:29.310+0000] {logging_mixin.py:188} INFO - [2024-06-07T02:11:29.309+0000] {dag.py:3096} INFO - Sync 1 DAGs
[2024-06-07T02:11:29.340+0000] {logging_mixin.py:188} INFO - [2024-06-07T02:11:29.339+0000] {dag.py:3954} INFO - Setting next_dagrun for tutorial_objectstorage to None, run_after=None
[2024-06-07T02:11:29.369+0000] {processor.py:183} INFO - Processing /home/airflow/.local/lib/python3.12/site-packages/airflow/example_dags/tutorial_objectstorage.py took 0.107 seconds
[2024-06-07T14:01:07.346+0000] {processor.py:161} INFO - Started process (PID=9656) to work on /home/airflow/.local/lib/python3.12/site-packages/airflow/example_dags/tutorial_objectstorage.py
[2024-06-07T14:01:07.357+0000] {processor.py:830} INFO - Processing file /home/airflow/.local/lib/python3.12/site-packages/airflow/example_dags/tutorial_objectstorage.py for tasks to queue
[2024-06-07T14:01:07.362+0000] {logging_mixin.py:188} INFO - [2024-06-07T14:01:07.361+0000] {dagbag.py:545} INFO - Filling up the DagBag from /home/airflow/.local/lib/python3.12/site-packages/airflow/example_dags/tutorial_objectstorage.py
[2024-06-07T14:01:07.394+0000] {processor.py:840} INFO - DAG(s) 'tutorial_objectstorage' retrieved from /home/airflow/.local/lib/python3.12/site-packages/airflow/example_dags/tutorial_objectstorage.py
[2024-06-07T14:01:07.479+0000] {logging_mixin.py:188} INFO - [2024-06-07T14:01:07.478+0000] {dag.py:3096} INFO - Sync 1 DAGs
[2024-06-07T14:01:07.652+0000] {logging_mixin.py:188} INFO - [2024-06-07T14:01:07.652+0000] {dag.py:3954} INFO - Setting next_dagrun for tutorial_objectstorage to None, run_after=None
[2024-06-07T14:01:07.876+0000] {processor.py:183} INFO - Processing /home/airflow/.local/lib/python3.12/site-packages/airflow/example_dags/tutorial_objectstorage.py took 0.566 seconds
[2024-06-07T14:01:38.744+0000] {processor.py:161} INFO - Started process (PID=9709) to work on /home/airflow/.local/lib/python3.12/site-packages/airflow/example_dags/tutorial_objectstorage.py
[2024-06-07T14:01:38.746+0000] {processor.py:830} INFO - Processing file /home/airflow/.local/lib/python3.12/site-packages/airflow/example_dags/tutorial_objectstorage.py for tasks to queue
[2024-06-07T14:01:38.748+0000] {logging_mixin.py:188} INFO - [2024-06-07T14:01:38.747+0000] {dagbag.py:545} INFO - Filling up the DagBag from /home/airflow/.local/lib/python3.12/site-packages/airflow/example_dags/tutorial_objectstorage.py
[2024-06-07T14:01:38.789+0000] {processor.py:840} INFO - DAG(s) 'tutorial_objectstorage' retrieved from /home/airflow/.local/lib/python3.12/site-packages/airflow/example_dags/tutorial_objectstorage.py
[2024-06-07T14:01:38.835+0000] {logging_mixin.py:188} INFO - [2024-06-07T14:01:38.834+0000] {dag.py:3096} INFO - Sync 1 DAGs
[2024-06-07T14:01:38.864+0000] {logging_mixin.py:188} INFO - [2024-06-07T14:01:38.863+0000] {dag.py:3954} INFO - Setting next_dagrun for tutorial_objectstorage to None, run_after=None
[2024-06-07T14:01:38.908+0000] {processor.py:183} INFO - Processing /home/airflow/.local/lib/python3.12/site-packages/airflow/example_dags/tutorial_objectstorage.py took 0.175 seconds
