[2024-06-07T02:01:16.868+0000] {processor.py:161} INFO - Started process (PID=8591) to work on /home/airflow/.local/lib/python3.12/site-packages/airflow/example_dags/tutorial.py
[2024-06-07T02:01:16.871+0000] {processor.py:830} INFO - Processing file /home/airflow/.local/lib/python3.12/site-packages/airflow/example_dags/tutorial.py for tasks to queue
[2024-06-07T02:01:16.876+0000] {logging_mixin.py:188} INFO - [2024-06-07T02:01:16.875+0000] {dagbag.py:545} INFO - Filling up the DagBag from /home/airflow/.local/lib/python3.12/site-packages/airflow/example_dags/tutorial.py
[2024-06-07T02:01:16.910+0000] {processor.py:840} INFO - DAG(s) 'tutorial' retrieved from /home/airflow/.local/lib/python3.12/site-packages/airflow/example_dags/tutorial.py
[2024-06-07T02:01:16.992+0000] {logging_mixin.py:188} INFO - [2024-06-07T02:01:16.991+0000] {dag.py:3096} INFO - Sync 1 DAGs
[2024-06-07T02:01:17.073+0000] {logging_mixin.py:188} INFO - [2024-06-07T02:01:17.072+0000] {dag.py:3954} INFO - Setting next_dagrun for tutorial to 2024-06-06 00:00:00+00:00, run_after=2024-06-07 00:00:00+00:00
[2024-06-07T02:01:17.142+0000] {processor.py:183} INFO - Processing /home/airflow/.local/lib/python3.12/site-packages/airflow/example_dags/tutorial.py took 0.301 seconds
[2024-06-07T02:01:48.266+0000] {processor.py:161} INFO - Started process (PID=8644) to work on /home/airflow/.local/lib/python3.12/site-packages/airflow/example_dags/tutorial.py
[2024-06-07T02:01:48.268+0000] {processor.py:830} INFO - Processing file /home/airflow/.local/lib/python3.12/site-packages/airflow/example_dags/tutorial.py for tasks to queue
[2024-06-07T02:01:48.270+0000] {logging_mixin.py:188} INFO - [2024-06-07T02:01:48.269+0000] {dagbag.py:545} INFO - Filling up the DagBag from /home/airflow/.local/lib/python3.12/site-packages/airflow/example_dags/tutorial.py
[2024-06-07T02:01:48.282+0000] {processor.py:840} INFO - DAG(s) 'tutorial' retrieved from /home/airflow/.local/lib/python3.12/site-packages/airflow/example_dags/tutorial.py
[2024-06-07T02:01:48.325+0000] {logging_mixin.py:188} INFO - [2024-06-07T02:01:48.325+0000] {dag.py:3096} INFO - Sync 1 DAGs
[2024-06-07T02:01:48.375+0000] {logging_mixin.py:188} INFO - [2024-06-07T02:01:48.374+0000] {dag.py:3954} INFO - Setting next_dagrun for tutorial to 2024-06-06 00:00:00+00:00, run_after=2024-06-07 00:00:00+00:00
[2024-06-07T02:01:48.417+0000] {processor.py:183} INFO - Processing /home/airflow/.local/lib/python3.12/site-packages/airflow/example_dags/tutorial.py took 0.163 seconds
[2024-06-07T02:02:18.943+0000] {processor.py:161} INFO - Started process (PID=8697) to work on /home/airflow/.local/lib/python3.12/site-packages/airflow/example_dags/tutorial.py
[2024-06-07T02:02:18.945+0000] {processor.py:830} INFO - Processing file /home/airflow/.local/lib/python3.12/site-packages/airflow/example_dags/tutorial.py for tasks to queue
[2024-06-07T02:02:18.948+0000] {logging_mixin.py:188} INFO - [2024-06-07T02:02:18.947+0000] {dagbag.py:545} INFO - Filling up the DagBag from /home/airflow/.local/lib/python3.12/site-packages/airflow/example_dags/tutorial.py
[2024-06-07T02:02:18.964+0000] {processor.py:840} INFO - DAG(s) 'tutorial' retrieved from /home/airflow/.local/lib/python3.12/site-packages/airflow/example_dags/tutorial.py
[2024-06-07T02:02:19.021+0000] {logging_mixin.py:188} INFO - [2024-06-07T02:02:19.020+0000] {dag.py:3096} INFO - Sync 1 DAGs
[2024-06-07T02:02:19.079+0000] {logging_mixin.py:188} INFO - [2024-06-07T02:02:19.078+0000] {dag.py:3954} INFO - Setting next_dagrun for tutorial to 2024-06-06 00:00:00+00:00, run_after=2024-06-07 00:00:00+00:00
[2024-06-07T02:02:19.127+0000] {processor.py:183} INFO - Processing /home/airflow/.local/lib/python3.12/site-packages/airflow/example_dags/tutorial.py took 0.196 seconds
[2024-06-07T02:02:49.256+0000] {processor.py:161} INFO - Started process (PID=8750) to work on /home/airflow/.local/lib/python3.12/site-packages/airflow/example_dags/tutorial.py
[2024-06-07T02:02:49.259+0000] {processor.py:830} INFO - Processing file /home/airflow/.local/lib/python3.12/site-packages/airflow/example_dags/tutorial.py for tasks to queue
[2024-06-07T02:02:49.262+0000] {logging_mixin.py:188} INFO - [2024-06-07T02:02:49.261+0000] {dagbag.py:545} INFO - Filling up the DagBag from /home/airflow/.local/lib/python3.12/site-packages/airflow/example_dags/tutorial.py
[2024-06-07T02:02:49.276+0000] {processor.py:840} INFO - DAG(s) 'tutorial' retrieved from /home/airflow/.local/lib/python3.12/site-packages/airflow/example_dags/tutorial.py
[2024-06-07T02:02:49.334+0000] {logging_mixin.py:188} INFO - [2024-06-07T02:02:49.333+0000] {dag.py:3096} INFO - Sync 1 DAGs
[2024-06-07T02:02:49.409+0000] {logging_mixin.py:188} INFO - [2024-06-07T02:02:49.409+0000] {dag.py:3954} INFO - Setting next_dagrun for tutorial to 2024-06-06 00:00:00+00:00, run_after=2024-06-07 00:00:00+00:00
[2024-06-07T02:02:49.460+0000] {processor.py:183} INFO - Processing /home/airflow/.local/lib/python3.12/site-packages/airflow/example_dags/tutorial.py took 0.214 seconds
[2024-06-07T02:03:20.344+0000] {processor.py:161} INFO - Started process (PID=8803) to work on /home/airflow/.local/lib/python3.12/site-packages/airflow/example_dags/tutorial.py
[2024-06-07T02:03:20.347+0000] {processor.py:830} INFO - Processing file /home/airflow/.local/lib/python3.12/site-packages/airflow/example_dags/tutorial.py for tasks to queue
[2024-06-07T02:03:20.351+0000] {logging_mixin.py:188} INFO - [2024-06-07T02:03:20.350+0000] {dagbag.py:545} INFO - Filling up the DagBag from /home/airflow/.local/lib/python3.12/site-packages/airflow/example_dags/tutorial.py
[2024-06-07T02:03:20.366+0000] {processor.py:840} INFO - DAG(s) 'tutorial' retrieved from /home/airflow/.local/lib/python3.12/site-packages/airflow/example_dags/tutorial.py
[2024-06-07T02:03:20.414+0000] {logging_mixin.py:188} INFO - [2024-06-07T02:03:20.413+0000] {dag.py:3096} INFO - Sync 1 DAGs
[2024-06-07T02:03:20.462+0000] {logging_mixin.py:188} INFO - [2024-06-07T02:03:20.461+0000] {dag.py:3954} INFO - Setting next_dagrun for tutorial to 2024-06-06 00:00:00+00:00, run_after=2024-06-07 00:00:00+00:00
[2024-06-07T02:03:20.544+0000] {processor.py:183} INFO - Processing /home/airflow/.local/lib/python3.12/site-packages/airflow/example_dags/tutorial.py took 0.215 seconds
[2024-06-07T02:03:51.737+0000] {processor.py:161} INFO - Started process (PID=8856) to work on /home/airflow/.local/lib/python3.12/site-packages/airflow/example_dags/tutorial.py
[2024-06-07T02:03:51.740+0000] {processor.py:830} INFO - Processing file /home/airflow/.local/lib/python3.12/site-packages/airflow/example_dags/tutorial.py for tasks to queue
[2024-06-07T02:03:51.743+0000] {logging_mixin.py:188} INFO - [2024-06-07T02:03:51.742+0000] {dagbag.py:545} INFO - Filling up the DagBag from /home/airflow/.local/lib/python3.12/site-packages/airflow/example_dags/tutorial.py
[2024-06-07T02:03:51.757+0000] {processor.py:840} INFO - DAG(s) 'tutorial' retrieved from /home/airflow/.local/lib/python3.12/site-packages/airflow/example_dags/tutorial.py
[2024-06-07T02:03:51.800+0000] {logging_mixin.py:188} INFO - [2024-06-07T02:03:51.799+0000] {dag.py:3096} INFO - Sync 1 DAGs
[2024-06-07T02:03:51.843+0000] {logging_mixin.py:188} INFO - [2024-06-07T02:03:51.843+0000] {dag.py:3954} INFO - Setting next_dagrun for tutorial to 2024-06-06 00:00:00+00:00, run_after=2024-06-07 00:00:00+00:00
[2024-06-07T02:03:51.886+0000] {processor.py:183} INFO - Processing /home/airflow/.local/lib/python3.12/site-packages/airflow/example_dags/tutorial.py took 0.162 seconds
[2024-06-07T02:04:22.774+0000] {processor.py:161} INFO - Started process (PID=8909) to work on /home/airflow/.local/lib/python3.12/site-packages/airflow/example_dags/tutorial.py
[2024-06-07T02:04:22.777+0000] {processor.py:830} INFO - Processing file /home/airflow/.local/lib/python3.12/site-packages/airflow/example_dags/tutorial.py for tasks to queue
[2024-06-07T02:04:22.781+0000] {logging_mixin.py:188} INFO - [2024-06-07T02:04:22.780+0000] {dagbag.py:545} INFO - Filling up the DagBag from /home/airflow/.local/lib/python3.12/site-packages/airflow/example_dags/tutorial.py
[2024-06-07T02:04:22.795+0000] {processor.py:840} INFO - DAG(s) 'tutorial' retrieved from /home/airflow/.local/lib/python3.12/site-packages/airflow/example_dags/tutorial.py
[2024-06-07T02:04:22.849+0000] {logging_mixin.py:188} INFO - [2024-06-07T02:04:22.848+0000] {dag.py:3096} INFO - Sync 1 DAGs
[2024-06-07T02:04:22.894+0000] {logging_mixin.py:188} INFO - [2024-06-07T02:04:22.894+0000] {dag.py:3954} INFO - Setting next_dagrun for tutorial to 2024-06-06 00:00:00+00:00, run_after=2024-06-07 00:00:00+00:00
[2024-06-07T02:04:22.947+0000] {processor.py:183} INFO - Processing /home/airflow/.local/lib/python3.12/site-packages/airflow/example_dags/tutorial.py took 0.186 seconds
[2024-06-07T02:04:53.276+0000] {processor.py:161} INFO - Started process (PID=8962) to work on /home/airflow/.local/lib/python3.12/site-packages/airflow/example_dags/tutorial.py
[2024-06-07T02:04:53.278+0000] {processor.py:830} INFO - Processing file /home/airflow/.local/lib/python3.12/site-packages/airflow/example_dags/tutorial.py for tasks to queue
[2024-06-07T02:04:53.280+0000] {logging_mixin.py:188} INFO - [2024-06-07T02:04:53.279+0000] {dagbag.py:545} INFO - Filling up the DagBag from /home/airflow/.local/lib/python3.12/site-packages/airflow/example_dags/tutorial.py
[2024-06-07T02:04:53.294+0000] {processor.py:840} INFO - DAG(s) 'tutorial' retrieved from /home/airflow/.local/lib/python3.12/site-packages/airflow/example_dags/tutorial.py
[2024-06-07T02:04:53.336+0000] {logging_mixin.py:188} INFO - [2024-06-07T02:04:53.335+0000] {dag.py:3096} INFO - Sync 1 DAGs
[2024-06-07T02:04:53.377+0000] {logging_mixin.py:188} INFO - [2024-06-07T02:04:53.377+0000] {dag.py:3954} INFO - Setting next_dagrun for tutorial to 2024-06-06 00:00:00+00:00, run_after=2024-06-07 00:00:00+00:00
[2024-06-07T02:04:53.421+0000] {processor.py:183} INFO - Processing /home/airflow/.local/lib/python3.12/site-packages/airflow/example_dags/tutorial.py took 0.157 seconds
[2024-06-07T02:05:23.969+0000] {processor.py:161} INFO - Started process (PID=9013) to work on /home/airflow/.local/lib/python3.12/site-packages/airflow/example_dags/tutorial.py
[2024-06-07T02:05:23.971+0000] {processor.py:830} INFO - Processing file /home/airflow/.local/lib/python3.12/site-packages/airflow/example_dags/tutorial.py for tasks to queue
[2024-06-07T02:05:23.974+0000] {logging_mixin.py:188} INFO - [2024-06-07T02:05:23.973+0000] {dagbag.py:545} INFO - Filling up the DagBag from /home/airflow/.local/lib/python3.12/site-packages/airflow/example_dags/tutorial.py
[2024-06-07T02:05:23.987+0000] {processor.py:840} INFO - DAG(s) 'tutorial' retrieved from /home/airflow/.local/lib/python3.12/site-packages/airflow/example_dags/tutorial.py
[2024-06-07T02:05:24.026+0000] {logging_mixin.py:188} INFO - [2024-06-07T02:05:24.026+0000] {dag.py:3096} INFO - Sync 1 DAGs
[2024-06-07T02:05:24.065+0000] {logging_mixin.py:188} INFO - [2024-06-07T02:05:24.065+0000] {dag.py:3954} INFO - Setting next_dagrun for tutorial to 2024-06-06 00:00:00+00:00, run_after=2024-06-07 00:00:00+00:00
[2024-06-07T02:05:24.121+0000] {processor.py:183} INFO - Processing /home/airflow/.local/lib/python3.12/site-packages/airflow/example_dags/tutorial.py took 0.164 seconds
[2024-06-07T02:05:55.202+0000] {processor.py:161} INFO - Started process (PID=9066) to work on /home/airflow/.local/lib/python3.12/site-packages/airflow/example_dags/tutorial.py
[2024-06-07T02:05:55.204+0000] {processor.py:830} INFO - Processing file /home/airflow/.local/lib/python3.12/site-packages/airflow/example_dags/tutorial.py for tasks to queue
[2024-06-07T02:05:55.207+0000] {logging_mixin.py:188} INFO - [2024-06-07T02:05:55.206+0000] {dagbag.py:545} INFO - Filling up the DagBag from /home/airflow/.local/lib/python3.12/site-packages/airflow/example_dags/tutorial.py
[2024-06-07T02:05:55.219+0000] {processor.py:840} INFO - DAG(s) 'tutorial' retrieved from /home/airflow/.local/lib/python3.12/site-packages/airflow/example_dags/tutorial.py
[2024-06-07T02:05:55.259+0000] {logging_mixin.py:188} INFO - [2024-06-07T02:05:55.259+0000] {dag.py:3096} INFO - Sync 1 DAGs
[2024-06-07T02:05:55.300+0000] {logging_mixin.py:188} INFO - [2024-06-07T02:05:55.299+0000] {dag.py:3954} INFO - Setting next_dagrun for tutorial to 2024-06-06 00:00:00+00:00, run_after=2024-06-07 00:00:00+00:00
[2024-06-07T02:05:55.342+0000] {processor.py:183} INFO - Processing /home/airflow/.local/lib/python3.12/site-packages/airflow/example_dags/tutorial.py took 0.150 seconds
[2024-06-07T02:06:25.778+0000] {processor.py:161} INFO - Started process (PID=9119) to work on /home/airflow/.local/lib/python3.12/site-packages/airflow/example_dags/tutorial.py
[2024-06-07T02:06:25.780+0000] {processor.py:830} INFO - Processing file /home/airflow/.local/lib/python3.12/site-packages/airflow/example_dags/tutorial.py for tasks to queue
[2024-06-07T02:06:25.783+0000] {logging_mixin.py:188} INFO - [2024-06-07T02:06:25.782+0000] {dagbag.py:545} INFO - Filling up the DagBag from /home/airflow/.local/lib/python3.12/site-packages/airflow/example_dags/tutorial.py
[2024-06-07T02:06:25.795+0000] {processor.py:840} INFO - DAG(s) 'tutorial' retrieved from /home/airflow/.local/lib/python3.12/site-packages/airflow/example_dags/tutorial.py
[2024-06-07T02:06:25.833+0000] {logging_mixin.py:188} INFO - [2024-06-07T02:06:25.833+0000] {dag.py:3096} INFO - Sync 1 DAGs
[2024-06-07T02:06:25.877+0000] {logging_mixin.py:188} INFO - [2024-06-07T02:06:25.877+0000] {dag.py:3954} INFO - Setting next_dagrun for tutorial to 2024-06-06 00:00:00+00:00, run_after=2024-06-07 00:00:00+00:00
[2024-06-07T02:06:25.914+0000] {processor.py:183} INFO - Processing /home/airflow/.local/lib/python3.12/site-packages/airflow/example_dags/tutorial.py took 0.150 seconds
[2024-06-07T02:06:56.880+0000] {processor.py:161} INFO - Started process (PID=9172) to work on /home/airflow/.local/lib/python3.12/site-packages/airflow/example_dags/tutorial.py
[2024-06-07T02:06:56.882+0000] {processor.py:830} INFO - Processing file /home/airflow/.local/lib/python3.12/site-packages/airflow/example_dags/tutorial.py for tasks to queue
[2024-06-07T02:06:56.884+0000] {logging_mixin.py:188} INFO - [2024-06-07T02:06:56.884+0000] {dagbag.py:545} INFO - Filling up the DagBag from /home/airflow/.local/lib/python3.12/site-packages/airflow/example_dags/tutorial.py
[2024-06-07T02:06:56.900+0000] {processor.py:840} INFO - DAG(s) 'tutorial' retrieved from /home/airflow/.local/lib/python3.12/site-packages/airflow/example_dags/tutorial.py
[2024-06-07T02:06:56.944+0000] {logging_mixin.py:188} INFO - [2024-06-07T02:06:56.944+0000] {dag.py:3096} INFO - Sync 1 DAGs
[2024-06-07T02:06:56.989+0000] {logging_mixin.py:188} INFO - [2024-06-07T02:06:56.988+0000] {dag.py:3954} INFO - Setting next_dagrun for tutorial to 2024-06-06 00:00:00+00:00, run_after=2024-06-07 00:00:00+00:00
[2024-06-07T02:06:57.028+0000] {processor.py:183} INFO - Processing /home/airflow/.local/lib/python3.12/site-packages/airflow/example_dags/tutorial.py took 0.159 seconds
[2024-06-07T02:07:28.425+0000] {processor.py:161} INFO - Started process (PID=9225) to work on /home/airflow/.local/lib/python3.12/site-packages/airflow/example_dags/tutorial.py
[2024-06-07T02:07:28.428+0000] {processor.py:830} INFO - Processing file /home/airflow/.local/lib/python3.12/site-packages/airflow/example_dags/tutorial.py for tasks to queue
[2024-06-07T02:07:28.431+0000] {logging_mixin.py:188} INFO - [2024-06-07T02:07:28.430+0000] {dagbag.py:545} INFO - Filling up the DagBag from /home/airflow/.local/lib/python3.12/site-packages/airflow/example_dags/tutorial.py
[2024-06-07T02:07:28.446+0000] {processor.py:840} INFO - DAG(s) 'tutorial' retrieved from /home/airflow/.local/lib/python3.12/site-packages/airflow/example_dags/tutorial.py
[2024-06-07T02:07:28.488+0000] {logging_mixin.py:188} INFO - [2024-06-07T02:07:28.488+0000] {dag.py:3096} INFO - Sync 1 DAGs
[2024-06-07T02:07:28.538+0000] {logging_mixin.py:188} INFO - [2024-06-07T02:07:28.538+0000] {dag.py:3954} INFO - Setting next_dagrun for tutorial to 2024-06-06 00:00:00+00:00, run_after=2024-06-07 00:00:00+00:00
[2024-06-07T02:07:28.594+0000] {processor.py:183} INFO - Processing /home/airflow/.local/lib/python3.12/site-packages/airflow/example_dags/tutorial.py took 0.184 seconds
[2024-06-07T02:07:59.821+0000] {processor.py:161} INFO - Started process (PID=9278) to work on /home/airflow/.local/lib/python3.12/site-packages/airflow/example_dags/tutorial.py
[2024-06-07T02:07:59.824+0000] {processor.py:830} INFO - Processing file /home/airflow/.local/lib/python3.12/site-packages/airflow/example_dags/tutorial.py for tasks to queue
[2024-06-07T02:07:59.827+0000] {logging_mixin.py:188} INFO - [2024-06-07T02:07:59.826+0000] {dagbag.py:545} INFO - Filling up the DagBag from /home/airflow/.local/lib/python3.12/site-packages/airflow/example_dags/tutorial.py
[2024-06-07T02:07:59.842+0000] {processor.py:840} INFO - DAG(s) 'tutorial' retrieved from /home/airflow/.local/lib/python3.12/site-packages/airflow/example_dags/tutorial.py
[2024-06-07T02:07:59.892+0000] {logging_mixin.py:188} INFO - [2024-06-07T02:07:59.891+0000] {dag.py:3096} INFO - Sync 1 DAGs
[2024-06-07T02:07:59.941+0000] {logging_mixin.py:188} INFO - [2024-06-07T02:07:59.941+0000] {dag.py:3954} INFO - Setting next_dagrun for tutorial to 2024-06-06 00:00:00+00:00, run_after=2024-06-07 00:00:00+00:00
[2024-06-07T02:07:59.987+0000] {processor.py:183} INFO - Processing /home/airflow/.local/lib/python3.12/site-packages/airflow/example_dags/tutorial.py took 0.181 seconds
[2024-06-07T02:08:30.096+0000] {processor.py:161} INFO - Started process (PID=9331) to work on /home/airflow/.local/lib/python3.12/site-packages/airflow/example_dags/tutorial.py
[2024-06-07T02:08:30.099+0000] {processor.py:830} INFO - Processing file /home/airflow/.local/lib/python3.12/site-packages/airflow/example_dags/tutorial.py for tasks to queue
[2024-06-07T02:08:30.101+0000] {logging_mixin.py:188} INFO - [2024-06-07T02:08:30.100+0000] {dagbag.py:545} INFO - Filling up the DagBag from /home/airflow/.local/lib/python3.12/site-packages/airflow/example_dags/tutorial.py
[2024-06-07T02:08:30.113+0000] {processor.py:840} INFO - DAG(s) 'tutorial' retrieved from /home/airflow/.local/lib/python3.12/site-packages/airflow/example_dags/tutorial.py
[2024-06-07T02:08:30.155+0000] {logging_mixin.py:188} INFO - [2024-06-07T02:08:30.154+0000] {dag.py:3096} INFO - Sync 1 DAGs
[2024-06-07T02:08:30.207+0000] {logging_mixin.py:188} INFO - [2024-06-07T02:08:30.207+0000] {dag.py:3954} INFO - Setting next_dagrun for tutorial to 2024-06-06 00:00:00+00:00, run_after=2024-06-07 00:00:00+00:00
[2024-06-07T02:08:30.254+0000] {processor.py:183} INFO - Processing /home/airflow/.local/lib/python3.12/site-packages/airflow/example_dags/tutorial.py took 0.170 seconds
[2024-06-07T02:09:01.217+0000] {processor.py:161} INFO - Started process (PID=9384) to work on /home/airflow/.local/lib/python3.12/site-packages/airflow/example_dags/tutorial.py
[2024-06-07T02:09:01.219+0000] {processor.py:830} INFO - Processing file /home/airflow/.local/lib/python3.12/site-packages/airflow/example_dags/tutorial.py for tasks to queue
[2024-06-07T02:09:01.221+0000] {logging_mixin.py:188} INFO - [2024-06-07T02:09:01.221+0000] {dagbag.py:545} INFO - Filling up the DagBag from /home/airflow/.local/lib/python3.12/site-packages/airflow/example_dags/tutorial.py
[2024-06-07T02:09:01.241+0000] {processor.py:840} INFO - DAG(s) 'tutorial' retrieved from /home/airflow/.local/lib/python3.12/site-packages/airflow/example_dags/tutorial.py
[2024-06-07T02:09:01.287+0000] {logging_mixin.py:188} INFO - [2024-06-07T02:09:01.286+0000] {dag.py:3096} INFO - Sync 1 DAGs
[2024-06-07T02:09:01.328+0000] {logging_mixin.py:188} INFO - [2024-06-07T02:09:01.328+0000] {dag.py:3954} INFO - Setting next_dagrun for tutorial to 2024-06-06 00:00:00+00:00, run_after=2024-06-07 00:00:00+00:00
[2024-06-07T02:09:01.369+0000] {processor.py:183} INFO - Processing /home/airflow/.local/lib/python3.12/site-packages/airflow/example_dags/tutorial.py took 0.167 seconds
[2024-06-07T02:09:32.465+0000] {processor.py:161} INFO - Started process (PID=9437) to work on /home/airflow/.local/lib/python3.12/site-packages/airflow/example_dags/tutorial.py
[2024-06-07T02:09:32.468+0000] {processor.py:830} INFO - Processing file /home/airflow/.local/lib/python3.12/site-packages/airflow/example_dags/tutorial.py for tasks to queue
[2024-06-07T02:09:32.470+0000] {logging_mixin.py:188} INFO - [2024-06-07T02:09:32.470+0000] {dagbag.py:545} INFO - Filling up the DagBag from /home/airflow/.local/lib/python3.12/site-packages/airflow/example_dags/tutorial.py
[2024-06-07T02:09:32.485+0000] {processor.py:840} INFO - DAG(s) 'tutorial' retrieved from /home/airflow/.local/lib/python3.12/site-packages/airflow/example_dags/tutorial.py
[2024-06-07T02:09:32.526+0000] {logging_mixin.py:188} INFO - [2024-06-07T02:09:32.525+0000] {dag.py:3096} INFO - Sync 1 DAGs
[2024-06-07T02:09:32.572+0000] {logging_mixin.py:188} INFO - [2024-06-07T02:09:32.571+0000] {dag.py:3954} INFO - Setting next_dagrun for tutorial to 2024-06-06 00:00:00+00:00, run_after=2024-06-07 00:00:00+00:00
[2024-06-07T02:09:32.617+0000] {processor.py:183} INFO - Processing /home/airflow/.local/lib/python3.12/site-packages/airflow/example_dags/tutorial.py took 0.163 seconds
[2024-06-07T02:10:03.872+0000] {processor.py:161} INFO - Started process (PID=9490) to work on /home/airflow/.local/lib/python3.12/site-packages/airflow/example_dags/tutorial.py
[2024-06-07T02:10:03.875+0000] {processor.py:830} INFO - Processing file /home/airflow/.local/lib/python3.12/site-packages/airflow/example_dags/tutorial.py for tasks to queue
[2024-06-07T02:10:03.878+0000] {logging_mixin.py:188} INFO - [2024-06-07T02:10:03.876+0000] {dagbag.py:545} INFO - Filling up the DagBag from /home/airflow/.local/lib/python3.12/site-packages/airflow/example_dags/tutorial.py
[2024-06-07T02:10:03.899+0000] {processor.py:840} INFO - DAG(s) 'tutorial' retrieved from /home/airflow/.local/lib/python3.12/site-packages/airflow/example_dags/tutorial.py
[2024-06-07T02:10:03.952+0000] {logging_mixin.py:188} INFO - [2024-06-07T02:10:03.951+0000] {dag.py:3096} INFO - Sync 1 DAGs
[2024-06-07T02:10:04.013+0000] {logging_mixin.py:188} INFO - [2024-06-07T02:10:04.012+0000] {dag.py:3954} INFO - Setting next_dagrun for tutorial to 2024-06-06 00:00:00+00:00, run_after=2024-06-07 00:00:00+00:00
[2024-06-07T02:10:04.062+0000] {processor.py:183} INFO - Processing /home/airflow/.local/lib/python3.12/site-packages/airflow/example_dags/tutorial.py took 0.208 seconds
[2024-06-07T02:10:35.266+0000] {processor.py:161} INFO - Started process (PID=9543) to work on /home/airflow/.local/lib/python3.12/site-packages/airflow/example_dags/tutorial.py
[2024-06-07T02:10:35.269+0000] {processor.py:830} INFO - Processing file /home/airflow/.local/lib/python3.12/site-packages/airflow/example_dags/tutorial.py for tasks to queue
[2024-06-07T02:10:35.271+0000] {logging_mixin.py:188} INFO - [2024-06-07T02:10:35.271+0000] {dagbag.py:545} INFO - Filling up the DagBag from /home/airflow/.local/lib/python3.12/site-packages/airflow/example_dags/tutorial.py
[2024-06-07T02:10:35.284+0000] {processor.py:840} INFO - DAG(s) 'tutorial' retrieved from /home/airflow/.local/lib/python3.12/site-packages/airflow/example_dags/tutorial.py
[2024-06-07T02:10:35.326+0000] {logging_mixin.py:188} INFO - [2024-06-07T02:10:35.325+0000] {dag.py:3096} INFO - Sync 1 DAGs
[2024-06-07T02:10:35.374+0000] {logging_mixin.py:188} INFO - [2024-06-07T02:10:35.373+0000] {dag.py:3954} INFO - Setting next_dagrun for tutorial to 2024-06-06 00:00:00+00:00, run_after=2024-06-07 00:00:00+00:00
[2024-06-07T02:10:35.426+0000] {processor.py:183} INFO - Processing /home/airflow/.local/lib/python3.12/site-packages/airflow/example_dags/tutorial.py took 0.174 seconds
[2024-06-07T02:11:06.141+0000] {processor.py:161} INFO - Started process (PID=9596) to work on /home/airflow/.local/lib/python3.12/site-packages/airflow/example_dags/tutorial.py
[2024-06-07T02:11:06.143+0000] {processor.py:830} INFO - Processing file /home/airflow/.local/lib/python3.12/site-packages/airflow/example_dags/tutorial.py for tasks to queue
[2024-06-07T02:11:06.145+0000] {logging_mixin.py:188} INFO - [2024-06-07T02:11:06.145+0000] {dagbag.py:545} INFO - Filling up the DagBag from /home/airflow/.local/lib/python3.12/site-packages/airflow/example_dags/tutorial.py
[2024-06-07T02:11:06.158+0000] {processor.py:840} INFO - DAG(s) 'tutorial' retrieved from /home/airflow/.local/lib/python3.12/site-packages/airflow/example_dags/tutorial.py
[2024-06-07T02:11:06.198+0000] {logging_mixin.py:188} INFO - [2024-06-07T02:11:06.197+0000] {dag.py:3096} INFO - Sync 1 DAGs
[2024-06-07T02:11:06.239+0000] {logging_mixin.py:188} INFO - [2024-06-07T02:11:06.239+0000] {dag.py:3954} INFO - Setting next_dagrun for tutorial to 2024-06-06 00:00:00+00:00, run_after=2024-06-07 00:00:00+00:00
[2024-06-07T02:11:06.284+0000] {processor.py:183} INFO - Processing /home/airflow/.local/lib/python3.12/site-packages/airflow/example_dags/tutorial.py took 0.153 seconds
[2024-06-07T14:01:12.441+0000] {processor.py:161} INFO - Started process (PID=9668) to work on /home/airflow/.local/lib/python3.12/site-packages/airflow/example_dags/tutorial.py
[2024-06-07T14:01:12.443+0000] {processor.py:830} INFO - Processing file /home/airflow/.local/lib/python3.12/site-packages/airflow/example_dags/tutorial.py for tasks to queue
[2024-06-07T14:01:12.446+0000] {logging_mixin.py:188} INFO - [2024-06-07T14:01:12.445+0000] {dagbag.py:545} INFO - Filling up the DagBag from /home/airflow/.local/lib/python3.12/site-packages/airflow/example_dags/tutorial.py
[2024-06-07T14:01:12.459+0000] {processor.py:840} INFO - DAG(s) 'tutorial' retrieved from /home/airflow/.local/lib/python3.12/site-packages/airflow/example_dags/tutorial.py
[2024-06-07T14:01:12.503+0000] {logging_mixin.py:188} INFO - [2024-06-07T14:01:12.503+0000] {dag.py:3096} INFO - Sync 1 DAGs
[2024-06-07T14:01:12.557+0000] {logging_mixin.py:188} INFO - [2024-06-07T14:01:12.557+0000] {dag.py:3954} INFO - Setting next_dagrun for tutorial to 2024-06-06 00:00:00+00:00, run_after=2024-06-07 00:00:00+00:00
[2024-06-07T14:01:12.600+0000] {processor.py:183} INFO - Processing /home/airflow/.local/lib/python3.12/site-packages/airflow/example_dags/tutorial.py took 0.173 seconds
[2024-06-07T14:01:42.664+0000] {processor.py:161} INFO - Started process (PID=9721) to work on /home/airflow/.local/lib/python3.12/site-packages/airflow/example_dags/tutorial.py
[2024-06-07T14:01:42.666+0000] {processor.py:830} INFO - Processing file /home/airflow/.local/lib/python3.12/site-packages/airflow/example_dags/tutorial.py for tasks to queue
[2024-06-07T14:01:42.669+0000] {logging_mixin.py:188} INFO - [2024-06-07T14:01:42.668+0000] {dagbag.py:545} INFO - Filling up the DagBag from /home/airflow/.local/lib/python3.12/site-packages/airflow/example_dags/tutorial.py
[2024-06-07T14:01:42.678+0000] {processor.py:840} INFO - DAG(s) 'tutorial' retrieved from /home/airflow/.local/lib/python3.12/site-packages/airflow/example_dags/tutorial.py
[2024-06-07T14:01:42.707+0000] {logging_mixin.py:188} INFO - [2024-06-07T14:01:42.706+0000] {dag.py:3096} INFO - Sync 1 DAGs
[2024-06-07T14:01:42.737+0000] {logging_mixin.py:188} INFO - [2024-06-07T14:01:42.737+0000] {dag.py:3954} INFO - Setting next_dagrun for tutorial to 2024-06-06 00:00:00+00:00, run_after=2024-06-07 00:00:00+00:00
[2024-06-07T14:01:42.761+0000] {processor.py:183} INFO - Processing /home/airflow/.local/lib/python3.12/site-packages/airflow/example_dags/tutorial.py took 0.104 seconds
