[2024-06-02T17:22:33.161+0000] {processor.py:161} INFO - Started process (PID=55) to work on /home/airflow/.local/lib/python3.12/site-packages/airflow/example_dags/example_datasets.py
[2024-06-02T17:22:33.163+0000] {processor.py:830} INFO - Processing file /home/airflow/.local/lib/python3.12/site-packages/airflow/example_dags/example_datasets.py for tasks to queue
[2024-06-02T17:22:33.168+0000] {logging_mixin.py:188} INFO - [2024-06-02T17:22:33.167+0000] {dagbag.py:545} INFO - Filling up the DagBag from /home/airflow/.local/lib/python3.12/site-packages/airflow/example_dags/example_datasets.py
[2024-06-02T17:22:33.224+0000] {processor.py:840} INFO - DAG(s) 'consume_1_or_both_2_and_3_with_dataset_expressions', 'dataset_consumes_1_and_2', 'dataset_consumes_1', 'consume_1_and_2_with_dataset_expressions', 'consume_1_or_2_with_dataset_expressions', 'dataset_produces_2', 'dataset_produces_1', 'dataset_consumes_1_never_scheduled', 'conditional_dataset_and_time_based_timetable', 'dataset_consumes_unknown_never_scheduled' retrieved from /home/airflow/.local/lib/python3.12/site-packages/airflow/example_dags/example_datasets.py
[2024-06-02T17:22:33.276+0000] {logging_mixin.py:188} INFO - [2024-06-02T17:22:33.276+0000] {dag.py:3096} INFO - Sync 10 DAGs
[2024-06-02T17:22:33.315+0000] {logging_mixin.py:188} INFO - [2024-06-02T17:22:33.315+0000] {dag.py:3954} INFO - Setting next_dagrun for conditional_dataset_and_time_based_timetable to 2024-05-29 01:00:00+00:00, run_after=2024-05-29 01:00:00+00:00
[2024-06-02T17:22:33.319+0000] {logging_mixin.py:188} INFO - [2024-06-02T17:22:33.319+0000] {dag.py:3954} INFO - Setting next_dagrun for consume_1_and_2_with_dataset_expressions to None, run_after=None
[2024-06-02T17:22:33.320+0000] {logging_mixin.py:188} INFO - [2024-06-02T17:22:33.320+0000] {dag.py:3954} INFO - Setting next_dagrun for consume_1_or_2_with_dataset_expressions to None, run_after=None
[2024-06-02T17:22:33.324+0000] {logging_mixin.py:188} INFO - [2024-06-02T17:22:33.324+0000] {dag.py:3954} INFO - Setting next_dagrun for consume_1_or_both_2_and_3_with_dataset_expressions to None, run_after=None
[2024-06-02T17:22:33.326+0000] {logging_mixin.py:188} INFO - [2024-06-02T17:22:33.326+0000] {dag.py:3954} INFO - Setting next_dagrun for dataset_consumes_1 to None, run_after=None
[2024-06-02T17:22:33.327+0000] {logging_mixin.py:188} INFO - [2024-06-02T17:22:33.327+0000] {dag.py:3954} INFO - Setting next_dagrun for dataset_consumes_1_and_2 to None, run_after=None
[2024-06-02T17:22:33.331+0000] {logging_mixin.py:188} INFO - [2024-06-02T17:22:33.331+0000] {dag.py:3954} INFO - Setting next_dagrun for dataset_consumes_1_never_scheduled to None, run_after=None
[2024-06-02T17:22:33.331+0000] {logging_mixin.py:188} INFO - [2024-06-02T17:22:33.331+0000] {dag.py:3954} INFO - Setting next_dagrun for dataset_consumes_unknown_never_scheduled to None, run_after=None
[2024-06-02T17:22:33.332+0000] {logging_mixin.py:188} INFO - [2024-06-02T17:22:33.332+0000] {dag.py:3954} INFO - Setting next_dagrun for dataset_produces_1 to 2024-06-01 00:00:00+00:00, run_after=2024-06-02 00:00:00+00:00
[2024-06-02T17:22:33.333+0000] {logging_mixin.py:188} INFO - [2024-06-02T17:22:33.333+0000] {dag.py:3954} INFO - Setting next_dagrun for dataset_produces_2 to None, run_after=None
[2024-06-02T17:22:33.351+0000] {processor.py:183} INFO - Processing /home/airflow/.local/lib/python3.12/site-packages/airflow/example_dags/example_datasets.py took 0.200 seconds
[2024-06-02T17:23:03.750+0000] {processor.py:161} INFO - Started process (PID=113) to work on /home/airflow/.local/lib/python3.12/site-packages/airflow/example_dags/example_datasets.py
[2024-06-02T17:23:03.751+0000] {processor.py:830} INFO - Processing file /home/airflow/.local/lib/python3.12/site-packages/airflow/example_dags/example_datasets.py for tasks to queue
[2024-06-02T17:23:03.752+0000] {logging_mixin.py:188} INFO - [2024-06-02T17:23:03.752+0000] {dagbag.py:545} INFO - Filling up the DagBag from /home/airflow/.local/lib/python3.12/site-packages/airflow/example_dags/example_datasets.py
[2024-06-02T17:23:03.759+0000] {processor.py:840} INFO - DAG(s) 'dataset_consumes_1', 'consume_1_or_both_2_and_3_with_dataset_expressions', 'dataset_consumes_unknown_never_scheduled', 'consume_1_or_2_with_dataset_expressions', 'dataset_produces_2', 'conditional_dataset_and_time_based_timetable', 'consume_1_and_2_with_dataset_expressions', 'dataset_produces_1', 'dataset_consumes_1_never_scheduled', 'dataset_consumes_1_and_2' retrieved from /home/airflow/.local/lib/python3.12/site-packages/airflow/example_dags/example_datasets.py
[2024-06-02T17:23:03.826+0000] {logging_mixin.py:188} INFO - [2024-06-02T17:23:03.826+0000] {dag.py:3096} INFO - Sync 10 DAGs
[2024-06-02T17:23:03.834+0000] {logging_mixin.py:188} INFO - [2024-06-02T17:23:03.834+0000] {dag.py:3954} INFO - Setting next_dagrun for conditional_dataset_and_time_based_timetable to 2024-05-29 01:00:00+00:00, run_after=2024-05-29 01:00:00+00:00
[2024-06-02T17:23:03.835+0000] {logging_mixin.py:188} INFO - [2024-06-02T17:23:03.835+0000] {dag.py:3954} INFO - Setting next_dagrun for consume_1_and_2_with_dataset_expressions to None, run_after=None
[2024-06-02T17:23:03.835+0000] {logging_mixin.py:188} INFO - [2024-06-02T17:23:03.835+0000] {dag.py:3954} INFO - Setting next_dagrun for consume_1_or_2_with_dataset_expressions to None, run_after=None
[2024-06-02T17:23:03.836+0000] {logging_mixin.py:188} INFO - [2024-06-02T17:23:03.836+0000] {dag.py:3954} INFO - Setting next_dagrun for consume_1_or_both_2_and_3_with_dataset_expressions to None, run_after=None
[2024-06-02T17:23:03.837+0000] {logging_mixin.py:188} INFO - [2024-06-02T17:23:03.836+0000] {dag.py:3954} INFO - Setting next_dagrun for dataset_consumes_1 to None, run_after=None
[2024-06-02T17:23:03.837+0000] {logging_mixin.py:188} INFO - [2024-06-02T17:23:03.837+0000] {dag.py:3954} INFO - Setting next_dagrun for dataset_consumes_1_and_2 to None, run_after=None
[2024-06-02T17:23:03.837+0000] {logging_mixin.py:188} INFO - [2024-06-02T17:23:03.837+0000] {dag.py:3954} INFO - Setting next_dagrun for dataset_consumes_1_never_scheduled to None, run_after=None
[2024-06-02T17:23:03.838+0000] {logging_mixin.py:188} INFO - [2024-06-02T17:23:03.838+0000] {dag.py:3954} INFO - Setting next_dagrun for dataset_consumes_unknown_never_scheduled to None, run_after=None
[2024-06-02T17:23:03.839+0000] {logging_mixin.py:188} INFO - [2024-06-02T17:23:03.839+0000] {dag.py:3954} INFO - Setting next_dagrun for dataset_produces_1 to 2024-06-01 00:00:00+00:00, run_after=2024-06-02 00:00:00+00:00
[2024-06-02T17:23:03.839+0000] {logging_mixin.py:188} INFO - [2024-06-02T17:23:03.839+0000] {dag.py:3954} INFO - Setting next_dagrun for dataset_produces_2 to None, run_after=None
[2024-06-02T17:23:03.851+0000] {processor.py:183} INFO - Processing /home/airflow/.local/lib/python3.12/site-packages/airflow/example_dags/example_datasets.py took 0.104 seconds
[2024-06-02T17:23:34.008+0000] {processor.py:161} INFO - Started process (PID=171) to work on /home/airflow/.local/lib/python3.12/site-packages/airflow/example_dags/example_datasets.py
[2024-06-02T17:23:34.008+0000] {processor.py:830} INFO - Processing file /home/airflow/.local/lib/python3.12/site-packages/airflow/example_dags/example_datasets.py for tasks to queue
[2024-06-02T17:23:34.009+0000] {logging_mixin.py:188} INFO - [2024-06-02T17:23:34.009+0000] {dagbag.py:545} INFO - Filling up the DagBag from /home/airflow/.local/lib/python3.12/site-packages/airflow/example_dags/example_datasets.py
[2024-06-02T17:23:34.015+0000] {processor.py:840} INFO - DAG(s) 'dataset_produces_1', 'consume_1_or_2_with_dataset_expressions', 'consume_1_and_2_with_dataset_expressions', 'dataset_consumes_1_never_scheduled', 'dataset_consumes_unknown_never_scheduled', 'dataset_consumes_1_and_2', 'dataset_consumes_1', 'consume_1_or_both_2_and_3_with_dataset_expressions', 'conditional_dataset_and_time_based_timetable', 'dataset_produces_2' retrieved from /home/airflow/.local/lib/python3.12/site-packages/airflow/example_dags/example_datasets.py
[2024-06-02T17:23:34.038+0000] {logging_mixin.py:188} INFO - [2024-06-02T17:23:34.038+0000] {dag.py:3096} INFO - Sync 10 DAGs
[2024-06-02T17:23:34.049+0000] {logging_mixin.py:188} INFO - [2024-06-02T17:23:34.049+0000] {dag.py:3954} INFO - Setting next_dagrun for conditional_dataset_and_time_based_timetable to 2024-05-29 01:00:00+00:00, run_after=2024-05-29 01:00:00+00:00
[2024-06-02T17:23:34.054+0000] {logging_mixin.py:188} INFO - [2024-06-02T17:23:34.054+0000] {dag.py:3954} INFO - Setting next_dagrun for consume_1_and_2_with_dataset_expressions to None, run_after=None
[2024-06-02T17:23:34.054+0000] {logging_mixin.py:188} INFO - [2024-06-02T17:23:34.054+0000] {dag.py:3954} INFO - Setting next_dagrun for consume_1_or_2_with_dataset_expressions to None, run_after=None
[2024-06-02T17:23:34.055+0000] {logging_mixin.py:188} INFO - [2024-06-02T17:23:34.055+0000] {dag.py:3954} INFO - Setting next_dagrun for consume_1_or_both_2_and_3_with_dataset_expressions to None, run_after=None
[2024-06-02T17:23:34.056+0000] {logging_mixin.py:188} INFO - [2024-06-02T17:23:34.056+0000] {dag.py:3954} INFO - Setting next_dagrun for dataset_consumes_1 to None, run_after=None
[2024-06-02T17:23:34.057+0000] {logging_mixin.py:188} INFO - [2024-06-02T17:23:34.057+0000] {dag.py:3954} INFO - Setting next_dagrun for dataset_consumes_1_and_2 to None, run_after=None
[2024-06-02T17:23:34.058+0000] {logging_mixin.py:188} INFO - [2024-06-02T17:23:34.058+0000] {dag.py:3954} INFO - Setting next_dagrun for dataset_consumes_1_never_scheduled to None, run_after=None
[2024-06-02T17:23:34.059+0000] {logging_mixin.py:188} INFO - [2024-06-02T17:23:34.059+0000] {dag.py:3954} INFO - Setting next_dagrun for dataset_consumes_unknown_never_scheduled to None, run_after=None
[2024-06-02T17:23:34.060+0000] {logging_mixin.py:188} INFO - [2024-06-02T17:23:34.060+0000] {dag.py:3954} INFO - Setting next_dagrun for dataset_produces_1 to 2024-06-01 00:00:00+00:00, run_after=2024-06-02 00:00:00+00:00
[2024-06-02T17:23:34.060+0000] {logging_mixin.py:188} INFO - [2024-06-02T17:23:34.060+0000] {dag.py:3954} INFO - Setting next_dagrun for dataset_produces_2 to None, run_after=None
[2024-06-02T17:23:34.072+0000] {processor.py:183} INFO - Processing /home/airflow/.local/lib/python3.12/site-packages/airflow/example_dags/example_datasets.py took 0.067 seconds
[2024-06-02T17:24:04.642+0000] {processor.py:161} INFO - Started process (PID=229) to work on /home/airflow/.local/lib/python3.12/site-packages/airflow/example_dags/example_datasets.py
[2024-06-02T17:24:04.644+0000] {processor.py:830} INFO - Processing file /home/airflow/.local/lib/python3.12/site-packages/airflow/example_dags/example_datasets.py for tasks to queue
[2024-06-02T17:24:04.645+0000] {logging_mixin.py:188} INFO - [2024-06-02T17:24:04.645+0000] {dagbag.py:545} INFO - Filling up the DagBag from /home/airflow/.local/lib/python3.12/site-packages/airflow/example_dags/example_datasets.py
[2024-06-02T17:24:04.652+0000] {processor.py:840} INFO - DAG(s) 'dataset_consumes_unknown_never_scheduled', 'consume_1_and_2_with_dataset_expressions', 'dataset_produces_1', 'consume_1_or_both_2_and_3_with_dataset_expressions', 'conditional_dataset_and_time_based_timetable', 'dataset_consumes_1', 'dataset_consumes_1_never_scheduled', 'consume_1_or_2_with_dataset_expressions', 'dataset_produces_2', 'dataset_consumes_1_and_2' retrieved from /home/airflow/.local/lib/python3.12/site-packages/airflow/example_dags/example_datasets.py
[2024-06-02T17:24:04.732+0000] {logging_mixin.py:188} INFO - [2024-06-02T17:24:04.732+0000] {dag.py:3096} INFO - Sync 10 DAGs
[2024-06-02T17:24:04.744+0000] {logging_mixin.py:188} INFO - [2024-06-02T17:24:04.744+0000] {dag.py:3954} INFO - Setting next_dagrun for conditional_dataset_and_time_based_timetable to 2024-05-29 01:00:00+00:00, run_after=2024-05-29 01:00:00+00:00
[2024-06-02T17:24:04.745+0000] {logging_mixin.py:188} INFO - [2024-06-02T17:24:04.745+0000] {dag.py:3954} INFO - Setting next_dagrun for consume_1_and_2_with_dataset_expressions to None, run_after=None
[2024-06-02T17:24:04.746+0000] {logging_mixin.py:188} INFO - [2024-06-02T17:24:04.746+0000] {dag.py:3954} INFO - Setting next_dagrun for consume_1_or_2_with_dataset_expressions to None, run_after=None
[2024-06-02T17:24:04.746+0000] {logging_mixin.py:188} INFO - [2024-06-02T17:24:04.746+0000] {dag.py:3954} INFO - Setting next_dagrun for consume_1_or_both_2_and_3_with_dataset_expressions to None, run_after=None
[2024-06-02T17:24:04.747+0000] {logging_mixin.py:188} INFO - [2024-06-02T17:24:04.747+0000] {dag.py:3954} INFO - Setting next_dagrun for dataset_consumes_1 to None, run_after=None
[2024-06-02T17:24:04.748+0000] {logging_mixin.py:188} INFO - [2024-06-02T17:24:04.747+0000] {dag.py:3954} INFO - Setting next_dagrun for dataset_consumes_1_and_2 to None, run_after=None
[2024-06-02T17:24:04.748+0000] {logging_mixin.py:188} INFO - [2024-06-02T17:24:04.748+0000] {dag.py:3954} INFO - Setting next_dagrun for dataset_consumes_1_never_scheduled to None, run_after=None
[2024-06-02T17:24:04.749+0000] {logging_mixin.py:188} INFO - [2024-06-02T17:24:04.749+0000] {dag.py:3954} INFO - Setting next_dagrun for dataset_consumes_unknown_never_scheduled to None, run_after=None
[2024-06-02T17:24:04.750+0000] {logging_mixin.py:188} INFO - [2024-06-02T17:24:04.750+0000] {dag.py:3954} INFO - Setting next_dagrun for dataset_produces_1 to 2024-06-01 00:00:00+00:00, run_after=2024-06-02 00:00:00+00:00
[2024-06-02T17:24:04.750+0000] {logging_mixin.py:188} INFO - [2024-06-02T17:24:04.750+0000] {dag.py:3954} INFO - Setting next_dagrun for dataset_produces_2 to None, run_after=None
[2024-06-02T17:24:04.764+0000] {processor.py:183} INFO - Processing /home/airflow/.local/lib/python3.12/site-packages/airflow/example_dags/example_datasets.py took 0.125 seconds
[2024-06-02T17:24:35.706+0000] {processor.py:161} INFO - Started process (PID=286) to work on /home/airflow/.local/lib/python3.12/site-packages/airflow/example_dags/example_datasets.py
[2024-06-02T17:24:35.708+0000] {processor.py:830} INFO - Processing file /home/airflow/.local/lib/python3.12/site-packages/airflow/example_dags/example_datasets.py for tasks to queue
[2024-06-02T17:24:35.710+0000] {logging_mixin.py:188} INFO - [2024-06-02T17:24:35.710+0000] {dagbag.py:545} INFO - Filling up the DagBag from /home/airflow/.local/lib/python3.12/site-packages/airflow/example_dags/example_datasets.py
[2024-06-02T17:24:35.720+0000] {processor.py:840} INFO - DAG(s) 'consume_1_or_2_with_dataset_expressions', 'consume_1_or_both_2_and_3_with_dataset_expressions', 'dataset_produces_2', 'dataset_produces_1', 'dataset_consumes_1_and_2', 'dataset_consumes_1', 'dataset_consumes_unknown_never_scheduled', 'dataset_consumes_1_never_scheduled', 'consume_1_and_2_with_dataset_expressions', 'conditional_dataset_and_time_based_timetable' retrieved from /home/airflow/.local/lib/python3.12/site-packages/airflow/example_dags/example_datasets.py
[2024-06-02T17:24:35.740+0000] {logging_mixin.py:188} INFO - [2024-06-02T17:24:35.740+0000] {dag.py:3096} INFO - Sync 10 DAGs
[2024-06-02T17:24:35.751+0000] {logging_mixin.py:188} INFO - [2024-06-02T17:24:35.751+0000] {dag.py:3954} INFO - Setting next_dagrun for conditional_dataset_and_time_based_timetable to 2024-05-29 01:00:00+00:00, run_after=2024-05-29 01:00:00+00:00
[2024-06-02T17:24:35.753+0000] {logging_mixin.py:188} INFO - [2024-06-02T17:24:35.753+0000] {dag.py:3954} INFO - Setting next_dagrun for consume_1_and_2_with_dataset_expressions to None, run_after=None
[2024-06-02T17:24:35.754+0000] {logging_mixin.py:188} INFO - [2024-06-02T17:24:35.754+0000] {dag.py:3954} INFO - Setting next_dagrun for consume_1_or_2_with_dataset_expressions to None, run_after=None
[2024-06-02T17:24:35.755+0000] {logging_mixin.py:188} INFO - [2024-06-02T17:24:35.755+0000] {dag.py:3954} INFO - Setting next_dagrun for consume_1_or_both_2_and_3_with_dataset_expressions to None, run_after=None
[2024-06-02T17:24:35.755+0000] {logging_mixin.py:188} INFO - [2024-06-02T17:24:35.755+0000] {dag.py:3954} INFO - Setting next_dagrun for dataset_consumes_1 to None, run_after=None
[2024-06-02T17:24:35.756+0000] {logging_mixin.py:188} INFO - [2024-06-02T17:24:35.756+0000] {dag.py:3954} INFO - Setting next_dagrun for dataset_consumes_1_and_2 to None, run_after=None
[2024-06-02T17:24:35.756+0000] {logging_mixin.py:188} INFO - [2024-06-02T17:24:35.756+0000] {dag.py:3954} INFO - Setting next_dagrun for dataset_consumes_1_never_scheduled to None, run_after=None
[2024-06-02T17:24:35.757+0000] {logging_mixin.py:188} INFO - [2024-06-02T17:24:35.757+0000] {dag.py:3954} INFO - Setting next_dagrun for dataset_consumes_unknown_never_scheduled to None, run_after=None
[2024-06-02T17:24:35.758+0000] {logging_mixin.py:188} INFO - [2024-06-02T17:24:35.758+0000] {dag.py:3954} INFO - Setting next_dagrun for dataset_produces_1 to 2024-06-01 00:00:00+00:00, run_after=2024-06-02 00:00:00+00:00
[2024-06-02T17:24:35.758+0000] {logging_mixin.py:188} INFO - [2024-06-02T17:24:35.758+0000] {dag.py:3954} INFO - Setting next_dagrun for dataset_produces_2 to None, run_after=None
[2024-06-02T17:24:35.771+0000] {processor.py:183} INFO - Processing /home/airflow/.local/lib/python3.12/site-packages/airflow/example_dags/example_datasets.py took 0.071 seconds
[2024-06-02T17:25:06.334+0000] {processor.py:161} INFO - Started process (PID=344) to work on /home/airflow/.local/lib/python3.12/site-packages/airflow/example_dags/example_datasets.py
[2024-06-02T17:25:06.335+0000] {processor.py:830} INFO - Processing file /home/airflow/.local/lib/python3.12/site-packages/airflow/example_dags/example_datasets.py for tasks to queue
[2024-06-02T17:25:06.337+0000] {logging_mixin.py:188} INFO - [2024-06-02T17:25:06.337+0000] {dagbag.py:545} INFO - Filling up the DagBag from /home/airflow/.local/lib/python3.12/site-packages/airflow/example_dags/example_datasets.py
[2024-06-02T17:25:06.351+0000] {processor.py:840} INFO - DAG(s) 'dataset_consumes_1_never_scheduled', 'dataset_consumes_unknown_never_scheduled', 'dataset_consumes_1_and_2', 'consume_1_and_2_with_dataset_expressions', 'dataset_produces_2', 'dataset_produces_1', 'dataset_consumes_1', 'conditional_dataset_and_time_based_timetable', 'consume_1_or_2_with_dataset_expressions', 'consume_1_or_both_2_and_3_with_dataset_expressions' retrieved from /home/airflow/.local/lib/python3.12/site-packages/airflow/example_dags/example_datasets.py
[2024-06-02T17:25:06.378+0000] {logging_mixin.py:188} INFO - [2024-06-02T17:25:06.378+0000] {dag.py:3096} INFO - Sync 10 DAGs
[2024-06-02T17:25:06.397+0000] {logging_mixin.py:188} INFO - [2024-06-02T17:25:06.397+0000] {dag.py:3954} INFO - Setting next_dagrun for conditional_dataset_and_time_based_timetable to 2024-05-29 01:00:00+00:00, run_after=2024-05-29 01:00:00+00:00
[2024-06-02T17:25:06.403+0000] {logging_mixin.py:188} INFO - [2024-06-02T17:25:06.403+0000] {dag.py:3954} INFO - Setting next_dagrun for consume_1_and_2_with_dataset_expressions to None, run_after=None
[2024-06-02T17:25:06.404+0000] {logging_mixin.py:188} INFO - [2024-06-02T17:25:06.404+0000] {dag.py:3954} INFO - Setting next_dagrun for consume_1_or_2_with_dataset_expressions to None, run_after=None
[2024-06-02T17:25:06.405+0000] {logging_mixin.py:188} INFO - [2024-06-02T17:25:06.405+0000] {dag.py:3954} INFO - Setting next_dagrun for consume_1_or_both_2_and_3_with_dataset_expressions to None, run_after=None
[2024-06-02T17:25:06.406+0000] {logging_mixin.py:188} INFO - [2024-06-02T17:25:06.406+0000] {dag.py:3954} INFO - Setting next_dagrun for dataset_consumes_1 to None, run_after=None
[2024-06-02T17:25:06.407+0000] {logging_mixin.py:188} INFO - [2024-06-02T17:25:06.407+0000] {dag.py:3954} INFO - Setting next_dagrun for dataset_consumes_1_and_2 to None, run_after=None
[2024-06-02T17:25:06.408+0000] {logging_mixin.py:188} INFO - [2024-06-02T17:25:06.408+0000] {dag.py:3954} INFO - Setting next_dagrun for dataset_consumes_1_never_scheduled to None, run_after=None
[2024-06-02T17:25:06.409+0000] {logging_mixin.py:188} INFO - [2024-06-02T17:25:06.409+0000] {dag.py:3954} INFO - Setting next_dagrun for dataset_consumes_unknown_never_scheduled to None, run_after=None
[2024-06-02T17:25:06.412+0000] {logging_mixin.py:188} INFO - [2024-06-02T17:25:06.412+0000] {dag.py:3954} INFO - Setting next_dagrun for dataset_produces_1 to 2024-06-01 00:00:00+00:00, run_after=2024-06-02 00:00:00+00:00
[2024-06-02T17:25:06.413+0000] {logging_mixin.py:188} INFO - [2024-06-02T17:25:06.413+0000] {dag.py:3954} INFO - Setting next_dagrun for dataset_produces_2 to None, run_after=None
[2024-06-02T17:25:06.438+0000] {processor.py:183} INFO - Processing /home/airflow/.local/lib/python3.12/site-packages/airflow/example_dags/example_datasets.py took 0.112 seconds
