[2024-06-02T17:22:32.051+0000] {processor.py:161} INFO - Started process (PID=44) to work on /home/airflow/.local/lib/python3.12/site-packages/airflow/example_dags/example_display_name.py
[2024-06-02T17:22:32.051+0000] {processor.py:830} INFO - Processing file /home/airflow/.local/lib/python3.12/site-packages/airflow/example_dags/example_display_name.py for tasks to queue
[2024-06-02T17:22:32.052+0000] {logging_mixin.py:188} INFO - [2024-06-02T17:22:32.052+0000] {dagbag.py:545} INFO - Filling up the DagBag from /home/airflow/.local/lib/python3.12/site-packages/airflow/example_dags/example_display_name.py
[2024-06-02T17:22:32.056+0000] {processor.py:840} INFO - DAG(s) 'example_display_name' retrieved from /home/airflow/.local/lib/python3.12/site-packages/airflow/example_dags/example_display_name.py
[2024-06-02T17:22:32.064+0000] {logging_mixin.py:188} INFO - [2024-06-02T17:22:32.064+0000] {dag.py:3096} INFO - Sync 1 DAGs
[2024-06-02T17:22:32.074+0000] {logging_mixin.py:188} INFO - [2024-06-02T17:22:32.073+0000] {dag.py:3954} INFO - Setting next_dagrun for example_display_name to None, run_after=None
[2024-06-02T17:22:32.093+0000] {processor.py:183} INFO - Processing /home/airflow/.local/lib/python3.12/site-packages/airflow/example_dags/example_display_name.py took 0.044 seconds
[2024-06-02T17:23:03.323+0000] {processor.py:161} INFO - Started process (PID=102) to work on /home/airflow/.local/lib/python3.12/site-packages/airflow/example_dags/example_display_name.py
[2024-06-02T17:23:03.324+0000] {processor.py:830} INFO - Processing file /home/airflow/.local/lib/python3.12/site-packages/airflow/example_dags/example_display_name.py for tasks to queue
[2024-06-02T17:23:03.325+0000] {logging_mixin.py:188} INFO - [2024-06-02T17:23:03.324+0000] {dagbag.py:545} INFO - Filling up the DagBag from /home/airflow/.local/lib/python3.12/site-packages/airflow/example_dags/example_display_name.py
[2024-06-02T17:23:03.327+0000] {processor.py:840} INFO - DAG(s) 'example_display_name' retrieved from /home/airflow/.local/lib/python3.12/site-packages/airflow/example_dags/example_display_name.py
[2024-06-02T17:23:03.366+0000] {logging_mixin.py:188} INFO - [2024-06-02T17:23:03.366+0000] {dag.py:3096} INFO - Sync 1 DAGs
[2024-06-02T17:23:03.370+0000] {logging_mixin.py:188} INFO - [2024-06-02T17:23:03.370+0000] {dag.py:3954} INFO - Setting next_dagrun for example_display_name to None, run_after=None
[2024-06-02T17:23:03.377+0000] {processor.py:183} INFO - Processing /home/airflow/.local/lib/python3.12/site-packages/airflow/example_dags/example_display_name.py took 0.057 seconds
[2024-06-02T17:23:33.663+0000] {processor.py:161} INFO - Started process (PID=160) to work on /home/airflow/.local/lib/python3.12/site-packages/airflow/example_dags/example_display_name.py
[2024-06-02T17:23:33.664+0000] {processor.py:830} INFO - Processing file /home/airflow/.local/lib/python3.12/site-packages/airflow/example_dags/example_display_name.py for tasks to queue
[2024-06-02T17:23:33.665+0000] {logging_mixin.py:188} INFO - [2024-06-02T17:23:33.664+0000] {dagbag.py:545} INFO - Filling up the DagBag from /home/airflow/.local/lib/python3.12/site-packages/airflow/example_dags/example_display_name.py
[2024-06-02T17:23:33.667+0000] {processor.py:840} INFO - DAG(s) 'example_display_name' retrieved from /home/airflow/.local/lib/python3.12/site-packages/airflow/example_dags/example_display_name.py
[2024-06-02T17:23:33.675+0000] {logging_mixin.py:188} INFO - [2024-06-02T17:23:33.675+0000] {dag.py:3096} INFO - Sync 1 DAGs
[2024-06-02T17:23:33.680+0000] {logging_mixin.py:188} INFO - [2024-06-02T17:23:33.680+0000] {dag.py:3954} INFO - Setting next_dagrun for example_display_name to None, run_after=None
[2024-06-02T17:23:33.689+0000] {processor.py:183} INFO - Processing /home/airflow/.local/lib/python3.12/site-packages/airflow/example_dags/example_display_name.py took 0.028 seconds
[2024-06-02T17:24:04.079+0000] {processor.py:161} INFO - Started process (PID=218) to work on /home/airflow/.local/lib/python3.12/site-packages/airflow/example_dags/example_display_name.py
[2024-06-02T17:24:04.080+0000] {processor.py:830} INFO - Processing file /home/airflow/.local/lib/python3.12/site-packages/airflow/example_dags/example_display_name.py for tasks to queue
[2024-06-02T17:24:04.081+0000] {logging_mixin.py:188} INFO - [2024-06-02T17:24:04.081+0000] {dagbag.py:545} INFO - Filling up the DagBag from /home/airflow/.local/lib/python3.12/site-packages/airflow/example_dags/example_display_name.py
[2024-06-02T17:24:04.084+0000] {processor.py:840} INFO - DAG(s) 'example_display_name' retrieved from /home/airflow/.local/lib/python3.12/site-packages/airflow/example_dags/example_display_name.py
[2024-06-02T17:24:04.130+0000] {logging_mixin.py:188} INFO - [2024-06-02T17:24:04.130+0000] {dag.py:3096} INFO - Sync 1 DAGs
[2024-06-02T17:24:04.135+0000] {logging_mixin.py:188} INFO - [2024-06-02T17:24:04.135+0000] {dag.py:3954} INFO - Setting next_dagrun for example_display_name to None, run_after=None
[2024-06-02T17:24:04.142+0000] {processor.py:183} INFO - Processing /home/airflow/.local/lib/python3.12/site-packages/airflow/example_dags/example_display_name.py took 0.065 seconds
[2024-06-02T17:24:34.409+0000] {processor.py:161} INFO - Started process (PID=275) to work on /home/airflow/.local/lib/python3.12/site-packages/airflow/example_dags/example_display_name.py
[2024-06-02T17:24:34.409+0000] {processor.py:830} INFO - Processing file /home/airflow/.local/lib/python3.12/site-packages/airflow/example_dags/example_display_name.py for tasks to queue
[2024-06-02T17:24:34.410+0000] {logging_mixin.py:188} INFO - [2024-06-02T17:24:34.410+0000] {dagbag.py:545} INFO - Filling up the DagBag from /home/airflow/.local/lib/python3.12/site-packages/airflow/example_dags/example_display_name.py
[2024-06-02T17:24:34.413+0000] {processor.py:840} INFO - DAG(s) 'example_display_name' retrieved from /home/airflow/.local/lib/python3.12/site-packages/airflow/example_dags/example_display_name.py
[2024-06-02T17:24:34.421+0000] {logging_mixin.py:188} INFO - [2024-06-02T17:24:34.421+0000] {dag.py:3096} INFO - Sync 1 DAGs
[2024-06-02T17:24:34.426+0000] {logging_mixin.py:188} INFO - [2024-06-02T17:24:34.426+0000] {dag.py:3954} INFO - Setting next_dagrun for example_display_name to None, run_after=None
[2024-06-02T17:24:34.433+0000] {processor.py:183} INFO - Processing /home/airflow/.local/lib/python3.12/site-packages/airflow/example_dags/example_display_name.py took 0.027 seconds
[2024-06-02T17:25:04.981+0000] {processor.py:161} INFO - Started process (PID=333) to work on /home/airflow/.local/lib/python3.12/site-packages/airflow/example_dags/example_display_name.py
[2024-06-02T17:25:04.981+0000] {processor.py:830} INFO - Processing file /home/airflow/.local/lib/python3.12/site-packages/airflow/example_dags/example_display_name.py for tasks to queue
[2024-06-02T17:25:04.984+0000] {logging_mixin.py:188} INFO - [2024-06-02T17:25:04.984+0000] {dagbag.py:545} INFO - Filling up the DagBag from /home/airflow/.local/lib/python3.12/site-packages/airflow/example_dags/example_display_name.py
[2024-06-02T17:25:04.988+0000] {processor.py:840} INFO - DAG(s) 'example_display_name' retrieved from /home/airflow/.local/lib/python3.12/site-packages/airflow/example_dags/example_display_name.py
[2024-06-02T17:25:04.999+0000] {logging_mixin.py:188} INFO - [2024-06-02T17:25:04.999+0000] {dag.py:3096} INFO - Sync 1 DAGs
[2024-06-02T17:25:05.005+0000] {logging_mixin.py:188} INFO - [2024-06-02T17:25:05.005+0000] {dag.py:3954} INFO - Setting next_dagrun for example_display_name to None, run_after=None
[2024-06-02T17:25:05.013+0000] {processor.py:183} INFO - Processing /home/airflow/.local/lib/python3.12/site-packages/airflow/example_dags/example_display_name.py took 0.035 seconds
