[2024-06-02T17:22:32.247+0000] {processor.py:161} INFO - Started process (PID=48) to work on /home/airflow/.local/lib/python3.12/site-packages/airflow/example_dags/example_branch_operator.py
[2024-06-02T17:22:32.248+0000] {processor.py:830} INFO - Processing file /home/airflow/.local/lib/python3.12/site-packages/airflow/example_dags/example_branch_operator.py for tasks to queue
[2024-06-02T17:22:32.250+0000] {logging_mixin.py:188} INFO - [2024-06-02T17:22:32.249+0000] {dagbag.py:545} INFO - Filling up the DagBag from /home/airflow/.local/lib/python3.12/site-packages/airflow/example_dags/example_branch_operator.py
[2024-06-02T17:22:32.261+0000] {processor.py:840} INFO - DAG(s) 'example_branch_operator' retrieved from /home/airflow/.local/lib/python3.12/site-packages/airflow/example_dags/example_branch_operator.py
[2024-06-02T17:22:32.270+0000] {logging_mixin.py:188} INFO - [2024-06-02T17:22:32.270+0000] {dag.py:3096} INFO - Sync 1 DAGs
[2024-06-02T17:22:32.283+0000] {logging_mixin.py:188} INFO - [2024-06-02T17:22:32.282+0000] {dag.py:3954} INFO - Setting next_dagrun for example_branch_operator to 2024-06-01 00:00:00+00:00, run_after=2024-06-02 00:00:00+00:00
[2024-06-02T17:22:32.296+0000] {processor.py:183} INFO - Processing /home/airflow/.local/lib/python3.12/site-packages/airflow/example_dags/example_branch_operator.py took 0.052 seconds
[2024-06-02T17:23:03.460+0000] {processor.py:161} INFO - Started process (PID=106) to work on /home/airflow/.local/lib/python3.12/site-packages/airflow/example_dags/example_branch_operator.py
[2024-06-02T17:23:03.461+0000] {processor.py:830} INFO - Processing file /home/airflow/.local/lib/python3.12/site-packages/airflow/example_dags/example_branch_operator.py for tasks to queue
[2024-06-02T17:23:03.462+0000] {logging_mixin.py:188} INFO - [2024-06-02T17:23:03.462+0000] {dagbag.py:545} INFO - Filling up the DagBag from /home/airflow/.local/lib/python3.12/site-packages/airflow/example_dags/example_branch_operator.py
[2024-06-02T17:23:03.469+0000] {processor.py:840} INFO - DAG(s) 'example_branch_operator' retrieved from /home/airflow/.local/lib/python3.12/site-packages/airflow/example_dags/example_branch_operator.py
[2024-06-02T17:23:03.514+0000] {logging_mixin.py:188} INFO - [2024-06-02T17:23:03.514+0000] {dag.py:3096} INFO - Sync 1 DAGs
[2024-06-02T17:23:03.523+0000] {logging_mixin.py:188} INFO - [2024-06-02T17:23:03.523+0000] {dag.py:3954} INFO - Setting next_dagrun for example_branch_operator to 2024-06-01 00:00:00+00:00, run_after=2024-06-02 00:00:00+00:00
[2024-06-02T17:23:03.531+0000] {processor.py:183} INFO - Processing /home/airflow/.local/lib/python3.12/site-packages/airflow/example_dags/example_branch_operator.py took 0.074 seconds
[2024-06-02T17:23:33.793+0000] {processor.py:161} INFO - Started process (PID=164) to work on /home/airflow/.local/lib/python3.12/site-packages/airflow/example_dags/example_branch_operator.py
[2024-06-02T17:23:33.794+0000] {processor.py:830} INFO - Processing file /home/airflow/.local/lib/python3.12/site-packages/airflow/example_dags/example_branch_operator.py for tasks to queue
[2024-06-02T17:23:33.794+0000] {logging_mixin.py:188} INFO - [2024-06-02T17:23:33.794+0000] {dagbag.py:545} INFO - Filling up the DagBag from /home/airflow/.local/lib/python3.12/site-packages/airflow/example_dags/example_branch_operator.py
[2024-06-02T17:23:33.802+0000] {processor.py:840} INFO - DAG(s) 'example_branch_operator' retrieved from /home/airflow/.local/lib/python3.12/site-packages/airflow/example_dags/example_branch_operator.py
[2024-06-02T17:23:33.813+0000] {logging_mixin.py:188} INFO - [2024-06-02T17:23:33.813+0000] {dag.py:3096} INFO - Sync 1 DAGs
[2024-06-02T17:23:33.822+0000] {logging_mixin.py:188} INFO - [2024-06-02T17:23:33.822+0000] {dag.py:3954} INFO - Setting next_dagrun for example_branch_operator to 2024-06-01 00:00:00+00:00, run_after=2024-06-02 00:00:00+00:00
[2024-06-02T17:23:33.831+0000] {processor.py:183} INFO - Processing /home/airflow/.local/lib/python3.12/site-packages/airflow/example_dags/example_branch_operator.py took 0.040 seconds
[2024-06-02T17:24:04.236+0000] {processor.py:161} INFO - Started process (PID=222) to work on /home/airflow/.local/lib/python3.12/site-packages/airflow/example_dags/example_branch_operator.py
[2024-06-02T17:24:04.237+0000] {processor.py:830} INFO - Processing file /home/airflow/.local/lib/python3.12/site-packages/airflow/example_dags/example_branch_operator.py for tasks to queue
[2024-06-02T17:24:04.238+0000] {logging_mixin.py:188} INFO - [2024-06-02T17:24:04.237+0000] {dagbag.py:545} INFO - Filling up the DagBag from /home/airflow/.local/lib/python3.12/site-packages/airflow/example_dags/example_branch_operator.py
[2024-06-02T17:24:04.245+0000] {processor.py:840} INFO - DAG(s) 'example_branch_operator' retrieved from /home/airflow/.local/lib/python3.12/site-packages/airflow/example_dags/example_branch_operator.py
[2024-06-02T17:24:04.288+0000] {logging_mixin.py:188} INFO - [2024-06-02T17:24:04.288+0000] {dag.py:3096} INFO - Sync 1 DAGs
[2024-06-02T17:24:04.296+0000] {logging_mixin.py:188} INFO - [2024-06-02T17:24:04.296+0000] {dag.py:3954} INFO - Setting next_dagrun for example_branch_operator to 2024-06-01 00:00:00+00:00, run_after=2024-06-02 00:00:00+00:00
[2024-06-02T17:24:04.305+0000] {processor.py:183} INFO - Processing /home/airflow/.local/lib/python3.12/site-packages/airflow/example_dags/example_branch_operator.py took 0.072 seconds
[2024-06-02T17:24:34.482+0000] {processor.py:161} INFO - Started process (PID=279) to work on /home/airflow/.local/lib/python3.12/site-packages/airflow/example_dags/example_branch_operator.py
[2024-06-02T17:24:34.483+0000] {processor.py:830} INFO - Processing file /home/airflow/.local/lib/python3.12/site-packages/airflow/example_dags/example_branch_operator.py for tasks to queue
[2024-06-02T17:24:34.483+0000] {logging_mixin.py:188} INFO - [2024-06-02T17:24:34.483+0000] {dagbag.py:545} INFO - Filling up the DagBag from /home/airflow/.local/lib/python3.12/site-packages/airflow/example_dags/example_branch_operator.py
[2024-06-02T17:24:34.490+0000] {processor.py:840} INFO - DAG(s) 'example_branch_operator' retrieved from /home/airflow/.local/lib/python3.12/site-packages/airflow/example_dags/example_branch_operator.py
[2024-06-02T17:24:34.502+0000] {logging_mixin.py:188} INFO - [2024-06-02T17:24:34.502+0000] {dag.py:3096} INFO - Sync 1 DAGs
[2024-06-02T17:24:34.511+0000] {logging_mixin.py:188} INFO - [2024-06-02T17:24:34.511+0000] {dag.py:3954} INFO - Setting next_dagrun for example_branch_operator to 2024-06-01 00:00:00+00:00, run_after=2024-06-02 00:00:00+00:00
[2024-06-02T17:24:34.518+0000] {processor.py:183} INFO - Processing /home/airflow/.local/lib/python3.12/site-packages/airflow/example_dags/example_branch_operator.py took 0.039 seconds
[2024-06-02T17:25:05.064+0000] {processor.py:161} INFO - Started process (PID=337) to work on /home/airflow/.local/lib/python3.12/site-packages/airflow/example_dags/example_branch_operator.py
[2024-06-02T17:25:05.065+0000] {processor.py:830} INFO - Processing file /home/airflow/.local/lib/python3.12/site-packages/airflow/example_dags/example_branch_operator.py for tasks to queue
[2024-06-02T17:25:05.066+0000] {logging_mixin.py:188} INFO - [2024-06-02T17:25:05.066+0000] {dagbag.py:545} INFO - Filling up the DagBag from /home/airflow/.local/lib/python3.12/site-packages/airflow/example_dags/example_branch_operator.py
[2024-06-02T17:25:05.074+0000] {processor.py:840} INFO - DAG(s) 'example_branch_operator' retrieved from /home/airflow/.local/lib/python3.12/site-packages/airflow/example_dags/example_branch_operator.py
[2024-06-02T17:25:05.085+0000] {logging_mixin.py:188} INFO - [2024-06-02T17:25:05.085+0000] {dag.py:3096} INFO - Sync 1 DAGs
[2024-06-02T17:25:05.093+0000] {logging_mixin.py:188} INFO - [2024-06-02T17:25:05.093+0000] {dag.py:3954} INFO - Setting next_dagrun for example_branch_operator to 2024-06-01 00:00:00+00:00, run_after=2024-06-02 00:00:00+00:00
[2024-06-02T17:25:05.100+0000] {processor.py:183} INFO - Processing /home/airflow/.local/lib/python3.12/site-packages/airflow/example_dags/example_branch_operator.py took 0.039 seconds
