[2024-06-02T17:22:34.526+0000] {processor.py:161} INFO - Started process (PID=75) to work on /home/airflow/.local/lib/python3.12/site-packages/airflow/example_dags/example_task_group_decorator.py
[2024-06-02T17:22:34.527+0000] {processor.py:830} INFO - Processing file /home/airflow/.local/lib/python3.12/site-packages/airflow/example_dags/example_task_group_decorator.py for tasks to queue
[2024-06-02T17:22:34.530+0000] {logging_mixin.py:188} INFO - [2024-06-02T17:22:34.530+0000] {dagbag.py:545} INFO - Filling up the DagBag from /home/airflow/.local/lib/python3.12/site-packages/airflow/example_dags/example_task_group_decorator.py
[2024-06-02T17:22:34.557+0000] {processor.py:840} INFO - DAG(s) 'example_task_group_decorator' retrieved from /home/airflow/.local/lib/python3.12/site-packages/airflow/example_dags/example_task_group_decorator.py
[2024-06-02T17:22:34.574+0000] {logging_mixin.py:188} INFO - [2024-06-02T17:22:34.573+0000] {dag.py:3096} INFO - Sync 1 DAGs
[2024-06-02T17:22:34.587+0000] {logging_mixin.py:188} INFO - [2024-06-02T17:22:34.586+0000] {dag.py:3954} INFO - Setting next_dagrun for example_task_group_decorator to 2024-06-01 00:00:00+00:00, run_after=2024-06-02 00:00:00+00:00
[2024-06-02T17:22:34.600+0000] {processor.py:183} INFO - Processing /home/airflow/.local/lib/python3.12/site-packages/airflow/example_dags/example_task_group_decorator.py took 0.079 seconds
[2024-06-02T17:23:04.721+0000] {processor.py:161} INFO - Started process (PID=133) to work on /home/airflow/.local/lib/python3.12/site-packages/airflow/example_dags/example_task_group_decorator.py
[2024-06-02T17:23:04.721+0000] {processor.py:830} INFO - Processing file /home/airflow/.local/lib/python3.12/site-packages/airflow/example_dags/example_task_group_decorator.py for tasks to queue
[2024-06-02T17:23:04.722+0000] {logging_mixin.py:188} INFO - [2024-06-02T17:23:04.722+0000] {dagbag.py:545} INFO - Filling up the DagBag from /home/airflow/.local/lib/python3.12/site-packages/airflow/example_dags/example_task_group_decorator.py
[2024-06-02T17:23:04.728+0000] {processor.py:840} INFO - DAG(s) 'example_task_group_decorator' retrieved from /home/airflow/.local/lib/python3.12/site-packages/airflow/example_dags/example_task_group_decorator.py
[2024-06-02T17:23:04.767+0000] {logging_mixin.py:188} INFO - [2024-06-02T17:23:04.767+0000] {dag.py:3096} INFO - Sync 1 DAGs
[2024-06-02T17:23:04.774+0000] {logging_mixin.py:188} INFO - [2024-06-02T17:23:04.774+0000] {dag.py:3954} INFO - Setting next_dagrun for example_task_group_decorator to 2024-06-01 00:00:00+00:00, run_after=2024-06-02 00:00:00+00:00
[2024-06-02T17:23:04.781+0000] {processor.py:183} INFO - Processing /home/airflow/.local/lib/python3.12/site-packages/airflow/example_dags/example_task_group_decorator.py took 0.063 seconds
[2024-06-02T17:23:35.534+0000] {processor.py:161} INFO - Started process (PID=191) to work on /home/airflow/.local/lib/python3.12/site-packages/airflow/example_dags/example_task_group_decorator.py
[2024-06-02T17:23:35.534+0000] {processor.py:830} INFO - Processing file /home/airflow/.local/lib/python3.12/site-packages/airflow/example_dags/example_task_group_decorator.py for tasks to queue
[2024-06-02T17:23:35.535+0000] {logging_mixin.py:188} INFO - [2024-06-02T17:23:35.535+0000] {dagbag.py:545} INFO - Filling up the DagBag from /home/airflow/.local/lib/python3.12/site-packages/airflow/example_dags/example_task_group_decorator.py
[2024-06-02T17:23:35.541+0000] {processor.py:840} INFO - DAG(s) 'example_task_group_decorator' retrieved from /home/airflow/.local/lib/python3.12/site-packages/airflow/example_dags/example_task_group_decorator.py
[2024-06-02T17:23:35.551+0000] {logging_mixin.py:188} INFO - [2024-06-02T17:23:35.550+0000] {dag.py:3096} INFO - Sync 1 DAGs
[2024-06-02T17:23:35.558+0000] {logging_mixin.py:188} INFO - [2024-06-02T17:23:35.558+0000] {dag.py:3954} INFO - Setting next_dagrun for example_task_group_decorator to 2024-06-01 00:00:00+00:00, run_after=2024-06-02 00:00:00+00:00
[2024-06-02T17:23:35.565+0000] {processor.py:183} INFO - Processing /home/airflow/.local/lib/python3.12/site-packages/airflow/example_dags/example_task_group_decorator.py took 0.034 seconds
[2024-06-02T17:24:06.620+0000] {processor.py:161} INFO - Started process (PID=249) to work on /home/airflow/.local/lib/python3.12/site-packages/airflow/example_dags/example_task_group_decorator.py
[2024-06-02T17:24:06.620+0000] {processor.py:830} INFO - Processing file /home/airflow/.local/lib/python3.12/site-packages/airflow/example_dags/example_task_group_decorator.py for tasks to queue
[2024-06-02T17:24:06.621+0000] {logging_mixin.py:188} INFO - [2024-06-02T17:24:06.621+0000] {dagbag.py:545} INFO - Filling up the DagBag from /home/airflow/.local/lib/python3.12/site-packages/airflow/example_dags/example_task_group_decorator.py
[2024-06-02T17:24:06.626+0000] {processor.py:840} INFO - DAG(s) 'example_task_group_decorator' retrieved from /home/airflow/.local/lib/python3.12/site-packages/airflow/example_dags/example_task_group_decorator.py
[2024-06-02T17:24:06.667+0000] {logging_mixin.py:188} INFO - [2024-06-02T17:24:06.667+0000] {dag.py:3096} INFO - Sync 1 DAGs
[2024-06-02T17:24:06.675+0000] {logging_mixin.py:188} INFO - [2024-06-02T17:24:06.675+0000] {dag.py:3954} INFO - Setting next_dagrun for example_task_group_decorator to 2024-06-01 00:00:00+00:00, run_after=2024-06-02 00:00:00+00:00
[2024-06-02T17:24:06.681+0000] {processor.py:183} INFO - Processing /home/airflow/.local/lib/python3.12/site-packages/airflow/example_dags/example_task_group_decorator.py took 0.064 seconds
[2024-06-02T17:24:37.193+0000] {processor.py:161} INFO - Started process (PID=306) to work on /home/airflow/.local/lib/python3.12/site-packages/airflow/example_dags/example_task_group_decorator.py
[2024-06-02T17:24:37.194+0000] {processor.py:830} INFO - Processing file /home/airflow/.local/lib/python3.12/site-packages/airflow/example_dags/example_task_group_decorator.py for tasks to queue
[2024-06-02T17:24:37.195+0000] {logging_mixin.py:188} INFO - [2024-06-02T17:24:37.194+0000] {dagbag.py:545} INFO - Filling up the DagBag from /home/airflow/.local/lib/python3.12/site-packages/airflow/example_dags/example_task_group_decorator.py
[2024-06-02T17:24:37.201+0000] {processor.py:840} INFO - DAG(s) 'example_task_group_decorator' retrieved from /home/airflow/.local/lib/python3.12/site-packages/airflow/example_dags/example_task_group_decorator.py
[2024-06-02T17:24:37.211+0000] {logging_mixin.py:188} INFO - [2024-06-02T17:24:37.211+0000] {dag.py:3096} INFO - Sync 1 DAGs
[2024-06-02T17:24:37.220+0000] {logging_mixin.py:188} INFO - [2024-06-02T17:24:37.220+0000] {dag.py:3954} INFO - Setting next_dagrun for example_task_group_decorator to 2024-06-01 00:00:00+00:00, run_after=2024-06-02 00:00:00+00:00
[2024-06-02T17:24:37.227+0000] {processor.py:183} INFO - Processing /home/airflow/.local/lib/python3.12/site-packages/airflow/example_dags/example_task_group_decorator.py took 0.037 seconds
