[2024-06-02T17:22:32.357+0000] {processor.py:161} INFO - Started process (PID=50) to work on /home/airflow/.local/lib/python3.12/site-packages/airflow/example_dags/example_xcomargs.py
[2024-06-02T17:22:32.363+0000] {processor.py:830} INFO - Processing file /home/airflow/.local/lib/python3.12/site-packages/airflow/example_dags/example_xcomargs.py for tasks to queue
[2024-06-02T17:22:32.373+0000] {logging_mixin.py:188} INFO - [2024-06-02T17:22:32.372+0000] {dagbag.py:545} INFO - Filling up the DagBag from /home/airflow/.local/lib/python3.12/site-packages/airflow/example_dags/example_xcomargs.py
[2024-06-02T17:22:32.406+0000] {processor.py:840} INFO - DAG(s) 'example_xcom_args_with_operators', 'example_xcom_args' retrieved from /home/airflow/.local/lib/python3.12/site-packages/airflow/example_dags/example_xcomargs.py
[2024-06-02T17:22:32.417+0000] {logging_mixin.py:188} INFO - [2024-06-02T17:22:32.417+0000] {dag.py:3096} INFO - Sync 2 DAGs
[2024-06-02T17:22:32.455+0000] {logging_mixin.py:188} INFO - [2024-06-02T17:22:32.455+0000] {dag.py:3954} INFO - Setting next_dagrun for example_xcom_args to None, run_after=None
[2024-06-02T17:22:32.464+0000] {logging_mixin.py:188} INFO - [2024-06-02T17:22:32.464+0000] {dag.py:3954} INFO - Setting next_dagrun for example_xcom_args_with_operators to None, run_after=None
[2024-06-02T17:22:32.518+0000] {processor.py:183} INFO - Processing /home/airflow/.local/lib/python3.12/site-packages/airflow/example_dags/example_xcomargs.py took 0.175 seconds
[2024-06-02T17:23:03.543+0000] {processor.py:161} INFO - Started process (PID=108) to work on /home/airflow/.local/lib/python3.12/site-packages/airflow/example_dags/example_xcomargs.py
[2024-06-02T17:23:03.543+0000] {processor.py:830} INFO - Processing file /home/airflow/.local/lib/python3.12/site-packages/airflow/example_dags/example_xcomargs.py for tasks to queue
[2024-06-02T17:23:03.544+0000] {logging_mixin.py:188} INFO - [2024-06-02T17:23:03.544+0000] {dagbag.py:545} INFO - Filling up the DagBag from /home/airflow/.local/lib/python3.12/site-packages/airflow/example_dags/example_xcomargs.py
[2024-06-02T17:23:03.548+0000] {processor.py:840} INFO - DAG(s) 'example_xcom_args', 'example_xcom_args_with_operators' retrieved from /home/airflow/.local/lib/python3.12/site-packages/airflow/example_dags/example_xcomargs.py
[2024-06-02T17:23:03.590+0000] {logging_mixin.py:188} INFO - [2024-06-02T17:23:03.590+0000] {dag.py:3096} INFO - Sync 2 DAGs
[2024-06-02T17:23:03.595+0000] {logging_mixin.py:188} INFO - [2024-06-02T17:23:03.594+0000] {dag.py:3954} INFO - Setting next_dagrun for example_xcom_args to None, run_after=None
[2024-06-02T17:23:03.596+0000] {logging_mixin.py:188} INFO - [2024-06-02T17:23:03.596+0000] {dag.py:3954} INFO - Setting next_dagrun for example_xcom_args_with_operators to None, run_after=None
[2024-06-02T17:23:03.603+0000] {processor.py:183} INFO - Processing /home/airflow/.local/lib/python3.12/site-packages/airflow/example_dags/example_xcomargs.py took 0.063 seconds
[2024-06-02T17:23:33.842+0000] {processor.py:161} INFO - Started process (PID=166) to work on /home/airflow/.local/lib/python3.12/site-packages/airflow/example_dags/example_xcomargs.py
[2024-06-02T17:23:33.843+0000] {processor.py:830} INFO - Processing file /home/airflow/.local/lib/python3.12/site-packages/airflow/example_dags/example_xcomargs.py for tasks to queue
[2024-06-02T17:23:33.844+0000] {logging_mixin.py:188} INFO - [2024-06-02T17:23:33.844+0000] {dagbag.py:545} INFO - Filling up the DagBag from /home/airflow/.local/lib/python3.12/site-packages/airflow/example_dags/example_xcomargs.py
[2024-06-02T17:23:33.848+0000] {processor.py:840} INFO - DAG(s) 'example_xcom_args', 'example_xcom_args_with_operators' retrieved from /home/airflow/.local/lib/python3.12/site-packages/airflow/example_dags/example_xcomargs.py
[2024-06-02T17:23:33.857+0000] {logging_mixin.py:188} INFO - [2024-06-02T17:23:33.857+0000] {dag.py:3096} INFO - Sync 2 DAGs
[2024-06-02T17:23:33.863+0000] {logging_mixin.py:188} INFO - [2024-06-02T17:23:33.863+0000] {dag.py:3954} INFO - Setting next_dagrun for example_xcom_args to None, run_after=None
[2024-06-02T17:23:33.864+0000] {logging_mixin.py:188} INFO - [2024-06-02T17:23:33.864+0000] {dag.py:3954} INFO - Setting next_dagrun for example_xcom_args_with_operators to None, run_after=None
[2024-06-02T17:23:33.878+0000] {processor.py:183} INFO - Processing /home/airflow/.local/lib/python3.12/site-packages/airflow/example_dags/example_xcomargs.py took 0.039 seconds
[2024-06-02T17:24:04.423+0000] {processor.py:161} INFO - Started process (PID=224) to work on /home/airflow/.local/lib/python3.12/site-packages/airflow/example_dags/example_xcomargs.py
[2024-06-02T17:24:04.423+0000] {processor.py:830} INFO - Processing file /home/airflow/.local/lib/python3.12/site-packages/airflow/example_dags/example_xcomargs.py for tasks to queue
[2024-06-02T17:24:04.424+0000] {logging_mixin.py:188} INFO - [2024-06-02T17:24:04.424+0000] {dagbag.py:545} INFO - Filling up the DagBag from /home/airflow/.local/lib/python3.12/site-packages/airflow/example_dags/example_xcomargs.py
[2024-06-02T17:24:04.428+0000] {processor.py:840} INFO - DAG(s) 'example_xcom_args_with_operators', 'example_xcom_args' retrieved from /home/airflow/.local/lib/python3.12/site-packages/airflow/example_dags/example_xcomargs.py
[2024-06-02T17:24:04.471+0000] {logging_mixin.py:188} INFO - [2024-06-02T17:24:04.471+0000] {dag.py:3096} INFO - Sync 2 DAGs
[2024-06-02T17:24:04.475+0000] {logging_mixin.py:188} INFO - [2024-06-02T17:24:04.475+0000] {dag.py:3954} INFO - Setting next_dagrun for example_xcom_args to None, run_after=None
[2024-06-02T17:24:04.476+0000] {logging_mixin.py:188} INFO - [2024-06-02T17:24:04.476+0000] {dag.py:3954} INFO - Setting next_dagrun for example_xcom_args_with_operators to None, run_after=None
[2024-06-02T17:24:04.483+0000] {processor.py:183} INFO - Processing /home/airflow/.local/lib/python3.12/site-packages/airflow/example_dags/example_xcomargs.py took 0.063 seconds
[2024-06-02T17:24:34.529+0000] {processor.py:161} INFO - Started process (PID=281) to work on /home/airflow/.local/lib/python3.12/site-packages/airflow/example_dags/example_xcomargs.py
[2024-06-02T17:24:34.529+0000] {processor.py:830} INFO - Processing file /home/airflow/.local/lib/python3.12/site-packages/airflow/example_dags/example_xcomargs.py for tasks to queue
[2024-06-02T17:24:34.530+0000] {logging_mixin.py:188} INFO - [2024-06-02T17:24:34.530+0000] {dagbag.py:545} INFO - Filling up the DagBag from /home/airflow/.local/lib/python3.12/site-packages/airflow/example_dags/example_xcomargs.py
[2024-06-02T17:24:34.534+0000] {processor.py:840} INFO - DAG(s) 'example_xcom_args_with_operators', 'example_xcom_args' retrieved from /home/airflow/.local/lib/python3.12/site-packages/airflow/example_dags/example_xcomargs.py
[2024-06-02T17:24:34.546+0000] {logging_mixin.py:188} INFO - [2024-06-02T17:24:34.546+0000] {dag.py:3096} INFO - Sync 2 DAGs
[2024-06-02T17:24:34.555+0000] {logging_mixin.py:188} INFO - [2024-06-02T17:24:34.555+0000] {dag.py:3954} INFO - Setting next_dagrun for example_xcom_args to None, run_after=None
[2024-06-02T17:24:34.558+0000] {logging_mixin.py:188} INFO - [2024-06-02T17:24:34.558+0000] {dag.py:3954} INFO - Setting next_dagrun for example_xcom_args_with_operators to None, run_after=None
[2024-06-02T17:24:34.567+0000] {processor.py:183} INFO - Processing /home/airflow/.local/lib/python3.12/site-packages/airflow/example_dags/example_xcomargs.py took 0.041 seconds
[2024-06-02T17:25:05.110+0000] {processor.py:161} INFO - Started process (PID=339) to work on /home/airflow/.local/lib/python3.12/site-packages/airflow/example_dags/example_xcomargs.py
[2024-06-02T17:25:05.111+0000] {processor.py:830} INFO - Processing file /home/airflow/.local/lib/python3.12/site-packages/airflow/example_dags/example_xcomargs.py for tasks to queue
[2024-06-02T17:25:05.111+0000] {logging_mixin.py:188} INFO - [2024-06-02T17:25:05.111+0000] {dagbag.py:545} INFO - Filling up the DagBag from /home/airflow/.local/lib/python3.12/site-packages/airflow/example_dags/example_xcomargs.py
[2024-06-02T17:25:05.115+0000] {processor.py:840} INFO - DAG(s) 'example_xcom_args_with_operators', 'example_xcom_args' retrieved from /home/airflow/.local/lib/python3.12/site-packages/airflow/example_dags/example_xcomargs.py
[2024-06-02T17:25:05.125+0000] {logging_mixin.py:188} INFO - [2024-06-02T17:25:05.125+0000] {dag.py:3096} INFO - Sync 2 DAGs
[2024-06-02T17:25:05.131+0000] {logging_mixin.py:188} INFO - [2024-06-02T17:25:05.131+0000] {dag.py:3954} INFO - Setting next_dagrun for example_xcom_args to None, run_after=None
[2024-06-02T17:25:05.133+0000] {logging_mixin.py:188} INFO - [2024-06-02T17:25:05.133+0000] {dag.py:3954} INFO - Setting next_dagrun for example_xcom_args_with_operators to None, run_after=None
[2024-06-02T17:25:05.145+0000] {processor.py:183} INFO - Processing /home/airflow/.local/lib/python3.12/site-packages/airflow/example_dags/example_xcomargs.py took 0.038 seconds
