[2024-06-02T17:22:33.543+0000] {processor.py:161} INFO - Started process (PID=61) to work on /home/airflow/.local/lib/python3.12/site-packages/airflow/example_dags/example_task_group.py
[2024-06-02T17:22:33.546+0000] {processor.py:830} INFO - Processing file /home/airflow/.local/lib/python3.12/site-packages/airflow/example_dags/example_task_group.py for tasks to queue
[2024-06-02T17:22:33.549+0000] {logging_mixin.py:188} INFO - [2024-06-02T17:22:33.549+0000] {dagbag.py:545} INFO - Filling up the DagBag from /home/airflow/.local/lib/python3.12/site-packages/airflow/example_dags/example_task_group.py
[2024-06-02T17:22:33.560+0000] {processor.py:840} INFO - DAG(s) 'example_task_group' retrieved from /home/airflow/.local/lib/python3.12/site-packages/airflow/example_dags/example_task_group.py
[2024-06-02T17:22:33.575+0000] {logging_mixin.py:188} INFO - [2024-06-02T17:22:33.575+0000] {dag.py:3096} INFO - Sync 1 DAGs
[2024-06-02T17:22:33.635+0000] {logging_mixin.py:188} INFO - [2024-06-02T17:22:33.635+0000] {dag.py:3954} INFO - Setting next_dagrun for example_task_group to 2024-06-01 00:00:00+00:00, run_after=2024-06-02 00:00:00+00:00
[2024-06-02T17:22:33.662+0000] {processor.py:183} INFO - Processing /home/airflow/.local/lib/python3.12/site-packages/airflow/example_dags/example_task_group.py took 0.125 seconds
[2024-06-02T17:23:04.068+0000] {processor.py:161} INFO - Started process (PID=119) to work on /home/airflow/.local/lib/python3.12/site-packages/airflow/example_dags/example_task_group.py
[2024-06-02T17:23:04.069+0000] {processor.py:830} INFO - Processing file /home/airflow/.local/lib/python3.12/site-packages/airflow/example_dags/example_task_group.py for tasks to queue
[2024-06-02T17:23:04.070+0000] {logging_mixin.py:188} INFO - [2024-06-02T17:23:04.070+0000] {dagbag.py:545} INFO - Filling up the DagBag from /home/airflow/.local/lib/python3.12/site-packages/airflow/example_dags/example_task_group.py
[2024-06-02T17:23:04.073+0000] {processor.py:840} INFO - DAG(s) 'example_task_group' retrieved from /home/airflow/.local/lib/python3.12/site-packages/airflow/example_dags/example_task_group.py
[2024-06-02T17:23:04.113+0000] {logging_mixin.py:188} INFO - [2024-06-02T17:23:04.113+0000] {dag.py:3096} INFO - Sync 1 DAGs
[2024-06-02T17:23:04.121+0000] {logging_mixin.py:188} INFO - [2024-06-02T17:23:04.121+0000] {dag.py:3954} INFO - Setting next_dagrun for example_task_group to 2024-06-01 00:00:00+00:00, run_after=2024-06-02 00:00:00+00:00
[2024-06-02T17:23:04.127+0000] {processor.py:183} INFO - Processing /home/airflow/.local/lib/python3.12/site-packages/airflow/example_dags/example_task_group.py took 0.061 seconds
[2024-06-02T17:23:34.149+0000] {processor.py:161} INFO - Started process (PID=177) to work on /home/airflow/.local/lib/python3.12/site-packages/airflow/example_dags/example_task_group.py
[2024-06-02T17:23:34.149+0000] {processor.py:830} INFO - Processing file /home/airflow/.local/lib/python3.12/site-packages/airflow/example_dags/example_task_group.py for tasks to queue
[2024-06-02T17:23:34.150+0000] {logging_mixin.py:188} INFO - [2024-06-02T17:23:34.150+0000] {dagbag.py:545} INFO - Filling up the DagBag from /home/airflow/.local/lib/python3.12/site-packages/airflow/example_dags/example_task_group.py
[2024-06-02T17:23:34.153+0000] {processor.py:840} INFO - DAG(s) 'example_task_group' retrieved from /home/airflow/.local/lib/python3.12/site-packages/airflow/example_dags/example_task_group.py
[2024-06-02T17:23:34.162+0000] {logging_mixin.py:188} INFO - [2024-06-02T17:23:34.162+0000] {dag.py:3096} INFO - Sync 1 DAGs
[2024-06-02T17:23:34.170+0000] {logging_mixin.py:188} INFO - [2024-06-02T17:23:34.170+0000] {dag.py:3954} INFO - Setting next_dagrun for example_task_group to 2024-06-01 00:00:00+00:00, run_after=2024-06-02 00:00:00+00:00
[2024-06-02T17:23:34.177+0000] {processor.py:183} INFO - Processing /home/airflow/.local/lib/python3.12/site-packages/airflow/example_dags/example_task_group.py took 0.031 seconds
[2024-06-02T17:24:04.885+0000] {processor.py:161} INFO - Started process (PID=235) to work on /home/airflow/.local/lib/python3.12/site-packages/airflow/example_dags/example_task_group.py
[2024-06-02T17:24:04.885+0000] {processor.py:830} INFO - Processing file /home/airflow/.local/lib/python3.12/site-packages/airflow/example_dags/example_task_group.py for tasks to queue
[2024-06-02T17:24:04.886+0000] {logging_mixin.py:188} INFO - [2024-06-02T17:24:04.886+0000] {dagbag.py:545} INFO - Filling up the DagBag from /home/airflow/.local/lib/python3.12/site-packages/airflow/example_dags/example_task_group.py
[2024-06-02T17:24:04.889+0000] {processor.py:840} INFO - DAG(s) 'example_task_group' retrieved from /home/airflow/.local/lib/python3.12/site-packages/airflow/example_dags/example_task_group.py
[2024-06-02T17:24:04.928+0000] {logging_mixin.py:188} INFO - [2024-06-02T17:24:04.928+0000] {dag.py:3096} INFO - Sync 1 DAGs
[2024-06-02T17:24:04.936+0000] {logging_mixin.py:188} INFO - [2024-06-02T17:24:04.936+0000] {dag.py:3954} INFO - Setting next_dagrun for example_task_group to 2024-06-01 00:00:00+00:00, run_after=2024-06-02 00:00:00+00:00
[2024-06-02T17:24:04.942+0000] {processor.py:183} INFO - Processing /home/airflow/.local/lib/python3.12/site-packages/airflow/example_dags/example_task_group.py took 0.060 seconds
[2024-06-02T17:24:35.858+0000] {processor.py:161} INFO - Started process (PID=292) to work on /home/airflow/.local/lib/python3.12/site-packages/airflow/example_dags/example_task_group.py
[2024-06-02T17:24:35.858+0000] {processor.py:830} INFO - Processing file /home/airflow/.local/lib/python3.12/site-packages/airflow/example_dags/example_task_group.py for tasks to queue
[2024-06-02T17:24:35.859+0000] {logging_mixin.py:188} INFO - [2024-06-02T17:24:35.859+0000] {dagbag.py:545} INFO - Filling up the DagBag from /home/airflow/.local/lib/python3.12/site-packages/airflow/example_dags/example_task_group.py
[2024-06-02T17:24:35.862+0000] {processor.py:840} INFO - DAG(s) 'example_task_group' retrieved from /home/airflow/.local/lib/python3.12/site-packages/airflow/example_dags/example_task_group.py
[2024-06-02T17:24:35.873+0000] {logging_mixin.py:188} INFO - [2024-06-02T17:24:35.873+0000] {dag.py:3096} INFO - Sync 1 DAGs
[2024-06-02T17:24:35.882+0000] {logging_mixin.py:188} INFO - [2024-06-02T17:24:35.881+0000] {dag.py:3954} INFO - Setting next_dagrun for example_task_group to 2024-06-01 00:00:00+00:00, run_after=2024-06-02 00:00:00+00:00
[2024-06-02T17:24:35.888+0000] {processor.py:183} INFO - Processing /home/airflow/.local/lib/python3.12/site-packages/airflow/example_dags/example_task_group.py took 0.033 seconds
[2024-06-02T17:25:06.533+0000] {processor.py:161} INFO - Started process (PID=350) to work on /home/airflow/.local/lib/python3.12/site-packages/airflow/example_dags/example_task_group.py
[2024-06-02T17:25:06.534+0000] {processor.py:830} INFO - Processing file /home/airflow/.local/lib/python3.12/site-packages/airflow/example_dags/example_task_group.py for tasks to queue
[2024-06-02T17:25:06.536+0000] {logging_mixin.py:188} INFO - [2024-06-02T17:25:06.535+0000] {dagbag.py:545} INFO - Filling up the DagBag from /home/airflow/.local/lib/python3.12/site-packages/airflow/example_dags/example_task_group.py
[2024-06-02T17:25:06.540+0000] {processor.py:840} INFO - DAG(s) 'example_task_group' retrieved from /home/airflow/.local/lib/python3.12/site-packages/airflow/example_dags/example_task_group.py
[2024-06-02T17:25:06.549+0000] {logging_mixin.py:188} INFO - [2024-06-02T17:25:06.549+0000] {dag.py:3096} INFO - Sync 1 DAGs
[2024-06-02T17:25:06.558+0000] {logging_mixin.py:188} INFO - [2024-06-02T17:25:06.558+0000] {dag.py:3954} INFO - Setting next_dagrun for example_task_group to 2024-06-01 00:00:00+00:00, run_after=2024-06-02 00:00:00+00:00
[2024-06-02T17:25:06.566+0000] {processor.py:183} INFO - Processing /home/airflow/.local/lib/python3.12/site-packages/airflow/example_dags/example_task_group.py took 0.036 seconds
