[2024-06-02T17:22:32.627+0000] {processor.py:161} INFO - Started process (PID=51) to work on /home/airflow/.local/lib/python3.12/site-packages/airflow/example_dags/example_external_task_marker_dag.py
[2024-06-02T17:22:32.629+0000] {processor.py:830} INFO - Processing file /home/airflow/.local/lib/python3.12/site-packages/airflow/example_dags/example_external_task_marker_dag.py for tasks to queue
[2024-06-02T17:22:32.633+0000] {logging_mixin.py:188} INFO - [2024-06-02T17:22:32.632+0000] {dagbag.py:545} INFO - Filling up the DagBag from /home/airflow/.local/lib/python3.12/site-packages/airflow/example_dags/example_external_task_marker_dag.py
[2024-06-02T17:22:32.647+0000] {processor.py:840} INFO - DAG(s) 'example_external_task_marker_parent', 'example_external_task_marker_child' retrieved from /home/airflow/.local/lib/python3.12/site-packages/airflow/example_dags/example_external_task_marker_dag.py
[2024-06-02T17:22:32.669+0000] {logging_mixin.py:188} INFO - [2024-06-02T17:22:32.668+0000] {dag.py:3096} INFO - Sync 2 DAGs
[2024-06-02T17:22:32.707+0000] {logging_mixin.py:188} INFO - [2024-06-02T17:22:32.707+0000] {dag.py:3954} INFO - Setting next_dagrun for example_external_task_marker_child to None, run_after=None
[2024-06-02T17:22:32.714+0000] {logging_mixin.py:188} INFO - [2024-06-02T17:22:32.714+0000] {dag.py:3954} INFO - Setting next_dagrun for example_external_task_marker_parent to None, run_after=None
[2024-06-02T17:22:32.755+0000] {processor.py:183} INFO - Processing /home/airflow/.local/lib/python3.12/site-packages/airflow/example_dags/example_external_task_marker_dag.py took 0.145 seconds
[2024-06-02T17:23:03.597+0000] {processor.py:161} INFO - Started process (PID=109) to work on /home/airflow/.local/lib/python3.12/site-packages/airflow/example_dags/example_external_task_marker_dag.py
[2024-06-02T17:23:03.599+0000] {processor.py:830} INFO - Processing file /home/airflow/.local/lib/python3.12/site-packages/airflow/example_dags/example_external_task_marker_dag.py for tasks to queue
[2024-06-02T17:23:03.600+0000] {logging_mixin.py:188} INFO - [2024-06-02T17:23:03.599+0000] {dagbag.py:545} INFO - Filling up the DagBag from /home/airflow/.local/lib/python3.12/site-packages/airflow/example_dags/example_external_task_marker_dag.py
[2024-06-02T17:23:03.603+0000] {processor.py:840} INFO - DAG(s) 'example_external_task_marker_child', 'example_external_task_marker_parent' retrieved from /home/airflow/.local/lib/python3.12/site-packages/airflow/example_dags/example_external_task_marker_dag.py
[2024-06-02T17:23:03.646+0000] {logging_mixin.py:188} INFO - [2024-06-02T17:23:03.646+0000] {dag.py:3096} INFO - Sync 2 DAGs
[2024-06-02T17:23:03.650+0000] {logging_mixin.py:188} INFO - [2024-06-02T17:23:03.650+0000] {dag.py:3954} INFO - Setting next_dagrun for example_external_task_marker_child to None, run_after=None
[2024-06-02T17:23:03.651+0000] {logging_mixin.py:188} INFO - [2024-06-02T17:23:03.651+0000] {dag.py:3954} INFO - Setting next_dagrun for example_external_task_marker_parent to None, run_after=None
[2024-06-02T17:23:03.658+0000] {processor.py:183} INFO - Processing /home/airflow/.local/lib/python3.12/site-packages/airflow/example_dags/example_external_task_marker_dag.py took 0.064 seconds
[2024-06-02T17:23:33.894+0000] {processor.py:161} INFO - Started process (PID=167) to work on /home/airflow/.local/lib/python3.12/site-packages/airflow/example_dags/example_external_task_marker_dag.py
[2024-06-02T17:23:33.896+0000] {processor.py:830} INFO - Processing file /home/airflow/.local/lib/python3.12/site-packages/airflow/example_dags/example_external_task_marker_dag.py for tasks to queue
[2024-06-02T17:23:33.897+0000] {logging_mixin.py:188} INFO - [2024-06-02T17:23:33.897+0000] {dagbag.py:545} INFO - Filling up the DagBag from /home/airflow/.local/lib/python3.12/site-packages/airflow/example_dags/example_external_task_marker_dag.py
[2024-06-02T17:23:33.901+0000] {processor.py:840} INFO - DAG(s) 'example_external_task_marker_parent', 'example_external_task_marker_child' retrieved from /home/airflow/.local/lib/python3.12/site-packages/airflow/example_dags/example_external_task_marker_dag.py
[2024-06-02T17:23:33.912+0000] {logging_mixin.py:188} INFO - [2024-06-02T17:23:33.912+0000] {dag.py:3096} INFO - Sync 2 DAGs
[2024-06-02T17:23:33.918+0000] {logging_mixin.py:188} INFO - [2024-06-02T17:23:33.917+0000] {dag.py:3954} INFO - Setting next_dagrun for example_external_task_marker_child to None, run_after=None
[2024-06-02T17:23:33.919+0000] {logging_mixin.py:188} INFO - [2024-06-02T17:23:33.919+0000] {dag.py:3954} INFO - Setting next_dagrun for example_external_task_marker_parent to None, run_after=None
[2024-06-02T17:23:33.926+0000] {processor.py:183} INFO - Processing /home/airflow/.local/lib/python3.12/site-packages/airflow/example_dags/example_external_task_marker_dag.py took 0.036 seconds
[2024-06-02T17:24:04.424+0000] {processor.py:161} INFO - Started process (PID=225) to work on /home/airflow/.local/lib/python3.12/site-packages/airflow/example_dags/example_external_task_marker_dag.py
[2024-06-02T17:24:04.424+0000] {processor.py:830} INFO - Processing file /home/airflow/.local/lib/python3.12/site-packages/airflow/example_dags/example_external_task_marker_dag.py for tasks to queue
[2024-06-02T17:24:04.425+0000] {logging_mixin.py:188} INFO - [2024-06-02T17:24:04.425+0000] {dagbag.py:545} INFO - Filling up the DagBag from /home/airflow/.local/lib/python3.12/site-packages/airflow/example_dags/example_external_task_marker_dag.py
[2024-06-02T17:24:04.428+0000] {processor.py:840} INFO - DAG(s) 'example_external_task_marker_child', 'example_external_task_marker_parent' retrieved from /home/airflow/.local/lib/python3.12/site-packages/airflow/example_dags/example_external_task_marker_dag.py
[2024-06-02T17:24:04.471+0000] {logging_mixin.py:188} INFO - [2024-06-02T17:24:04.471+0000] {dag.py:3096} INFO - Sync 2 DAGs
[2024-06-02T17:24:04.475+0000] {logging_mixin.py:188} INFO - [2024-06-02T17:24:04.475+0000] {dag.py:3954} INFO - Setting next_dagrun for example_external_task_marker_child to None, run_after=None
[2024-06-02T17:24:04.476+0000] {logging_mixin.py:188} INFO - [2024-06-02T17:24:04.476+0000] {dag.py:3954} INFO - Setting next_dagrun for example_external_task_marker_parent to None, run_after=None
[2024-06-02T17:24:04.483+0000] {processor.py:183} INFO - Processing /home/airflow/.local/lib/python3.12/site-packages/airflow/example_dags/example_external_task_marker_dag.py took 0.062 seconds
[2024-06-02T17:24:34.581+0000] {processor.py:161} INFO - Started process (PID=282) to work on /home/airflow/.local/lib/python3.12/site-packages/airflow/example_dags/example_external_task_marker_dag.py
[2024-06-02T17:24:34.582+0000] {processor.py:830} INFO - Processing file /home/airflow/.local/lib/python3.12/site-packages/airflow/example_dags/example_external_task_marker_dag.py for tasks to queue
[2024-06-02T17:24:34.583+0000] {logging_mixin.py:188} INFO - [2024-06-02T17:24:34.583+0000] {dagbag.py:545} INFO - Filling up the DagBag from /home/airflow/.local/lib/python3.12/site-packages/airflow/example_dags/example_external_task_marker_dag.py
[2024-06-02T17:24:34.587+0000] {processor.py:840} INFO - DAG(s) 'example_external_task_marker_parent', 'example_external_task_marker_child' retrieved from /home/airflow/.local/lib/python3.12/site-packages/airflow/example_dags/example_external_task_marker_dag.py
[2024-06-02T17:24:34.598+0000] {logging_mixin.py:188} INFO - [2024-06-02T17:24:34.598+0000] {dag.py:3096} INFO - Sync 2 DAGs
[2024-06-02T17:24:34.605+0000] {logging_mixin.py:188} INFO - [2024-06-02T17:24:34.605+0000] {dag.py:3954} INFO - Setting next_dagrun for example_external_task_marker_child to None, run_after=None
[2024-06-02T17:24:34.607+0000] {logging_mixin.py:188} INFO - [2024-06-02T17:24:34.607+0000] {dag.py:3954} INFO - Setting next_dagrun for example_external_task_marker_parent to None, run_after=None
[2024-06-02T17:24:34.615+0000] {processor.py:183} INFO - Processing /home/airflow/.local/lib/python3.12/site-packages/airflow/example_dags/example_external_task_marker_dag.py took 0.037 seconds
[2024-06-02T17:25:05.157+0000] {processor.py:161} INFO - Started process (PID=340) to work on /home/airflow/.local/lib/python3.12/site-packages/airflow/example_dags/example_external_task_marker_dag.py
[2024-06-02T17:25:05.158+0000] {processor.py:830} INFO - Processing file /home/airflow/.local/lib/python3.12/site-packages/airflow/example_dags/example_external_task_marker_dag.py for tasks to queue
[2024-06-02T17:25:05.159+0000] {logging_mixin.py:188} INFO - [2024-06-02T17:25:05.159+0000] {dagbag.py:545} INFO - Filling up the DagBag from /home/airflow/.local/lib/python3.12/site-packages/airflow/example_dags/example_external_task_marker_dag.py
[2024-06-02T17:25:05.162+0000] {processor.py:840} INFO - DAG(s) 'example_external_task_marker_child', 'example_external_task_marker_parent' retrieved from /home/airflow/.local/lib/python3.12/site-packages/airflow/example_dags/example_external_task_marker_dag.py
[2024-06-02T17:25:05.173+0000] {logging_mixin.py:188} INFO - [2024-06-02T17:25:05.173+0000] {dag.py:3096} INFO - Sync 2 DAGs
[2024-06-02T17:25:05.178+0000] {logging_mixin.py:188} INFO - [2024-06-02T17:25:05.178+0000] {dag.py:3954} INFO - Setting next_dagrun for example_external_task_marker_child to None, run_after=None
[2024-06-02T17:25:05.180+0000] {logging_mixin.py:188} INFO - [2024-06-02T17:25:05.180+0000] {dag.py:3954} INFO - Setting next_dagrun for example_external_task_marker_parent to None, run_after=None
[2024-06-02T17:25:05.188+0000] {processor.py:183} INFO - Processing /home/airflow/.local/lib/python3.12/site-packages/airflow/example_dags/example_external_task_marker_dag.py took 0.034 seconds
