[2024-06-02T17:22:33.498+0000] {processor.py:161} INFO - Started process (PID=60) to work on /home/airflow/.local/lib/python3.12/site-packages/airflow/example_dags/example_branch_labels.py
[2024-06-02T17:22:33.500+0000] {processor.py:830} INFO - Processing file /home/airflow/.local/lib/python3.12/site-packages/airflow/example_dags/example_branch_labels.py for tasks to queue
[2024-06-02T17:22:33.501+0000] {logging_mixin.py:188} INFO - [2024-06-02T17:22:33.501+0000] {dagbag.py:545} INFO - Filling up the DagBag from /home/airflow/.local/lib/python3.12/site-packages/airflow/example_dags/example_branch_labels.py
[2024-06-02T17:22:33.509+0000] {processor.py:840} INFO - DAG(s) 'example_branch_labels' retrieved from /home/airflow/.local/lib/python3.12/site-packages/airflow/example_dags/example_branch_labels.py
[2024-06-02T17:22:33.518+0000] {logging_mixin.py:188} INFO - [2024-06-02T17:22:33.517+0000] {dag.py:3096} INFO - Sync 1 DAGs
[2024-06-02T17:22:33.531+0000] {logging_mixin.py:188} INFO - [2024-06-02T17:22:33.531+0000] {dag.py:3954} INFO - Setting next_dagrun for example_branch_labels to 2024-06-01 00:00:00+00:00, run_after=2024-06-02 00:00:00+00:00
[2024-06-02T17:22:33.539+0000] {processor.py:183} INFO - Processing /home/airflow/.local/lib/python3.12/site-packages/airflow/example_dags/example_branch_labels.py took 0.045 seconds
[2024-06-02T17:23:04.000+0000] {processor.py:161} INFO - Started process (PID=118) to work on /home/airflow/.local/lib/python3.12/site-packages/airflow/example_dags/example_branch_labels.py
[2024-06-02T17:23:04.001+0000] {processor.py:830} INFO - Processing file /home/airflow/.local/lib/python3.12/site-packages/airflow/example_dags/example_branch_labels.py for tasks to queue
[2024-06-02T17:23:04.002+0000] {logging_mixin.py:188} INFO - [2024-06-02T17:23:04.002+0000] {dagbag.py:545} INFO - Filling up the DagBag from /home/airflow/.local/lib/python3.12/site-packages/airflow/example_dags/example_branch_labels.py
[2024-06-02T17:23:04.005+0000] {processor.py:840} INFO - DAG(s) 'example_branch_labels' retrieved from /home/airflow/.local/lib/python3.12/site-packages/airflow/example_dags/example_branch_labels.py
[2024-06-02T17:23:04.043+0000] {logging_mixin.py:188} INFO - [2024-06-02T17:23:04.043+0000] {dag.py:3096} INFO - Sync 1 DAGs
[2024-06-02T17:23:04.051+0000] {logging_mixin.py:188} INFO - [2024-06-02T17:23:04.051+0000] {dag.py:3954} INFO - Setting next_dagrun for example_branch_labels to 2024-06-01 00:00:00+00:00, run_after=2024-06-02 00:00:00+00:00
[2024-06-02T17:23:04.058+0000] {processor.py:183} INFO - Processing /home/airflow/.local/lib/python3.12/site-packages/airflow/example_dags/example_branch_labels.py took 0.060 seconds
[2024-06-02T17:23:34.122+0000] {processor.py:161} INFO - Started process (PID=176) to work on /home/airflow/.local/lib/python3.12/site-packages/airflow/example_dags/example_branch_labels.py
[2024-06-02T17:23:34.122+0000] {processor.py:830} INFO - Processing file /home/airflow/.local/lib/python3.12/site-packages/airflow/example_dags/example_branch_labels.py for tasks to queue
[2024-06-02T17:23:34.123+0000] {logging_mixin.py:188} INFO - [2024-06-02T17:23:34.123+0000] {dagbag.py:545} INFO - Filling up the DagBag from /home/airflow/.local/lib/python3.12/site-packages/airflow/example_dags/example_branch_labels.py
[2024-06-02T17:23:34.127+0000] {processor.py:840} INFO - DAG(s) 'example_branch_labels' retrieved from /home/airflow/.local/lib/python3.12/site-packages/airflow/example_dags/example_branch_labels.py
[2024-06-02T17:23:34.135+0000] {logging_mixin.py:188} INFO - [2024-06-02T17:23:34.135+0000] {dag.py:3096} INFO - Sync 1 DAGs
[2024-06-02T17:23:34.144+0000] {logging_mixin.py:188} INFO - [2024-06-02T17:23:34.144+0000] {dag.py:3954} INFO - Setting next_dagrun for example_branch_labels to 2024-06-01 00:00:00+00:00, run_after=2024-06-02 00:00:00+00:00
[2024-06-02T17:23:34.151+0000] {processor.py:183} INFO - Processing /home/airflow/.local/lib/python3.12/site-packages/airflow/example_dags/example_branch_labels.py took 0.032 seconds
[2024-06-02T17:24:04.870+0000] {processor.py:161} INFO - Started process (PID=234) to work on /home/airflow/.local/lib/python3.12/site-packages/airflow/example_dags/example_branch_labels.py
[2024-06-02T17:24:04.870+0000] {processor.py:830} INFO - Processing file /home/airflow/.local/lib/python3.12/site-packages/airflow/example_dags/example_branch_labels.py for tasks to queue
[2024-06-02T17:24:04.871+0000] {logging_mixin.py:188} INFO - [2024-06-02T17:24:04.871+0000] {dagbag.py:545} INFO - Filling up the DagBag from /home/airflow/.local/lib/python3.12/site-packages/airflow/example_dags/example_branch_labels.py
[2024-06-02T17:24:04.875+0000] {processor.py:840} INFO - DAG(s) 'example_branch_labels' retrieved from /home/airflow/.local/lib/python3.12/site-packages/airflow/example_dags/example_branch_labels.py
[2024-06-02T17:24:04.914+0000] {logging_mixin.py:188} INFO - [2024-06-02T17:24:04.914+0000] {dag.py:3096} INFO - Sync 1 DAGs
[2024-06-02T17:24:04.922+0000] {logging_mixin.py:188} INFO - [2024-06-02T17:24:04.922+0000] {dag.py:3954} INFO - Setting next_dagrun for example_branch_labels to 2024-06-01 00:00:00+00:00, run_after=2024-06-02 00:00:00+00:00
[2024-06-02T17:24:04.930+0000] {processor.py:183} INFO - Processing /home/airflow/.local/lib/python3.12/site-packages/airflow/example_dags/example_branch_labels.py took 0.063 seconds
[2024-06-02T17:24:35.843+0000] {processor.py:161} INFO - Started process (PID=291) to work on /home/airflow/.local/lib/python3.12/site-packages/airflow/example_dags/example_branch_labels.py
[2024-06-02T17:24:35.844+0000] {processor.py:830} INFO - Processing file /home/airflow/.local/lib/python3.12/site-packages/airflow/example_dags/example_branch_labels.py for tasks to queue
[2024-06-02T17:24:35.845+0000] {logging_mixin.py:188} INFO - [2024-06-02T17:24:35.845+0000] {dagbag.py:545} INFO - Filling up the DagBag from /home/airflow/.local/lib/python3.12/site-packages/airflow/example_dags/example_branch_labels.py
[2024-06-02T17:24:35.850+0000] {processor.py:840} INFO - DAG(s) 'example_branch_labels' retrieved from /home/airflow/.local/lib/python3.12/site-packages/airflow/example_dags/example_branch_labels.py
[2024-06-02T17:24:35.859+0000] {logging_mixin.py:188} INFO - [2024-06-02T17:24:35.859+0000] {dag.py:3096} INFO - Sync 1 DAGs
[2024-06-02T17:24:35.869+0000] {logging_mixin.py:188} INFO - [2024-06-02T17:24:35.869+0000] {dag.py:3954} INFO - Setting next_dagrun for example_branch_labels to 2024-06-01 00:00:00+00:00, run_after=2024-06-02 00:00:00+00:00
[2024-06-02T17:24:35.877+0000] {processor.py:183} INFO - Processing /home/airflow/.local/lib/python3.12/site-packages/airflow/example_dags/example_branch_labels.py took 0.036 seconds
[2024-06-02T17:25:06.507+0000] {processor.py:161} INFO - Started process (PID=349) to work on /home/airflow/.local/lib/python3.12/site-packages/airflow/example_dags/example_branch_labels.py
[2024-06-02T17:25:06.508+0000] {processor.py:830} INFO - Processing file /home/airflow/.local/lib/python3.12/site-packages/airflow/example_dags/example_branch_labels.py for tasks to queue
[2024-06-02T17:25:06.509+0000] {logging_mixin.py:188} INFO - [2024-06-02T17:25:06.508+0000] {dagbag.py:545} INFO - Filling up the DagBag from /home/airflow/.local/lib/python3.12/site-packages/airflow/example_dags/example_branch_labels.py
[2024-06-02T17:25:06.513+0000] {processor.py:840} INFO - DAG(s) 'example_branch_labels' retrieved from /home/airflow/.local/lib/python3.12/site-packages/airflow/example_dags/example_branch_labels.py
[2024-06-02T17:25:06.526+0000] {logging_mixin.py:188} INFO - [2024-06-02T17:25:06.526+0000] {dag.py:3096} INFO - Sync 1 DAGs
[2024-06-02T17:25:06.535+0000] {logging_mixin.py:188} INFO - [2024-06-02T17:25:06.535+0000] {dag.py:3954} INFO - Setting next_dagrun for example_branch_labels to 2024-06-01 00:00:00+00:00, run_after=2024-06-02 00:00:00+00:00
[2024-06-02T17:25:06.543+0000] {processor.py:183} INFO - Processing /home/airflow/.local/lib/python3.12/site-packages/airflow/example_dags/example_branch_labels.py took 0.039 seconds
