[2024-06-02T17:22:33.170+0000] {processor.py:161} INFO - Started process (PID=56) to work on /home/airflow/.local/lib/python3.12/site-packages/airflow/example_dags/example_complex.py
[2024-06-02T17:22:33.171+0000] {processor.py:830} INFO - Processing file /home/airflow/.local/lib/python3.12/site-packages/airflow/example_dags/example_complex.py for tasks to queue
[2024-06-02T17:22:33.175+0000] {logging_mixin.py:188} INFO - [2024-06-02T17:22:33.175+0000] {dagbag.py:545} INFO - Filling up the DagBag from /home/airflow/.local/lib/python3.12/site-packages/airflow/example_dags/example_complex.py
[2024-06-02T17:22:33.213+0000] {processor.py:840} INFO - DAG(s) 'example_complex' retrieved from /home/airflow/.local/lib/python3.12/site-packages/airflow/example_dags/example_complex.py
[2024-06-02T17:22:33.272+0000] {logging_mixin.py:188} INFO - [2024-06-02T17:22:33.272+0000] {dag.py:3096} INFO - Sync 1 DAGs
[2024-06-02T17:22:33.300+0000] {logging_mixin.py:188} INFO - [2024-06-02T17:22:33.299+0000] {dag.py:3954} INFO - Setting next_dagrun for example_complex to None, run_after=None
[2024-06-02T17:22:33.319+0000] {processor.py:183} INFO - Processing /home/airflow/.local/lib/python3.12/site-packages/airflow/example_dags/example_complex.py took 0.164 seconds
[2024-06-02T17:23:03.862+0000] {processor.py:161} INFO - Started process (PID=114) to work on /home/airflow/.local/lib/python3.12/site-packages/airflow/example_dags/example_complex.py
[2024-06-02T17:23:03.863+0000] {processor.py:830} INFO - Processing file /home/airflow/.local/lib/python3.12/site-packages/airflow/example_dags/example_complex.py for tasks to queue
[2024-06-02T17:23:03.864+0000] {logging_mixin.py:188} INFO - [2024-06-02T17:23:03.863+0000] {dagbag.py:545} INFO - Filling up the DagBag from /home/airflow/.local/lib/python3.12/site-packages/airflow/example_dags/example_complex.py
[2024-06-02T17:23:03.868+0000] {processor.py:840} INFO - DAG(s) 'example_complex' retrieved from /home/airflow/.local/lib/python3.12/site-packages/airflow/example_dags/example_complex.py
[2024-06-02T17:23:03.909+0000] {logging_mixin.py:188} INFO - [2024-06-02T17:23:03.908+0000] {dag.py:3096} INFO - Sync 1 DAGs
[2024-06-02T17:23:03.912+0000] {logging_mixin.py:188} INFO - [2024-06-02T17:23:03.912+0000] {dag.py:3954} INFO - Setting next_dagrun for example_complex to None, run_after=None
[2024-06-02T17:23:03.920+0000] {processor.py:183} INFO - Processing /home/airflow/.local/lib/python3.12/site-packages/airflow/example_dags/example_complex.py took 0.061 seconds
[2024-06-02T17:23:34.027+0000] {processor.py:161} INFO - Started process (PID=172) to work on /home/airflow/.local/lib/python3.12/site-packages/airflow/example_dags/example_complex.py
[2024-06-02T17:23:34.028+0000] {processor.py:830} INFO - Processing file /home/airflow/.local/lib/python3.12/site-packages/airflow/example_dags/example_complex.py for tasks to queue
[2024-06-02T17:23:34.030+0000] {logging_mixin.py:188} INFO - [2024-06-02T17:23:34.030+0000] {dagbag.py:545} INFO - Filling up the DagBag from /home/airflow/.local/lib/python3.12/site-packages/airflow/example_dags/example_complex.py
[2024-06-02T17:23:34.035+0000] {processor.py:840} INFO - DAG(s) 'example_complex' retrieved from /home/airflow/.local/lib/python3.12/site-packages/airflow/example_dags/example_complex.py
[2024-06-02T17:23:34.048+0000] {logging_mixin.py:188} INFO - [2024-06-02T17:23:34.048+0000] {dag.py:3096} INFO - Sync 1 DAGs
[2024-06-02T17:23:34.054+0000] {logging_mixin.py:188} INFO - [2024-06-02T17:23:34.054+0000] {dag.py:3954} INFO - Setting next_dagrun for example_complex to None, run_after=None
[2024-06-02T17:23:34.061+0000] {processor.py:183} INFO - Processing /home/airflow/.local/lib/python3.12/site-packages/airflow/example_dags/example_complex.py took 0.037 seconds
[2024-06-02T17:24:04.652+0000] {processor.py:161} INFO - Started process (PID=230) to work on /home/airflow/.local/lib/python3.12/site-packages/airflow/example_dags/example_complex.py
[2024-06-02T17:24:04.653+0000] {processor.py:830} INFO - Processing file /home/airflow/.local/lib/python3.12/site-packages/airflow/example_dags/example_complex.py for tasks to queue
[2024-06-02T17:24:04.654+0000] {logging_mixin.py:188} INFO - [2024-06-02T17:24:04.654+0000] {dagbag.py:545} INFO - Filling up the DagBag from /home/airflow/.local/lib/python3.12/site-packages/airflow/example_dags/example_complex.py
[2024-06-02T17:24:04.658+0000] {processor.py:840} INFO - DAG(s) 'example_complex' retrieved from /home/airflow/.local/lib/python3.12/site-packages/airflow/example_dags/example_complex.py
[2024-06-02T17:24:04.698+0000] {logging_mixin.py:188} INFO - [2024-06-02T17:24:04.698+0000] {dag.py:3096} INFO - Sync 1 DAGs
[2024-06-02T17:24:04.703+0000] {logging_mixin.py:188} INFO - [2024-06-02T17:24:04.703+0000] {dag.py:3954} INFO - Setting next_dagrun for example_complex to None, run_after=None
[2024-06-02T17:24:04.713+0000] {processor.py:183} INFO - Processing /home/airflow/.local/lib/python3.12/site-packages/airflow/example_dags/example_complex.py took 0.063 seconds
[2024-06-02T17:24:35.707+0000] {processor.py:161} INFO - Started process (PID=287) to work on /home/airflow/.local/lib/python3.12/site-packages/airflow/example_dags/example_complex.py
[2024-06-02T17:24:35.709+0000] {processor.py:830} INFO - Processing file /home/airflow/.local/lib/python3.12/site-packages/airflow/example_dags/example_complex.py for tasks to queue
[2024-06-02T17:24:35.710+0000] {logging_mixin.py:188} INFO - [2024-06-02T17:24:35.710+0000] {dagbag.py:545} INFO - Filling up the DagBag from /home/airflow/.local/lib/python3.12/site-packages/airflow/example_dags/example_complex.py
[2024-06-02T17:24:35.717+0000] {processor.py:840} INFO - DAG(s) 'example_complex' retrieved from /home/airflow/.local/lib/python3.12/site-packages/airflow/example_dags/example_complex.py
[2024-06-02T17:24:35.734+0000] {logging_mixin.py:188} INFO - [2024-06-02T17:24:35.734+0000] {dag.py:3096} INFO - Sync 1 DAGs
[2024-06-02T17:24:35.740+0000] {logging_mixin.py:188} INFO - [2024-06-02T17:24:35.740+0000] {dag.py:3954} INFO - Setting next_dagrun for example_complex to None, run_after=None
[2024-06-02T17:24:35.748+0000] {processor.py:183} INFO - Processing /home/airflow/.local/lib/python3.12/site-packages/airflow/example_dags/example_complex.py took 0.046 seconds
[2024-06-02T17:25:06.339+0000] {processor.py:161} INFO - Started process (PID=345) to work on /home/airflow/.local/lib/python3.12/site-packages/airflow/example_dags/example_complex.py
[2024-06-02T17:25:06.340+0000] {processor.py:830} INFO - Processing file /home/airflow/.local/lib/python3.12/site-packages/airflow/example_dags/example_complex.py for tasks to queue
[2024-06-02T17:25:06.343+0000] {logging_mixin.py:188} INFO - [2024-06-02T17:25:06.342+0000] {dagbag.py:545} INFO - Filling up the DagBag from /home/airflow/.local/lib/python3.12/site-packages/airflow/example_dags/example_complex.py
[2024-06-02T17:25:06.351+0000] {processor.py:840} INFO - DAG(s) 'example_complex' retrieved from /home/airflow/.local/lib/python3.12/site-packages/airflow/example_dags/example_complex.py
[2024-06-02T17:25:06.371+0000] {logging_mixin.py:188} INFO - [2024-06-02T17:25:06.371+0000] {dag.py:3096} INFO - Sync 1 DAGs
[2024-06-02T17:25:06.378+0000] {logging_mixin.py:188} INFO - [2024-06-02T17:25:06.378+0000] {dag.py:3954} INFO - Setting next_dagrun for example_complex to None, run_after=None
[2024-06-02T17:25:06.391+0000] {processor.py:183} INFO - Processing /home/airflow/.local/lib/python3.12/site-packages/airflow/example_dags/example_complex.py took 0.058 seconds
