[2024-06-02T17:22:34.379+0000] {processor.py:161} INFO - Started process (PID=73) to work on /home/airflow/.local/lib/python3.12/site-packages/airflow/example_dags/example_xcom.py
[2024-06-02T17:22:34.388+0000] {processor.py:830} INFO - Processing file /home/airflow/.local/lib/python3.12/site-packages/airflow/example_dags/example_xcom.py for tasks to queue
[2024-06-02T17:22:34.399+0000] {logging_mixin.py:188} INFO - [2024-06-02T17:22:34.399+0000] {dagbag.py:545} INFO - Filling up the DagBag from /home/airflow/.local/lib/python3.12/site-packages/airflow/example_dags/example_xcom.py
[2024-06-02T17:22:34.418+0000] {processor.py:840} INFO - DAG(s) 'example_xcom' retrieved from /home/airflow/.local/lib/python3.12/site-packages/airflow/example_dags/example_xcom.py
[2024-06-02T17:22:34.430+0000] {logging_mixin.py:188} INFO - [2024-06-02T17:22:34.429+0000] {dag.py:3096} INFO - Sync 1 DAGs
[2024-06-02T17:22:34.457+0000] {logging_mixin.py:188} INFO - [2024-06-02T17:22:34.457+0000] {dag.py:3954} INFO - Setting next_dagrun for example_xcom to 2021-01-01 00:00:00+00:00, run_after=2021-01-01 00:00:00+00:00
[2024-06-02T17:22:34.489+0000] {processor.py:183} INFO - Processing /home/airflow/.local/lib/python3.12/site-packages/airflow/example_dags/example_xcom.py took 0.127 seconds
[2024-06-02T17:23:04.582+0000] {processor.py:161} INFO - Started process (PID=131) to work on /home/airflow/.local/lib/python3.12/site-packages/airflow/example_dags/example_xcom.py
[2024-06-02T17:23:04.582+0000] {processor.py:830} INFO - Processing file /home/airflow/.local/lib/python3.12/site-packages/airflow/example_dags/example_xcom.py for tasks to queue
[2024-06-02T17:23:04.583+0000] {logging_mixin.py:188} INFO - [2024-06-02T17:23:04.583+0000] {dagbag.py:545} INFO - Filling up the DagBag from /home/airflow/.local/lib/python3.12/site-packages/airflow/example_dags/example_xcom.py
[2024-06-02T17:23:04.587+0000] {processor.py:840} INFO - DAG(s) 'example_xcom' retrieved from /home/airflow/.local/lib/python3.12/site-packages/airflow/example_dags/example_xcom.py
[2024-06-02T17:23:04.630+0000] {logging_mixin.py:188} INFO - [2024-06-02T17:23:04.629+0000] {dag.py:3096} INFO - Sync 1 DAGs
[2024-06-02T17:23:04.637+0000] {logging_mixin.py:188} INFO - [2024-06-02T17:23:04.637+0000] {dag.py:3954} INFO - Setting next_dagrun for example_xcom to 2021-01-01 00:00:00+00:00, run_after=2021-01-01 00:00:00+00:00
[2024-06-02T17:23:04.643+0000] {processor.py:183} INFO - Processing /home/airflow/.local/lib/python3.12/site-packages/airflow/example_dags/example_xcom.py took 0.065 seconds
[2024-06-02T17:23:35.494+0000] {processor.py:161} INFO - Started process (PID=189) to work on /home/airflow/.local/lib/python3.12/site-packages/airflow/example_dags/example_xcom.py
[2024-06-02T17:23:35.495+0000] {processor.py:830} INFO - Processing file /home/airflow/.local/lib/python3.12/site-packages/airflow/example_dags/example_xcom.py for tasks to queue
[2024-06-02T17:23:35.496+0000] {logging_mixin.py:188} INFO - [2024-06-02T17:23:35.496+0000] {dagbag.py:545} INFO - Filling up the DagBag from /home/airflow/.local/lib/python3.12/site-packages/airflow/example_dags/example_xcom.py
[2024-06-02T17:23:35.499+0000] {processor.py:840} INFO - DAG(s) 'example_xcom' retrieved from /home/airflow/.local/lib/python3.12/site-packages/airflow/example_dags/example_xcom.py
[2024-06-02T17:23:35.508+0000] {logging_mixin.py:188} INFO - [2024-06-02T17:23:35.508+0000] {dag.py:3096} INFO - Sync 1 DAGs
[2024-06-02T17:23:35.517+0000] {logging_mixin.py:188} INFO - [2024-06-02T17:23:35.517+0000] {dag.py:3954} INFO - Setting next_dagrun for example_xcom to 2021-01-01 00:00:00+00:00, run_after=2021-01-01 00:00:00+00:00
[2024-06-02T17:23:35.523+0000] {processor.py:183} INFO - Processing /home/airflow/.local/lib/python3.12/site-packages/airflow/example_dags/example_xcom.py took 0.032 seconds
[2024-06-02T17:24:06.490+0000] {processor.py:161} INFO - Started process (PID=247) to work on /home/airflow/.local/lib/python3.12/site-packages/airflow/example_dags/example_xcom.py
[2024-06-02T17:24:06.491+0000] {processor.py:830} INFO - Processing file /home/airflow/.local/lib/python3.12/site-packages/airflow/example_dags/example_xcom.py for tasks to queue
[2024-06-02T17:24:06.492+0000] {logging_mixin.py:188} INFO - [2024-06-02T17:24:06.491+0000] {dagbag.py:545} INFO - Filling up the DagBag from /home/airflow/.local/lib/python3.12/site-packages/airflow/example_dags/example_xcom.py
[2024-06-02T17:24:06.495+0000] {processor.py:840} INFO - DAG(s) 'example_xcom' retrieved from /home/airflow/.local/lib/python3.12/site-packages/airflow/example_dags/example_xcom.py
[2024-06-02T17:24:06.533+0000] {logging_mixin.py:188} INFO - [2024-06-02T17:24:06.533+0000] {dag.py:3096} INFO - Sync 1 DAGs
[2024-06-02T17:24:06.542+0000] {logging_mixin.py:188} INFO - [2024-06-02T17:24:06.542+0000] {dag.py:3954} INFO - Setting next_dagrun for example_xcom to 2021-01-01 00:00:00+00:00, run_after=2021-01-01 00:00:00+00:00
[2024-06-02T17:24:06.549+0000] {processor.py:183} INFO - Processing /home/airflow/.local/lib/python3.12/site-packages/airflow/example_dags/example_xcom.py took 0.062 seconds
[2024-06-02T17:24:37.154+0000] {processor.py:161} INFO - Started process (PID=304) to work on /home/airflow/.local/lib/python3.12/site-packages/airflow/example_dags/example_xcom.py
[2024-06-02T17:24:37.155+0000] {processor.py:830} INFO - Processing file /home/airflow/.local/lib/python3.12/site-packages/airflow/example_dags/example_xcom.py for tasks to queue
[2024-06-02T17:24:37.156+0000] {logging_mixin.py:188} INFO - [2024-06-02T17:24:37.156+0000] {dagbag.py:545} INFO - Filling up the DagBag from /home/airflow/.local/lib/python3.12/site-packages/airflow/example_dags/example_xcom.py
[2024-06-02T17:24:37.159+0000] {processor.py:840} INFO - DAG(s) 'example_xcom' retrieved from /home/airflow/.local/lib/python3.12/site-packages/airflow/example_dags/example_xcom.py
[2024-06-02T17:24:37.168+0000] {logging_mixin.py:188} INFO - [2024-06-02T17:24:37.167+0000] {dag.py:3096} INFO - Sync 1 DAGs
[2024-06-02T17:24:37.176+0000] {logging_mixin.py:188} INFO - [2024-06-02T17:24:37.176+0000] {dag.py:3954} INFO - Setting next_dagrun for example_xcom to 2021-01-01 00:00:00+00:00, run_after=2021-01-01 00:00:00+00:00
[2024-06-02T17:24:37.183+0000] {processor.py:183} INFO - Processing /home/airflow/.local/lib/python3.12/site-packages/airflow/example_dags/example_xcom.py took 0.032 seconds
