[2024-06-02T17:22:31.837+0000] {processor.py:161} INFO - Started process (PID=37) to work on /home/airflow/.local/lib/python3.12/site-packages/airflow/example_dags/example_sensors.py
[2024-06-02T17:22:31.838+0000] {processor.py:830} INFO - Processing file /home/airflow/.local/lib/python3.12/site-packages/airflow/example_dags/example_sensors.py for tasks to queue
[2024-06-02T17:22:31.843+0000] {logging_mixin.py:188} INFO - [2024-06-02T17:22:31.843+0000] {dagbag.py:545} INFO - Filling up the DagBag from /home/airflow/.local/lib/python3.12/site-packages/airflow/example_dags/example_sensors.py
[2024-06-02T17:22:31.857+0000] {processor.py:840} INFO - DAG(s) 'example_sensors' retrieved from /home/airflow/.local/lib/python3.12/site-packages/airflow/example_dags/example_sensors.py
[2024-06-02T17:22:31.896+0000] {logging_mixin.py:188} INFO - [2024-06-02T17:22:31.896+0000] {dag.py:3096} INFO - Sync 1 DAGs
[2024-06-02T17:22:31.906+0000] {logging_mixin.py:188} INFO - [2024-06-02T17:22:31.906+0000] {dag.py:3954} INFO - Setting next_dagrun for example_sensors to None, run_after=None
[2024-06-02T17:22:31.919+0000] {processor.py:183} INFO - Processing /home/airflow/.local/lib/python3.12/site-packages/airflow/example_dags/example_sensors.py took 0.088 seconds
[2024-06-02T17:23:03.019+0000] {processor.py:161} INFO - Started process (PID=95) to work on /home/airflow/.local/lib/python3.12/site-packages/airflow/example_dags/example_sensors.py
[2024-06-02T17:23:03.020+0000] {processor.py:830} INFO - Processing file /home/airflow/.local/lib/python3.12/site-packages/airflow/example_dags/example_sensors.py for tasks to queue
[2024-06-02T17:23:03.023+0000] {logging_mixin.py:188} INFO - [2024-06-02T17:23:03.022+0000] {dagbag.py:545} INFO - Filling up the DagBag from /home/airflow/.local/lib/python3.12/site-packages/airflow/example_dags/example_sensors.py
[2024-06-02T17:23:03.033+0000] {processor.py:840} INFO - DAG(s) 'example_sensors' retrieved from /home/airflow/.local/lib/python3.12/site-packages/airflow/example_dags/example_sensors.py
[2024-06-02T17:23:03.095+0000] {logging_mixin.py:188} INFO - [2024-06-02T17:23:03.095+0000] {dag.py:3096} INFO - Sync 1 DAGs
[2024-06-02T17:23:03.100+0000] {logging_mixin.py:188} INFO - [2024-06-02T17:23:03.099+0000] {dag.py:3954} INFO - Setting next_dagrun for example_sensors to None, run_after=None
[2024-06-02T17:23:03.107+0000] {processor.py:183} INFO - Processing /home/airflow/.local/lib/python3.12/site-packages/airflow/example_dags/example_sensors.py took 0.094 seconds
[2024-06-02T17:23:33.503+0000] {processor.py:161} INFO - Started process (PID=153) to work on /home/airflow/.local/lib/python3.12/site-packages/airflow/example_dags/example_sensors.py
[2024-06-02T17:23:33.504+0000] {processor.py:830} INFO - Processing file /home/airflow/.local/lib/python3.12/site-packages/airflow/example_dags/example_sensors.py for tasks to queue
[2024-06-02T17:23:33.505+0000] {logging_mixin.py:188} INFO - [2024-06-02T17:23:33.505+0000] {dagbag.py:545} INFO - Filling up the DagBag from /home/airflow/.local/lib/python3.12/site-packages/airflow/example_dags/example_sensors.py
[2024-06-02T17:23:33.509+0000] {processor.py:840} INFO - DAG(s) 'example_sensors' retrieved from /home/airflow/.local/lib/python3.12/site-packages/airflow/example_dags/example_sensors.py
[2024-06-02T17:23:33.520+0000] {logging_mixin.py:188} INFO - [2024-06-02T17:23:33.520+0000] {dag.py:3096} INFO - Sync 1 DAGs
[2024-06-02T17:23:33.526+0000] {logging_mixin.py:188} INFO - [2024-06-02T17:23:33.526+0000] {dag.py:3954} INFO - Setting next_dagrun for example_sensors to None, run_after=None
[2024-06-02T17:23:33.533+0000] {processor.py:183} INFO - Processing /home/airflow/.local/lib/python3.12/site-packages/airflow/example_dags/example_sensors.py took 0.032 seconds
[2024-06-02T17:24:03.822+0000] {processor.py:161} INFO - Started process (PID=211) to work on /home/airflow/.local/lib/python3.12/site-packages/airflow/example_dags/example_sensors.py
[2024-06-02T17:24:03.823+0000] {processor.py:830} INFO - Processing file /home/airflow/.local/lib/python3.12/site-packages/airflow/example_dags/example_sensors.py for tasks to queue
[2024-06-02T17:24:03.825+0000] {logging_mixin.py:188} INFO - [2024-06-02T17:24:03.825+0000] {dagbag.py:545} INFO - Filling up the DagBag from /home/airflow/.local/lib/python3.12/site-packages/airflow/example_dags/example_sensors.py
[2024-06-02T17:24:03.833+0000] {processor.py:840} INFO - DAG(s) 'example_sensors' retrieved from /home/airflow/.local/lib/python3.12/site-packages/airflow/example_dags/example_sensors.py
[2024-06-02T17:24:03.882+0000] {logging_mixin.py:188} INFO - [2024-06-02T17:24:03.882+0000] {dag.py:3096} INFO - Sync 1 DAGs
[2024-06-02T17:24:03.886+0000] {logging_mixin.py:188} INFO - [2024-06-02T17:24:03.886+0000] {dag.py:3954} INFO - Setting next_dagrun for example_sensors to None, run_after=None
[2024-06-02T17:24:03.894+0000] {processor.py:183} INFO - Processing /home/airflow/.local/lib/python3.12/site-packages/airflow/example_dags/example_sensors.py took 0.078 seconds
[2024-06-02T17:24:34.270+0000] {processor.py:161} INFO - Started process (PID=268) to work on /home/airflow/.local/lib/python3.12/site-packages/airflow/example_dags/example_sensors.py
[2024-06-02T17:24:34.270+0000] {processor.py:830} INFO - Processing file /home/airflow/.local/lib/python3.12/site-packages/airflow/example_dags/example_sensors.py for tasks to queue
[2024-06-02T17:24:34.271+0000] {logging_mixin.py:188} INFO - [2024-06-02T17:24:34.271+0000] {dagbag.py:545} INFO - Filling up the DagBag from /home/airflow/.local/lib/python3.12/site-packages/airflow/example_dags/example_sensors.py
[2024-06-02T17:24:34.275+0000] {processor.py:840} INFO - DAG(s) 'example_sensors' retrieved from /home/airflow/.local/lib/python3.12/site-packages/airflow/example_dags/example_sensors.py
[2024-06-02T17:24:34.286+0000] {logging_mixin.py:188} INFO - [2024-06-02T17:24:34.286+0000] {dag.py:3096} INFO - Sync 1 DAGs
[2024-06-02T17:24:34.291+0000] {logging_mixin.py:188} INFO - [2024-06-02T17:24:34.291+0000] {dag.py:3954} INFO - Setting next_dagrun for example_sensors to None, run_after=None
[2024-06-02T17:24:34.297+0000] {processor.py:183} INFO - Processing /home/airflow/.local/lib/python3.12/site-packages/airflow/example_dags/example_sensors.py took 0.031 seconds
[2024-06-02T17:25:04.800+0000] {processor.py:161} INFO - Started process (PID=326) to work on /home/airflow/.local/lib/python3.12/site-packages/airflow/example_dags/example_sensors.py
[2024-06-02T17:25:04.801+0000] {processor.py:830} INFO - Processing file /home/airflow/.local/lib/python3.12/site-packages/airflow/example_dags/example_sensors.py for tasks to queue
[2024-06-02T17:25:04.802+0000] {logging_mixin.py:188} INFO - [2024-06-02T17:25:04.802+0000] {dagbag.py:545} INFO - Filling up the DagBag from /home/airflow/.local/lib/python3.12/site-packages/airflow/example_dags/example_sensors.py
[2024-06-02T17:25:04.805+0000] {processor.py:840} INFO - DAG(s) 'example_sensors' retrieved from /home/airflow/.local/lib/python3.12/site-packages/airflow/example_dags/example_sensors.py
[2024-06-02T17:25:04.815+0000] {logging_mixin.py:188} INFO - [2024-06-02T17:25:04.815+0000] {dag.py:3096} INFO - Sync 1 DAGs
[2024-06-02T17:25:04.820+0000] {logging_mixin.py:188} INFO - [2024-06-02T17:25:04.820+0000] {dag.py:3954} INFO - Setting next_dagrun for example_sensors to None, run_after=None
[2024-06-02T17:25:04.827+0000] {processor.py:183} INFO - Processing /home/airflow/.local/lib/python3.12/site-packages/airflow/example_dags/example_sensors.py took 0.029 seconds
