[2024-06-02T17:22:31.971+0000] {processor.py:161} INFO - Started process (PID=40) to work on /home/airflow/.local/lib/python3.12/site-packages/airflow/example_dags/example_sla_dag.py
[2024-06-02T17:22:31.972+0000] {processor.py:830} INFO - Processing file /home/airflow/.local/lib/python3.12/site-packages/airflow/example_dags/example_sla_dag.py for tasks to queue
[2024-06-02T17:22:31.976+0000] {logging_mixin.py:188} INFO - [2024-06-02T17:22:31.976+0000] {dagbag.py:545} INFO - Filling up the DagBag from /home/airflow/.local/lib/python3.12/site-packages/airflow/example_dags/example_sla_dag.py
[2024-06-02T17:22:31.981+0000] {processor.py:840} INFO - DAG(s) 'example_sla_dag' retrieved from /home/airflow/.local/lib/python3.12/site-packages/airflow/example_dags/example_sla_dag.py
[2024-06-02T17:22:31.986+0000] {logging_mixin.py:188} INFO - [2024-06-02T17:22:31.986+0000] {dag.py:3096} INFO - Sync 1 DAGs
[2024-06-02T17:22:31.996+0000] {logging_mixin.py:188} INFO - [2024-06-02T17:22:31.996+0000] {dag.py:3954} INFO - Setting next_dagrun for example_sla_dag to 2024-06-02 17:20:00+00:00, run_after=2024-06-02 17:22:00+00:00
[2024-06-02T17:22:32.004+0000] {processor.py:183} INFO - Processing /home/airflow/.local/lib/python3.12/site-packages/airflow/example_dags/example_sla_dag.py took 0.036 seconds
[2024-06-02T17:23:03.124+0000] {processor.py:161} INFO - Started process (PID=98) to work on /home/airflow/.local/lib/python3.12/site-packages/airflow/example_dags/example_sla_dag.py
[2024-06-02T17:23:03.124+0000] {processor.py:830} INFO - Processing file /home/airflow/.local/lib/python3.12/site-packages/airflow/example_dags/example_sla_dag.py for tasks to queue
[2024-06-02T17:23:03.125+0000] {logging_mixin.py:188} INFO - [2024-06-02T17:23:03.125+0000] {dagbag.py:545} INFO - Filling up the DagBag from /home/airflow/.local/lib/python3.12/site-packages/airflow/example_dags/example_sla_dag.py
[2024-06-02T17:23:03.129+0000] {processor.py:840} INFO - DAG(s) 'example_sla_dag' retrieved from /home/airflow/.local/lib/python3.12/site-packages/airflow/example_dags/example_sla_dag.py
[2024-06-02T17:23:03.168+0000] {logging_mixin.py:188} INFO - [2024-06-02T17:23:03.168+0000] {dag.py:3096} INFO - Sync 1 DAGs
[2024-06-02T17:23:03.176+0000] {logging_mixin.py:188} INFO - [2024-06-02T17:23:03.176+0000] {dag.py:3954} INFO - Setting next_dagrun for example_sla_dag to 2024-06-02 17:20:00+00:00, run_after=2024-06-02 17:22:00+00:00
[2024-06-02T17:23:03.183+0000] {processor.py:183} INFO - Processing /home/airflow/.local/lib/python3.12/site-packages/airflow/example_dags/example_sla_dag.py took 0.062 seconds
[2024-06-02T17:23:33.581+0000] {processor.py:161} INFO - Started process (PID=156) to work on /home/airflow/.local/lib/python3.12/site-packages/airflow/example_dags/example_sla_dag.py
[2024-06-02T17:23:33.582+0000] {processor.py:830} INFO - Processing file /home/airflow/.local/lib/python3.12/site-packages/airflow/example_dags/example_sla_dag.py for tasks to queue
[2024-06-02T17:23:33.583+0000] {logging_mixin.py:188} INFO - [2024-06-02T17:23:33.582+0000] {dagbag.py:545} INFO - Filling up the DagBag from /home/airflow/.local/lib/python3.12/site-packages/airflow/example_dags/example_sla_dag.py
[2024-06-02T17:23:33.586+0000] {processor.py:840} INFO - DAG(s) 'example_sla_dag' retrieved from /home/airflow/.local/lib/python3.12/site-packages/airflow/example_dags/example_sla_dag.py
[2024-06-02T17:23:33.594+0000] {logging_mixin.py:188} INFO - [2024-06-02T17:23:33.594+0000] {dag.py:3096} INFO - Sync 1 DAGs
[2024-06-02T17:23:33.602+0000] {logging_mixin.py:188} INFO - [2024-06-02T17:23:33.602+0000] {dag.py:3954} INFO - Setting next_dagrun for example_sla_dag to 2024-06-02 17:20:00+00:00, run_after=2024-06-02 17:22:00+00:00
[2024-06-02T17:23:33.609+0000] {processor.py:183} INFO - Processing /home/airflow/.local/lib/python3.12/site-packages/airflow/example_dags/example_sla_dag.py took 0.031 seconds
[2024-06-02T17:24:03.926+0000] {processor.py:161} INFO - Started process (PID=214) to work on /home/airflow/.local/lib/python3.12/site-packages/airflow/example_dags/example_sla_dag.py
[2024-06-02T17:24:03.927+0000] {processor.py:830} INFO - Processing file /home/airflow/.local/lib/python3.12/site-packages/airflow/example_dags/example_sla_dag.py for tasks to queue
[2024-06-02T17:24:03.928+0000] {logging_mixin.py:188} INFO - [2024-06-02T17:24:03.928+0000] {dagbag.py:545} INFO - Filling up the DagBag from /home/airflow/.local/lib/python3.12/site-packages/airflow/example_dags/example_sla_dag.py
[2024-06-02T17:24:03.932+0000] {processor.py:840} INFO - DAG(s) 'example_sla_dag' retrieved from /home/airflow/.local/lib/python3.12/site-packages/airflow/example_dags/example_sla_dag.py
[2024-06-02T17:24:03.973+0000] {logging_mixin.py:188} INFO - [2024-06-02T17:24:03.973+0000] {dag.py:3096} INFO - Sync 1 DAGs
[2024-06-02T17:24:03.981+0000] {logging_mixin.py:188} INFO - [2024-06-02T17:24:03.981+0000] {dag.py:3954} INFO - Setting next_dagrun for example_sla_dag to 2024-06-02 17:22:00+00:00, run_after=2024-06-02 17:24:00+00:00
[2024-06-02T17:24:03.988+0000] {processor.py:183} INFO - Processing /home/airflow/.local/lib/python3.12/site-packages/airflow/example_dags/example_sla_dag.py took 0.064 seconds
[2024-06-02T17:24:34.323+0000] {processor.py:161} INFO - Started process (PID=271) to work on /home/airflow/.local/lib/python3.12/site-packages/airflow/example_dags/example_sla_dag.py
[2024-06-02T17:24:34.323+0000] {processor.py:830} INFO - Processing file /home/airflow/.local/lib/python3.12/site-packages/airflow/example_dags/example_sla_dag.py for tasks to queue
[2024-06-02T17:24:34.324+0000] {logging_mixin.py:188} INFO - [2024-06-02T17:24:34.324+0000] {dagbag.py:545} INFO - Filling up the DagBag from /home/airflow/.local/lib/python3.12/site-packages/airflow/example_dags/example_sla_dag.py
[2024-06-02T17:24:34.328+0000] {processor.py:840} INFO - DAG(s) 'example_sla_dag' retrieved from /home/airflow/.local/lib/python3.12/site-packages/airflow/example_dags/example_sla_dag.py
[2024-06-02T17:24:34.342+0000] {logging_mixin.py:188} INFO - [2024-06-02T17:24:34.342+0000] {dag.py:3096} INFO - Sync 1 DAGs
[2024-06-02T17:24:34.352+0000] {logging_mixin.py:188} INFO - [2024-06-02T17:24:34.352+0000] {dag.py:3954} INFO - Setting next_dagrun for example_sla_dag to 2024-06-02 17:22:00+00:00, run_after=2024-06-02 17:24:00+00:00
[2024-06-02T17:24:34.359+0000] {processor.py:183} INFO - Processing /home/airflow/.local/lib/python3.12/site-packages/airflow/example_dags/example_sla_dag.py took 0.038 seconds
[2024-06-02T17:25:04.874+0000] {processor.py:161} INFO - Started process (PID=329) to work on /home/airflow/.local/lib/python3.12/site-packages/airflow/example_dags/example_sla_dag.py
[2024-06-02T17:25:04.874+0000] {processor.py:830} INFO - Processing file /home/airflow/.local/lib/python3.12/site-packages/airflow/example_dags/example_sla_dag.py for tasks to queue
[2024-06-02T17:25:04.875+0000] {logging_mixin.py:188} INFO - [2024-06-02T17:25:04.875+0000] {dagbag.py:545} INFO - Filling up the DagBag from /home/airflow/.local/lib/python3.12/site-packages/airflow/example_dags/example_sla_dag.py
[2024-06-02T17:25:04.879+0000] {processor.py:840} INFO - DAG(s) 'example_sla_dag' retrieved from /home/airflow/.local/lib/python3.12/site-packages/airflow/example_dags/example_sla_dag.py
[2024-06-02T17:25:04.887+0000] {logging_mixin.py:188} INFO - [2024-06-02T17:25:04.887+0000] {dag.py:3096} INFO - Sync 1 DAGs
[2024-06-02T17:25:04.897+0000] {logging_mixin.py:188} INFO - [2024-06-02T17:25:04.897+0000] {dag.py:3954} INFO - Setting next_dagrun for example_sla_dag to 2024-06-02 17:22:00+00:00, run_after=2024-06-02 17:24:00+00:00
[2024-06-02T17:25:04.903+0000] {processor.py:183} INFO - Processing /home/airflow/.local/lib/python3.12/site-packages/airflow/example_dags/example_sla_dag.py took 0.032 seconds
