[2024-06-02T17:22:32.668+0000] {processor.py:161} INFO - Started process (PID=52) to work on /home/airflow/.local/lib/python3.12/site-packages/airflow/example_dags/example_skip_dag.py
[2024-06-02T17:22:32.670+0000] {processor.py:830} INFO - Processing file /home/airflow/.local/lib/python3.12/site-packages/airflow/example_dags/example_skip_dag.py for tasks to queue
[2024-06-02T17:22:32.676+0000] {logging_mixin.py:188} INFO - [2024-06-02T17:22:32.675+0000] {dagbag.py:545} INFO - Filling up the DagBag from /home/airflow/.local/lib/python3.12/site-packages/airflow/example_dags/example_skip_dag.py
[2024-06-02T17:22:32.714+0000] {processor.py:840} INFO - DAG(s) 'example_skip_dag' retrieved from /home/airflow/.local/lib/python3.12/site-packages/airflow/example_dags/example_skip_dag.py
[2024-06-02T17:22:32.751+0000] {logging_mixin.py:188} INFO - [2024-06-02T17:22:32.750+0000] {dag.py:3096} INFO - Sync 1 DAGs
[2024-06-02T17:22:32.805+0000] {logging_mixin.py:188} INFO - [2024-06-02T17:22:32.804+0000] {dag.py:3954} INFO - Setting next_dagrun for example_skip_dag to 2024-06-01 00:00:00+00:00, run_after=2024-06-02 00:00:00+00:00
[2024-06-02T17:22:32.831+0000] {processor.py:183} INFO - Processing /home/airflow/.local/lib/python3.12/site-packages/airflow/example_dags/example_skip_dag.py took 0.173 seconds
[2024-06-02T17:23:03.614+0000] {processor.py:161} INFO - Started process (PID=110) to work on /home/airflow/.local/lib/python3.12/site-packages/airflow/example_dags/example_skip_dag.py
[2024-06-02T17:23:03.615+0000] {processor.py:830} INFO - Processing file /home/airflow/.local/lib/python3.12/site-packages/airflow/example_dags/example_skip_dag.py for tasks to queue
[2024-06-02T17:23:03.616+0000] {logging_mixin.py:188} INFO - [2024-06-02T17:23:03.615+0000] {dagbag.py:545} INFO - Filling up the DagBag from /home/airflow/.local/lib/python3.12/site-packages/airflow/example_dags/example_skip_dag.py
[2024-06-02T17:23:03.619+0000] {processor.py:840} INFO - DAG(s) 'example_skip_dag' retrieved from /home/airflow/.local/lib/python3.12/site-packages/airflow/example_dags/example_skip_dag.py
[2024-06-02T17:23:03.657+0000] {logging_mixin.py:188} INFO - [2024-06-02T17:23:03.657+0000] {dag.py:3096} INFO - Sync 1 DAGs
[2024-06-02T17:23:03.665+0000] {logging_mixin.py:188} INFO - [2024-06-02T17:23:03.665+0000] {dag.py:3954} INFO - Setting next_dagrun for example_skip_dag to 2024-06-01 00:00:00+00:00, run_after=2024-06-02 00:00:00+00:00
[2024-06-02T17:23:03.672+0000] {processor.py:183} INFO - Processing /home/airflow/.local/lib/python3.12/site-packages/airflow/example_dags/example_skip_dag.py took 0.061 seconds
[2024-06-02T17:23:33.936+0000] {processor.py:161} INFO - Started process (PID=168) to work on /home/airflow/.local/lib/python3.12/site-packages/airflow/example_dags/example_skip_dag.py
[2024-06-02T17:23:33.937+0000] {processor.py:830} INFO - Processing file /home/airflow/.local/lib/python3.12/site-packages/airflow/example_dags/example_skip_dag.py for tasks to queue
[2024-06-02T17:23:33.937+0000] {logging_mixin.py:188} INFO - [2024-06-02T17:23:33.937+0000] {dagbag.py:545} INFO - Filling up the DagBag from /home/airflow/.local/lib/python3.12/site-packages/airflow/example_dags/example_skip_dag.py
[2024-06-02T17:23:33.940+0000] {processor.py:840} INFO - DAG(s) 'example_skip_dag' retrieved from /home/airflow/.local/lib/python3.12/site-packages/airflow/example_dags/example_skip_dag.py
[2024-06-02T17:23:33.948+0000] {logging_mixin.py:188} INFO - [2024-06-02T17:23:33.948+0000] {dag.py:3096} INFO - Sync 1 DAGs
[2024-06-02T17:23:33.956+0000] {logging_mixin.py:188} INFO - [2024-06-02T17:23:33.956+0000] {dag.py:3954} INFO - Setting next_dagrun for example_skip_dag to 2024-06-01 00:00:00+00:00, run_after=2024-06-02 00:00:00+00:00
[2024-06-02T17:23:33.963+0000] {processor.py:183} INFO - Processing /home/airflow/.local/lib/python3.12/site-packages/airflow/example_dags/example_skip_dag.py took 0.030 seconds
[2024-06-02T17:24:04.494+0000] {processor.py:161} INFO - Started process (PID=226) to work on /home/airflow/.local/lib/python3.12/site-packages/airflow/example_dags/example_skip_dag.py
[2024-06-02T17:24:04.495+0000] {processor.py:830} INFO - Processing file /home/airflow/.local/lib/python3.12/site-packages/airflow/example_dags/example_skip_dag.py for tasks to queue
[2024-06-02T17:24:04.495+0000] {logging_mixin.py:188} INFO - [2024-06-02T17:24:04.495+0000] {dagbag.py:545} INFO - Filling up the DagBag from /home/airflow/.local/lib/python3.12/site-packages/airflow/example_dags/example_skip_dag.py
[2024-06-02T17:24:04.498+0000] {processor.py:840} INFO - DAG(s) 'example_skip_dag' retrieved from /home/airflow/.local/lib/python3.12/site-packages/airflow/example_dags/example_skip_dag.py
[2024-06-02T17:24:04.535+0000] {logging_mixin.py:188} INFO - [2024-06-02T17:24:04.535+0000] {dag.py:3096} INFO - Sync 1 DAGs
[2024-06-02T17:24:04.544+0000] {logging_mixin.py:188} INFO - [2024-06-02T17:24:04.544+0000] {dag.py:3954} INFO - Setting next_dagrun for example_skip_dag to 2024-06-01 00:00:00+00:00, run_after=2024-06-02 00:00:00+00:00
[2024-06-02T17:24:04.554+0000] {processor.py:183} INFO - Processing /home/airflow/.local/lib/python3.12/site-packages/airflow/example_dags/example_skip_dag.py took 0.063 seconds
[2024-06-02T17:24:34.627+0000] {processor.py:161} INFO - Started process (PID=283) to work on /home/airflow/.local/lib/python3.12/site-packages/airflow/example_dags/example_skip_dag.py
[2024-06-02T17:24:34.628+0000] {processor.py:830} INFO - Processing file /home/airflow/.local/lib/python3.12/site-packages/airflow/example_dags/example_skip_dag.py for tasks to queue
[2024-06-02T17:24:34.630+0000] {logging_mixin.py:188} INFO - [2024-06-02T17:24:34.630+0000] {dagbag.py:545} INFO - Filling up the DagBag from /home/airflow/.local/lib/python3.12/site-packages/airflow/example_dags/example_skip_dag.py
[2024-06-02T17:24:34.635+0000] {processor.py:840} INFO - DAG(s) 'example_skip_dag' retrieved from /home/airflow/.local/lib/python3.12/site-packages/airflow/example_dags/example_skip_dag.py
[2024-06-02T17:24:34.646+0000] {logging_mixin.py:188} INFO - [2024-06-02T17:24:34.646+0000] {dag.py:3096} INFO - Sync 1 DAGs
[2024-06-02T17:24:34.657+0000] {logging_mixin.py:188} INFO - [2024-06-02T17:24:34.657+0000] {dag.py:3954} INFO - Setting next_dagrun for example_skip_dag to 2024-06-01 00:00:00+00:00, run_after=2024-06-02 00:00:00+00:00
[2024-06-02T17:24:34.665+0000] {processor.py:183} INFO - Processing /home/airflow/.local/lib/python3.12/site-packages/airflow/example_dags/example_skip_dag.py took 0.041 seconds
[2024-06-02T17:25:05.198+0000] {processor.py:161} INFO - Started process (PID=341) to work on /home/airflow/.local/lib/python3.12/site-packages/airflow/example_dags/example_skip_dag.py
[2024-06-02T17:25:05.199+0000] {processor.py:830} INFO - Processing file /home/airflow/.local/lib/python3.12/site-packages/airflow/example_dags/example_skip_dag.py for tasks to queue
[2024-06-02T17:25:05.200+0000] {logging_mixin.py:188} INFO - [2024-06-02T17:25:05.200+0000] {dagbag.py:545} INFO - Filling up the DagBag from /home/airflow/.local/lib/python3.12/site-packages/airflow/example_dags/example_skip_dag.py
[2024-06-02T17:25:05.203+0000] {processor.py:840} INFO - DAG(s) 'example_skip_dag' retrieved from /home/airflow/.local/lib/python3.12/site-packages/airflow/example_dags/example_skip_dag.py
[2024-06-02T17:25:05.213+0000] {logging_mixin.py:188} INFO - [2024-06-02T17:25:05.212+0000] {dag.py:3096} INFO - Sync 1 DAGs
[2024-06-02T17:25:05.223+0000] {logging_mixin.py:188} INFO - [2024-06-02T17:25:05.223+0000] {dag.py:3954} INFO - Setting next_dagrun for example_skip_dag to 2024-06-01 00:00:00+00:00, run_after=2024-06-02 00:00:00+00:00
[2024-06-02T17:25:05.231+0000] {processor.py:183} INFO - Processing /home/airflow/.local/lib/python3.12/site-packages/airflow/example_dags/example_skip_dag.py took 0.035 seconds
