[2024-06-02T17:22:33.482+0000] {processor.py:161} INFO - Started process (PID=59) to work on /home/airflow/.local/lib/python3.12/site-packages/airflow/example_dags/example_short_circuit_operator.py
[2024-06-02T17:22:33.483+0000] {processor.py:830} INFO - Processing file /home/airflow/.local/lib/python3.12/site-packages/airflow/example_dags/example_short_circuit_operator.py for tasks to queue
[2024-06-02T17:22:33.485+0000] {logging_mixin.py:188} INFO - [2024-06-02T17:22:33.485+0000] {dagbag.py:545} INFO - Filling up the DagBag from /home/airflow/.local/lib/python3.12/site-packages/airflow/example_dags/example_short_circuit_operator.py
[2024-06-02T17:22:33.493+0000] {processor.py:840} INFO - DAG(s) 'example_short_circuit_operator' retrieved from /home/airflow/.local/lib/python3.12/site-packages/airflow/example_dags/example_short_circuit_operator.py
[2024-06-02T17:22:33.503+0000] {logging_mixin.py:188} INFO - [2024-06-02T17:22:33.502+0000] {dag.py:3096} INFO - Sync 1 DAGs
[2024-06-02T17:22:33.518+0000] {logging_mixin.py:188} INFO - [2024-06-02T17:22:33.518+0000] {dag.py:3954} INFO - Setting next_dagrun for example_short_circuit_operator to 2024-06-01 00:00:00+00:00, run_after=2024-06-02 00:00:00+00:00
[2024-06-02T17:22:33.527+0000] {processor.py:183} INFO - Processing /home/airflow/.local/lib/python3.12/site-packages/airflow/example_dags/example_short_circuit_operator.py took 0.050 seconds
[2024-06-02T17:23:03.999+0000] {processor.py:161} INFO - Started process (PID=117) to work on /home/airflow/.local/lib/python3.12/site-packages/airflow/example_dags/example_short_circuit_operator.py
[2024-06-02T17:23:04.000+0000] {processor.py:830} INFO - Processing file /home/airflow/.local/lib/python3.12/site-packages/airflow/example_dags/example_short_circuit_operator.py for tasks to queue
[2024-06-02T17:23:04.001+0000] {logging_mixin.py:188} INFO - [2024-06-02T17:23:04.000+0000] {dagbag.py:545} INFO - Filling up the DagBag from /home/airflow/.local/lib/python3.12/site-packages/airflow/example_dags/example_short_circuit_operator.py
[2024-06-02T17:23:04.004+0000] {processor.py:840} INFO - DAG(s) 'example_short_circuit_operator' retrieved from /home/airflow/.local/lib/python3.12/site-packages/airflow/example_dags/example_short_circuit_operator.py
[2024-06-02T17:23:04.043+0000] {logging_mixin.py:188} INFO - [2024-06-02T17:23:04.043+0000] {dag.py:3096} INFO - Sync 1 DAGs
[2024-06-02T17:23:04.051+0000] {logging_mixin.py:188} INFO - [2024-06-02T17:23:04.051+0000] {dag.py:3954} INFO - Setting next_dagrun for example_short_circuit_operator to 2024-06-01 00:00:00+00:00, run_after=2024-06-02 00:00:00+00:00
[2024-06-02T17:23:04.058+0000] {processor.py:183} INFO - Processing /home/airflow/.local/lib/python3.12/site-packages/airflow/example_dags/example_short_circuit_operator.py took 0.062 seconds
[2024-06-02T17:23:34.109+0000] {processor.py:161} INFO - Started process (PID=175) to work on /home/airflow/.local/lib/python3.12/site-packages/airflow/example_dags/example_short_circuit_operator.py
[2024-06-02T17:23:34.109+0000] {processor.py:830} INFO - Processing file /home/airflow/.local/lib/python3.12/site-packages/airflow/example_dags/example_short_circuit_operator.py for tasks to queue
[2024-06-02T17:23:34.110+0000] {logging_mixin.py:188} INFO - [2024-06-02T17:23:34.110+0000] {dagbag.py:545} INFO - Filling up the DagBag from /home/airflow/.local/lib/python3.12/site-packages/airflow/example_dags/example_short_circuit_operator.py
[2024-06-02T17:23:34.113+0000] {processor.py:840} INFO - DAG(s) 'example_short_circuit_operator' retrieved from /home/airflow/.local/lib/python3.12/site-packages/airflow/example_dags/example_short_circuit_operator.py
[2024-06-02T17:23:34.123+0000] {logging_mixin.py:188} INFO - [2024-06-02T17:23:34.122+0000] {dag.py:3096} INFO - Sync 1 DAGs
[2024-06-02T17:23:34.131+0000] {logging_mixin.py:188} INFO - [2024-06-02T17:23:34.131+0000] {dag.py:3954} INFO - Setting next_dagrun for example_short_circuit_operator to 2024-06-01 00:00:00+00:00, run_after=2024-06-02 00:00:00+00:00
[2024-06-02T17:23:34.138+0000] {processor.py:183} INFO - Processing /home/airflow/.local/lib/python3.12/site-packages/airflow/example_dags/example_short_circuit_operator.py took 0.032 seconds
[2024-06-02T17:24:04.805+0000] {processor.py:161} INFO - Started process (PID=233) to work on /home/airflow/.local/lib/python3.12/site-packages/airflow/example_dags/example_short_circuit_operator.py
[2024-06-02T17:24:04.805+0000] {processor.py:830} INFO - Processing file /home/airflow/.local/lib/python3.12/site-packages/airflow/example_dags/example_short_circuit_operator.py for tasks to queue
[2024-06-02T17:24:04.806+0000] {logging_mixin.py:188} INFO - [2024-06-02T17:24:04.806+0000] {dagbag.py:545} INFO - Filling up the DagBag from /home/airflow/.local/lib/python3.12/site-packages/airflow/example_dags/example_short_circuit_operator.py
[2024-06-02T17:24:04.809+0000] {processor.py:840} INFO - DAG(s) 'example_short_circuit_operator' retrieved from /home/airflow/.local/lib/python3.12/site-packages/airflow/example_dags/example_short_circuit_operator.py
[2024-06-02T17:24:04.850+0000] {logging_mixin.py:188} INFO - [2024-06-02T17:24:04.849+0000] {dag.py:3096} INFO - Sync 1 DAGs
[2024-06-02T17:24:04.867+0000] {logging_mixin.py:188} INFO - [2024-06-02T17:24:04.867+0000] {dag.py:3954} INFO - Setting next_dagrun for example_short_circuit_operator to 2024-06-01 00:00:00+00:00, run_after=2024-06-02 00:00:00+00:00
[2024-06-02T17:24:04.874+0000] {processor.py:183} INFO - Processing /home/airflow/.local/lib/python3.12/site-packages/airflow/example_dags/example_short_circuit_operator.py took 0.072 seconds
[2024-06-02T17:24:35.802+0000] {processor.py:161} INFO - Started process (PID=290) to work on /home/airflow/.local/lib/python3.12/site-packages/airflow/example_dags/example_short_circuit_operator.py
[2024-06-02T17:24:35.803+0000] {processor.py:830} INFO - Processing file /home/airflow/.local/lib/python3.12/site-packages/airflow/example_dags/example_short_circuit_operator.py for tasks to queue
[2024-06-02T17:24:35.804+0000] {logging_mixin.py:188} INFO - [2024-06-02T17:24:35.804+0000] {dagbag.py:545} INFO - Filling up the DagBag from /home/airflow/.local/lib/python3.12/site-packages/airflow/example_dags/example_short_circuit_operator.py
[2024-06-02T17:24:35.810+0000] {processor.py:840} INFO - DAG(s) 'example_short_circuit_operator' retrieved from /home/airflow/.local/lib/python3.12/site-packages/airflow/example_dags/example_short_circuit_operator.py
[2024-06-02T17:24:35.827+0000] {logging_mixin.py:188} INFO - [2024-06-02T17:24:35.827+0000] {dag.py:3096} INFO - Sync 1 DAGs
[2024-06-02T17:24:35.838+0000] {logging_mixin.py:188} INFO - [2024-06-02T17:24:35.838+0000] {dag.py:3954} INFO - Setting next_dagrun for example_short_circuit_operator to 2024-06-01 00:00:00+00:00, run_after=2024-06-02 00:00:00+00:00
[2024-06-02T17:24:35.846+0000] {processor.py:183} INFO - Processing /home/airflow/.local/lib/python3.12/site-packages/airflow/example_dags/example_short_circuit_operator.py took 0.048 seconds
[2024-06-02T17:25:06.475+0000] {processor.py:161} INFO - Started process (PID=348) to work on /home/airflow/.local/lib/python3.12/site-packages/airflow/example_dags/example_short_circuit_operator.py
[2024-06-02T17:25:06.478+0000] {processor.py:830} INFO - Processing file /home/airflow/.local/lib/python3.12/site-packages/airflow/example_dags/example_short_circuit_operator.py for tasks to queue
[2024-06-02T17:25:06.480+0000] {logging_mixin.py:188} INFO - [2024-06-02T17:25:06.480+0000] {dagbag.py:545} INFO - Filling up the DagBag from /home/airflow/.local/lib/python3.12/site-packages/airflow/example_dags/example_short_circuit_operator.py
[2024-06-02T17:25:06.484+0000] {processor.py:840} INFO - DAG(s) 'example_short_circuit_operator' retrieved from /home/airflow/.local/lib/python3.12/site-packages/airflow/example_dags/example_short_circuit_operator.py
[2024-06-02T17:25:06.496+0000] {logging_mixin.py:188} INFO - [2024-06-02T17:25:06.496+0000] {dag.py:3096} INFO - Sync 1 DAGs
[2024-06-02T17:25:06.506+0000] {logging_mixin.py:188} INFO - [2024-06-02T17:25:06.506+0000] {dag.py:3954} INFO - Setting next_dagrun for example_short_circuit_operator to 2024-06-01 00:00:00+00:00, run_after=2024-06-02 00:00:00+00:00
[2024-06-02T17:25:06.515+0000] {processor.py:183} INFO - Processing /home/airflow/.local/lib/python3.12/site-packages/airflow/example_dags/example_short_circuit_operator.py took 0.046 seconds
