[2024-06-02T17:22:32.111+0000] {processor.py:161} INFO - Started process (PID=45) to work on /home/airflow/.local/lib/python3.12/site-packages/airflow/example_dags/example_branch_python_dop_operator_3.py
[2024-06-02T17:22:32.112+0000] {processor.py:830} INFO - Processing file /home/airflow/.local/lib/python3.12/site-packages/airflow/example_dags/example_branch_python_dop_operator_3.py for tasks to queue
[2024-06-02T17:22:32.115+0000] {logging_mixin.py:188} INFO - [2024-06-02T17:22:32.114+0000] {dagbag.py:545} INFO - Filling up the DagBag from /home/airflow/.local/lib/python3.12/site-packages/airflow/example_dags/example_branch_python_dop_operator_3.py
[2024-06-02T17:22:32.128+0000] {processor.py:840} INFO - DAG(s) 'example_branch_dop_operator_v3' retrieved from /home/airflow/.local/lib/python3.12/site-packages/airflow/example_dags/example_branch_python_dop_operator_3.py
[2024-06-02T17:22:32.138+0000] {logging_mixin.py:188} INFO - [2024-06-02T17:22:32.138+0000] {dag.py:3096} INFO - Sync 1 DAGs
[2024-06-02T17:22:32.150+0000] {logging_mixin.py:188} INFO - [2024-06-02T17:22:32.150+0000] {dag.py:3954} INFO - Setting next_dagrun for example_branch_dop_operator_v3 to 2024-06-02 17:21:00+00:00, run_after=2024-06-02 17:22:00+00:00
[2024-06-02T17:22:32.159+0000] {processor.py:183} INFO - Processing /home/airflow/.local/lib/python3.12/site-packages/airflow/example_dags/example_branch_python_dop_operator_3.py took 0.053 seconds
[2024-06-02T17:23:03.325+0000] {processor.py:161} INFO - Started process (PID=103) to work on /home/airflow/.local/lib/python3.12/site-packages/airflow/example_dags/example_branch_python_dop_operator_3.py
[2024-06-02T17:23:03.325+0000] {processor.py:830} INFO - Processing file /home/airflow/.local/lib/python3.12/site-packages/airflow/example_dags/example_branch_python_dop_operator_3.py for tasks to queue
[2024-06-02T17:23:03.326+0000] {logging_mixin.py:188} INFO - [2024-06-02T17:23:03.326+0000] {dagbag.py:545} INFO - Filling up the DagBag from /home/airflow/.local/lib/python3.12/site-packages/airflow/example_dags/example_branch_python_dop_operator_3.py
[2024-06-02T17:23:03.330+0000] {processor.py:840} INFO - DAG(s) 'example_branch_dop_operator_v3' retrieved from /home/airflow/.local/lib/python3.12/site-packages/airflow/example_dags/example_branch_python_dop_operator_3.py
[2024-06-02T17:23:03.366+0000] {logging_mixin.py:188} INFO - [2024-06-02T17:23:03.366+0000] {dag.py:3096} INFO - Sync 1 DAGs
[2024-06-02T17:23:03.375+0000] {logging_mixin.py:188} INFO - [2024-06-02T17:23:03.375+0000] {dag.py:3954} INFO - Setting next_dagrun for example_branch_dop_operator_v3 to 2024-06-02 17:22:00+00:00, run_after=2024-06-02 17:23:00+00:00
[2024-06-02T17:23:03.382+0000] {processor.py:183} INFO - Processing /home/airflow/.local/lib/python3.12/site-packages/airflow/example_dags/example_branch_python_dop_operator_3.py took 0.060 seconds
[2024-06-02T17:23:33.700+0000] {processor.py:161} INFO - Started process (PID=161) to work on /home/airflow/.local/lib/python3.12/site-packages/airflow/example_dags/example_branch_python_dop_operator_3.py
[2024-06-02T17:23:33.701+0000] {processor.py:830} INFO - Processing file /home/airflow/.local/lib/python3.12/site-packages/airflow/example_dags/example_branch_python_dop_operator_3.py for tasks to queue
[2024-06-02T17:23:33.702+0000] {logging_mixin.py:188} INFO - [2024-06-02T17:23:33.702+0000] {dagbag.py:545} INFO - Filling up the DagBag from /home/airflow/.local/lib/python3.12/site-packages/airflow/example_dags/example_branch_python_dop_operator_3.py
[2024-06-02T17:23:33.706+0000] {processor.py:840} INFO - DAG(s) 'example_branch_dop_operator_v3' retrieved from /home/airflow/.local/lib/python3.12/site-packages/airflow/example_dags/example_branch_python_dop_operator_3.py
[2024-06-02T17:23:33.720+0000] {logging_mixin.py:188} INFO - [2024-06-02T17:23:33.720+0000] {dag.py:3096} INFO - Sync 1 DAGs
[2024-06-02T17:23:33.732+0000] {logging_mixin.py:188} INFO - [2024-06-02T17:23:33.732+0000] {dag.py:3954} INFO - Setting next_dagrun for example_branch_dop_operator_v3 to 2024-06-02 17:22:00+00:00, run_after=2024-06-02 17:23:00+00:00
[2024-06-02T17:23:33.739+0000] {processor.py:183} INFO - Processing /home/airflow/.local/lib/python3.12/site-packages/airflow/example_dags/example_branch_python_dop_operator_3.py took 0.042 seconds
[2024-06-02T17:24:04.139+0000] {processor.py:161} INFO - Started process (PID=219) to work on /home/airflow/.local/lib/python3.12/site-packages/airflow/example_dags/example_branch_python_dop_operator_3.py
[2024-06-02T17:24:04.140+0000] {processor.py:830} INFO - Processing file /home/airflow/.local/lib/python3.12/site-packages/airflow/example_dags/example_branch_python_dop_operator_3.py for tasks to queue
[2024-06-02T17:24:04.141+0000] {logging_mixin.py:188} INFO - [2024-06-02T17:24:04.141+0000] {dagbag.py:545} INFO - Filling up the DagBag from /home/airflow/.local/lib/python3.12/site-packages/airflow/example_dags/example_branch_python_dop_operator_3.py
[2024-06-02T17:24:04.146+0000] {processor.py:840} INFO - DAG(s) 'example_branch_dop_operator_v3' retrieved from /home/airflow/.local/lib/python3.12/site-packages/airflow/example_dags/example_branch_python_dop_operator_3.py
[2024-06-02T17:24:04.186+0000] {logging_mixin.py:188} INFO - [2024-06-02T17:24:04.186+0000] {dag.py:3096} INFO - Sync 1 DAGs
[2024-06-02T17:24:04.195+0000] {logging_mixin.py:188} INFO - [2024-06-02T17:24:04.195+0000] {dag.py:3954} INFO - Setting next_dagrun for example_branch_dop_operator_v3 to 2024-06-02 17:23:00+00:00, run_after=2024-06-02 17:24:00+00:00
[2024-06-02T17:24:04.205+0000] {processor.py:183} INFO - Processing /home/airflow/.local/lib/python3.12/site-packages/airflow/example_dags/example_branch_python_dop_operator_3.py took 0.068 seconds
[2024-06-02T17:24:34.425+0000] {processor.py:161} INFO - Started process (PID=276) to work on /home/airflow/.local/lib/python3.12/site-packages/airflow/example_dags/example_branch_python_dop_operator_3.py
[2024-06-02T17:24:34.426+0000] {processor.py:830} INFO - Processing file /home/airflow/.local/lib/python3.12/site-packages/airflow/example_dags/example_branch_python_dop_operator_3.py for tasks to queue
[2024-06-02T17:24:34.427+0000] {logging_mixin.py:188} INFO - [2024-06-02T17:24:34.426+0000] {dagbag.py:545} INFO - Filling up the DagBag from /home/airflow/.local/lib/python3.12/site-packages/airflow/example_dags/example_branch_python_dop_operator_3.py
[2024-06-02T17:24:34.431+0000] {processor.py:840} INFO - DAG(s) 'example_branch_dop_operator_v3' retrieved from /home/airflow/.local/lib/python3.12/site-packages/airflow/example_dags/example_branch_python_dop_operator_3.py
[2024-06-02T17:24:34.439+0000] {logging_mixin.py:188} INFO - [2024-06-02T17:24:34.439+0000] {dag.py:3096} INFO - Sync 1 DAGs
[2024-06-02T17:24:34.449+0000] {logging_mixin.py:188} INFO - [2024-06-02T17:24:34.449+0000] {dag.py:3954} INFO - Setting next_dagrun for example_branch_dop_operator_v3 to 2024-06-02 17:23:00+00:00, run_after=2024-06-02 17:24:00+00:00
[2024-06-02T17:24:34.456+0000] {processor.py:183} INFO - Processing /home/airflow/.local/lib/python3.12/site-packages/airflow/example_dags/example_branch_python_dop_operator_3.py took 0.033 seconds
[2024-06-02T17:25:04.984+0000] {processor.py:161} INFO - Started process (PID=334) to work on /home/airflow/.local/lib/python3.12/site-packages/airflow/example_dags/example_branch_python_dop_operator_3.py
[2024-06-02T17:25:04.984+0000] {processor.py:830} INFO - Processing file /home/airflow/.local/lib/python3.12/site-packages/airflow/example_dags/example_branch_python_dop_operator_3.py for tasks to queue
[2024-06-02T17:25:04.985+0000] {logging_mixin.py:188} INFO - [2024-06-02T17:25:04.985+0000] {dagbag.py:545} INFO - Filling up the DagBag from /home/airflow/.local/lib/python3.12/site-packages/airflow/example_dags/example_branch_python_dop_operator_3.py
[2024-06-02T17:25:04.989+0000] {processor.py:840} INFO - DAG(s) 'example_branch_dop_operator_v3' retrieved from /home/airflow/.local/lib/python3.12/site-packages/airflow/example_dags/example_branch_python_dop_operator_3.py
[2024-06-02T17:25:04.999+0000] {logging_mixin.py:188} INFO - [2024-06-02T17:25:04.999+0000] {dag.py:3096} INFO - Sync 1 DAGs
[2024-06-02T17:25:05.009+0000] {logging_mixin.py:188} INFO - [2024-06-02T17:25:05.009+0000] {dag.py:3954} INFO - Setting next_dagrun for example_branch_dop_operator_v3 to 2024-06-02 17:24:00+00:00, run_after=2024-06-02 17:25:00+00:00
[2024-06-02T17:25:05.016+0000] {processor.py:183} INFO - Processing /home/airflow/.local/lib/python3.12/site-packages/airflow/example_dags/example_branch_python_dop_operator_3.py took 0.034 seconds
