[2024-06-02T17:22:34.132+0000] {processor.py:161} INFO - Started process (PID=69) to work on /home/airflow/.local/lib/python3.12/site-packages/airflow/example_dags/example_latest_only.py
[2024-06-02T17:22:34.135+0000] {processor.py:830} INFO - Processing file /home/airflow/.local/lib/python3.12/site-packages/airflow/example_dags/example_latest_only.py for tasks to queue
[2024-06-02T17:22:34.140+0000] {logging_mixin.py:188} INFO - [2024-06-02T17:22:34.140+0000] {dagbag.py:545} INFO - Filling up the DagBag from /home/airflow/.local/lib/python3.12/site-packages/airflow/example_dags/example_latest_only.py
[2024-06-02T17:22:34.151+0000] {processor.py:840} INFO - DAG(s) 'latest_only' retrieved from /home/airflow/.local/lib/python3.12/site-packages/airflow/example_dags/example_latest_only.py
[2024-06-02T17:22:34.180+0000] {logging_mixin.py:188} INFO - [2024-06-02T17:22:34.180+0000] {dag.py:3096} INFO - Sync 1 DAGs
[2024-06-02T17:22:34.209+0000] {logging_mixin.py:188} INFO - [2024-06-02T17:22:34.209+0000] {dag.py:3954} INFO - Setting next_dagrun for latest_only to 2024-06-02 12:00:00+00:00, run_after=2024-06-02 16:00:00+00:00
[2024-06-02T17:22:34.237+0000] {processor.py:183} INFO - Processing /home/airflow/.local/lib/python3.12/site-packages/airflow/example_dags/example_latest_only.py took 0.145 seconds
[2024-06-02T17:23:04.360+0000] {processor.py:161} INFO - Started process (PID=127) to work on /home/airflow/.local/lib/python3.12/site-packages/airflow/example_dags/example_latest_only.py
[2024-06-02T17:23:04.360+0000] {processor.py:830} INFO - Processing file /home/airflow/.local/lib/python3.12/site-packages/airflow/example_dags/example_latest_only.py for tasks to queue
[2024-06-02T17:23:04.361+0000] {logging_mixin.py:188} INFO - [2024-06-02T17:23:04.361+0000] {dagbag.py:545} INFO - Filling up the DagBag from /home/airflow/.local/lib/python3.12/site-packages/airflow/example_dags/example_latest_only.py
[2024-06-02T17:23:04.363+0000] {processor.py:840} INFO - DAG(s) 'latest_only' retrieved from /home/airflow/.local/lib/python3.12/site-packages/airflow/example_dags/example_latest_only.py
[2024-06-02T17:23:04.410+0000] {logging_mixin.py:188} INFO - [2024-06-02T17:23:04.409+0000] {dag.py:3096} INFO - Sync 1 DAGs
[2024-06-02T17:23:04.419+0000] {logging_mixin.py:188} INFO - [2024-06-02T17:23:04.418+0000] {dag.py:3954} INFO - Setting next_dagrun for latest_only to 2024-06-02 12:00:00+00:00, run_after=2024-06-02 16:00:00+00:00
[2024-06-02T17:23:04.426+0000] {processor.py:183} INFO - Processing /home/airflow/.local/lib/python3.12/site-packages/airflow/example_dags/example_latest_only.py took 0.069 seconds
[2024-06-02T17:23:35.413+0000] {processor.py:161} INFO - Started process (PID=185) to work on /home/airflow/.local/lib/python3.12/site-packages/airflow/example_dags/example_latest_only.py
[2024-06-02T17:23:35.413+0000] {processor.py:830} INFO - Processing file /home/airflow/.local/lib/python3.12/site-packages/airflow/example_dags/example_latest_only.py for tasks to queue
[2024-06-02T17:23:35.414+0000] {logging_mixin.py:188} INFO - [2024-06-02T17:23:35.414+0000] {dagbag.py:545} INFO - Filling up the DagBag from /home/airflow/.local/lib/python3.12/site-packages/airflow/example_dags/example_latest_only.py
[2024-06-02T17:23:35.416+0000] {processor.py:840} INFO - DAG(s) 'latest_only' retrieved from /home/airflow/.local/lib/python3.12/site-packages/airflow/example_dags/example_latest_only.py
[2024-06-02T17:23:35.425+0000] {logging_mixin.py:188} INFO - [2024-06-02T17:23:35.425+0000] {dag.py:3096} INFO - Sync 1 DAGs
[2024-06-02T17:23:35.434+0000] {logging_mixin.py:188} INFO - [2024-06-02T17:23:35.434+0000] {dag.py:3954} INFO - Setting next_dagrun for latest_only to 2024-06-02 12:00:00+00:00, run_after=2024-06-02 16:00:00+00:00
[2024-06-02T17:23:35.441+0000] {processor.py:183} INFO - Processing /home/airflow/.local/lib/python3.12/site-packages/airflow/example_dags/example_latest_only.py took 0.031 seconds
[2024-06-02T17:24:06.324+0000] {processor.py:161} INFO - Started process (PID=243) to work on /home/airflow/.local/lib/python3.12/site-packages/airflow/example_dags/example_latest_only.py
[2024-06-02T17:24:06.325+0000] {processor.py:830} INFO - Processing file /home/airflow/.local/lib/python3.12/site-packages/airflow/example_dags/example_latest_only.py for tasks to queue
[2024-06-02T17:24:06.325+0000] {logging_mixin.py:188} INFO - [2024-06-02T17:24:06.325+0000] {dagbag.py:545} INFO - Filling up the DagBag from /home/airflow/.local/lib/python3.12/site-packages/airflow/example_dags/example_latest_only.py
[2024-06-02T17:24:06.328+0000] {processor.py:840} INFO - DAG(s) 'latest_only' retrieved from /home/airflow/.local/lib/python3.12/site-packages/airflow/example_dags/example_latest_only.py
[2024-06-02T17:24:06.376+0000] {logging_mixin.py:188} INFO - [2024-06-02T17:24:06.376+0000] {dag.py:3096} INFO - Sync 1 DAGs
[2024-06-02T17:24:06.385+0000] {logging_mixin.py:188} INFO - [2024-06-02T17:24:06.385+0000] {dag.py:3954} INFO - Setting next_dagrun for latest_only to 2024-06-02 12:00:00+00:00, run_after=2024-06-02 16:00:00+00:00
[2024-06-02T17:24:06.393+0000] {processor.py:183} INFO - Processing /home/airflow/.local/lib/python3.12/site-packages/airflow/example_dags/example_latest_only.py took 0.072 seconds
[2024-06-02T17:24:37.072+0000] {processor.py:161} INFO - Started process (PID=300) to work on /home/airflow/.local/lib/python3.12/site-packages/airflow/example_dags/example_latest_only.py
[2024-06-02T17:24:37.072+0000] {processor.py:830} INFO - Processing file /home/airflow/.local/lib/python3.12/site-packages/airflow/example_dags/example_latest_only.py for tasks to queue
[2024-06-02T17:24:37.073+0000] {logging_mixin.py:188} INFO - [2024-06-02T17:24:37.073+0000] {dagbag.py:545} INFO - Filling up the DagBag from /home/airflow/.local/lib/python3.12/site-packages/airflow/example_dags/example_latest_only.py
[2024-06-02T17:24:37.076+0000] {processor.py:840} INFO - DAG(s) 'latest_only' retrieved from /home/airflow/.local/lib/python3.12/site-packages/airflow/example_dags/example_latest_only.py
[2024-06-02T17:24:37.084+0000] {logging_mixin.py:188} INFO - [2024-06-02T17:24:37.084+0000] {dag.py:3096} INFO - Sync 1 DAGs
[2024-06-02T17:24:37.092+0000] {logging_mixin.py:188} INFO - [2024-06-02T17:24:37.092+0000] {dag.py:3954} INFO - Setting next_dagrun for latest_only to 2024-06-02 12:00:00+00:00, run_after=2024-06-02 16:00:00+00:00
[2024-06-02T17:24:37.100+0000] {processor.py:183} INFO - Processing /home/airflow/.local/lib/python3.12/site-packages/airflow/example_dags/example_latest_only.py took 0.031 seconds
