[2024-06-02T17:22:32.119+0000] {processor.py:161} INFO - Started process (PID=46) to work on /home/airflow/.local/lib/python3.12/site-packages/airflow/example_dags/tutorial.py
[2024-06-02T17:22:32.120+0000] {processor.py:830} INFO - Processing file /home/airflow/.local/lib/python3.12/site-packages/airflow/example_dags/tutorial.py for tasks to queue
[2024-06-02T17:22:32.123+0000] {logging_mixin.py:188} INFO - [2024-06-02T17:22:32.122+0000] {dagbag.py:545} INFO - Filling up the DagBag from /home/airflow/.local/lib/python3.12/site-packages/airflow/example_dags/tutorial.py
[2024-06-02T17:22:32.133+0000] {processor.py:840} INFO - DAG(s) 'tutorial' retrieved from /home/airflow/.local/lib/python3.12/site-packages/airflow/example_dags/tutorial.py
[2024-06-02T17:22:32.139+0000] {logging_mixin.py:188} INFO - [2024-06-02T17:22:32.139+0000] {dag.py:3096} INFO - Sync 1 DAGs
[2024-06-02T17:22:32.149+0000] {logging_mixin.py:188} INFO - [2024-06-02T17:22:32.149+0000] {dag.py:3954} INFO - Setting next_dagrun for tutorial to 2024-06-01 00:00:00+00:00, run_after=2024-06-02 00:00:00+00:00
[2024-06-02T17:22:32.158+0000] {processor.py:183} INFO - Processing /home/airflow/.local/lib/python3.12/site-packages/airflow/example_dags/tutorial.py took 0.046 seconds
[2024-06-02T17:23:03.388+0000] {processor.py:161} INFO - Started process (PID=104) to work on /home/airflow/.local/lib/python3.12/site-packages/airflow/example_dags/tutorial.py
[2024-06-02T17:23:03.389+0000] {processor.py:830} INFO - Processing file /home/airflow/.local/lib/python3.12/site-packages/airflow/example_dags/tutorial.py for tasks to queue
[2024-06-02T17:23:03.390+0000] {logging_mixin.py:188} INFO - [2024-06-02T17:23:03.390+0000] {dagbag.py:545} INFO - Filling up the DagBag from /home/airflow/.local/lib/python3.12/site-packages/airflow/example_dags/tutorial.py
[2024-06-02T17:23:03.393+0000] {processor.py:840} INFO - DAG(s) 'tutorial' retrieved from /home/airflow/.local/lib/python3.12/site-packages/airflow/example_dags/tutorial.py
[2024-06-02T17:23:03.432+0000] {logging_mixin.py:188} INFO - [2024-06-02T17:23:03.432+0000] {dag.py:3096} INFO - Sync 1 DAGs
[2024-06-02T17:23:03.440+0000] {logging_mixin.py:188} INFO - [2024-06-02T17:23:03.440+0000] {dag.py:3954} INFO - Setting next_dagrun for tutorial to 2024-06-01 00:00:00+00:00, run_after=2024-06-02 00:00:00+00:00
[2024-06-02T17:23:03.447+0000] {processor.py:183} INFO - Processing /home/airflow/.local/lib/python3.12/site-packages/airflow/example_dags/tutorial.py took 0.062 seconds
[2024-06-02T17:23:33.701+0000] {processor.py:161} INFO - Started process (PID=162) to work on /home/airflow/.local/lib/python3.12/site-packages/airflow/example_dags/tutorial.py
[2024-06-02T17:23:33.702+0000] {processor.py:830} INFO - Processing file /home/airflow/.local/lib/python3.12/site-packages/airflow/example_dags/tutorial.py for tasks to queue
[2024-06-02T17:23:33.703+0000] {logging_mixin.py:188} INFO - [2024-06-02T17:23:33.703+0000] {dagbag.py:545} INFO - Filling up the DagBag from /home/airflow/.local/lib/python3.12/site-packages/airflow/example_dags/tutorial.py
[2024-06-02T17:23:33.706+0000] {processor.py:840} INFO - DAG(s) 'tutorial' retrieved from /home/airflow/.local/lib/python3.12/site-packages/airflow/example_dags/tutorial.py
[2024-06-02T17:23:33.720+0000] {logging_mixin.py:188} INFO - [2024-06-02T17:23:33.720+0000] {dag.py:3096} INFO - Sync 1 DAGs
[2024-06-02T17:23:33.731+0000] {logging_mixin.py:188} INFO - [2024-06-02T17:23:33.730+0000] {dag.py:3954} INFO - Setting next_dagrun for tutorial to 2024-06-01 00:00:00+00:00, run_after=2024-06-02 00:00:00+00:00
[2024-06-02T17:23:33.739+0000] {processor.py:183} INFO - Processing /home/airflow/.local/lib/python3.12/site-packages/airflow/example_dags/tutorial.py took 0.041 seconds
[2024-06-02T17:24:04.154+0000] {processor.py:161} INFO - Started process (PID=220) to work on /home/airflow/.local/lib/python3.12/site-packages/airflow/example_dags/tutorial.py
[2024-06-02T17:24:04.155+0000] {processor.py:830} INFO - Processing file /home/airflow/.local/lib/python3.12/site-packages/airflow/example_dags/tutorial.py for tasks to queue
[2024-06-02T17:24:04.156+0000] {logging_mixin.py:188} INFO - [2024-06-02T17:24:04.155+0000] {dagbag.py:545} INFO - Filling up the DagBag from /home/airflow/.local/lib/python3.12/site-packages/airflow/example_dags/tutorial.py
[2024-06-02T17:24:04.158+0000] {processor.py:840} INFO - DAG(s) 'tutorial' retrieved from /home/airflow/.local/lib/python3.12/site-packages/airflow/example_dags/tutorial.py
[2024-06-02T17:24:04.199+0000] {logging_mixin.py:188} INFO - [2024-06-02T17:24:04.198+0000] {dag.py:3096} INFO - Sync 1 DAGs
[2024-06-02T17:24:04.209+0000] {logging_mixin.py:188} INFO - [2024-06-02T17:24:04.209+0000] {dag.py:3954} INFO - Setting next_dagrun for tutorial to 2024-06-01 00:00:00+00:00, run_after=2024-06-02 00:00:00+00:00
[2024-06-02T17:24:04.220+0000] {processor.py:183} INFO - Processing /home/airflow/.local/lib/python3.12/site-packages/airflow/example_dags/tutorial.py took 0.069 seconds
[2024-06-02T17:24:34.443+0000] {processor.py:161} INFO - Started process (PID=277) to work on /home/airflow/.local/lib/python3.12/site-packages/airflow/example_dags/tutorial.py
[2024-06-02T17:24:34.444+0000] {processor.py:830} INFO - Processing file /home/airflow/.local/lib/python3.12/site-packages/airflow/example_dags/tutorial.py for tasks to queue
[2024-06-02T17:24:34.445+0000] {logging_mixin.py:188} INFO - [2024-06-02T17:24:34.445+0000] {dagbag.py:545} INFO - Filling up the DagBag from /home/airflow/.local/lib/python3.12/site-packages/airflow/example_dags/tutorial.py
[2024-06-02T17:24:34.448+0000] {processor.py:840} INFO - DAG(s) 'tutorial' retrieved from /home/airflow/.local/lib/python3.12/site-packages/airflow/example_dags/tutorial.py
[2024-06-02T17:24:34.456+0000] {logging_mixin.py:188} INFO - [2024-06-02T17:24:34.456+0000] {dag.py:3096} INFO - Sync 1 DAGs
[2024-06-02T17:24:34.464+0000] {logging_mixin.py:188} INFO - [2024-06-02T17:24:34.464+0000] {dag.py:3954} INFO - Setting next_dagrun for tutorial to 2024-06-01 00:00:00+00:00, run_after=2024-06-02 00:00:00+00:00
[2024-06-02T17:24:34.471+0000] {processor.py:183} INFO - Processing /home/airflow/.local/lib/python3.12/site-packages/airflow/example_dags/tutorial.py took 0.030 seconds
[2024-06-02T17:25:05.023+0000] {processor.py:161} INFO - Started process (PID=335) to work on /home/airflow/.local/lib/python3.12/site-packages/airflow/example_dags/tutorial.py
[2024-06-02T17:25:05.023+0000] {processor.py:830} INFO - Processing file /home/airflow/.local/lib/python3.12/site-packages/airflow/example_dags/tutorial.py for tasks to queue
[2024-06-02T17:25:05.024+0000] {logging_mixin.py:188} INFO - [2024-06-02T17:25:05.024+0000] {dagbag.py:545} INFO - Filling up the DagBag from /home/airflow/.local/lib/python3.12/site-packages/airflow/example_dags/tutorial.py
[2024-06-02T17:25:05.027+0000] {processor.py:840} INFO - DAG(s) 'tutorial' retrieved from /home/airflow/.local/lib/python3.12/site-packages/airflow/example_dags/tutorial.py
[2024-06-02T17:25:05.035+0000] {logging_mixin.py:188} INFO - [2024-06-02T17:25:05.035+0000] {dag.py:3096} INFO - Sync 1 DAGs
[2024-06-02T17:25:05.043+0000] {logging_mixin.py:188} INFO - [2024-06-02T17:25:05.043+0000] {dag.py:3954} INFO - Setting next_dagrun for tutorial to 2024-06-01 00:00:00+00:00, run_after=2024-06-02 00:00:00+00:00
[2024-06-02T17:25:05.050+0000] {processor.py:183} INFO - Processing /home/airflow/.local/lib/python3.12/site-packages/airflow/example_dags/tutorial.py took 0.030 seconds
